[2023-08-08 16:34:56]--[src_cgi/login_cgi.c:275]--len = 0, No data from standard input
[2023-08-08 19:32:44]--[src_cgi/login_cgi.c:288]--buf = {
    "pwd": "e10adc3949ba59abbe56e057f20f883e",
    "user": "kevin_666"
}

[2023-08-08 19:32:44]--[src_cgi/login_cgi.c:294]--user = kevin_666, pwd = e10adc3949ba59abbe56e057f20f883e
[2023-08-08 19:32:44]--[src_cgi/login_cgi.c:101]--mysql_user = root, mysql_pwd = k916025328, mysql_db = Manager
[2023-08-08 19:32:44]--[src_cgi/login_cgi.c:161]--redis:[ip=127.0.0.1,port=6379]
[2023-08-08 19:32:44]--[src_cgi/login_cgi.c:185]--tmp = kevin_666487230113211
[2023-08-08 19:32:44]--[src_cgi/login_cgi.c:201]--base64 = rp9m4wmNf+QInAz0YcLUHsVT/Zs0Ezzw
[2023-08-08 19:32:44]--[src_cgi/login_cgi.c:303]--token = 5301346893a1dc2e3a22a226ad7fbe58
[2023-08-08 20:58:11]--[src_cgi/login_cgi.c:288]--buf = {
    "pwd": "e10adc3949ba59abbe56e057f20f883e",
    "user": "kevin_666"
}

[2023-08-08 20:58:11]--[src_cgi/login_cgi.c:294]--user = kevin_666, pwd = e10adc3949ba59abbe56e057f20f883e
[2023-08-08 20:58:11]--[src_cgi/login_cgi.c:101]--mysql_user = root, mysql_pwd = k916025328, mysql_db = Manager
[2023-08-08 20:58:11]--[src_cgi/login_cgi.c:161]--redis:[ip=127.0.0.1,port=6379]
[2023-08-08 20:58:11]--[src_cgi/login_cgi.c:185]--tmp = kevin_66631646917554
[2023-08-08 20:58:11]--[src_cgi/login_cgi.c:201]--base64 = rp9m4wmNf+SLgYOvmiTmlQzebuHxtwdo
[2023-08-08 20:58:11]--[src_cgi/login_cgi.c:303]--token = 6feb7b880a5a105c2a801cbcbccc9516
[2023-08-08 21:07:54]--[src_cgi/login_cgi.c:288]--buf = {
    "pwd": "e10adc3949ba59abbe56e057f20f883e",
    "user": "kevin_666"
}

[2023-08-08 21:07:54]--[src_cgi/login_cgi.c:294]--user = kevin_666, pwd = e10adc3949ba59abbe56e057f20f883e
[2023-08-08 21:07:54]--[src_cgi/login_cgi.c:101]--mysql_user = root, mysql_pwd = k916025328, mysql_db = Manager
[2023-08-08 21:07:54]--[src_cgi/login_cgi.c:161]--redis:[ip=127.0.0.1,port=6379]
[2023-08-08 21:07:54]--[src_cgi/login_cgi.c:185]--tmp = kevin_666849782731295
[2023-08-08 21:07:54]--[src_cgi/login_cgi.c:201]--base64 = rp9m4wmNf+TcxayOIvpp92/cRLdinYu7
[2023-08-08 21:07:54]--[src_cgi/login_cgi.c:303]--token = 6a7cea3d65876a4c59b7c031379e6111
[2023-08-08 21:16:35]--[src_cgi/login_cgi.c:288]--buf = {
    "pwd": "e10adc3949ba59abbe56e057f20f883e",
    "user": "kevin_666"
}

[2023-08-08 21:16:35]--[src_cgi/login_cgi.c:294]--user = kevin_666, pwd = e10adc3949ba59abbe56e057f20f883e
[2023-08-08 21:16:35]--[src_cgi/login_cgi.c:101]--mysql_user = root, mysql_pwd = k916025328, mysql_db = Manager
[2023-08-08 21:16:35]--[src_cgi/login_cgi.c:161]--redis:[ip=127.0.0.1,port=6379]
[2023-08-08 21:16:35]--[src_cgi/login_cgi.c:185]--tmp = kevin_666167411994318
[2023-08-08 21:16:35]--[src_cgi/login_cgi.c:201]--base64 = rp9m4wmNf+Q96bcg1nERGPFloFcy6uQ7
[2023-08-08 21:16:35]--[src_cgi/login_cgi.c:303]--token = bc9afeb820700e49d78e2b694de110e2
[2023-08-08 21:25:54]--[src_cgi/login_cgi.c:288]--buf = {
    "pwd": "e10adc3949ba59abbe56e057f20f883e",
    "user": "kevin_666"
}

[2023-08-08 21:25:54]--[src_cgi/login_cgi.c:294]--user = kevin_666, pwd = e10adc3949ba59abbe56e057f20f883e
[2023-08-08 21:25:54]--[src_cgi/login_cgi.c:101]--mysql_user = root, mysql_pwd = k916025328, mysql_db = Manager
[2023-08-08 21:25:54]--[src_cgi/login_cgi.c:161]--redis:[ip=127.0.0.1,port=6379]
[2023-08-08 21:25:54]--[src_cgi/login_cgi.c:185]--tmp = kevin_666258281404317
[2023-08-08 21:25:54]--[src_cgi/login_cgi.c:201]--base64 = rp9m4wmNf+RCoze8ECkS5gwkytW/vpOy
[2023-08-08 21:25:54]--[src_cgi/login_cgi.c:303]--token = bd908de3745df75084bc2bec59914f2b
[2023-08-08 21:38:24]--[src_cgi/login_cgi.c:288]--buf = {
    "pwd": "e10adc3949ba59abbe56e057f20f883e",
    "user": "kevin_666"
}

[2023-08-08 21:38:24]--[src_cgi/login_cgi.c:294]--user = kevin_666, pwd = e10adc3949ba59abbe56e057f20f883e
[2023-08-08 21:38:24]--[src_cgi/login_cgi.c:101]--mysql_user = root, mysql_pwd = k916025328, mysql_db = Manager
[2023-08-08 21:38:24]--[src_cgi/login_cgi.c:161]--redis:[ip=127.0.0.1,port=6379]
[2023-08-08 21:38:24]--[src_cgi/login_cgi.c:185]--tmp = kevin_66658589478672
[2023-08-08 21:38:24]--[src_cgi/login_cgi.c:201]--base64 = rp9m4wmNf+RCuH7ztg6ZLtnEm1MXzY35
[2023-08-08 21:38:24]--[src_cgi/login_cgi.c:303]--token = d16432a66c89a1194818214b0a15772f
[2023-08-08 21:39:17]--[src_cgi/login_cgi.c:288]--buf = {
    "pwd": "e10adc3949ba59abbe56e057f20f883e",
    "user": "kevin_666"
}

[2023-08-08 21:39:17]--[src_cgi/login_cgi.c:294]--user = kevin_666, pwd = e10adc3949ba59abbe56e057f20f883e
[2023-08-08 21:39:17]--[src_cgi/login_cgi.c:101]--mysql_user = root, mysql_pwd = k916025328, mysql_db = Manager
[2023-08-08 21:39:17]--[src_cgi/login_cgi.c:161]--redis:[ip=127.0.0.1,port=6379]
[2023-08-08 21:39:17]--[src_cgi/login_cgi.c:185]--tmp = kevin_666146269384947
[2023-08-08 21:39:17]--[src_cgi/login_cgi.c:201]--base64 = rp9m4wmNf+Rf9GtoIvHdMy5G1yUwQycQ
[2023-08-08 21:39:17]--[src_cgi/login_cgi.c:303]--token = c6f01aa1bd1a139d5fa51c8bdf1758b1
