[2023-08-07 19:31:15]--[src_cgi/login_cgi.c:288]--buf = {
    "pwd": "e10adc3949ba59abbe56e057f20f883e",
    "user": "kevin_666"
}

[2023-08-07 19:31:15]--[src_cgi/login_cgi.c:294]--user = kevin_666, pwd = e10adc3949ba59abbe56e057f20f883e
[2023-08-07 19:31:15]--[src_cgi/login_cgi.c:101]--mysql_user = root, mysql_pwd = k916025328, mysql_db = Manager
[2023-08-07 19:31:15]--[src_cgi/login_cgi.c:161]--redis:[ip=127.0.0.1,port=6379]
[2023-08-07 19:31:15]--[src_cgi/login_cgi.c:185]--tmp = kevin_666334451886322
[2023-08-07 19:31:15]--[src_cgi/login_cgi.c:201]--base64 = rp9m4wmNf+Rs3a7FAd9KT0VUpf2/Fnuh
[2023-08-07 19:31:15]--[src_cgi/login_cgi.c:303]--token = a6736badc15a06a4c176bea23ba1bb68
[2023-08-07 19:41:34]--[src_cgi/login_cgi.c:288]--buf = {
    "pwd": "e10adc3949ba59abbe56e057f20f883e",
    "user": "kevin_666"
}

[2023-08-07 19:41:34]--[src_cgi/login_cgi.c:294]--user = kevin_666, pwd = e10adc3949ba59abbe56e057f20f883e
[2023-08-07 19:41:34]--[src_cgi/login_cgi.c:101]--mysql_user = root, mysql_pwd = k916025328, mysql_db = Manager
[2023-08-07 19:41:34]--[src_cgi/login_cgi.c:161]--redis:[ip=127.0.0.1,port=6379]
[2023-08-07 19:41:34]--[src_cgi/login_cgi.c:185]--tmp = kevin_666547322930166
[2023-08-07 19:41:34]--[src_cgi/login_cgi.c:201]--base64 = rp9m4wmNf+RC4gKBV/KaDKfmKN29tu5p
[2023-08-07 19:41:34]--[src_cgi/login_cgi.c:303]--token = dc3d8ed88b7e079fae42a3ed6adc3f82
[2023-08-07 19:42:49]--[src_cgi/login_cgi.c:288]--buf = {
    "pwd": "e10adc3949ba59abbe56e057f20f883e",
    "user": "kevin_666"
}

[2023-08-07 19:42:49]--[src_cgi/login_cgi.c:294]--user = kevin_666, pwd = e10adc3949ba59abbe56e057f20f883e
[2023-08-07 19:42:49]--[src_cgi/login_cgi.c:101]--mysql_user = root, mysql_pwd = k916025328, mysql_db = Manager
[2023-08-07 19:42:49]--[src_cgi/login_cgi.c:161]--redis:[ip=127.0.0.1,port=6379]
[2023-08-07 19:42:49]--[src_cgi/login_cgi.c:185]--tmp = kevin_66646451028219
[2023-08-07 19:42:49]--[src_cgi/login_cgi.c:201]--base64 = rp9m4wmNf+SJ1RQr8F4x+378qRU9DLsI
[2023-08-07 19:42:49]--[src_cgi/login_cgi.c:303]--token = 4d843bed2e5553933caa0382bdeb11da
[2023-08-07 19:44:41]--[src_cgi/login_cgi.c:288]--buf = {
    "pwd": "e10adc3949ba59abbe56e057f20f883e",
    "user": "kevin_666"
}

[2023-08-07 19:44:41]--[src_cgi/login_cgi.c:294]--user = kevin_666, pwd = e10adc3949ba59abbe56e057f20f883e
[2023-08-07 19:44:41]--[src_cgi/login_cgi.c:101]--mysql_user = root, mysql_pwd = k916025328, mysql_db = Manager
[2023-08-07 19:44:41]--[src_cgi/login_cgi.c:161]--redis:[ip=127.0.0.1,port=6379]
[2023-08-07 19:44:41]--[src_cgi/login_cgi.c:185]--tmp = kevin_66665470325934
[2023-08-07 19:44:41]--[src_cgi/login_cgi.c:201]--base64 = rp9m4wmNf+Q5VEHnImtGAa6tHiOzaPPg
[2023-08-07 19:44:41]--[src_cgi/login_cgi.c:303]--token = 107ed13a2bf5958c6f365ffcd33db16f
[2023-08-07 19:50:41]--[src_cgi/login_cgi.c:288]--buf = {
    "pwd": "e10adc3949ba59abbe56e057f20f883e",
    "user": "kevin_666"
}

[2023-08-07 19:50:41]--[src_cgi/login_cgi.c:294]--user = kevin_666, pwd = e10adc3949ba59abbe56e057f20f883e
[2023-08-07 19:50:41]--[src_cgi/login_cgi.c:101]--mysql_user = root, mysql_pwd = k916025328, mysql_db = Manager
[2023-08-07 19:50:41]--[src_cgi/login_cgi.c:161]--redis:[ip=127.0.0.1,port=6379]
[2023-08-07 19:50:41]--[src_cgi/login_cgi.c:185]--tmp = kevin_66645396293814
[2023-08-07 19:50:41]--[src_cgi/login_cgi.c:201]--base64 = rp9m4wmNf+RQ/Nhze4sTr93yPJrYoJVP
[2023-08-07 19:50:41]--[src_cgi/login_cgi.c:303]--token = d92a1566381daf55a508098bb702d47e
[2023-08-07 19:53:24]--[src_cgi/login_cgi.c:288]--buf = {
    "pwd": "e10adc3949ba59abbe56e057f20f883e",
    "user": "kevin_666"
}

[2023-08-07 19:53:24]--[src_cgi/login_cgi.c:294]--user = kevin_666, pwd = e10adc3949ba59abbe56e057f20f883e
[2023-08-07 19:53:24]--[src_cgi/login_cgi.c:101]--mysql_user = root, mysql_pwd = k916025328, mysql_db = Manager
[2023-08-07 19:53:24]--[src_cgi/login_cgi.c:161]--redis:[ip=127.0.0.1,port=6379]
[2023-08-07 19:53:24]--[src_cgi/login_cgi.c:185]--tmp = kevin_66625267779316
[2023-08-07 19:53:24]--[src_cgi/login_cgi.c:201]--base64 = rp9m4wmNf+RwAiiGQj0pyp+63Rng5WGu
[2023-08-07 19:53:24]--[src_cgi/login_cgi.c:303]--token = 1419fadac35157ad60b87fe808cbbbdf
[2023-08-07 20:00:35]--[src_cgi/login_cgi.c:288]--buf = {
    "pwd": "e10adc3949ba59abbe56e057f20f883e",
    "user": "kevin_666"
}

[2023-08-07 20:00:35]--[src_cgi/login_cgi.c:294]--user = kevin_666, pwd = e10adc3949ba59abbe56e057f20f883e
[2023-08-07 20:00:35]--[src_cgi/login_cgi.c:101]--mysql_user = root, mysql_pwd = k916025328, mysql_db = Manager
[2023-08-07 20:00:35]--[src_cgi/login_cgi.c:161]--redis:[ip=127.0.0.1,port=6379]
[2023-08-07 20:00:35]--[src_cgi/login_cgi.c:185]--tmp = kevin_666606897388193
[2023-08-07 20:00:35]--[src_cgi/login_cgi.c:201]--base64 = rp9m4wmNf+SCPyA/DO25h3Fds2qZYPp2
[2023-08-07 20:00:35]--[src_cgi/login_cgi.c:303]--token = 6485b58e166fc6ee5c02a1fda8ffc6ee
[2023-08-07 20:01:56]--[src_cgi/login_cgi.c:288]--buf = {
    "pwd": "e10adc3949ba59abbe56e057f20f883e",
    "user": "kevin_666"
}

[2023-08-07 20:01:56]--[src_cgi/login_cgi.c:294]--user = kevin_666, pwd = e10adc3949ba59abbe56e057f20f883e
[2023-08-07 20:01:56]--[src_cgi/login_cgi.c:101]--mysql_user = root, mysql_pwd = k916025328, mysql_db = Manager
[2023-08-07 20:01:56]--[src_cgi/login_cgi.c:161]--redis:[ip=127.0.0.1,port=6379]
[2023-08-07 20:01:56]--[src_cgi/login_cgi.c:185]--tmp = kevin_666552559395855
[2023-08-07 20:01:56]--[src_cgi/login_cgi.c:201]--base64 = rp9m4wmNf+Twm9BIB0Yq9Ba04wrDHxG/
[2023-08-07 20:01:56]--[src_cgi/login_cgi.c:303]--token = 990ab84a8837a5a307bd83250cef2e41
[2023-08-07 20:36:49]--[src_cgi/login_cgi.c:288]--buf = {
    "pwd": "e10adc3949ba59abbe56e057f20f883e",
    "user": "kevin_666"
}

[2023-08-07 20:36:49]--[src_cgi/login_cgi.c:294]--user = kevin_666, pwd = e10adc3949ba59abbe56e057f20f883e
[2023-08-07 20:36:49]--[src_cgi/login_cgi.c:101]--mysql_user = root, mysql_pwd = k916025328, mysql_db = Manager
[2023-08-07 20:36:49]--[src_cgi/login_cgi.c:161]--redis:[ip=127.0.0.1,port=6379]
[2023-08-07 20:36:49]--[src_cgi/login_cgi.c:185]--tmp = kevin_6669563200813
[2023-08-07 20:36:49]--[src_cgi/login_cgi.c:201]--base64 = rp9m4wmNf+SquvP/RlKPZR3REh0SXvfP
[2023-08-07 20:36:49]--[src_cgi/login_cgi.c:303]--token = 69166b18a7688b42bbff93d718c97ecf
[2023-08-07 20:45:42]--[src_cgi/login_cgi.c:288]--buf = {
    "pwd": "e10adc3949ba59abbe56e057f20f883e",
    "user": "kevin_666"
}

[2023-08-07 20:45:42]--[src_cgi/login_cgi.c:294]--user = kevin_666, pwd = e10adc3949ba59abbe56e057f20f883e
[2023-08-07 20:45:42]--[src_cgi/login_cgi.c:101]--mysql_user = root, mysql_pwd = k916025328, mysql_db = Manager
[2023-08-07 20:45:42]--[src_cgi/login_cgi.c:161]--redis:[ip=127.0.0.1,port=6379]
[2023-08-07 20:45:42]--[src_cgi/login_cgi.c:185]--tmp = kevin_666344754288
[2023-08-07 20:45:42]--[src_cgi/login_cgi.c:201]--base64 = rp9m4wmNf+Tx5505xRYE78MhEPG2SVnK
[2023-08-07 20:45:42]--[src_cgi/login_cgi.c:303]--token = 392463cded69713abdd422fb5d5a5332
[2023-08-07 20:49:25]--[src_cgi/login_cgi.c:288]--buf = {
    "pwd": "e10adc3949ba59abbe56e057f20f883e",
    "user": "kevin_666"
}

[2023-08-07 20:49:25]--[src_cgi/login_cgi.c:294]--user = kevin_666, pwd = e10adc3949ba59abbe56e057f20f883e
[2023-08-07 20:49:25]--[src_cgi/login_cgi.c:101]--mysql_user = root, mysql_pwd = k916025328, mysql_db = Manager
[2023-08-07 20:49:25]--[src_cgi/login_cgi.c:161]--redis:[ip=127.0.0.1,port=6379]
[2023-08-07 20:49:25]--[src_cgi/login_cgi.c:185]--tmp = kevin_666363327629409
[2023-08-07 20:49:25]--[src_cgi/login_cgi.c:201]--base64 = rp9m4wmNf+SwyS8ugPawgI39FRv6yqfD
[2023-08-07 20:49:25]--[src_cgi/login_cgi.c:303]--token = 0e2ce50cc07cd9ed437624e4bfe9f392
[2023-08-07 21:11:35]--[src_cgi/login_cgi.c:288]--buf = {
    "pwd": "e10adc3949ba59abbe56e057f20f883e",
    "user": "kevin_666"
}

[2023-08-07 21:11:35]--[src_cgi/login_cgi.c:294]--user = kevin_666, pwd = e10adc3949ba59abbe56e057f20f883e
[2023-08-07 21:11:35]--[src_cgi/login_cgi.c:101]--mysql_user = root, mysql_pwd = k916025328, mysql_db = Manager
[2023-08-07 21:11:35]--[src_cgi/login_cgi.c:161]--redis:[ip=127.0.0.1,port=6379]
[2023-08-07 21:11:35]--[src_cgi/login_cgi.c:185]--tmp = kevin_6667585767278
[2023-08-07 21:11:35]--[src_cgi/login_cgi.c:201]--base64 = rp9m4wmNf+Tt5/WN1Ko7si3nquDeygGt
[2023-08-07 21:11:35]--[src_cgi/login_cgi.c:303]--token = 3bee2dceff5d73a991fae350d8499607
[2023-08-07 21:13:45]--[src_cgi/login_cgi.c:288]--buf = {
    "pwd": "e10adc3949ba59abbe56e057f20f883e",
    "user": "kevin_666"
}

[2023-08-07 21:13:45]--[src_cgi/login_cgi.c:294]--user = kevin_666, pwd = e10adc3949ba59abbe56e057f20f883e
[2023-08-07 21:13:45]--[src_cgi/login_cgi.c:101]--mysql_user = root, mysql_pwd = k916025328, mysql_db = Manager
[2023-08-07 21:13:45]--[src_cgi/login_cgi.c:161]--redis:[ip=127.0.0.1,port=6379]
[2023-08-07 21:13:45]--[src_cgi/login_cgi.c:185]--tmp = kevin_666465704744681
[2023-08-07 21:13:45]--[src_cgi/login_cgi.c:201]--base64 = rp9m4wmNf+Rd+K24USJ9dHdFamFBpHNw
[2023-08-07 21:13:45]--[src_cgi/login_cgi.c:303]--token = a40fdc66c95da07a3e9fad5837a4e91e
[2023-08-07 21:22:01]--[src_cgi/login_cgi.c:288]--buf = {
    "pwd": "e10adc3949ba59abbe56e057f20f883e",
    "user": "kevin_666"
}

[2023-08-07 21:22:01]--[src_cgi/login_cgi.c:294]--user = kevin_666, pwd = e10adc3949ba59abbe56e057f20f883e
[2023-08-07 21:22:01]--[src_cgi/login_cgi.c:101]--mysql_user = root, mysql_pwd = k916025328, mysql_db = Manager
[2023-08-07 21:22:01]--[src_cgi/login_cgi.c:161]--redis:[ip=127.0.0.1,port=6379]
[2023-08-07 21:22:01]--[src_cgi/login_cgi.c:185]--tmp = kevin_66613421247341
[2023-08-07 21:22:01]--[src_cgi/login_cgi.c:201]--base64 = rp9m4wmNf+SwZJlraIT2jqsNU9D6HENj
[2023-08-07 21:22:01]--[src_cgi/login_cgi.c:303]--token = 878583a658f152b55daccf7f67a580b0
[2023-08-07 21:26:32]--[src_cgi/login_cgi.c:288]--buf = {
    "pwd": "e10adc3949ba59abbe56e057f20f883e",
    "user": "kevin_666"
}

[2023-08-07 21:26:32]--[src_cgi/login_cgi.c:294]--user = kevin_666, pwd = e10adc3949ba59abbe56e057f20f883e
[2023-08-07 21:26:32]--[src_cgi/login_cgi.c:101]--mysql_user = root, mysql_pwd = k916025328, mysql_db = Manager
[2023-08-07 21:26:32]--[src_cgi/login_cgi.c:161]--redis:[ip=127.0.0.1,port=6379]
[2023-08-07 21:26:32]--[src_cgi/login_cgi.c:185]--tmp = kevin_66655344761447
[2023-08-07 21:26:32]--[src_cgi/login_cgi.c:201]--base64 = rp9m4wmNf+S851WTMmf1rSlY6/6HeO4m
[2023-08-07 21:26:32]--[src_cgi/login_cgi.c:303]--token = 6c2e7c354c31303a936980926ddcb5e3
[2023-08-07 21:33:09]--[src_cgi/login_cgi.c:288]--buf = {
    "pwd": "e10adc3949ba59abbe56e057f20f883e",
    "user": "kevin_666"
}

[2023-08-07 21:33:09]--[src_cgi/login_cgi.c:294]--user = kevin_666, pwd = e10adc3949ba59abbe56e057f20f883e
[2023-08-07 21:33:09]--[src_cgi/login_cgi.c:101]--mysql_user = root, mysql_pwd = k916025328, mysql_db = Manager
[2023-08-07 21:33:09]--[src_cgi/login_cgi.c:161]--redis:[ip=127.0.0.1,port=6379]
[2023-08-07 21:33:09]--[src_cgi/login_cgi.c:185]--tmp = kevin_666290287226913
[2023-08-07 21:33:09]--[src_cgi/login_cgi.c:201]--base64 = rp9m4wmNf+TAE+adZNSNspUMQJaa6ddu
[2023-08-07 21:33:09]--[src_cgi/login_cgi.c:303]--token = d7ceab3d7a6b4eaed0f33e37771c8238
[2023-08-07 21:36:52]--[src_cgi/login_cgi.c:288]--buf = {
    "pwd": "e10adc3949ba59abbe56e057f20f883e",
    "user": "kevin_666"
}

[2023-08-07 21:36:52]--[src_cgi/login_cgi.c:294]--user = kevin_666, pwd = e10adc3949ba59abbe56e057f20f883e
[2023-08-07 21:36:52]--[src_cgi/login_cgi.c:101]--mysql_user = root, mysql_pwd = k916025328, mysql_db = Manager
[2023-08-07 21:36:52]--[src_cgi/login_cgi.c:161]--redis:[ip=127.0.0.1,port=6379]
[2023-08-07 21:36:52]--[src_cgi/login_cgi.c:185]--tmp = kevin_666182646898628
[2023-08-07 21:36:52]--[src_cgi/login_cgi.c:201]--base64 = rp9m4wmNf+TCldxytpoAdsZbWagXdaLu
[2023-08-07 21:36:52]--[src_cgi/login_cgi.c:303]--token = d7686e636839d2539f8d736ef23f2e94
[2023-08-07 21:41:26]--[src_cgi/login_cgi.c:288]--buf = {
    "pwd": "e10adc3949ba59abbe56e057f20f883e",
    "user": "kevin_666"
}

[2023-08-07 21:41:26]--[src_cgi/login_cgi.c:294]--user = kevin_666, pwd = e10adc3949ba59abbe56e057f20f883e
[2023-08-07 21:41:26]--[src_cgi/login_cgi.c:101]--mysql_user = root, mysql_pwd = k916025328, mysql_db = Manager
[2023-08-07 21:41:26]--[src_cgi/login_cgi.c:161]--redis:[ip=127.0.0.1,port=6379]
[2023-08-07 21:41:26]--[src_cgi/login_cgi.c:185]--tmp = kevin_66630125690108
[2023-08-07 21:41:26]--[src_cgi/login_cgi.c:201]--base64 = rp9m4wmNf+Tm/nxDN+M5P6tGxOG8crX2
[2023-08-07 21:41:26]--[src_cgi/login_cgi.c:303]--token = 68e6f4eee66a24b4769e3affd1176d83
[2023-08-07 21:48:42]--[src_cgi/login_cgi.c:288]--buf = {
    "pwd": "e10adc3949ba59abbe56e057f20f883e",
    "user": "kevin_666"
}

[2023-08-07 21:48:42]--[src_cgi/login_cgi.c:294]--user = kevin_666, pwd = e10adc3949ba59abbe56e057f20f883e
[2023-08-07 21:48:42]--[src_cgi/login_cgi.c:101]--mysql_user = root, mysql_pwd = k916025328, mysql_db = Manager
[2023-08-07 21:48:42]--[src_cgi/login_cgi.c:161]--redis:[ip=127.0.0.1,port=6379]
[2023-08-07 21:48:42]--[src_cgi/login_cgi.c:185]--tmp = kevin_6669192826088
[2023-08-07 21:48:42]--[src_cgi/login_cgi.c:201]--base64 = rp9m4wmNf+SW+KEBKfrIqGL/rL6FNe0n
[2023-08-07 21:48:42]--[src_cgi/login_cgi.c:303]--token = a18db1eac7ccdc4f429023818e26350a
