[2023-08-14 19:24:23]--[src_cgi/login_cgi.c:288]--buf = {
    "pwd": "e10adc3949ba59abbe56e057f20f883e",
    "user": "kevin_666"
}

[2023-08-14 19:24:23]--[src_cgi/login_cgi.c:294]--user = kevin_666, pwd = e10adc3949ba59abbe56e057f20f883e
[2023-08-14 19:24:23]--[src_cgi/login_cgi.c:101]--mysql_user = root, mysql_pwd = k916025328, mysql_db = Manager
[2023-08-14 19:24:23]--[src_cgi/login_cgi.c:161]--redis:[ip=127.0.0.1,port=6379]
[2023-08-14 19:24:23]--[src_cgi/login_cgi.c:185]--tmp = kevin_666568377993467
[2023-08-14 19:24:23]--[src_cgi/login_cgi.c:201]--base64 = rp9m4wmNf+SjhRKhSQ1aW/752QdNI7jm
[2023-08-14 19:24:23]--[src_cgi/login_cgi.c:303]--token = 9acd62413ddedd1dd6fe40d6caf4b090
[2023-08-14 19:24:54]--[src_cgi/login_cgi.c:288]--buf = {
    "pwd": "e10adc3949ba59abbe56e057f20f883e",
    "user": "kevin_666"
}

[2023-08-14 19:24:54]--[src_cgi/login_cgi.c:294]--user = kevin_666, pwd = e10adc3949ba59abbe56e057f20f883e
[2023-08-14 19:24:54]--[src_cgi/login_cgi.c:101]--mysql_user = root, mysql_pwd = k916025328, mysql_db = Manager
[2023-08-14 19:24:54]--[src_cgi/login_cgi.c:161]--redis:[ip=127.0.0.1,port=6379]
[2023-08-14 19:24:54]--[src_cgi/login_cgi.c:185]--tmp = kevin_666167359385653
[2023-08-14 19:24:54]--[src_cgi/login_cgi.c:201]--base64 = rp9m4wmNf+RS+nvJ+ix+D8vaDkCJJEVt
[2023-08-14 19:24:54]--[src_cgi/login_cgi.c:303]--token = cf99cda10ee367fdb1ff270175a40286
[2023-08-14 19:28:29]--[src_cgi/login_cgi.c:288]--buf = {
    "pwd": "e10adc3949ba59abbe56e057f20f883e",
    "user": "kevin_666"
}

[2023-08-14 19:28:29]--[src_cgi/login_cgi.c:294]--user = kevin_666, pwd = e10adc3949ba59abbe56e057f20f883e
[2023-08-14 19:28:29]--[src_cgi/login_cgi.c:101]--mysql_user = root, mysql_pwd = k916025328, mysql_db = Manager
[2023-08-14 19:28:29]--[src_cgi/login_cgi.c:161]--redis:[ip=127.0.0.1,port=6379]
[2023-08-14 19:28:29]--[src_cgi/login_cgi.c:185]--tmp = kevin_6661751318130
[2023-08-14 19:28:29]--[src_cgi/login_cgi.c:201]--base64 = rp9m4wmNf+SMZSd4//SVlB+FlSqM2ZGZ
[2023-08-14 19:28:29]--[src_cgi/login_cgi.c:303]--token = 5522bacd8d534e93a78c90e06e97df67
[2023-08-14 20:19:07]--[src_cgi/login_cgi.c:288]--buf = {
    "pwd": "e10adc3949ba59abbe56e057f20f883e",
    "user": "kevin_666"
}

[2023-08-14 20:19:07]--[src_cgi/login_cgi.c:294]--user = kevin_666, pwd = e10adc3949ba59abbe56e057f20f883e
[2023-08-14 20:19:07]--[src_cgi/login_cgi.c:101]--mysql_user = root, mysql_pwd = k916025328, mysql_db = Manager
[2023-08-14 20:19:07]--[src_cgi/login_cgi.c:161]--redis:[ip=127.0.0.1,port=6379]
[2023-08-14 20:19:07]--[src_cgi/login_cgi.c:185]--tmp = kevin_66635773471966
[2023-08-14 20:19:07]--[src_cgi/login_cgi.c:201]--base64 = rp9m4wmNf+SPNlzta9Cz0xNbk2qZisb7
[2023-08-14 20:19:07]--[src_cgi/login_cgi.c:303]--token = 5358537f8982b879e0b02c17646b12bc
[2023-08-14 20:47:08]--[src_cgi/login_cgi.c:288]--buf = {
    "pwd": "e10adc3949ba59abbe56e057f20f883e",
    "user": "kevin_666"
}

[2023-08-14 20:47:08]--[src_cgi/login_cgi.c:294]--user = kevin_666, pwd = e10adc3949ba59abbe56e057f20f883e
[2023-08-14 20:47:08]--[src_cgi/login_cgi.c:101]--mysql_user = root, mysql_pwd = k916025328, mysql_db = Manager
[2023-08-14 20:47:08]--[src_cgi/login_cgi.c:161]--redis:[ip=127.0.0.1,port=6379]
[2023-08-14 20:47:08]--[src_cgi/login_cgi.c:185]--tmp = kevin_666820681981102
[2023-08-14 20:47:08]--[src_cgi/login_cgi.c:201]--base64 = rp9m4wmNf+RZRanz7qFQiEszjFbAeHzk
[2023-08-14 20:47:08]--[src_cgi/login_cgi.c:303]--token = 38215a8f1a49228ed7fe12cdba8d932f
