[2023-08-16 21:23:43]--[src_cgi/login_cgi.c:288]--buf = {
    "pwd": "e10adc3949ba59abbe56e057f20f883e",
    "user": "kevin_666"
}

[2023-08-16 21:23:43]--[src_cgi/login_cgi.c:294]--user = kevin_666, pwd = e10adc3949ba59abbe56e057f20f883e
[2023-08-16 21:23:43]--[src_cgi/login_cgi.c:101]--mysql_user = root, mysql_pwd = k916025328, mysql_db = Manager
[2023-08-16 21:23:43]--[src_cgi/login_cgi.c:161]--redis:[ip=127.0.0.1,port=6379]
[2023-08-16 21:23:43]--[src_cgi/login_cgi.c:185]--tmp = kevin_666318499632857
[2023-08-16 21:23:43]--[src_cgi/login_cgi.c:201]--base64 = rp9m4wmNf+S0lqmGC6BbWswtHYpFdgWP
[2023-08-16 21:23:43]--[src_cgi/login_cgi.c:303]--token = 3b0467f05d083e7b4514965b24f826f5
[2023-08-16 21:30:02]--[src_cgi/login_cgi.c:288]--buf = {
    "pwd": "e10adc3949ba59abbe56e057f20f883e",
    "user": "kevin_666"
}

[2023-08-16 21:30:02]--[src_cgi/login_cgi.c:294]--user = kevin_666, pwd = e10adc3949ba59abbe56e057f20f883e
[2023-08-16 21:30:02]--[src_cgi/login_cgi.c:101]--mysql_user = root, mysql_pwd = k916025328, mysql_db = Manager
[2023-08-16 21:30:02]--[src_cgi/login_cgi.c:161]--redis:[ip=127.0.0.1,port=6379]
[2023-08-16 21:30:02]--[src_cgi/login_cgi.c:185]--tmp = kevin_666654128221102
[2023-08-16 21:30:02]--[src_cgi/login_cgi.c:201]--base64 = rp9m4wmNf+Q5vd4JXqUTlY8IstibNPCr
[2023-08-16 21:30:02]--[src_cgi/login_cgi.c:303]--token = fec49dc56becfa33af1db0f387194564
[2023-08-16 21:44:44]--[src_cgi/login_cgi.c:288]--buf = {
    "pwd": "e10adc3949ba59abbe56e057f20f883e",
    "user": "kevin_666"
}

[2023-08-16 21:44:44]--[src_cgi/login_cgi.c:294]--user = kevin_666, pwd = e10adc3949ba59abbe56e057f20f883e
[2023-08-16 21:44:44]--[src_cgi/login_cgi.c:101]--mysql_user = root, mysql_pwd = k916025328, mysql_db = Manager
[2023-08-16 21:44:44]--[src_cgi/login_cgi.c:161]--redis:[ip=127.0.0.1,port=6379]
[2023-08-16 21:44:44]--[src_cgi/login_cgi.c:185]--tmp = kevin_666729532366519
[2023-08-16 21:44:44]--[src_cgi/login_cgi.c:201]--base64 = rp9m4wmNf+ROPvyd97E21U0gX8+PTRW/
[2023-08-16 21:44:44]--[src_cgi/login_cgi.c:303]--token = c4202f2d0eba21d7166801c5019af0f6
[2023-08-16 21:46:18]--[src_cgi/login_cgi.c:288]--buf = {
    "pwd": "e10adc3949ba59abbe56e057f20f883e",
    "user": "kevin_666"
}

[2023-08-16 21:46:18]--[src_cgi/login_cgi.c:294]--user = kevin_666, pwd = e10adc3949ba59abbe56e057f20f883e
[2023-08-16 21:46:18]--[src_cgi/login_cgi.c:101]--mysql_user = root, mysql_pwd = k916025328, mysql_db = Manager
[2023-08-16 21:46:18]--[src_cgi/login_cgi.c:161]--redis:[ip=127.0.0.1,port=6379]
[2023-08-16 21:46:18]--[src_cgi/login_cgi.c:185]--tmp = kevin_666407388718285
[2023-08-16 21:46:18]--[src_cgi/login_cgi.c:201]--base64 = rp9m4wmNf+QKpzPIelnPUqZ9R1ck15TR
[2023-08-16 21:46:18]--[src_cgi/login_cgi.c:303]--token = 798ee5ec2dfb5a7b987d1fd6e8b84675
[2023-08-16 21:47:24]--[src_cgi/login_cgi.c:288]--buf = {
    "pwd": "e10adc3949ba59abbe56e057f20f883e",
    "user": "kevin_666"
}

[2023-08-16 21:47:24]--[src_cgi/login_cgi.c:294]--user = kevin_666, pwd = e10adc3949ba59abbe56e057f20f883e
[2023-08-16 21:47:24]--[src_cgi/login_cgi.c:101]--mysql_user = root, mysql_pwd = k916025328, mysql_db = Manager
[2023-08-16 21:47:24]--[src_cgi/login_cgi.c:161]--redis:[ip=127.0.0.1,port=6379]
[2023-08-16 21:47:24]--[src_cgi/login_cgi.c:185]--tmp = kevin_66678026761440
[2023-08-16 21:47:24]--[src_cgi/login_cgi.c:201]--base64 = rp9m4wmNf+TAKRTbMpG9IlFB2araCmyw
[2023-08-16 21:47:24]--[src_cgi/login_cgi.c:303]--token = 42845941c6d5c2fd4c7c14ae6b9e387c
