[2024-03-14 15:59:43]--[src_cgi/login_cgi.c:298]--buf = {
    "pwd": "e10adc3949ba59abbe56e057f20f883e",
    "user": "user"
}

[2024-03-14 15:59:43]--[src_cgi/login_cgi.c:304]--user = user, pwd = e10adc3949ba59abbe56e057f20f883e
[2024-03-14 15:59:43]--[src_cgi/login_cgi.c:102]--mysql_user = root, mysql_pwd = k916025328, mysql_db = Manager
[2024-03-14 15:59:43]--[src_cgi/login_cgi.c:308]--Login ret = -1 ------
[2024-03-14 15:59:49]--[src_cgi/login_cgi.c:298]--buf = {
    "pwd": "e10adc3949ba59abbe56e057f20f883e",
    "user": "kevin_123"
}

[2024-03-14 15:59:49]--[src_cgi/login_cgi.c:304]--user = kevin_123, pwd = e10adc3949ba59abbe56e057f20f883e
[2024-03-14 15:59:49]--[src_cgi/login_cgi.c:102]--mysql_user = root, mysql_pwd = k916025328, mysql_db = Manager
[2024-03-14 15:59:49]--[src_cgi/login_cgi.c:308]--Login ret = -1 ------
[2024-03-14 15:59:53]--[src_cgi/login_cgi.c:298]--buf = {
    "pwd": "e10adc3949ba59abbe56e057f20f883e",
    "user": "kevin_666"
}

[2024-03-14 15:59:53]--[src_cgi/login_cgi.c:304]--user = kevin_666, pwd = e10adc3949ba59abbe56e057f20f883e
[2024-03-14 15:59:53]--[src_cgi/login_cgi.c:102]--mysql_user = root, mysql_pwd = k916025328, mysql_db = Manager
[2024-03-14 15:59:53]--[src_cgi/login_cgi.c:308]--Login ret = 1 ------
[2024-03-14 15:59:53]--[src_cgi/login_cgi.c:171]--redis:[ip=127.0.0.1,port=6379]
[2024-03-14 15:59:53]--[src_cgi/login_cgi.c:195]--tmp = kevin_666674489548216
[2024-03-14 15:59:53]--[src_cgi/login_cgi.c:211]--base64 = rp9m4wmNf+SvhtWR8fW5ZYl7gd1FWDd8
[2024-03-14 15:59:53]--[src_cgi/login_cgi.c:315]--token = a7fbb814923866e3ef71e2f6345dccfa
[2024-03-14 16:08:10]--[src_cgi/login_cgi.c:298]--buf = {
    "pwd": "e10adc3949ba59abbe56e057f20f883e",
    "user": "kevin_666"
}

[2024-03-14 16:08:10]--[src_cgi/login_cgi.c:304]--user = kevin_666, pwd = e10adc3949ba59abbe56e057f20f883e
[2024-03-14 16:08:10]--[src_cgi/login_cgi.c:102]--mysql_user = root, mysql_pwd = k916025328, mysql_db = Manager
[2024-03-14 16:08:10]--[src_cgi/login_cgi.c:308]--Login ret = 1 ------
[2024-03-14 16:08:10]--[src_cgi/login_cgi.c:171]--redis:[ip=127.0.0.1,port=6379]
[2024-03-14 16:08:10]--[src_cgi/login_cgi.c:195]--tmp = kevin_666875621337271
[2024-03-14 16:08:10]--[src_cgi/login_cgi.c:211]--base64 = rp9m4wmNf+SKBQP/L4W3Vz74VuDVF3Ok
[2024-03-14 16:08:10]--[src_cgi/login_cgi.c:315]--token = 3719151fc9222c00d8d5d3187da9b239
[2024-03-14 16:22:55]--[src_cgi/login_cgi.c:298]--buf = {
    "pwd": "e10adc3949ba59abbe56e057f20f883e",
    "user": "kevin_666"
}

[2024-03-14 16:22:55]--[src_cgi/login_cgi.c:304]--user = kevin_666, pwd = e10adc3949ba59abbe56e057f20f883e
[2024-03-14 16:22:55]--[src_cgi/login_cgi.c:102]--mysql_user = root, mysql_pwd = k916025328, mysql_db = Manager
[2024-03-14 16:22:55]--[src_cgi/login_cgi.c:308]--Login ret = 1 ------
[2024-03-14 16:22:55]--[src_cgi/login_cgi.c:171]--redis:[ip=127.0.0.1,port=6379]
[2024-03-14 16:22:55]--[src_cgi/login_cgi.c:195]--tmp = kevin_666168621596654
[2024-03-14 16:22:55]--[src_cgi/login_cgi.c:211]--base64 = rp9m4wmNf+RkeRoHCEkXlkDMZLxkbS2/
[2024-03-14 16:22:55]--[src_cgi/login_cgi.c:315]--token = 017c2a6c660c8c790ba41e3868aa7a9b
[2024-03-14 16:23:59]--[src_cgi/login_cgi.c:298]--buf = {
    "pwd": "e10adc3949ba59abbe56e057f20f883e",
    "user": "kevin_666"
}

[2024-03-14 16:23:59]--[src_cgi/login_cgi.c:304]--user = kevin_666, pwd = e10adc3949ba59abbe56e057f20f883e
[2024-03-14 16:23:59]--[src_cgi/login_cgi.c:102]--mysql_user = root, mysql_pwd = k916025328, mysql_db = Manager
[2024-03-14 16:23:59]--[src_cgi/login_cgi.c:308]--Login ret = 1 ------
[2024-03-14 16:23:59]--[src_cgi/login_cgi.c:171]--redis:[ip=127.0.0.1,port=6379]
[2024-03-14 16:23:59]--[src_cgi/login_cgi.c:195]--tmp = kevin_666624290833654
[2024-03-14 16:23:59]--[src_cgi/login_cgi.c:211]--base64 = rp9m4wmNf+RbKJEAS17pRsgMZvWs5gHq
[2024-03-14 16:23:59]--[src_cgi/login_cgi.c:315]--token = 3d4992e834ac7ee9dcfd9fa68c35ede6
[2024-03-14 16:25:44]--[src_cgi/login_cgi.c:298]--buf = {
    "pwd": "e10adc3949ba59abbe56e057f20f883e",
    "user": "kevin_666"
}

[2024-03-14 16:25:44]--[src_cgi/login_cgi.c:304]--user = kevin_666, pwd = e10adc3949ba59abbe56e057f20f883e
[2024-03-14 16:25:44]--[src_cgi/login_cgi.c:102]--mysql_user = root, mysql_pwd = k916025328, mysql_db = Manager
[2024-03-14 16:25:44]--[src_cgi/login_cgi.c:308]--Login ret = 1 ------
[2024-03-14 16:25:44]--[src_cgi/login_cgi.c:171]--redis:[ip=127.0.0.1,port=6379]
[2024-03-14 16:25:44]--[src_cgi/login_cgi.c:195]--tmp = kevin_666573703923465
[2024-03-14 16:25:44]--[src_cgi/login_cgi.c:211]--base64 = rp9m4wmNf+SDNbJFwyt9tN01UO5FCu2/
[2024-03-14 16:25:44]--[src_cgi/login_cgi.c:315]--token = 2c1fb91a9284b9dbd89a95406da1fa81
[2024-03-14 21:30:04]--[src_cgi/login_cgi.c:291]--buf = {
    "pwd": "e10adc3949ba59abbe56e057f20f883e",
    "user": "kevin_666"
}

[2024-03-14 21:30:04]--[src_cgi/login_cgi.c:297]--user = kevin_666, pwd = e10adc3949ba59abbe56e057f20f883e
[2024-03-14 21:30:04]--[src_cgi/login_cgi.c:96]--mysql_user = root, mysql_pwd = k916025328, mysql_db = Manager
[2024-03-14 21:30:04]--[src_cgi/login_cgi.c:301]--Login ret = 1 ------
[2024-03-14 21:30:04]--[src_cgi/login_cgi.c:165]--redis:[ip=127.0.0.1,port=6379]
[2024-03-14 21:30:04]--[src_cgi/login_cgi.c:189]--tmp = kevin_666289216586561
[2024-03-14 21:30:04]--[src_cgi/login_cgi.c:205]--base64 = rp9m4wmNf+TH0GOZ27QZVbokoJR22RnE
[2024-03-14 21:30:04]--[src_cgi/login_cgi.c:308]--token = e19c6e6b38f0501989bfffd01f6eba18
[2024-03-14 21:44:08]--[src_cgi/login_cgi.c:291]--buf = {
    "pwd": "e10adc3949ba59abbe56e057f20f883e",
    "user": "kevin_666"
}

[2024-03-14 21:44:08]--[src_cgi/login_cgi.c:297]--user = kevin_666, pwd = e10adc3949ba59abbe56e057f20f883e
[2024-03-14 21:44:08]--[src_cgi/login_cgi.c:96]--mysql_user = root, mysql_pwd = k916025328, mysql_db = Manager
[2024-03-14 21:44:08]--[src_cgi/login_cgi.c:301]--Login ret = 1 ------
[2024-03-14 21:44:08]--[src_cgi/login_cgi.c:165]--redis:[ip=127.0.0.1,port=6379]
[2024-03-14 21:44:08]--[src_cgi/login_cgi.c:189]--tmp = kevin_666407699579614
[2024-03-14 21:44:08]--[src_cgi/login_cgi.c:205]--base64 = rp9m4wmNf+SYB7G2OH3hZpQtuMwkzF+X
[2024-03-14 21:44:08]--[src_cgi/login_cgi.c:308]--token = c6bab2b56b587afdebf53c5a84ffaeb0
