[2024-03-16 17:42:27]--[src_cgi/login_cgi.c:291]--buf = {
    "pwd": "e10adc3949ba59abbe56e057f20f883e",
    "user": "kevin_666"
}

[2024-03-16 17:42:27]--[src_cgi/login_cgi.c:297]--user = kevin_666, pwd = e10adc3949ba59abbe56e057f20f883e
[2024-03-16 17:42:27]--[src_cgi/login_cgi.c:96]--mysql_user = root, mysql_pwd = k916025328, mysql_db = Manager
[2024-03-16 17:42:27]--[src_cgi/login_cgi.c:301]--Login ret = 1 ------
[2024-03-16 17:42:27]--[src_cgi/login_cgi.c:165]--redis:[ip=127.0.0.1,port=6379]
[2024-03-16 17:42:27]--[src_cgi/login_cgi.c:189]--tmp = kevin_666125892945166
[2024-03-16 17:42:27]--[src_cgi/login_cgi.c:205]--base64 = rp9m4wmNf+TN91/968U59F2qEjZ9OF5x
[2024-03-16 17:42:27]--[src_cgi/login_cgi.c:308]--token = 8375a1c5ac76b22d823ed0e9e74ef743
[2024-03-16 17:44:13]--[src_cgi/login_cgi.c:291]--buf = {
    "pwd": "e10adc3949ba59abbe56e057f20f883e",
    "user": "kevin_666"
}

[2024-03-16 17:44:13]--[src_cgi/login_cgi.c:297]--user = kevin_666, pwd = e10adc3949ba59abbe56e057f20f883e
[2024-03-16 17:44:13]--[src_cgi/login_cgi.c:96]--mysql_user = root, mysql_pwd = k916025328, mysql_db = Manager
[2024-03-16 17:44:13]--[src_cgi/login_cgi.c:301]--Login ret = 1 ------
[2024-03-16 17:44:13]--[src_cgi/login_cgi.c:165]--redis:[ip=127.0.0.1,port=6379]
[2024-03-16 17:44:13]--[src_cgi/login_cgi.c:189]--tmp = kevin_66654813246721
[2024-03-16 17:44:13]--[src_cgi/login_cgi.c:205]--base64 = rp9m4wmNf+TnOLEJkQ3b7QwOLh/4tNc8
[2024-03-16 17:44:13]--[src_cgi/login_cgi.c:308]--token = 1137f0c9d931f5545e3228c64f8e80cf
[2024-03-16 17:53:32]--[src_cgi/login_cgi.c:291]--buf = {
    "pwd": "e10adc3949ba59abbe56e057f20f883e",
    "user": "kevin_666"
}

[2024-03-16 17:53:32]--[src_cgi/login_cgi.c:297]--user = kevin_666, pwd = e10adc3949ba59abbe56e057f20f883e
[2024-03-16 17:53:32]--[src_cgi/login_cgi.c:96]--mysql_user = root, mysql_pwd = k916025328, mysql_db = Manager
[2024-03-16 17:53:32]--[src_cgi/login_cgi.c:301]--Login ret = 1 ------
[2024-03-16 17:53:32]--[src_cgi/login_cgi.c:165]--redis:[ip=127.0.0.1,port=6379]
[2024-03-16 17:53:32]--[src_cgi/login_cgi.c:189]--tmp = kevin_66621342180431
[2024-03-16 17:53:32]--[src_cgi/login_cgi.c:205]--base64 = rp9m4wmNf+TEzujIdGn2pel9EjnxpGAX
[2024-03-16 17:53:32]--[src_cgi/login_cgi.c:308]--token = 73efebaf92bda83b7d9e59886a4bd9d8
[2024-03-16 18:08:57]--[src_cgi/login_cgi.c:291]--buf = {
    "pwd": "e10adc3949ba59abbe56e057f20f883e",
    "user": "kevin_666"
}

[2024-03-16 18:08:57]--[src_cgi/login_cgi.c:297]--user = kevin_666, pwd = e10adc3949ba59abbe56e057f20f883e
[2024-03-16 18:08:57]--[src_cgi/login_cgi.c:96]--mysql_user = root, mysql_pwd = k916025328, mysql_db = Manager
[2024-03-16 18:08:57]--[src_cgi/login_cgi.c:301]--Login ret = 1 ------
[2024-03-16 18:08:57]--[src_cgi/login_cgi.c:165]--redis:[ip=127.0.0.1,port=6379]
[2024-03-16 18:08:57]--[src_cgi/login_cgi.c:189]--tmp = kevin_6669798296400
[2024-03-16 18:08:57]--[src_cgi/login_cgi.c:205]--base64 = rp9m4wmNf+QTkf38o/fp0iEHkui6oLCt
[2024-03-16 18:08:57]--[src_cgi/login_cgi.c:308]--token = d3d526c732c4d9096d7d849d1c34b91e
[2024-03-16 18:14:36]--[src_cgi/login_cgi.c:291]--buf = {
    "pwd": "e10adc3949ba59abbe56e057f20f883e",
    "user": "kevin_666"
}

[2024-03-16 18:14:36]--[src_cgi/login_cgi.c:297]--user = kevin_666, pwd = e10adc3949ba59abbe56e057f20f883e
[2024-03-16 18:14:36]--[src_cgi/login_cgi.c:96]--mysql_user = root, mysql_pwd = k916025328, mysql_db = Manager
[2024-03-16 18:14:36]--[src_cgi/login_cgi.c:301]--Login ret = 1 ------
[2024-03-16 18:14:36]--[src_cgi/login_cgi.c:165]--redis:[ip=127.0.0.1,port=6379]
[2024-03-16 18:14:36]--[src_cgi/login_cgi.c:189]--tmp = kevin_66657930110554
[2024-03-16 18:14:36]--[src_cgi/login_cgi.c:205]--base64 = rp9m4wmNf+QEVfGxtmTzTGR/bCWdUqhG
[2024-03-16 18:14:36]--[src_cgi/login_cgi.c:308]--token = 0d9776bc785602b2f5cb405c5e1685e8
[2024-03-16 18:26:25]--[src_cgi/login_cgi.c:291]--buf = {
    "pwd": "e10adc3949ba59abbe56e057f20f883e",
    "user": "kevin_666"
}

[2024-03-16 18:26:25]--[src_cgi/login_cgi.c:297]--user = kevin_666, pwd = e10adc3949ba59abbe56e057f20f883e
[2024-03-16 18:26:25]--[src_cgi/login_cgi.c:96]--mysql_user = root, mysql_pwd = k916025328, mysql_db = Manager
[2024-03-16 18:26:25]--[src_cgi/login_cgi.c:301]--Login ret = 1 ------
[2024-03-16 18:26:25]--[src_cgi/login_cgi.c:165]--redis:[ip=127.0.0.1,port=6379]
[2024-03-16 18:26:25]--[src_cgi/login_cgi.c:189]--tmp = kevin_666834768279348
[2024-03-16 18:26:25]--[src_cgi/login_cgi.c:205]--base64 = rp9m4wmNf+RO6wfQ8ycZQMgea/NqsSxQ
[2024-03-16 18:26:25]--[src_cgi/login_cgi.c:308]--token = c802aa3178d1cc530d63d8807f998b3b
[2024-03-16 18:28:09]--[src_cgi/login_cgi.c:291]--buf = {
    "pwd": "e10adc3949ba59abbe56e057f20f883e",
    "user": "kevin_666"
}

[2024-03-16 18:28:09]--[src_cgi/login_cgi.c:297]--user = kevin_666, pwd = e10adc3949ba59abbe56e057f20f883e
[2024-03-16 18:28:09]--[src_cgi/login_cgi.c:96]--mysql_user = root, mysql_pwd = k916025328, mysql_db = Manager
[2024-03-16 18:28:09]--[src_cgi/login_cgi.c:301]--Login ret = 1 ------
[2024-03-16 18:28:09]--[src_cgi/login_cgi.c:165]--redis:[ip=127.0.0.1,port=6379]
[2024-03-16 18:28:09]--[src_cgi/login_cgi.c:189]--tmp = kevin_666831684177579
[2024-03-16 18:28:09]--[src_cgi/login_cgi.c:205]--base64 = rp9m4wmNf+QiDh1ShqlUiuXnBEJ6TqtR
[2024-03-16 18:28:09]--[src_cgi/login_cgi.c:308]--token = f08693c27997b91d2f044cd962896a24
[2024-03-16 18:33:07]--[src_cgi/login_cgi.c:291]--buf = {
    "pwd": "e10adc3949ba59abbe56e057f20f883e",
    "user": "kevin_666"
}

[2024-03-16 18:33:07]--[src_cgi/login_cgi.c:297]--user = kevin_666, pwd = e10adc3949ba59abbe56e057f20f883e
[2024-03-16 18:33:07]--[src_cgi/login_cgi.c:96]--mysql_user = root, mysql_pwd = k916025328, mysql_db = Manager
[2024-03-16 18:33:07]--[src_cgi/login_cgi.c:301]--Login ret = 1 ------
[2024-03-16 18:33:07]--[src_cgi/login_cgi.c:165]--redis:[ip=127.0.0.1,port=6379]
[2024-03-16 18:33:07]--[src_cgi/login_cgi.c:189]--tmp = kevin_666872504994355
[2024-03-16 18:33:07]--[src_cgi/login_cgi.c:205]--base64 = rp9m4wmNf+Sd+r+06Wb5eqP97fRKY6yX
[2024-03-16 18:33:07]--[src_cgi/login_cgi.c:308]--token = b3434cd07ad28d3f040deb62c59c9da9
[2024-03-16 18:36:04]--[src_cgi/login_cgi.c:291]--buf = {
    "pwd": "e10adc3949ba59abbe56e057f20f883e",
    "user": "kevin_666"
}

[2024-03-16 18:36:04]--[src_cgi/login_cgi.c:297]--user = kevin_666, pwd = e10adc3949ba59abbe56e057f20f883e
[2024-03-16 18:36:04]--[src_cgi/login_cgi.c:96]--mysql_user = root, mysql_pwd = k916025328, mysql_db = Manager
[2024-03-16 18:36:04]--[src_cgi/login_cgi.c:301]--Login ret = 1 ------
[2024-03-16 18:36:04]--[src_cgi/login_cgi.c:165]--redis:[ip=127.0.0.1,port=6379]
[2024-03-16 18:36:04]--[src_cgi/login_cgi.c:189]--tmp = kevin_66657270411570
[2024-03-16 18:36:04]--[src_cgi/login_cgi.c:205]--base64 = rp9m4wmNf+QELRRkWYbM3rs//Zk0KAFK
[2024-03-16 18:36:04]--[src_cgi/login_cgi.c:308]--token = 8d125e6367ac31f9d4cd4195c3673d7c
[2024-03-16 18:37:52]--[src_cgi/login_cgi.c:291]--buf = {
    "pwd": "e10adc3949ba59abbe56e057f20f883e",
    "user": "kevin_666"
}

[2024-03-16 18:37:52]--[src_cgi/login_cgi.c:297]--user = kevin_666, pwd = e10adc3949ba59abbe56e057f20f883e
[2024-03-16 18:37:52]--[src_cgi/login_cgi.c:96]--mysql_user = root, mysql_pwd = k916025328, mysql_db = Manager
[2024-03-16 18:37:52]--[src_cgi/login_cgi.c:301]--Login ret = 1 ------
[2024-03-16 18:37:52]--[src_cgi/login_cgi.c:165]--redis:[ip=127.0.0.1,port=6379]
[2024-03-16 18:37:52]--[src_cgi/login_cgi.c:189]--tmp = kevin_666982273412301
[2024-03-16 18:37:52]--[src_cgi/login_cgi.c:205]--base64 = rp9m4wmNf+SlPwlZeYqf7dz0HDl1V243
[2024-03-16 18:37:52]--[src_cgi/login_cgi.c:308]--token = cd4ff7ceb2e71915d3572d751e0f4e7a
[2024-03-16 18:40:10]--[src_cgi/login_cgi.c:291]--buf = {
    "pwd": "e10adc3949ba59abbe56e057f20f883e",
    "user": "kevin_666"
}

[2024-03-16 18:40:10]--[src_cgi/login_cgi.c:297]--user = kevin_666, pwd = e10adc3949ba59abbe56e057f20f883e
[2024-03-16 18:40:10]--[src_cgi/login_cgi.c:96]--mysql_user = root, mysql_pwd = k916025328, mysql_db = Manager
[2024-03-16 18:40:10]--[src_cgi/login_cgi.c:301]--Login ret = 1 ------
[2024-03-16 18:40:10]--[src_cgi/login_cgi.c:165]--redis:[ip=127.0.0.1,port=6379]
[2024-03-16 18:40:10]--[src_cgi/login_cgi.c:189]--tmp = kevin_66631129780918
[2024-03-16 18:40:10]--[src_cgi/login_cgi.c:205]--base64 = rp9m4wmNf+RD5qunjy8Iew9avru7mVo6
[2024-03-16 18:40:10]--[src_cgi/login_cgi.c:308]--token = 0f6f4335c36f4256130f7419d1b1044d
[2024-03-16 18:44:41]--[src_cgi/login_cgi.c:291]--buf = {
    "pwd": "e10adc3949ba59abbe56e057f20f883e",
    "user": "kevin_666"
}

[2024-03-16 18:44:41]--[src_cgi/login_cgi.c:297]--user = kevin_666, pwd = e10adc3949ba59abbe56e057f20f883e
[2024-03-16 18:44:41]--[src_cgi/login_cgi.c:96]--mysql_user = root, mysql_pwd = k916025328, mysql_db = Manager
[2024-03-16 18:44:41]--[src_cgi/login_cgi.c:301]--Login ret = 1 ------
[2024-03-16 18:44:41]--[src_cgi/login_cgi.c:165]--redis:[ip=127.0.0.1,port=6379]
[2024-03-16 18:44:41]--[src_cgi/login_cgi.c:189]--tmp = kevin_66653645161684
[2024-03-16 18:44:41]--[src_cgi/login_cgi.c:205]--base64 = rp9m4wmNf+SOCNrHSIaji7/Z/o9n+sdT
[2024-03-16 18:44:41]--[src_cgi/login_cgi.c:308]--token = e27800f6d1aec82ba19679e73d4d88b1
