[2024-03-13 20:15:07]--[src_cgi/login_cgi.c:298]--buf = {
    "pwd": "e10adc3949ba59abbe56e057f20f883e",
    "user": "kevin_666"
}

[2024-03-13 20:15:07]--[src_cgi/login_cgi.c:304]--user = kevin_666, pwd = e10adc3949ba59abbe56e057f20f883e
[2024-03-13 20:15:07]--[src_cgi/login_cgi.c:102]--mysql_user = root, mysql_pwd = k916025328, mysql_db = Manager
[2024-03-13 20:15:07]--[src_cgi/login_cgi.c:308]--Login ret = 1 ------
[2024-03-13 20:15:07]--[src_cgi/login_cgi.c:171]--redis:[ip=127.0.0.1,port=6379]
[2024-03-13 20:15:07]--[src_cgi/login_cgi.c:195]--tmp = kevin_66662068754241
[2024-03-13 20:15:07]--[src_cgi/login_cgi.c:211]--base64 = rp9m4wmNf+QjUC5hURnYfr0ZvZGX5yid
[2024-03-13 20:15:07]--[src_cgi/login_cgi.c:315]--token = 0d7a6fda5a69a358ce302265ad2c6145
[2024-03-13 20:33:46]--[src_cgi/login_cgi.c:298]--buf = {
    "pwd": "e10adc3949ba59abbe56e057f20f883e",
    "user": "kevin_666"
}

[2024-03-13 20:33:46]--[src_cgi/login_cgi.c:304]--user = kevin_666, pwd = e10adc3949ba59abbe56e057f20f883e
[2024-03-13 20:33:46]--[src_cgi/login_cgi.c:102]--mysql_user = root, mysql_pwd = k916025328, mysql_db = Manager
[2024-03-13 20:33:46]--[src_cgi/login_cgi.c:308]--Login ret = 1 ------
[2024-03-13 20:33:46]--[src_cgi/login_cgi.c:171]--redis:[ip=127.0.0.1,port=6379]
[2024-03-13 20:33:46]--[src_cgi/login_cgi.c:195]--tmp = kevin_6661972585488
[2024-03-13 20:33:46]--[src_cgi/login_cgi.c:211]--base64 = rp9m4wmNf+RvqS2hGXEADeCAdoDfm70b
[2024-03-13 20:33:46]--[src_cgi/login_cgi.c:315]--token = da01e0c2745461b69ffde1f7680820b6
[2024-03-13 20:33:57]--[src_cgi/login_cgi.c:298]--buf = {
    "pwd": "e10adc3949ba59abbe56e057f20f883e",
    "user": "kevin_666"
}

[2024-03-13 20:33:57]--[src_cgi/login_cgi.c:304]--user = kevin_666, pwd = e10adc3949ba59abbe56e057f20f883e
[2024-03-13 20:33:57]--[src_cgi/login_cgi.c:102]--mysql_user = root, mysql_pwd = k916025328, mysql_db = Manager
[2024-03-13 20:33:57]--[src_cgi/login_cgi.c:308]--Login ret = 1 ------
[2024-03-13 20:33:57]--[src_cgi/login_cgi.c:171]--redis:[ip=127.0.0.1,port=6379]
[2024-03-13 20:33:57]--[src_cgi/login_cgi.c:195]--tmp = kevin_6664934852617
[2024-03-13 20:33:57]--[src_cgi/login_cgi.c:211]--base64 = rp9m4wmNf+Q5U3MdLu9EAIlp5vW6p3CO
[2024-03-13 20:33:57]--[src_cgi/login_cgi.c:315]--token = 04bc00ad86289a2a22bb7804525cc90e
[2024-03-13 20:35:49]--[src_cgi/login_cgi.c:298]--buf = {
    "pwd": "e10adc3949ba59abbe56e057f20f883e",
    "user": "kevin_666"
}

[2024-03-13 20:35:49]--[src_cgi/login_cgi.c:304]--user = kevin_666, pwd = e10adc3949ba59abbe56e057f20f883e
[2024-03-13 20:35:49]--[src_cgi/login_cgi.c:102]--mysql_user = root, mysql_pwd = k916025328, mysql_db = Manager
[2024-03-13 20:35:49]--[src_cgi/login_cgi.c:308]--Login ret = 1 ------
[2024-03-13 20:35:49]--[src_cgi/login_cgi.c:171]--redis:[ip=127.0.0.1,port=6379]
[2024-03-13 20:35:49]--[src_cgi/login_cgi.c:195]--tmp = kevin_666869703424659
[2024-03-13 20:35:49]--[src_cgi/login_cgi.c:211]--base64 = rp9m4wmNf+R7bVqlAdfsZ4P92r7C+JxZ
[2024-03-13 20:35:49]--[src_cgi/login_cgi.c:315]--token = 65ec0785d96892e2e4a3a2ea5876e0fa
[2024-03-13 20:38:33]--[src_cgi/login_cgi.c:298]--buf = {
    "pwd": "e10adc3949ba59abbe56e057f20f883e",
    "user": "kevin_666"
}

[2024-03-13 20:38:33]--[src_cgi/login_cgi.c:304]--user = kevin_666, pwd = e10adc3949ba59abbe56e057f20f883e
[2024-03-13 20:38:33]--[src_cgi/login_cgi.c:102]--mysql_user = root, mysql_pwd = k916025328, mysql_db = Manager
[2024-03-13 20:38:33]--[src_cgi/login_cgi.c:308]--Login ret = 1 ------
[2024-03-13 20:38:33]--[src_cgi/login_cgi.c:171]--redis:[ip=127.0.0.1,port=6379]
[2024-03-13 20:38:33]--[src_cgi/login_cgi.c:195]--tmp = kevin_666657633164935
[2024-03-13 20:38:33]--[src_cgi/login_cgi.c:211]--base64 = rp9m4wmNf+TI+nFYdeWntX55+xZVZedc
[2024-03-13 20:38:33]--[src_cgi/login_cgi.c:315]--token = 2b86b81ddda3cfa15c77fe7dff96262d
[2024-03-13 20:40:26]--[src_cgi/login_cgi.c:298]--buf = {
    "pwd": "e10adc3949ba59abbe56e057f20f883e",
    "user": "kevin_666"
}

[2024-03-13 20:40:26]--[src_cgi/login_cgi.c:304]--user = kevin_666, pwd = e10adc3949ba59abbe56e057f20f883e
[2024-03-13 20:40:26]--[src_cgi/login_cgi.c:102]--mysql_user = root, mysql_pwd = k916025328, mysql_db = Manager
[2024-03-13 20:40:26]--[src_cgi/login_cgi.c:308]--Login ret = 1 ------
[2024-03-13 20:40:26]--[src_cgi/login_cgi.c:171]--redis:[ip=127.0.0.1,port=6379]
[2024-03-13 20:40:26]--[src_cgi/login_cgi.c:195]--tmp = kevin_666933204409804
[2024-03-13 20:40:26]--[src_cgi/login_cgi.c:211]--base64 = rp9m4wmNf+QhNaUfNA9fCMGvVpwA9FBS
[2024-03-13 20:40:26]--[src_cgi/login_cgi.c:315]--token = 40186ff1eed8556627dd339240be7ece
[2024-03-13 20:41:02]--[src_cgi/login_cgi.c:298]--buf = {
    "pwd": "e10adc3949ba59abbe56e057f20f883e",
    "user": "kevin_666"
}

[2024-03-13 20:41:02]--[src_cgi/login_cgi.c:304]--user = kevin_666, pwd = e10adc3949ba59abbe56e057f20f883e
[2024-03-13 20:41:02]--[src_cgi/login_cgi.c:102]--mysql_user = root, mysql_pwd = k916025328, mysql_db = Manager
[2024-03-13 20:41:02]--[src_cgi/login_cgi.c:308]--Login ret = 1 ------
[2024-03-13 20:41:02]--[src_cgi/login_cgi.c:171]--redis:[ip=127.0.0.1,port=6379]
[2024-03-13 20:41:02]--[src_cgi/login_cgi.c:195]--tmp = kevin_666186794889320
[2024-03-13 20:41:02]--[src_cgi/login_cgi.c:211]--base64 = rp9m4wmNf+SQhAGXqjP+TCxbrGvLdGRQ
[2024-03-13 20:41:02]--[src_cgi/login_cgi.c:315]--token = 04cdba6c31c793c36bbeead62fee8c01
