[2024-03-25 20:41:08]--[src_cgi/Produce.c:743]--cmd = ProduceCount
[2024-03-25 20:41:08]--[src_cgi/Produce.c:775]--buf = {
    "token": "252946b4ac8d8b3b42190dcac4bc195e",
    "user": "kevin_666"
}

[2024-03-25 20:41:08]--[src_cgi/Produce.c:777]--Cmd is :[2024-03-25 20:41:08]--[src_cgi/Produce.c:780]--Join In ProduceCount cmd is :[2024-03-25 20:41:08]--[src_cgi/Produce.c:152]--line = 1
[2024-03-25 20:41:08]--[src_cgi/Produce.c:743]--cmd = ProduceNormal
[2024-03-25 20:41:08]--[src_cgi/Produce.c:775]--buf = {
    "count": 1,
    "start": 0,
    "token": "252946b4ac8d8b3b42190dcac4bc195e",
    "user": "kevin_666"
}

[2024-03-25 20:41:08]--[src_cgi/Produce.c:777]--Cmd is :[2024-03-25 20:41:08]--[src_cgi/Produce.c:792]--user = kevin_666, token = 252946b4ac8d8b3b42190dcac4bc195e, start = 0, count = 1
[2024-03-25 20:41:08]--[src_cgi/Produce.c:620]--SELECT * FROM ProduceRecords limit 0,1 
 在操作
[2024-03-25 20:41:08]--[src_cgi/Produce.c:677]--{
	"Produce":	[{
			"produce_id":	1,
			"product_name":	"白色无纺布",
			"product_quantity":	100,
			"product_time":	"2024-03-16"
		}]
}
[2024-03-25 20:53:23]--[src_cgi/Produce.c:743]--cmd = ProduceCount
[2024-03-25 20:53:23]--[src_cgi/Produce.c:775]--buf = {
    "token": "13da68aa6d56bf938794ad0840b2f342",
    "user": "kevin_666"
}

[2024-03-25 20:53:23]--[src_cgi/Produce.c:777]--Cmd is :[2024-03-25 20:53:23]--[src_cgi/Produce.c:780]--Join In ProduceCount cmd is :[2024-03-25 20:53:23]--[src_cgi/Produce.c:152]--line = 1
[2024-03-25 20:53:23]--[src_cgi/Produce.c:743]--cmd = ProduceNormal
[2024-03-25 20:53:23]--[src_cgi/Produce.c:775]--buf = {
    "count": 1,
    "start": 0,
    "token": "13da68aa6d56bf938794ad0840b2f342",
    "user": "kevin_666"
}

[2024-03-25 20:53:23]--[src_cgi/Produce.c:777]--Cmd is :[2024-03-25 20:53:23]--[src_cgi/Produce.c:792]--user = kevin_666, token = 13da68aa6d56bf938794ad0840b2f342, start = 0, count = 1
[2024-03-25 20:53:23]--[src_cgi/Produce.c:620]--SELECT * FROM ProduceRecords limit 0,1 
 在操作
[2024-03-25 20:53:23]--[src_cgi/Produce.c:677]--{
	"Produce":	[{
			"produce_id":	1,
			"product_name":	"白色无纺布",
			"product_quantity":	100,
			"product_time":	"2024-03-16",
			"RawMaterial":	{
				"number":	100,
				"material_name":	"白色无纺布"
			}
		}]
}
[2024-03-25 20:54:30]--[src_cgi/Produce.c:743]--cmd = ProduceCount
[2024-03-25 20:54:30]--[src_cgi/Produce.c:775]--buf = {
    "token": "e19e8c4e44edeb4b36655d236908c0cf",
    "user": "kevin_666"
}

[2024-03-25 20:54:30]--[src_cgi/Produce.c:777]--Cmd is :[2024-03-25 20:54:30]--[src_cgi/Produce.c:780]--Join In ProduceCount cmd is :[2024-03-25 20:54:30]--[src_cgi/Produce.c:152]--line = 1
[2024-03-25 20:54:30]--[src_cgi/Produce.c:743]--cmd = ProduceNormal
[2024-03-25 20:54:30]--[src_cgi/Produce.c:775]--buf = {
    "count": 1,
    "start": 0,
    "token": "e19e8c4e44edeb4b36655d236908c0cf",
    "user": "kevin_666"
}

[2024-03-25 20:54:30]--[src_cgi/Produce.c:777]--Cmd is :[2024-03-25 20:54:30]--[src_cgi/Produce.c:792]--user = kevin_666, token = e19e8c4e44edeb4b36655d236908c0cf, start = 0, count = 1
[2024-03-25 20:54:30]--[src_cgi/Produce.c:620]--SELECT * FROM ProduceRecords limit 0,1 
 在操作
[2024-03-25 20:54:30]--[src_cgi/Produce.c:677]--{
	"Produce":	[{
			"produce_id":	1,
			"product_name":	"白色无纺布",
			"product_quantity":	100,
			"product_time":	"2024-03-16",
			"RawMaterial":	{
				"number":	100,
				"material_name":	"白色无纺布"
			}
		}]
}
[2024-03-25 20:55:18]--[src_cgi/Produce.c:743]--cmd = ProduceCount
[2024-03-25 20:55:18]--[src_cgi/Produce.c:775]--buf = {
    "token": "c43a182de9f747c56278547883ff2dfe",
    "user": "kevin_666"
}

[2024-03-25 20:55:18]--[src_cgi/Produce.c:777]--Cmd is :[2024-03-25 20:55:18]--[src_cgi/Produce.c:780]--Join In ProduceCount cmd is :[2024-03-25 20:55:18]--[src_cgi/Produce.c:152]--line = 1
[2024-03-25 20:55:18]--[src_cgi/Produce.c:743]--cmd = ProduceNormal
[2024-03-25 20:55:18]--[src_cgi/Produce.c:775]--buf = {
    "count": 1,
    "start": 0,
    "token": "c43a182de9f747c56278547883ff2dfe",
    "user": "kevin_666"
}

[2024-03-25 20:55:18]--[src_cgi/Produce.c:777]--Cmd is :[2024-03-25 20:55:18]--[src_cgi/Produce.c:792]--user = kevin_666, token = c43a182de9f747c56278547883ff2dfe, start = 0, count = 1
[2024-03-25 20:55:18]--[src_cgi/Produce.c:620]--SELECT * FROM ProduceRecords limit 0,1 
 在操作
[2024-03-25 20:55:18]--[src_cgi/Produce.c:677]--{
	"Produce":	[{
			"produce_id":	1,
			"product_name":	"白色无纺布",
			"product_quantity":	100,
			"product_time":	"2024-03-16",
			"RawMaterial":	{
				"number":	100,
				"material_name":	"白色无纺布"
			}
		}]
}
