[2024-03-16 18:33:08]--[src_cgi/Produce.c:743]--cmd = ProduceCount
[2024-03-16 18:33:08]--[src_cgi/Produce.c:775]--buf = {
    "token": "b3434cd07ad28d3f040deb62c59c9da9",
    "user": "kevin_666"
}

[2024-03-16 18:33:08]--[src_cgi/Produce.c:777]--Cmd is :[2024-03-16 18:33:08]--[src_cgi/Produce.c:780]--Join In ProduceCount cmd is :[2024-03-16 18:33:08]--[src_cgi/Produce.c:152]--line = 1
[2024-03-16 18:33:08]--[src_cgi/Produce.c:743]--cmd = ProduceNormal
[2024-03-16 18:33:08]--[src_cgi/Produce.c:775]--buf = {
    "count": 1,
    "start": 0,
    "token": "b3434cd07ad28d3f040deb62c59c9da9",
    "user": "kevin_666"
}

[2024-03-16 18:33:08]--[src_cgi/Produce.c:777]--Cmd is :[2024-03-16 18:33:08]--[src_cgi/Produce.c:792]--user = kevin_666, token = b3434cd07ad28d3f040deb62c59c9da9, start = 0, count = 1
[2024-03-16 18:33:08]--[src_cgi/Produce.c:620]--SELECT * FROM ProduceRecords limit 0,1 
 在操作
[2024-03-16 18:33:08]--[src_cgi/Produce.c:677]--{
	"Produce":	[{
			"produce_id":	1,
			"product_name":	"白色无纺布",
			"product_quantity":	100,
			"product_time":	"2024-03-16"
		}]
}
[2024-03-16 18:36:05]--[src_cgi/Produce.c:743]--cmd = ProduceCount
[2024-03-16 18:36:05]--[src_cgi/Produce.c:775]--buf = {
    "token": "8d125e6367ac31f9d4cd4195c3673d7c",
    "user": "kevin_666"
}

[2024-03-16 18:36:05]--[src_cgi/Produce.c:777]--Cmd is :[2024-03-16 18:36:05]--[src_cgi/Produce.c:780]--Join In ProduceCount cmd is :[2024-03-16 18:36:05]--[src_cgi/Produce.c:152]--line = 1
[2024-03-16 18:36:05]--[src_cgi/Produce.c:743]--cmd = ProduceNormal
[2024-03-16 18:36:05]--[src_cgi/Produce.c:775]--buf = {
    "count": 1,
    "start": 0,
    "token": "8d125e6367ac31f9d4cd4195c3673d7c",
    "user": "kevin_666"
}

[2024-03-16 18:36:05]--[src_cgi/Produce.c:777]--Cmd is :[2024-03-16 18:36:05]--[src_cgi/Produce.c:792]--user = kevin_666, token = 8d125e6367ac31f9d4cd4195c3673d7c, start = 0, count = 1
[2024-03-16 18:36:05]--[src_cgi/Produce.c:620]--SELECT * FROM ProduceRecords limit 0,1 
 在操作
[2024-03-16 18:36:05]--[src_cgi/Produce.c:677]--{
	"Produce":	[{
			"produce_id":	1,
			"product_name":	"白色无纺布",
			"product_quantity":	100,
			"product_time":	"2024-03-16"
		}]
}
[2024-03-16 18:37:52]--[src_cgi/Produce.c:743]--cmd = ProduceCount
[2024-03-16 18:37:52]--[src_cgi/Produce.c:775]--buf = {
    "token": "cd4ff7ceb2e71915d3572d751e0f4e7a",
    "user": "kevin_666"
}

[2024-03-16 18:37:52]--[src_cgi/Produce.c:777]--Cmd is :[2024-03-16 18:37:52]--[src_cgi/Produce.c:780]--Join In ProduceCount cmd is :[2024-03-16 18:37:52]--[src_cgi/Produce.c:152]--line = 1
[2024-03-16 18:37:52]--[src_cgi/Produce.c:743]--cmd = ProduceNormal
[2024-03-16 18:37:52]--[src_cgi/Produce.c:775]--buf = {
    "count": 1,
    "start": 0,
    "token": "cd4ff7ceb2e71915d3572d751e0f4e7a",
    "user": "kevin_666"
}

[2024-03-16 18:37:52]--[src_cgi/Produce.c:777]--Cmd is :[2024-03-16 18:37:52]--[src_cgi/Produce.c:792]--user = kevin_666, token = cd4ff7ceb2e71915d3572d751e0f4e7a, start = 0, count = 1
[2024-03-16 18:37:52]--[src_cgi/Produce.c:620]--SELECT * FROM ProduceRecords limit 0,1 
 在操作
[2024-03-16 18:37:52]--[src_cgi/Produce.c:677]--{
	"Produce":	[{
			"produce_id":	1,
			"product_name":	"白色无纺布",
			"product_quantity":	100,
			"product_time":	"2024-03-16"
		}]
}
[2024-03-16 18:40:11]--[src_cgi/Produce.c:743]--cmd = ProduceCount
[2024-03-16 18:40:11]--[src_cgi/Produce.c:775]--buf = {
    "token": "0f6f4335c36f4256130f7419d1b1044d",
    "user": "kevin_666"
}

[2024-03-16 18:40:11]--[src_cgi/Produce.c:777]--Cmd is :[2024-03-16 18:40:11]--[src_cgi/Produce.c:780]--Join In ProduceCount cmd is :[2024-03-16 18:40:11]--[src_cgi/Produce.c:152]--line = 1
[2024-03-16 18:40:11]--[src_cgi/Produce.c:743]--cmd = ProduceNormal
[2024-03-16 18:40:11]--[src_cgi/Produce.c:775]--buf = {
    "count": 1,
    "start": 0,
    "token": "0f6f4335c36f4256130f7419d1b1044d",
    "user": "kevin_666"
}

[2024-03-16 18:40:11]--[src_cgi/Produce.c:777]--Cmd is :[2024-03-16 18:40:11]--[src_cgi/Produce.c:792]--user = kevin_666, token = 0f6f4335c36f4256130f7419d1b1044d, start = 0, count = 1
[2024-03-16 18:40:11]--[src_cgi/Produce.c:620]--SELECT * FROM ProduceRecords limit 0,1 
 在操作
[2024-03-16 18:40:11]--[src_cgi/Produce.c:677]--{
	"Produce":	[{
			"produce_id":	1,
			"product_name":	"白色无纺布",
			"product_quantity":	100,
			"product_time":	"2024-03-16"
		}]
}
[2024-03-16 18:44:42]--[src_cgi/Produce.c:743]--cmd = ProduceCount
[2024-03-16 18:44:42]--[src_cgi/Produce.c:775]--buf = {
    "token": "e27800f6d1aec82ba19679e73d4d88b1",
    "user": "kevin_666"
}

[2024-03-16 18:44:42]--[src_cgi/Produce.c:777]--Cmd is :[2024-03-16 18:44:42]--[src_cgi/Produce.c:780]--Join In ProduceCount cmd is :[2024-03-16 18:44:42]--[src_cgi/Produce.c:152]--line = 1
[2024-03-16 18:44:42]--[src_cgi/Produce.c:743]--cmd = ProduceNormal
[2024-03-16 18:44:42]--[src_cgi/Produce.c:775]--buf = {
    "count": 1,
    "start": 0,
    "token": "e27800f6d1aec82ba19679e73d4d88b1",
    "user": "kevin_666"
}

[2024-03-16 18:44:42]--[src_cgi/Produce.c:777]--Cmd is :[2024-03-16 18:44:42]--[src_cgi/Produce.c:792]--user = kevin_666, token = e27800f6d1aec82ba19679e73d4d88b1, start = 0, count = 1
[2024-03-16 18:44:42]--[src_cgi/Produce.c:620]--SELECT * FROM ProduceRecords limit 0,1 
 在操作
[2024-03-16 18:44:42]--[src_cgi/Produce.c:677]--{
	"Produce":	[{
			"produce_id":	1,
			"product_name":	"白色无纺布",
			"product_quantity":	100,
			"product_time":	"2024-03-16"
		}]
}
