[2024-03-13 20:15:07]--[src_cgi/producttable.c:816]--cmd = productcount
[2024-03-13 20:15:07]--[src_cgi/producttable.c:848]--buf = {
    "token": "0d7a6fda5a69a358ce302265ad2c6145",
    "user": "kevin_666"
}

[2024-03-13 20:15:07]--[src_cgi/producttable.c:170]--line = 5
[2024-03-13 20:15:07]--[src_cgi/producttable.c:816]--cmd = productnormal
[2024-03-13 20:15:07]--[src_cgi/producttable.c:848]--buf = {
    "count": 5,
    "start": 0,
    "token": "0d7a6fda5a69a358ce302265ad2c6145",
    "user": "kevin_666"
}

[2024-03-13 20:15:07]--[src_cgi/producttable.c:863]--user = kevin_666, token = 0d7a6fda5a69a358ce302265ad2c6145, start = 0, count = 5
[2024-03-13 20:15:07]--[src_cgi/producttable.c:677]--SELECT * FROM productinfo limit 0,5 
 在操作
[2024-03-13 20:15:07]--[src_cgi/producttable.c:750]--{
	"product":	[{
			"product_id":	1,
			"product_name":	"黑色无纺布",
			"product_store_unit":	"米/元",
			"product_amount":	4000,
			"product_sell_unit":	"米/元",
			"product_price":	2000
		}, {
			"product_id":	2,
			"product_name":	"白色无纺布",
			"product_store_unit":	"米/元",
			"product_amount":	2000,
			"product_sell_unit":	"米/元",
			"product_price":	2000
		}, {
			"product_id":	3,
			"product_name":	"彩色无纺布",
			"product_store_unit":	"米/元",
			"product_amount":	2000,
			"product_sell_unit":	"米/元",
			"product_price":	2000
		}, {
			"product_id":	4,
			"product_name":	"紫色无纺布",
			"product_store_unit":	"米/元",
			"product_amount":	2000,
			"product_sell_unit":	"米/元",
			"product_price":	2000
		}, {
			"product_id":	5,
			"product_name":	"产品独有布",
			"product_store_unit":	"米/元",
			"product_amount":	2124,
			"product_sell_unit":	"米/元",
			"product_price":	2342
		}]
}
[2024-03-13 20:33:46]--[src_cgi/producttable.c:816]--cmd = productcount
[2024-03-13 20:33:46]--[src_cgi/producttable.c:848]--buf = {
    "token": "da01e0c2745461b69ffde1f7680820b6",
    "user": "kevin_666"
}

[2024-03-13 20:33:46]--[src_cgi/producttable.c:170]--line = 5
[2024-03-13 20:33:46]--[src_cgi/producttable.c:816]--cmd = productnormal
[2024-03-13 20:33:46]--[src_cgi/producttable.c:848]--buf = {
    "count": 5,
    "start": 0,
    "token": "da01e0c2745461b69ffde1f7680820b6",
    "user": "kevin_666"
}

[2024-03-13 20:33:46]--[src_cgi/producttable.c:863]--user = kevin_666, token = da01e0c2745461b69ffde1f7680820b6, start = 0, count = 5
[2024-03-13 20:33:46]--[src_cgi/producttable.c:677]--SELECT * FROM productinfo limit 0,5 
 在操作
[2024-03-13 20:33:46]--[src_cgi/producttable.c:750]--{
	"product":	[{
			"product_id":	1,
			"product_name":	"黑色无纺布",
			"product_store_unit":	"米/元",
			"product_amount":	4000,
			"product_sell_unit":	"米/元",
			"product_price":	2000
		}, {
			"product_id":	2,
			"product_name":	"白色无纺布",
			"product_store_unit":	"米/元",
			"product_amount":	2000,
			"product_sell_unit":	"米/元",
			"product_price":	2000
		}, {
			"product_id":	3,
			"product_name":	"彩色无纺布",
			"product_store_unit":	"米/元",
			"product_amount":	2000,
			"product_sell_unit":	"米/元",
			"product_price":	2000
		}, {
			"product_id":	4,
			"product_name":	"紫色无纺布",
			"product_store_unit":	"米/元",
			"product_amount":	2000,
			"product_sell_unit":	"米/元",
			"product_price":	2000
		}, {
			"product_id":	5,
			"product_name":	"产品独有布",
			"product_store_unit":	"米/元",
			"product_amount":	2124,
			"product_sell_unit":	"米/元",
			"product_price":	2342
		}]
}
[2024-03-13 20:34:21]--[src_cgi/producttable.c:816]--cmd = productcount
[2024-03-13 20:34:21]--[src_cgi/producttable.c:848]--buf = {
    "token": "04bc00ad86289a2a22bb7804525cc90e",
    "user": "kevin_666"
}

[2024-03-13 20:34:21]--[src_cgi/producttable.c:170]--line = 5
[2024-03-13 20:34:22]--[src_cgi/producttable.c:816]--cmd = productnormal
[2024-03-13 20:34:22]--[src_cgi/producttable.c:848]--buf = {
    "count": 5,
    "start": 0,
    "token": "04bc00ad86289a2a22bb7804525cc90e",
    "user": "kevin_666"
}

[2024-03-13 20:34:22]--[src_cgi/producttable.c:863]--user = kevin_666, token = 04bc00ad86289a2a22bb7804525cc90e, start = 0, count = 5
[2024-03-13 20:34:22]--[src_cgi/producttable.c:677]--SELECT * FROM productinfo limit 0,5 
 在操作
[2024-03-13 20:34:22]--[src_cgi/producttable.c:750]--{
	"product":	[{
			"product_id":	1,
			"product_name":	"黑色无纺布",
			"product_store_unit":	"米/元",
			"product_amount":	4000,
			"product_sell_unit":	"米/元",
			"product_price":	2000
		}, {
			"product_id":	2,
			"product_name":	"白色无纺布",
			"product_store_unit":	"米/元",
			"product_amount":	2000,
			"product_sell_unit":	"米/元",
			"product_price":	2000
		}, {
			"product_id":	3,
			"product_name":	"彩色无纺布",
			"product_store_unit":	"米/元",
			"product_amount":	2000,
			"product_sell_unit":	"米/元",
			"product_price":	2000
		}, {
			"product_id":	4,
			"product_name":	"紫色无纺布",
			"product_store_unit":	"米/元",
			"product_amount":	2000,
			"product_sell_unit":	"米/元",
			"product_price":	2000
		}, {
			"product_id":	5,
			"product_name":	"产品独有布",
			"product_store_unit":	"米/元",
			"product_amount":	2124,
			"product_sell_unit":	"米/元",
			"product_price":	2342
		}]
}
[2024-03-13 20:35:49]--[src_cgi/producttable.c:816]--cmd = productcount
[2024-03-13 20:35:49]--[src_cgi/producttable.c:848]--buf = {
    "token": "65ec0785d96892e2e4a3a2ea5876e0fa",
    "user": "kevin_666"
}

[2024-03-13 20:35:49]--[src_cgi/producttable.c:170]--line = 5
[2024-03-13 20:35:49]--[src_cgi/producttable.c:816]--cmd = productnormal
[2024-03-13 20:35:49]--[src_cgi/producttable.c:848]--buf = {
    "count": 5,
    "start": 0,
    "token": "65ec0785d96892e2e4a3a2ea5876e0fa",
    "user": "kevin_666"
}

[2024-03-13 20:35:49]--[src_cgi/producttable.c:863]--user = kevin_666, token = 65ec0785d96892e2e4a3a2ea5876e0fa, start = 0, count = 5
[2024-03-13 20:35:49]--[src_cgi/producttable.c:677]--SELECT * FROM productinfo limit 0,5 
 在操作
[2024-03-13 20:35:49]--[src_cgi/producttable.c:750]--{
	"product":	[{
			"product_id":	1,
			"product_name":	"黑色无纺布",
			"product_store_unit":	"米/元",
			"product_amount":	4000,
			"product_sell_unit":	"米/元",
			"product_price":	2000
		}, {
			"product_id":	2,
			"product_name":	"白色无纺布",
			"product_store_unit":	"米/元",
			"product_amount":	2000,
			"product_sell_unit":	"米/元",
			"product_price":	2000
		}, {
			"product_id":	3,
			"product_name":	"彩色无纺布",
			"product_store_unit":	"米/元",
			"product_amount":	2000,
			"product_sell_unit":	"米/元",
			"product_price":	2000
		}, {
			"product_id":	4,
			"product_name":	"紫色无纺布",
			"product_store_unit":	"米/元",
			"product_amount":	2000,
			"product_sell_unit":	"米/元",
			"product_price":	2000
		}, {
			"product_id":	5,
			"product_name":	"产品独有布",
			"product_store_unit":	"米/元",
			"product_amount":	2124,
			"product_sell_unit":	"米/元",
			"product_price":	2342
		}]
}
[2024-03-13 20:38:33]--[src_cgi/producttable.c:816]--cmd = productcount
[2024-03-13 20:38:33]--[src_cgi/producttable.c:848]--buf = {
    "token": "2b86b81ddda3cfa15c77fe7dff96262d",
    "user": "kevin_666"
}

[2024-03-13 20:38:33]--[src_cgi/producttable.c:170]--line = 5
[2024-03-13 20:38:34]--[src_cgi/producttable.c:816]--cmd = productnormal
[2024-03-13 20:38:34]--[src_cgi/producttable.c:848]--buf = {
    "count": 5,
    "start": 0,
    "token": "2b86b81ddda3cfa15c77fe7dff96262d",
    "user": "kevin_666"
}

[2024-03-13 20:38:34]--[src_cgi/producttable.c:863]--user = kevin_666, token = 2b86b81ddda3cfa15c77fe7dff96262d, start = 0, count = 5
[2024-03-13 20:38:34]--[src_cgi/producttable.c:677]--SELECT * FROM productinfo limit 0,5 
 在操作
[2024-03-13 20:38:34]--[src_cgi/producttable.c:750]--{
	"product":	[{
			"product_id":	1,
			"product_name":	"黑色无纺布",
			"product_store_unit":	"米/元",
			"product_amount":	4000,
			"product_sell_unit":	"米/元",
			"product_price":	2000
		}, {
			"product_id":	2,
			"product_name":	"白色无纺布",
			"product_store_unit":	"米/元",
			"product_amount":	2000,
			"product_sell_unit":	"米/元",
			"product_price":	2000
		}, {
			"product_id":	3,
			"product_name":	"彩色无纺布",
			"product_store_unit":	"米/元",
			"product_amount":	2000,
			"product_sell_unit":	"米/元",
			"product_price":	2000
		}, {
			"product_id":	4,
			"product_name":	"紫色无纺布",
			"product_store_unit":	"米/元",
			"product_amount":	2000,
			"product_sell_unit":	"米/元",
			"product_price":	2000
		}, {
			"product_id":	5,
			"product_name":	"产品独有布",
			"product_store_unit":	"米/元",
			"product_amount":	2124,
			"product_sell_unit":	"米/元",
			"product_price":	2342
		}]
}
[2024-03-13 20:40:27]--[src_cgi/producttable.c:816]--cmd = productcount
[2024-03-13 20:40:27]--[src_cgi/producttable.c:848]--buf = {
    "token": "40186ff1eed8556627dd339240be7ece",
    "user": "kevin_666"
}

[2024-03-13 20:40:27]--[src_cgi/producttable.c:170]--line = 5
[2024-03-13 20:40:27]--[src_cgi/producttable.c:816]--cmd = productnormal
[2024-03-13 20:40:27]--[src_cgi/producttable.c:848]--buf = {
    "count": 5,
    "start": 0,
    "token": "40186ff1eed8556627dd339240be7ece",
    "user": "kevin_666"
}

[2024-03-13 20:40:27]--[src_cgi/producttable.c:863]--user = kevin_666, token = 40186ff1eed8556627dd339240be7ece, start = 0, count = 5
[2024-03-13 20:40:27]--[src_cgi/producttable.c:677]--SELECT * FROM productinfo limit 0,5 
 在操作
[2024-03-13 20:40:27]--[src_cgi/producttable.c:750]--{
	"product":	[{
			"product_id":	1,
			"product_name":	"黑色无纺布",
			"product_store_unit":	"米/元",
			"product_amount":	4000,
			"product_sell_unit":	"米/元",
			"product_price":	2000
		}, {
			"product_id":	2,
			"product_name":	"白色无纺布",
			"product_store_unit":	"米/元",
			"product_amount":	2000,
			"product_sell_unit":	"米/元",
			"product_price":	2000
		}, {
			"product_id":	3,
			"product_name":	"彩色无纺布",
			"product_store_unit":	"米/元",
			"product_amount":	2000,
			"product_sell_unit":	"米/元",
			"product_price":	2000
		}, {
			"product_id":	4,
			"product_name":	"紫色无纺布",
			"product_store_unit":	"米/元",
			"product_amount":	2000,
			"product_sell_unit":	"米/元",
			"product_price":	2000
		}, {
			"product_id":	5,
			"product_name":	"产品独有布",
			"product_store_unit":	"米/元",
			"product_amount":	2124,
			"product_sell_unit":	"米/元",
			"product_price":	2342
		}]
}
[2024-03-13 20:41:19]--[src_cgi/producttable.c:816]--cmd = productcount
[2024-03-13 20:41:19]--[src_cgi/producttable.c:848]--buf = {
    "token": "04cdba6c31c793c36bbeead62fee8c01",
    "user": "kevin_666"
}

[2024-03-13 20:41:19]--[src_cgi/producttable.c:170]--line = 5
[2024-03-13 20:41:19]--[src_cgi/producttable.c:816]--cmd = productnormal
[2024-03-13 20:41:19]--[src_cgi/producttable.c:848]--buf = {
    "count": 5,
    "start": 0,
    "token": "04cdba6c31c793c36bbeead62fee8c01",
    "user": "kevin_666"
}

[2024-03-13 20:41:19]--[src_cgi/producttable.c:863]--user = kevin_666, token = 04cdba6c31c793c36bbeead62fee8c01, start = 0, count = 5
[2024-03-13 20:41:19]--[src_cgi/producttable.c:677]--SELECT * FROM productinfo limit 0,5 
 在操作
[2024-03-13 20:41:19]--[src_cgi/producttable.c:750]--{
	"product":	[{
			"product_id":	1,
			"product_name":	"黑色无纺布",
			"product_store_unit":	"米/元",
			"product_amount":	4000,
			"product_sell_unit":	"米/元",
			"product_price":	2000
		}, {
			"product_id":	2,
			"product_name":	"白色无纺布",
			"product_store_unit":	"米/元",
			"product_amount":	2000,
			"product_sell_unit":	"米/元",
			"product_price":	2000
		}, {
			"product_id":	3,
			"product_name":	"彩色无纺布",
			"product_store_unit":	"米/元",
			"product_amount":	2000,
			"product_sell_unit":	"米/元",
			"product_price":	2000
		}, {
			"product_id":	4,
			"product_name":	"紫色无纺布",
			"product_store_unit":	"米/元",
			"product_amount":	2000,
			"product_sell_unit":	"米/元",
			"product_price":	2000
		}, {
			"product_id":	5,
			"product_name":	"产品独有布",
			"product_store_unit":	"米/元",
			"product_amount":	2124,
			"product_sell_unit":	"米/元",
			"product_price":	2342
		}]
}
