[2024-03-21 20:47:30]--[src_cgi/Produce.c:743]--cmd = ProduceCount
[2024-03-21 20:47:30]--[src_cgi/Produce.c:775]--buf = {
    "token": "9e76b4719c161a1afa4eb00a1982fa86",
    "user": "kevin_666"
}

[2024-03-21 20:47:30]--[src_cgi/Produce.c:777]--Cmd is :[2024-03-21 20:47:30]--[src_cgi/Produce.c:780]--Join In ProduceCount cmd is :[2024-03-21 20:47:30]--[src_cgi/Produce.c:152]--line = 1
[2024-03-21 20:47:30]--[src_cgi/Produce.c:743]--cmd = ProduceNormal
[2024-03-21 20:47:30]--[src_cgi/Produce.c:775]--buf = {
    "count": 1,
    "start": 0,
    "token": "9e76b4719c161a1afa4eb00a1982fa86",
    "user": "kevin_666"
}

[2024-03-21 20:47:30]--[src_cgi/Produce.c:777]--Cmd is :[2024-03-21 20:47:30]--[src_cgi/Produce.c:792]--user = kevin_666, token = 9e76b4719c161a1afa4eb00a1982fa86, start = 0, count = 1
[2024-03-21 20:47:30]--[src_cgi/Produce.c:620]--SELECT * FROM ProduceRecords limit 0,1 
 在操作
[2024-03-21 20:47:30]--[src_cgi/Produce.c:677]--{
	"Produce":	[{
			"produce_id":	1,
			"product_name":	"白色无纺布",
			"product_quantity":	100,
			"product_time":	"2024-03-16"
		}]
}
[2024-03-21 21:02:03]--[src_cgi/Produce.c:743]--cmd = ProduceCount
[2024-03-21 21:02:03]--[src_cgi/Produce.c:775]--buf = {
    "token": "51ef981849ce00b7a4319ce5528e9007",
    "user": "kevin_666"
}

[2024-03-21 21:02:03]--[src_cgi/Produce.c:777]--Cmd is :[2024-03-21 21:02:03]--[src_cgi/Produce.c:780]--Join In ProduceCount cmd is :[2024-03-21 21:02:03]--[src_cgi/Produce.c:152]--line = 1
[2024-03-21 21:02:03]--[src_cgi/Produce.c:743]--cmd = ProduceNormal
[2024-03-21 21:02:03]--[src_cgi/Produce.c:775]--buf = {
    "count": 1,
    "start": 0,
    "token": "51ef981849ce00b7a4319ce5528e9007",
    "user": "kevin_666"
}

[2024-03-21 21:02:03]--[src_cgi/Produce.c:777]--Cmd is :[2024-03-21 21:02:03]--[src_cgi/Produce.c:792]--user = kevin_666, token = 51ef981849ce00b7a4319ce5528e9007, start = 0, count = 1
[2024-03-21 21:02:03]--[src_cgi/Produce.c:620]--SELECT * FROM ProduceRecords limit 0,1 
 在操作
[2024-03-21 21:02:03]--[src_cgi/Produce.c:677]--{
	"Produce":	[{
			"produce_id":	1,
			"product_name":	"白色无纺布",
			"product_quantity":	100,
			"product_time":	"2024-03-16"
		}]
}
