[2024-03-25 20:41:08]--[src_cgi/producttable.c:802]--cmd = productcount
[2024-03-25 20:41:08]--[src_cgi/producttable.c:834]--buf = {
    "token": "252946b4ac8d8b3b42190dcac4bc195e",
    "user": "kevin_666"
}

[2024-03-25 20:41:08]--[src_cgi/producttable.c:156]--line = 5
[2024-03-25 20:41:08]--[src_cgi/producttable.c:802]--cmd = productnormal
[2024-03-25 20:41:08]--[src_cgi/producttable.c:834]--buf = {
    "count": 5,
    "start": 0,
    "token": "252946b4ac8d8b3b42190dcac4bc195e",
    "user": "kevin_666"
}

[2024-03-25 20:41:08]--[src_cgi/producttable.c:849]--user = kevin_666, token = 252946b4ac8d8b3b42190dcac4bc195e, start = 0, count = 5
[2024-03-25 20:41:08]--[src_cgi/producttable.c:663]--SELECT * FROM productinfo limit 0,5 
 在操作
[2024-03-25 20:41:08]--[src_cgi/producttable.c:736]--{
	"product":	[{
			"product_id":	1,
			"product_name":	"黑色无纺布",
			"product_store_unit":	"米/元",
			"product_amount":	4000,
			"product_sell_unit":	"米/元",
			"product_price":	2000
		}, {
			"product_id":	2,
			"product_name":	"白色无纺布",
			"product_store_unit":	"米/元",
			"product_amount":	2000,
			"product_sell_unit":	"米/元",
			"product_price":	2000
		}, {
			"product_id":	3,
			"product_name":	"彩色无纺布",
			"product_store_unit":	"米/元",
			"product_amount":	2000,
			"product_sell_unit":	"米/元",
			"product_price":	2000
		}, {
			"product_id":	4,
			"product_name":	"紫色无纺布",
			"product_store_unit":	"米/元",
			"product_amount":	2000,
			"product_sell_unit":	"米/元",
			"product_price":	2000
		}, {
			"product_id":	5,
			"product_name":	"产品独有布",
			"product_store_unit":	"米/元",
			"product_amount":	2124,
			"product_sell_unit":	"米/元",
			"product_price":	2342
		}]
}
[2024-03-25 20:53:23]--[src_cgi/producttable.c:802]--cmd = productcount
[2024-03-25 20:53:23]--[src_cgi/producttable.c:834]--buf = {
    "token": "13da68aa6d56bf938794ad0840b2f342",
    "user": "kevin_666"
}

[2024-03-25 20:53:23]--[src_cgi/producttable.c:156]--line = 5
[2024-03-25 20:53:23]--[src_cgi/producttable.c:802]--cmd = productnormal
[2024-03-25 20:53:23]--[src_cgi/producttable.c:834]--buf = {
    "count": 5,
    "start": 0,
    "token": "13da68aa6d56bf938794ad0840b2f342",
    "user": "kevin_666"
}

[2024-03-25 20:53:23]--[src_cgi/producttable.c:849]--user = kevin_666, token = 13da68aa6d56bf938794ad0840b2f342, start = 0, count = 5
[2024-03-25 20:53:23]--[src_cgi/producttable.c:663]--SELECT * FROM productinfo limit 0,5 
 在操作
[2024-03-25 20:53:23]--[src_cgi/producttable.c:736]--{
	"product":	[{
			"product_id":	1,
			"product_name":	"黑色无纺布",
			"product_store_unit":	"米/元",
			"product_amount":	4000,
			"product_sell_unit":	"米/元",
			"product_price":	2000
		}, {
			"product_id":	2,
			"product_name":	"白色无纺布",
			"product_store_unit":	"米/元",
			"product_amount":	2000,
			"product_sell_unit":	"米/元",
			"product_price":	2000
		}, {
			"product_id":	3,
			"product_name":	"彩色无纺布",
			"product_store_unit":	"米/元",
			"product_amount":	2000,
			"product_sell_unit":	"米/元",
			"product_price":	2000
		}, {
			"product_id":	4,
			"product_name":	"紫色无纺布",
			"product_store_unit":	"米/元",
			"product_amount":	2000,
			"product_sell_unit":	"米/元",
			"product_price":	2000
		}, {
			"product_id":	5,
			"product_name":	"产品独有布",
			"product_store_unit":	"米/元",
			"product_amount":	2124,
			"product_sell_unit":	"米/元",
			"product_price":	2342
		}]
}
[2024-03-25 20:54:30]--[src_cgi/producttable.c:802]--cmd = productcount
[2024-03-25 20:54:30]--[src_cgi/producttable.c:834]--buf = {
    "token": "e19e8c4e44edeb4b36655d236908c0cf",
    "user": "kevin_666"
}

[2024-03-25 20:54:30]--[src_cgi/producttable.c:156]--line = 5
[2024-03-25 20:54:30]--[src_cgi/producttable.c:802]--cmd = productnormal
[2024-03-25 20:54:30]--[src_cgi/producttable.c:834]--buf = {
    "count": 5,
    "start": 0,
    "token": "e19e8c4e44edeb4b36655d236908c0cf",
    "user": "kevin_666"
}

[2024-03-25 20:54:30]--[src_cgi/producttable.c:849]--user = kevin_666, token = e19e8c4e44edeb4b36655d236908c0cf, start = 0, count = 5
[2024-03-25 20:54:30]--[src_cgi/producttable.c:663]--SELECT * FROM productinfo limit 0,5 
 在操作
[2024-03-25 20:54:30]--[src_cgi/producttable.c:736]--{
	"product":	[{
			"product_id":	1,
			"product_name":	"黑色无纺布",
			"product_store_unit":	"米/元",
			"product_amount":	4000,
			"product_sell_unit":	"米/元",
			"product_price":	2000
		}, {
			"product_id":	2,
			"product_name":	"白色无纺布",
			"product_store_unit":	"米/元",
			"product_amount":	2000,
			"product_sell_unit":	"米/元",
			"product_price":	2000
		}, {
			"product_id":	3,
			"product_name":	"彩色无纺布",
			"product_store_unit":	"米/元",
			"product_amount":	2000,
			"product_sell_unit":	"米/元",
			"product_price":	2000
		}, {
			"product_id":	4,
			"product_name":	"紫色无纺布",
			"product_store_unit":	"米/元",
			"product_amount":	2000,
			"product_sell_unit":	"米/元",
			"product_price":	2000
		}, {
			"product_id":	5,
			"product_name":	"产品独有布",
			"product_store_unit":	"米/元",
			"product_amount":	2124,
			"product_sell_unit":	"米/元",
			"product_price":	2342
		}]
}
[2024-03-25 20:55:18]--[src_cgi/producttable.c:802]--cmd = productcount
[2024-03-25 20:55:18]--[src_cgi/producttable.c:834]--buf = {
    "token": "c43a182de9f747c56278547883ff2dfe",
    "user": "kevin_666"
}

[2024-03-25 20:55:18]--[src_cgi/producttable.c:156]--line = 5
[2024-03-25 20:55:18]--[src_cgi/producttable.c:802]--cmd = productnormal
[2024-03-25 20:55:18]--[src_cgi/producttable.c:834]--buf = {
    "count": 5,
    "start": 0,
    "token": "c43a182de9f747c56278547883ff2dfe",
    "user": "kevin_666"
}

[2024-03-25 20:55:18]--[src_cgi/producttable.c:849]--user = kevin_666, token = c43a182de9f747c56278547883ff2dfe, start = 0, count = 5
[2024-03-25 20:55:18]--[src_cgi/producttable.c:663]--SELECT * FROM productinfo limit 0,5 
 在操作
[2024-03-25 20:55:18]--[src_cgi/producttable.c:736]--{
	"product":	[{
			"product_id":	1,
			"product_name":	"黑色无纺布",
			"product_store_unit":	"米/元",
			"product_amount":	4000,
			"product_sell_unit":	"米/元",
			"product_price":	2000
		}, {
			"product_id":	2,
			"product_name":	"白色无纺布",
			"product_store_unit":	"米/元",
			"product_amount":	2000,
			"product_sell_unit":	"米/元",
			"product_price":	2000
		}, {
			"product_id":	3,
			"product_name":	"彩色无纺布",
			"product_store_unit":	"米/元",
			"product_amount":	2000,
			"product_sell_unit":	"米/元",
			"product_price":	2000
		}, {
			"product_id":	4,
			"product_name":	"紫色无纺布",
			"product_store_unit":	"米/元",
			"product_amount":	2000,
			"product_sell_unit":	"米/元",
			"product_price":	2000
		}, {
			"product_id":	5,
			"product_name":	"产品独有布",
			"product_store_unit":	"米/元",
			"product_amount":	2124,
			"product_sell_unit":	"米/元",
			"product_price":	2342
		}]
}
