[2024-03-20 17:01:59]--[src_cgi/Produce.c:743]--cmd = ProduceCount
[2024-03-20 17:01:59]--[src_cgi/Produce.c:775]--buf = {
    "token": "1c8ce93e3f7b241f366c0162f1364ee6",
    "user": "kevin_666"
}

[2024-03-20 17:01:59]--[src_cgi/Produce.c:777]--Cmd is :[2024-03-20 17:01:59]--[src_cgi/Produce.c:780]--Join In ProduceCount cmd is :[2024-03-20 17:01:59]--[src_cgi/Produce.c:152]--line = 1
[2024-03-20 17:01:59]--[src_cgi/Produce.c:743]--cmd = ProduceNormal
[2024-03-20 17:01:59]--[src_cgi/Produce.c:775]--buf = {
    "count": 1,
    "start": 0,
    "token": "1c8ce93e3f7b241f366c0162f1364ee6",
    "user": "kevin_666"
}

[2024-03-20 17:01:59]--[src_cgi/Produce.c:777]--Cmd is :[2024-03-20 17:01:59]--[src_cgi/Produce.c:792]--user = kevin_666, token = 1c8ce93e3f7b241f366c0162f1364ee6, start = 0, count = 1
[2024-03-20 17:01:59]--[src_cgi/Produce.c:620]--SELECT * FROM ProduceRecords limit 0,1 
 在操作
[2024-03-20 17:01:59]--[src_cgi/Produce.c:677]--{
	"Produce":	[{
			"produce_id":	1,
			"product_name":	"白色无纺布",
			"product_quantity":	100,
			"product_time":	"2024-03-16"
		}]
}
[2024-03-20 17:07:13]--[src_cgi/Produce.c:743]--cmd = ProduceCount
[2024-03-20 17:07:13]--[src_cgi/Produce.c:775]--buf = {
    "token": "e1101c4f2c0aaa3f10e1cc8c14495061",
    "user": "kevin_666"
}

[2024-03-20 17:07:13]--[src_cgi/Produce.c:777]--Cmd is :[2024-03-20 17:07:13]--[src_cgi/Produce.c:780]--Join In ProduceCount cmd is :[2024-03-20 17:07:13]--[src_cgi/Produce.c:152]--line = 1
[2024-03-20 17:07:14]--[src_cgi/Produce.c:743]--cmd = ProduceNormal
[2024-03-20 17:07:14]--[src_cgi/Produce.c:775]--buf = {
    "count": 1,
    "start": 0,
    "token": "e1101c4f2c0aaa3f10e1cc8c14495061",
    "user": "kevin_666"
}

[2024-03-20 17:07:14]--[src_cgi/Produce.c:777]--Cmd is :[2024-03-20 17:07:14]--[src_cgi/Produce.c:792]--user = kevin_666, token = e1101c4f2c0aaa3f10e1cc8c14495061, start = 0, count = 1
[2024-03-20 17:07:14]--[src_cgi/Produce.c:620]--SELECT * FROM ProduceRecords limit 0,1 
 在操作
[2024-03-20 17:07:14]--[src_cgi/Produce.c:677]--{
	"Produce":	[{
			"produce_id":	1,
			"product_name":	"白色无纺布",
			"product_quantity":	100,
			"product_time":	"2024-03-16"
		}]
}
