[2024-03-30 11:36:14]--[src_cgi/ReportForm.c:732]--cmd = ReportFormCount
[2024-03-30 11:36:14]--[src_cgi/ReportForm.c:764]--buf = {
    "token": "e6ecd23a39c1b43464cffad93c9eac4e",
    "user": "kevin_666"
}

[2024-03-30 11:36:14]--[src_cgi/ReportForm.c:152]--line = 1
[2024-03-30 11:36:14]--[src_cgi/ReportForm.c:732]--cmd = ReportFormNormal
[2024-03-30 11:36:14]--[src_cgi/ReportForm.c:764]--buf = {
    "count": 1,
    "start": 0,
    "token": "e6ecd23a39c1b43464cffad93c9eac4e",
    "user": "kevin_666"
}

[2024-03-30 11:36:14]--[src_cgi/ReportForm.c:779]--user = kevin_666, token = e6ecd23a39c1b43464cffad93c9eac4e, start = 0, count = 1
[2024-03-30 11:36:14]--[src_cgi/ReportForm.c:598]--SELECT * FROM ReportForms limit 0,1 
 在操作
[2024-03-30 11:36:14]--[src_cgi/ReportForm.c:666]--{
	"ReportForms":	[{
			"OrderID":	1,
			"CustomerName":	"customer",
			"SubscriptionDate":	"2024-01-30 19:44:58",
			"DeliveryDate":	"",
			"IsSuccess":	"true"
		}]
}
