[2024-03-16 17:42:27]--[src_cgi/ReportForms.c:676]--cmd = ReportFormCount
[2024-03-16 17:42:27]--[src_cgi/ReportForms.c:708]--buf = {
    "token": "8375a1c5ac76b22d823ed0e9e74ef743",
    "user": "kevin_666"
}

[2024-03-16 17:42:27]--[src_cgi/ReportForms.c:159]--line = 1
[2024-03-16 17:42:27]--[src_cgi/ReportForms.c:676]--cmd = ReportFormNormal
[2024-03-16 17:42:27]--[src_cgi/ReportForms.c:708]--buf = {
    "count": 1,
    "start": 0,
    "token": "8375a1c5ac76b22d823ed0e9e74ef743",
    "user": "kevin_666"
}

[2024-03-16 17:42:27]--[src_cgi/ReportForms.c:723]--user = kevin_666, token = 8375a1c5ac76b22d823ed0e9e74ef743, start = 0, count = 1
[2024-03-16 17:42:27]--[src_cgi/ReportForms.c:542]--SELECT * FROM ReportForms limit 0,1 
 在操作
[2024-03-16 17:42:27]--[src_cgi/ReportForms.c:610]--{
	"ReportForms":	[{
			"OrderID":	1,
			"CustomerName":	"customer",
			"SubscriptionDate":	"2024-01-30 19:44:58",
			"DeliveryDate":	"",
			"IsSuccess":	"true"
		}]
}
[2024-03-16 17:44:14]--[src_cgi/ReportForms.c:676]--cmd = ReportFormCount
[2024-03-16 17:44:14]--[src_cgi/ReportForms.c:708]--buf = {
    "token": "1137f0c9d931f5545e3228c64f8e80cf",
    "user": "kevin_666"
}

[2024-03-16 17:44:14]--[src_cgi/ReportForms.c:159]--line = 1
[2024-03-16 17:44:14]--[src_cgi/ReportForms.c:676]--cmd = ReportFormNormal
[2024-03-16 17:44:14]--[src_cgi/ReportForms.c:708]--buf = {
    "count": 1,
    "start": 0,
    "token": "1137f0c9d931f5545e3228c64f8e80cf",
    "user": "kevin_666"
}

[2024-03-16 17:44:14]--[src_cgi/ReportForms.c:723]--user = kevin_666, token = 1137f0c9d931f5545e3228c64f8e80cf, start = 0, count = 1
[2024-03-16 17:44:14]--[src_cgi/ReportForms.c:542]--SELECT * FROM ReportForms limit 0,1 
 在操作
[2024-03-16 17:44:14]--[src_cgi/ReportForms.c:610]--{
	"ReportForms":	[{
			"OrderID":	1,
			"CustomerName":	"customer",
			"SubscriptionDate":	"2024-01-30 19:44:58",
			"DeliveryDate":	"",
			"IsSuccess":	"true"
		}]
}
[2024-03-16 17:53:32]--[src_cgi/ReportForms.c:676]--cmd = ReportFormCount
[2024-03-16 17:53:32]--[src_cgi/ReportForms.c:708]--buf = {
    "token": "73efebaf92bda83b7d9e59886a4bd9d8",
    "user": "kevin_666"
}

[2024-03-16 17:53:32]--[src_cgi/ReportForms.c:159]--line = 1
[2024-03-16 17:53:32]--[src_cgi/ReportForms.c:676]--cmd = ReportFormNormal
[2024-03-16 17:53:32]--[src_cgi/ReportForms.c:708]--buf = {
    "count": 1,
    "start": 0,
    "token": "73efebaf92bda83b7d9e59886a4bd9d8",
    "user": "kevin_666"
}

[2024-03-16 17:53:32]--[src_cgi/ReportForms.c:723]--user = kevin_666, token = 73efebaf92bda83b7d9e59886a4bd9d8, start = 0, count = 1
[2024-03-16 17:53:32]--[src_cgi/ReportForms.c:542]--SELECT * FROM ReportForms limit 0,1 
 在操作
[2024-03-16 17:53:32]--[src_cgi/ReportForms.c:610]--{
	"ReportForms":	[{
			"OrderID":	1,
			"CustomerName":	"customer",
			"SubscriptionDate":	"2024-01-30 19:44:58",
			"DeliveryDate":	"",
			"IsSuccess":	"true"
		}]
}
[2024-03-16 18:08:58]--[src_cgi/ReportForms.c:676]--cmd = ReportFormCount
[2024-03-16 18:08:58]--[src_cgi/ReportForms.c:708]--buf = {
    "token": "d3d526c732c4d9096d7d849d1c34b91e",
    "user": "kevin_666"
}

[2024-03-16 18:08:58]--[src_cgi/ReportForms.c:159]--line = 1
[2024-03-16 18:08:58]--[src_cgi/ReportForms.c:676]--cmd = ReportFormNormal
[2024-03-16 18:08:58]--[src_cgi/ReportForms.c:708]--buf = {
    "count": 1,
    "start": 0,
    "token": "d3d526c732c4d9096d7d849d1c34b91e",
    "user": "kevin_666"
}

[2024-03-16 18:08:58]--[src_cgi/ReportForms.c:723]--user = kevin_666, token = d3d526c732c4d9096d7d849d1c34b91e, start = 0, count = 1
[2024-03-16 18:08:58]--[src_cgi/ReportForms.c:542]--SELECT * FROM ReportForms limit 0,1 
 在操作
[2024-03-16 18:08:58]--[src_cgi/ReportForms.c:610]--{
	"ReportForms":	[{
			"OrderID":	1,
			"CustomerName":	"customer",
			"SubscriptionDate":	"2024-01-30 19:44:58",
			"DeliveryDate":	"",
			"IsSuccess":	"true"
		}]
}
[2024-03-16 18:14:37]--[src_cgi/ReportForms.c:676]--cmd = ReportFormCount
[2024-03-16 18:14:37]--[src_cgi/ReportForms.c:708]--buf = {
    "token": "0d9776bc785602b2f5cb405c5e1685e8",
    "user": "kevin_666"
}

[2024-03-16 18:14:37]--[src_cgi/ReportForms.c:159]--line = 1
[2024-03-16 18:14:37]--[src_cgi/ReportForms.c:676]--cmd = ReportFormNormal
[2024-03-16 18:14:37]--[src_cgi/ReportForms.c:708]--buf = {
    "count": 1,
    "start": 0,
    "token": "0d9776bc785602b2f5cb405c5e1685e8",
    "user": "kevin_666"
}

[2024-03-16 18:14:37]--[src_cgi/ReportForms.c:723]--user = kevin_666, token = 0d9776bc785602b2f5cb405c5e1685e8, start = 0, count = 1
[2024-03-16 18:14:37]--[src_cgi/ReportForms.c:542]--SELECT * FROM ReportForms limit 0,1 
 在操作
[2024-03-16 18:14:37]--[src_cgi/ReportForms.c:610]--{
	"ReportForms":	[{
			"OrderID":	1,
			"CustomerName":	"customer",
			"SubscriptionDate":	"2024-01-30 19:44:58",
			"DeliveryDate":	"",
			"IsSuccess":	"true"
		}]
}
[2024-03-16 18:26:25]--[src_cgi/ReportForms.c:676]--cmd = ReportFormCount
[2024-03-16 18:26:25]--[src_cgi/ReportForms.c:708]--buf = {
    "token": "c802aa3178d1cc530d63d8807f998b3b",
    "user": "kevin_666"
}

[2024-03-16 18:26:25]--[src_cgi/ReportForms.c:159]--line = 1
[2024-03-16 18:26:25]--[src_cgi/ReportForms.c:676]--cmd = ReportFormNormal
[2024-03-16 18:26:25]--[src_cgi/ReportForms.c:708]--buf = {
    "count": 1,
    "start": 0,
    "token": "c802aa3178d1cc530d63d8807f998b3b",
    "user": "kevin_666"
}

[2024-03-16 18:26:25]--[src_cgi/ReportForms.c:723]--user = kevin_666, token = c802aa3178d1cc530d63d8807f998b3b, start = 0, count = 1
[2024-03-16 18:26:25]--[src_cgi/ReportForms.c:542]--SELECT * FROM ReportForms limit 0,1 
 在操作
[2024-03-16 18:26:25]--[src_cgi/ReportForms.c:610]--{
	"ReportForms":	[{
			"OrderID":	1,
			"CustomerName":	"customer",
			"SubscriptionDate":	"2024-01-30 19:44:58",
			"DeliveryDate":	"",
			"IsSuccess":	"true"
		}]
}
[2024-03-16 18:28:09]--[src_cgi/ReportForms.c:676]--cmd = ReportFormCount
[2024-03-16 18:28:09]--[src_cgi/ReportForms.c:708]--buf = {
    "token": "f08693c27997b91d2f044cd962896a24",
    "user": "kevin_666"
}

[2024-03-16 18:28:09]--[src_cgi/ReportForms.c:159]--line = 1
[2024-03-16 18:28:09]--[src_cgi/ReportForms.c:676]--cmd = ReportFormNormal
[2024-03-16 18:28:09]--[src_cgi/ReportForms.c:708]--buf = {
    "count": 1,
    "start": 0,
    "token": "f08693c27997b91d2f044cd962896a24",
    "user": "kevin_666"
}

[2024-03-16 18:28:09]--[src_cgi/ReportForms.c:723]--user = kevin_666, token = f08693c27997b91d2f044cd962896a24, start = 0, count = 1
[2024-03-16 18:28:09]--[src_cgi/ReportForms.c:542]--SELECT * FROM ReportForms limit 0,1 
 在操作
[2024-03-16 18:28:09]--[src_cgi/ReportForms.c:610]--{
	"ReportForms":	[{
			"OrderID":	1,
			"CustomerName":	"customer",
			"SubscriptionDate":	"2024-01-30 19:44:58",
			"DeliveryDate":	"",
			"IsSuccess":	"true"
		}]
}
[2024-03-16 18:30:40]--[src_cgi/ReportForm.c:38]--mysql:[user=root,pwd=k916025328,database=Manager][2024-03-16 18:33:08]--[src_cgi/ReportForm.c:732]--cmd = ReportFormCount
[2024-03-16 18:33:08]--[src_cgi/ReportForm.c:764]--buf = {
    "token": "b3434cd07ad28d3f040deb62c59c9da9",
    "user": "kevin_666"
}

[2024-03-16 18:33:08]--[src_cgi/ReportForm.c:152]--line = 1
[2024-03-16 18:33:08]--[src_cgi/ReportForm.c:732]--cmd = ReportFormNormal
[2024-03-16 18:33:08]--[src_cgi/ReportForm.c:764]--buf = {
    "count": 1,
    "start": 0,
    "token": "b3434cd07ad28d3f040deb62c59c9da9",
    "user": "kevin_666"
}

[2024-03-16 18:33:08]--[src_cgi/ReportForm.c:779]--user = kevin_666, token = b3434cd07ad28d3f040deb62c59c9da9, start = 0, count = 1
[2024-03-16 18:33:08]--[src_cgi/ReportForm.c:598]--SELECT * FROM ReportForms limit 0,1 
 在操作
[2024-03-16 18:33:08]--[src_cgi/ReportForm.c:666]--{
	"ReportForms":	[{
			"OrderID":	1,
			"CustomerName":	"customer",
			"SubscriptionDate":	"2024-01-30 19:44:58",
			"DeliveryDate":	"",
			"IsSuccess":	"true"
		}]
}
[2024-03-16 18:36:05]--[src_cgi/ReportForm.c:732]--cmd = ReportFormCount
[2024-03-16 18:36:05]--[src_cgi/ReportForm.c:764]--buf = {
    "token": "8d125e6367ac31f9d4cd4195c3673d7c",
    "user": "kevin_666"
}

[2024-03-16 18:36:05]--[src_cgi/ReportForm.c:152]--line = 1
[2024-03-16 18:36:05]--[src_cgi/ReportForm.c:732]--cmd = ReportFormNormal
[2024-03-16 18:36:05]--[src_cgi/ReportForm.c:764]--buf = {
    "count": 1,
    "start": 0,
    "token": "8d125e6367ac31f9d4cd4195c3673d7c",
    "user": "kevin_666"
}

[2024-03-16 18:36:05]--[src_cgi/ReportForm.c:779]--user = kevin_666, token = 8d125e6367ac31f9d4cd4195c3673d7c, start = 0, count = 1
[2024-03-16 18:36:05]--[src_cgi/ReportForm.c:598]--SELECT * FROM ReportForms limit 0,1 
 在操作
[2024-03-16 18:36:05]--[src_cgi/ReportForm.c:666]--{
	"ReportForms":	[{
			"OrderID":	1,
			"CustomerName":	"customer",
			"SubscriptionDate":	"2024-01-30 19:44:58",
			"DeliveryDate":	"",
			"IsSuccess":	"true"
		}]
}
[2024-03-16 18:37:52]--[src_cgi/ReportForm.c:732]--cmd = ReportFormCount
[2024-03-16 18:37:52]--[src_cgi/ReportForm.c:764]--buf = {
    "token": "cd4ff7ceb2e71915d3572d751e0f4e7a",
    "user": "kevin_666"
}

[2024-03-16 18:37:52]--[src_cgi/ReportForm.c:152]--line = 1
[2024-03-16 18:37:52]--[src_cgi/ReportForm.c:732]--cmd = ReportFormNormal
[2024-03-16 18:37:52]--[src_cgi/ReportForm.c:764]--buf = {
    "count": 1,
    "start": 0,
    "token": "cd4ff7ceb2e71915d3572d751e0f4e7a",
    "user": "kevin_666"
}

[2024-03-16 18:37:52]--[src_cgi/ReportForm.c:779]--user = kevin_666, token = cd4ff7ceb2e71915d3572d751e0f4e7a, start = 0, count = 1
[2024-03-16 18:37:52]--[src_cgi/ReportForm.c:598]--SELECT * FROM ReportForms limit 0,1 
 在操作
[2024-03-16 18:37:52]--[src_cgi/ReportForm.c:666]--{
	"ReportForms":	[{
			"OrderID":	1,
			"CustomerName":	"customer",
			"SubscriptionDate":	"2024-01-30 19:44:58",
			"DeliveryDate":	"",
			"IsSuccess":	"true"
		}]
}
[2024-03-16 18:40:11]--[src_cgi/ReportForm.c:732]--cmd = ReportFormCount
[2024-03-16 18:40:11]--[src_cgi/ReportForm.c:764]--buf = {
    "token": "0f6f4335c36f4256130f7419d1b1044d",
    "user": "kevin_666"
}

[2024-03-16 18:40:11]--[src_cgi/ReportForm.c:152]--line = 1
[2024-03-16 18:40:11]--[src_cgi/ReportForm.c:732]--cmd = ReportFormNormal
[2024-03-16 18:40:11]--[src_cgi/ReportForm.c:764]--buf = {
    "count": 1,
    "start": 0,
    "token": "0f6f4335c36f4256130f7419d1b1044d",
    "user": "kevin_666"
}

[2024-03-16 18:40:11]--[src_cgi/ReportForm.c:779]--user = kevin_666, token = 0f6f4335c36f4256130f7419d1b1044d, start = 0, count = 1
[2024-03-16 18:40:11]--[src_cgi/ReportForm.c:598]--SELECT * FROM ReportForms limit 0,1 
 在操作
[2024-03-16 18:40:11]--[src_cgi/ReportForm.c:666]--{
	"ReportForms":	[{
			"OrderID":	1,
			"CustomerName":	"customer",
			"SubscriptionDate":	"2024-01-30 19:44:58",
			"DeliveryDate":	"",
			"IsSuccess":	"true"
		}]
}
[2024-03-16 18:44:42]--[src_cgi/ReportForm.c:732]--cmd = ReportFormCount
[2024-03-16 18:44:42]--[src_cgi/ReportForm.c:764]--buf = {
    "token": "e27800f6d1aec82ba19679e73d4d88b1",
    "user": "kevin_666"
}

[2024-03-16 18:44:42]--[src_cgi/ReportForm.c:152]--line = 1
[2024-03-16 18:44:42]--[src_cgi/ReportForm.c:732]--cmd = ReportFormNormal
[2024-03-16 18:44:42]--[src_cgi/ReportForm.c:764]--buf = {
    "count": 1,
    "start": 0,
    "token": "e27800f6d1aec82ba19679e73d4d88b1",
    "user": "kevin_666"
}

[2024-03-16 18:44:42]--[src_cgi/ReportForm.c:779]--user = kevin_666, token = e27800f6d1aec82ba19679e73d4d88b1, start = 0, count = 1
[2024-03-16 18:44:42]--[src_cgi/ReportForm.c:598]--SELECT * FROM ReportForms limit 0,1 
 在操作
[2024-03-16 18:44:42]--[src_cgi/ReportForm.c:666]--{
	"ReportForms":	[{
			"OrderID":	1,
			"CustomerName":	"customer",
			"SubscriptionDate":	"2024-01-30 19:44:58",
			"DeliveryDate":	"",
			"IsSuccess":	"true"
		}]
}
