[2024-03-25 20:41:08]--[src_cgi/ReportForm.c:732]--cmd = ReportFormCount
[2024-03-25 20:41:08]--[src_cgi/ReportForm.c:764]--buf = {
    "token": "252946b4ac8d8b3b42190dcac4bc195e",
    "user": "kevin_666"
}

[2024-03-25 20:41:08]--[src_cgi/ReportForm.c:152]--line = 1
[2024-03-25 20:41:08]--[src_cgi/ReportForm.c:732]--cmd = ReportFormNormal
[2024-03-25 20:41:08]--[src_cgi/ReportForm.c:764]--buf = {
    "count": 1,
    "start": 0,
    "token": "252946b4ac8d8b3b42190dcac4bc195e",
    "user": "kevin_666"
}

[2024-03-25 20:41:08]--[src_cgi/ReportForm.c:779]--user = kevin_666, token = 252946b4ac8d8b3b42190dcac4bc195e, start = 0, count = 1
[2024-03-25 20:41:08]--[src_cgi/ReportForm.c:598]--SELECT * FROM ReportForms limit 0,1 
 在操作
[2024-03-25 20:41:08]--[src_cgi/ReportForm.c:666]--{
	"ReportForms":	[{
			"OrderID":	1,
			"CustomerName":	"customer",
			"SubscriptionDate":	"2024-01-30 19:44:58",
			"DeliveryDate":	"",
			"IsSuccess":	"true"
		}]
}
[2024-03-25 20:53:23]--[src_cgi/ReportForm.c:732]--cmd = ReportFormCount
[2024-03-25 20:53:23]--[src_cgi/ReportForm.c:764]--buf = {
    "token": "13da68aa6d56bf938794ad0840b2f342",
    "user": "kevin_666"
}

[2024-03-25 20:53:23]--[src_cgi/ReportForm.c:152]--line = 1
[2024-03-25 20:53:23]--[src_cgi/ReportForm.c:732]--cmd = ReportFormNormal
[2024-03-25 20:53:23]--[src_cgi/ReportForm.c:764]--buf = {
    "count": 1,
    "start": 0,
    "token": "13da68aa6d56bf938794ad0840b2f342",
    "user": "kevin_666"
}

[2024-03-25 20:53:23]--[src_cgi/ReportForm.c:779]--user = kevin_666, token = 13da68aa6d56bf938794ad0840b2f342, start = 0, count = 1
[2024-03-25 20:53:23]--[src_cgi/ReportForm.c:598]--SELECT * FROM ReportForms limit 0,1 
 在操作
[2024-03-25 20:53:23]--[src_cgi/ReportForm.c:666]--{
	"ReportForms":	[{
			"OrderID":	1,
			"CustomerName":	"customer",
			"SubscriptionDate":	"2024-01-30 19:44:58",
			"DeliveryDate":	"",
			"IsSuccess":	"true"
		}]
}
[2024-03-25 20:54:30]--[src_cgi/ReportForm.c:732]--cmd = ReportFormCount
[2024-03-25 20:54:30]--[src_cgi/ReportForm.c:764]--buf = {
    "token": "e19e8c4e44edeb4b36655d236908c0cf",
    "user": "kevin_666"
}

[2024-03-25 20:54:30]--[src_cgi/ReportForm.c:152]--line = 1
[2024-03-25 20:54:30]--[src_cgi/ReportForm.c:732]--cmd = ReportFormNormal
[2024-03-25 20:54:30]--[src_cgi/ReportForm.c:764]--buf = {
    "count": 1,
    "start": 0,
    "token": "e19e8c4e44edeb4b36655d236908c0cf",
    "user": "kevin_666"
}

[2024-03-25 20:54:30]--[src_cgi/ReportForm.c:779]--user = kevin_666, token = e19e8c4e44edeb4b36655d236908c0cf, start = 0, count = 1
[2024-03-25 20:54:30]--[src_cgi/ReportForm.c:598]--SELECT * FROM ReportForms limit 0,1 
 在操作
[2024-03-25 20:54:30]--[src_cgi/ReportForm.c:666]--{
	"ReportForms":	[{
			"OrderID":	1,
			"CustomerName":	"customer",
			"SubscriptionDate":	"2024-01-30 19:44:58",
			"DeliveryDate":	"",
			"IsSuccess":	"true"
		}]
}
[2024-03-25 20:55:18]--[src_cgi/ReportForm.c:732]--cmd = ReportFormCount
[2024-03-25 20:55:18]--[src_cgi/ReportForm.c:764]--buf = {
    "token": "c43a182de9f747c56278547883ff2dfe",
    "user": "kevin_666"
}

[2024-03-25 20:55:18]--[src_cgi/ReportForm.c:152]--line = 1
[2024-03-25 20:55:18]--[src_cgi/ReportForm.c:732]--cmd = ReportFormNormal
[2024-03-25 20:55:18]--[src_cgi/ReportForm.c:764]--buf = {
    "count": 1,
    "start": 0,
    "token": "c43a182de9f747c56278547883ff2dfe",
    "user": "kevin_666"
}

[2024-03-25 20:55:18]--[src_cgi/ReportForm.c:779]--user = kevin_666, token = c43a182de9f747c56278547883ff2dfe, start = 0, count = 1
[2024-03-25 20:55:18]--[src_cgi/ReportForm.c:598]--SELECT * FROM ReportForms limit 0,1 
 在操作
[2024-03-25 20:55:18]--[src_cgi/ReportForm.c:666]--{
	"ReportForms":	[{
			"OrderID":	1,
			"CustomerName":	"customer",
			"SubscriptionDate":	"2024-01-30 19:44:58",
			"DeliveryDate":	"",
			"IsSuccess":	"true"
		}]
}
