[2024-03-21 20:47:30]--[src_cgi/ReportForm.c:732]--cmd = ReportFormCount
[2024-03-21 20:47:30]--[src_cgi/ReportForm.c:764]--buf = {
    "token": "9e76b4719c161a1afa4eb00a1982fa86",
    "user": "kevin_666"
}

[2024-03-21 20:47:30]--[src_cgi/ReportForm.c:152]--line = 1
[2024-03-21 20:47:30]--[src_cgi/ReportForm.c:732]--cmd = ReportFormNormal
[2024-03-21 20:47:30]--[src_cgi/ReportForm.c:764]--buf = {
    "count": 1,
    "start": 0,
    "token": "9e76b4719c161a1afa4eb00a1982fa86",
    "user": "kevin_666"
}

[2024-03-21 20:47:30]--[src_cgi/ReportForm.c:779]--user = kevin_666, token = 9e76b4719c161a1afa4eb00a1982fa86, start = 0, count = 1
[2024-03-21 20:47:30]--[src_cgi/ReportForm.c:598]--SELECT * FROM ReportForms limit 0,1 
 在操作
[2024-03-21 20:47:30]--[src_cgi/ReportForm.c:666]--{
	"ReportForms":	[{
			"OrderID":	1,
			"CustomerName":	"customer",
			"SubscriptionDate":	"2024-01-30 19:44:58",
			"DeliveryDate":	"",
			"IsSuccess":	"true"
		}]
}
[2024-03-21 21:02:03]--[src_cgi/ReportForm.c:732]--cmd = ReportFormCount
[2024-03-21 21:02:03]--[src_cgi/ReportForm.c:764]--buf = {
    "token": "51ef981849ce00b7a4319ce5528e9007",
    "user": "kevin_666"
}

[2024-03-21 21:02:03]--[src_cgi/ReportForm.c:152]--line = 1
[2024-03-21 21:02:03]--[src_cgi/ReportForm.c:732]--cmd = ReportFormNormal
[2024-03-21 21:02:03]--[src_cgi/ReportForm.c:764]--buf = {
    "count": 1,
    "start": 0,
    "token": "51ef981849ce00b7a4319ce5528e9007",
    "user": "kevin_666"
}

[2024-03-21 21:02:03]--[src_cgi/ReportForm.c:779]--user = kevin_666, token = 51ef981849ce00b7a4319ce5528e9007, start = 0, count = 1
[2024-03-21 21:02:03]--[src_cgi/ReportForm.c:598]--SELECT * FROM ReportForms limit 0,1 
 在操作
[2024-03-21 21:02:03]--[src_cgi/ReportForm.c:666]--{
	"ReportForms":	[{
			"OrderID":	1,
			"CustomerName":	"customer",
			"SubscriptionDate":	"2024-01-30 19:44:58",
			"DeliveryDate":	"",
			"IsSuccess":	"true"
		}]
}
