[2024-03-30 16:28:18]--[src_cgi/showpro.c:613]--cmd = showprocount
[2024-03-30 16:28:18]--[src_cgi/showpro.c:645]--buf = {
    "token": "4ee186d83ca2479b1b0be52dc46a5453",
    "user": "customer"
}

[2024-03-30 16:28:18]--[src_cgi/showpro.c:457]--line = 3
[2024-03-30 16:28:18]--[src_cgi/showpro.c:613]--cmd = showpronormal
[2024-03-30 16:28:18]--[src_cgi/showpro.c:645]--buf = {
    "count": 3,
    "start": 0,
    "token": "4ee186d83ca2479b1b0be52dc46a5453",
    "user": "customer"
}

[2024-03-30 16:28:18]--[src_cgi/showpro.c:660]--user = customer, token = 4ee186d83ca2479b1b0be52dc46a5453, start = 0, count = 3
[2024-03-30 16:28:18]--[src_cgi/showpro.c:493]--SELECT * FROM showproinfo limit 0,3 
 在操作
[2024-03-30 16:28:18]--[src_cgi/showpro.c:550]--{
	"showpro":	[{
			"showpro_id":	1,
			"showpro_name":	"黑色无纺布",
			"showpro_url":	"https://picss.sunbangyan.cn/2023/10/07/wdx1ha.jpg"
		}, {
			"showpro_id":	2,
			"showpro_name":	"白色无纺布",
			"showpro_url":	"https://picdm.sunbangyan.cn/2023/10/07/wdx3rj.jpg"
		}, {
			"showpro_id":	3,
			"showpro_name":	"彩色无纺布",
			"showpro_url":	"https://picdl.sunbangyan.cn/2023/10/07/wdx05j.jpg"
		}]
}
[2024-03-30 16:30:32]--[src_cgi/showpro.c:613]--cmd = showprocount
[2024-03-30 16:30:32]--[src_cgi/showpro.c:645]--buf = {
    "token": "5a8eddbb603afa8e5e828c52acf88dac",
    "user": "customer"
}

[2024-03-30 16:30:32]--[src_cgi/showpro.c:457]--line = 3
[2024-03-30 16:30:32]--[src_cgi/showpro.c:613]--cmd = showpronormal
[2024-03-30 16:30:32]--[src_cgi/showpro.c:645]--buf = {
    "count": 3,
    "start": 0,
    "token": "5a8eddbb603afa8e5e828c52acf88dac",
    "user": "customer"
}

[2024-03-30 16:30:32]--[src_cgi/showpro.c:660]--user = customer, token = 5a8eddbb603afa8e5e828c52acf88dac, start = 0, count = 3
[2024-03-30 16:30:32]--[src_cgi/showpro.c:493]--SELECT * FROM showproinfo limit 0,3 
 在操作
[2024-03-30 16:30:32]--[src_cgi/showpro.c:550]--{
	"showpro":	[{
			"showpro_id":	1,
			"showpro_name":	"黑色无纺布",
			"showpro_url":	"https://cbu01.alicdn.com/img/ibank/O1CN01MBIuTl1mfnyigIyCf_!!4003504982-0-cib.jpg"
		}, {
			"showpro_id":	2,
			"showpro_name":	"白色无纺布",
			"showpro_url":	"https://cbu01.alicdn.com/img/ibank/O1CN01nfldpC2MtqB3sMAju_!!933149886-0-cib.jpg"
		}, {
			"showpro_id":	3,
			"showpro_name":	"彩色无纺布",
			"showpro_url":	"https://tgi12.jia.com/115/004/15004894.jpg"
		}]
}
