[2024-03-14 15:59:53]--[src_cgi/UserOrder.c:739]--cmd = GetNames
[2024-03-14 15:59:53]--[src_cgi/UserOrder.c:739]--cmd = userOrdercount=customer
[2024-03-14 15:59:53]--[src_cgi/UserOrder.c:792]--buf = {
    "token": "a7fbb814923866e3ef71e2f6345dccfa",
    "user": "kevin_666"
}

[2024-03-14 15:59:53]--[src_cgi/UserOrder.c:261]--line = 1
[2024-03-14 15:59:54]--[src_cgi/UserOrder.c:739]--cmd = userOrdernormal=customer
[2024-03-14 15:59:54]--[src_cgi/UserOrder.c:792]--buf = {
    "count": 1,
    "start": 0,
    "token": "a7fbb814923866e3ef71e2f6345dccfa",
    "user": "kevin_666"
}

[2024-03-14 15:59:54]--[src_cgi/UserOrder.c:810]--user = kevin_666, token = a7fbb814923866e3ef71e2f6345dccfa, start = 0, count = 1
[2024-03-14 15:59:54]--[src_cgi/UserOrder.c:357]--SELECT * FROM customer limit 0,1 
 在操作
[2024-03-14 15:59:54]--[src_cgi/UserOrder.c:418]--{
	"UserOrder":	[{
			"UserOrderTable_OrderID":	0,
			"UserOrderTable_Productname":	"1",
			"UserOrderTable_count":	0,
			"UserOrderTable_time":	"10"
		}]
}
[2024-03-14 16:08:10]--[src_cgi/UserOrder.c:739]--cmd = GetNames
[2024-03-14 16:08:10]--[src_cgi/UserOrder.c:739]--cmd = userOrdercount=customer
[2024-03-14 16:08:10]--[src_cgi/UserOrder.c:792]--buf = {
    "token": "3719151fc9222c00d8d5d3187da9b239",
    "user": "kevin_666"
}

[2024-03-14 16:08:10]--[src_cgi/UserOrder.c:261]--line = 1
[2024-03-14 16:08:10]--[src_cgi/UserOrder.c:739]--cmd = userOrdernormal=customer
[2024-03-14 16:08:10]--[src_cgi/UserOrder.c:792]--buf = {
    "count": 1,
    "start": 0,
    "token": "3719151fc9222c00d8d5d3187da9b239",
    "user": "kevin_666"
}

[2024-03-14 16:08:10]--[src_cgi/UserOrder.c:810]--user = kevin_666, token = 3719151fc9222c00d8d5d3187da9b239, start = 0, count = 1
[2024-03-14 16:08:10]--[src_cgi/UserOrder.c:357]--SELECT * FROM customer limit 0,1 
 在操作
[2024-03-14 16:08:10]--[src_cgi/UserOrder.c:418]--{
	"UserOrder":	[{
			"UserOrderTable_OrderID":	0,
			"UserOrderTable_Productname":	"1",
			"UserOrderTable_count":	0,
			"UserOrderTable_time":	"10"
		}]
}
[2024-03-14 16:22:55]--[src_cgi/UserOrder.c:739]--cmd = GetNames
[2024-03-14 16:22:55]--[src_cgi/UserOrder.c:739]--cmd = userOrdercount=customer
[2024-03-14 16:22:55]--[src_cgi/UserOrder.c:792]--buf = {
    "token": "017c2a6c660c8c790ba41e3868aa7a9b",
    "user": "kevin_666"
}

[2024-03-14 16:22:55]--[src_cgi/UserOrder.c:261]--line = 1
[2024-03-14 16:22:55]--[src_cgi/UserOrder.c:739]--cmd = userOrdernormal=customer
[2024-03-14 16:22:55]--[src_cgi/UserOrder.c:792]--buf = {
    "count": 1,
    "start": 0,
    "token": "017c2a6c660c8c790ba41e3868aa7a9b",
    "user": "kevin_666"
}

[2024-03-14 16:22:55]--[src_cgi/UserOrder.c:810]--user = kevin_666, token = 017c2a6c660c8c790ba41e3868aa7a9b, start = 0, count = 1
[2024-03-14 16:22:55]--[src_cgi/UserOrder.c:357]--SELECT * FROM customer limit 0,1 
 在操作
[2024-03-14 16:22:55]--[src_cgi/UserOrder.c:418]--{
	"UserOrder":	[{
			"UserOrderTable_OrderID":	0,
			"UserOrderTable_Productname":	"1",
			"UserOrderTable_count":	0,
			"UserOrderTable_time":	"10"
		}]
}
[2024-03-14 16:24:00]--[src_cgi/UserOrder.c:739]--cmd = GetNames
[2024-03-14 16:24:00]--[src_cgi/UserOrder.c:739]--cmd = userOrdercount=customer
[2024-03-14 16:24:00]--[src_cgi/UserOrder.c:792]--buf = {
    "token": "3d4992e834ac7ee9dcfd9fa68c35ede6",
    "user": "kevin_666"
}

[2024-03-14 16:24:00]--[src_cgi/UserOrder.c:261]--line = 1
[2024-03-14 16:24:00]--[src_cgi/UserOrder.c:739]--cmd = userOrdernormal=customer
[2024-03-14 16:24:00]--[src_cgi/UserOrder.c:792]--buf = {
    "count": 1,
    "start": 0,
    "token": "3d4992e834ac7ee9dcfd9fa68c35ede6",
    "user": "kevin_666"
}

[2024-03-14 16:24:00]--[src_cgi/UserOrder.c:810]--user = kevin_666, token = 3d4992e834ac7ee9dcfd9fa68c35ede6, start = 0, count = 1
[2024-03-14 16:24:00]--[src_cgi/UserOrder.c:357]--SELECT * FROM customer limit 0,1 
 在操作
[2024-03-14 16:24:00]--[src_cgi/UserOrder.c:418]--{
	"UserOrder":	[{
			"UserOrderTable_OrderID":	0,
			"UserOrderTable_Productname":	"1",
			"UserOrderTable_count":	0,
			"UserOrderTable_time":	"10"
		}]
}
[2024-03-14 16:25:44]--[src_cgi/UserOrder.c:739]--cmd = GetNames
[2024-03-14 16:25:44]--[src_cgi/UserOrder.c:739]--cmd = userOrdercount=customer
[2024-03-14 16:25:44]--[src_cgi/UserOrder.c:792]--buf = {
    "token": "2c1fb91a9284b9dbd89a95406da1fa81",
    "user": "kevin_666"
}

[2024-03-14 16:25:44]--[src_cgi/UserOrder.c:261]--line = 1
[2024-03-14 16:25:44]--[src_cgi/UserOrder.c:739]--cmd = userOrdernormal=customer
[2024-03-14 16:25:44]--[src_cgi/UserOrder.c:792]--buf = {
    "count": 1,
    "start": 0,
    "token": "2c1fb91a9284b9dbd89a95406da1fa81",
    "user": "kevin_666"
}

[2024-03-14 16:25:44]--[src_cgi/UserOrder.c:810]--user = kevin_666, token = 2c1fb91a9284b9dbd89a95406da1fa81, start = 0, count = 1
[2024-03-14 16:25:44]--[src_cgi/UserOrder.c:357]--SELECT * FROM customer limit 0,1 
 在操作
[2024-03-14 16:25:44]--[src_cgi/UserOrder.c:418]--{
	"UserOrder":	[{
			"UserOrderTable_OrderID":	0,
			"UserOrderTable_Productname":	"1",
			"UserOrderTable_count":	0,
			"UserOrderTable_time":	"10"
		}]
}
[2024-03-14 21:25:07]--[src_cgi/UserOrder.c:38]--mysql:[user=root,pwd=k916025328,database=Manager][2024-03-14 21:27:27]--[src_cgi/UserOrder.c:38]--mysql:[user=root,pwd=k916025328,database=Manager][2024-03-14 21:28:26]--[src_cgi/UserOrder.c:38]--mysql:[user=root,pwd=k916025328,database=Manager][2024-03-14 21:30:04]--[src_cgi/UserOrder.c:735]--cmd = GetNames
[2024-03-14 21:30:04]--[src_cgi/UserOrder.c:735]--cmd = userOrdercount=customer
[2024-03-14 21:30:04]--[src_cgi/UserOrder.c:788]--buf = {
    "token": "e19c6e6b38f0501989bfffd01f6eba18",
    "user": "kevin_666"
}

[2024-03-14 21:30:04]--[src_cgi/UserOrder.c:257]--line = 1
[2024-03-14 21:30:05]--[src_cgi/UserOrder.c:735]--cmd = userOrdernormal=customer
[2024-03-14 21:30:05]--[src_cgi/UserOrder.c:788]--buf = {
    "count": 1,
    "start": 0,
    "token": "e19c6e6b38f0501989bfffd01f6eba18",
    "user": "kevin_666"
}

[2024-03-14 21:30:05]--[src_cgi/UserOrder.c:806]--user = kevin_666, token = e19c6e6b38f0501989bfffd01f6eba18, start = 0, count = 1
[2024-03-14 21:30:05]--[src_cgi/UserOrder.c:353]--SELECT * FROM customer limit 0,1 
 在操作
[2024-03-14 21:30:05]--[src_cgi/UserOrder.c:414]--{
	"UserOrder":	[{
			"UserOrderTable_OrderID":	0,
			"UserOrderTable_Productname":	"1",
			"UserOrderTable_count":	0,
			"UserOrderTable_time":	"10"
		}]
}
[2024-03-14 21:44:08]--[src_cgi/UserOrder.c:735]--cmd = GetNames
[2024-03-14 21:44:08]--[src_cgi/UserOrder.c:735]--cmd = userOrdercount=customer
[2024-03-14 21:44:08]--[src_cgi/UserOrder.c:788]--buf = {
    "token": "c6bab2b56b587afdebf53c5a84ffaeb0",
    "user": "kevin_666"
}

[2024-03-14 21:44:08]--[src_cgi/UserOrder.c:257]--line = 1
[2024-03-14 21:44:08]--[src_cgi/UserOrder.c:735]--cmd = userOrdernormal=customer
[2024-03-14 21:44:08]--[src_cgi/UserOrder.c:788]--buf = {
    "count": 1,
    "start": 0,
    "token": "c6bab2b56b587afdebf53c5a84ffaeb0",
    "user": "kevin_666"
}

[2024-03-14 21:44:08]--[src_cgi/UserOrder.c:806]--user = kevin_666, token = c6bab2b56b587afdebf53c5a84ffaeb0, start = 0, count = 1
[2024-03-14 21:44:08]--[src_cgi/UserOrder.c:353]--SELECT * FROM customer limit 0,1 
 在操作
[2024-03-14 21:44:08]--[src_cgi/UserOrder.c:414]--{
	"UserOrder":	[{
			"UserOrderTable_OrderID":	0,
			"UserOrderTable_Productname":	"1",
			"UserOrderTable_count":	0,
			"UserOrderTable_time":	"10"
		}]
}
