[2024-03-25 20:41:08]--[src_cgi/warestable.c:802]--cmd = warescount
[2024-03-25 20:41:08]--[src_cgi/warestable.c:834]--buf = {
    "token": "252946b4ac8d8b3b42190dcac4bc195e",
    "user": "kevin_666"
}

[2024-03-25 20:41:08]--[src_cgi/warestable.c:156]--line = 4
[2024-03-25 20:41:08]--[src_cgi/warestable.c:802]--cmd = waresnormal
[2024-03-25 20:41:08]--[src_cgi/warestable.c:834]--buf = {
    "count": 4,
    "start": 0,
    "token": "252946b4ac8d8b3b42190dcac4bc195e",
    "user": "kevin_666"
}

[2024-03-25 20:41:08]--[src_cgi/warestable.c:849]--user = kevin_666, token = 252946b4ac8d8b3b42190dcac4bc195e, start = 0, count = 4
[2024-03-25 20:41:08]--[src_cgi/warestable.c:663]--SELECT * FROM waresinfo limit 0,4 
 在操作
[2024-03-25 20:41:08]--[src_cgi/warestable.c:736]--{
	"wares":	[{
			"wares_id":	1,
			"wares_name":	"黑色无纺布",
			"wares_store_unit":	"米/元",
			"wares_amount":	4000,
			"wares_sell_unit":	"米/元",
			"wares_price":	2000
		}, {
			"wares_id":	2,
			"wares_name":	"白色无纺布",
			"wares_store_unit":	"米/元",
			"wares_amount":	2000,
			"wares_sell_unit":	"米/元",
			"wares_price":	2000
		}, {
			"wares_id":	3,
			"wares_name":	"彩色无纺布",
			"wares_store_unit":	"米/元",
			"wares_amount":	2000,
			"wares_sell_unit":	"米/元",
			"wares_price":	2000
		}, {
			"wares_id":	4,
			"wares_name":	"紫色无纺布",
			"wares_store_unit":	"米/元",
			"wares_amount":	2000,
			"wares_sell_unit":	"米/元",
			"wares_price":	2000
		}]
}
[2024-03-25 20:53:23]--[src_cgi/warestable.c:802]--cmd = warescount
[2024-03-25 20:53:23]--[src_cgi/warestable.c:834]--buf = {
    "token": "13da68aa6d56bf938794ad0840b2f342",
    "user": "kevin_666"
}

[2024-03-25 20:53:23]--[src_cgi/warestable.c:156]--line = 4
[2024-03-25 20:53:23]--[src_cgi/warestable.c:802]--cmd = waresnormal
[2024-03-25 20:53:23]--[src_cgi/warestable.c:834]--buf = {
    "count": 4,
    "start": 0,
    "token": "13da68aa6d56bf938794ad0840b2f342",
    "user": "kevin_666"
}

[2024-03-25 20:53:23]--[src_cgi/warestable.c:849]--user = kevin_666, token = 13da68aa6d56bf938794ad0840b2f342, start = 0, count = 4
[2024-03-25 20:53:23]--[src_cgi/warestable.c:663]--SELECT * FROM waresinfo limit 0,4 
 在操作
[2024-03-25 20:53:23]--[src_cgi/warestable.c:736]--{
	"wares":	[{
			"wares_id":	1,
			"wares_name":	"黑色无纺布",
			"wares_store_unit":	"米/元",
			"wares_amount":	4000,
			"wares_sell_unit":	"米/元",
			"wares_price":	2000
		}, {
			"wares_id":	2,
			"wares_name":	"白色无纺布",
			"wares_store_unit":	"米/元",
			"wares_amount":	2000,
			"wares_sell_unit":	"米/元",
			"wares_price":	2000
		}, {
			"wares_id":	3,
			"wares_name":	"彩色无纺布",
			"wares_store_unit":	"米/元",
			"wares_amount":	2000,
			"wares_sell_unit":	"米/元",
			"wares_price":	2000
		}, {
			"wares_id":	4,
			"wares_name":	"紫色无纺布",
			"wares_store_unit":	"米/元",
			"wares_amount":	2000,
			"wares_sell_unit":	"米/元",
			"wares_price":	2000
		}]
}
[2024-03-25 20:54:30]--[src_cgi/warestable.c:802]--cmd = warescount
[2024-03-25 20:54:30]--[src_cgi/warestable.c:834]--buf = {
    "token": "e19e8c4e44edeb4b36655d236908c0cf",
    "user": "kevin_666"
}

[2024-03-25 20:54:30]--[src_cgi/warestable.c:156]--line = 4
[2024-03-25 20:54:30]--[src_cgi/warestable.c:802]--cmd = waresnormal
[2024-03-25 20:54:30]--[src_cgi/warestable.c:834]--buf = {
    "count": 4,
    "start": 0,
    "token": "e19e8c4e44edeb4b36655d236908c0cf",
    "user": "kevin_666"
}

[2024-03-25 20:54:30]--[src_cgi/warestable.c:849]--user = kevin_666, token = e19e8c4e44edeb4b36655d236908c0cf, start = 0, count = 4
[2024-03-25 20:54:30]--[src_cgi/warestable.c:663]--SELECT * FROM waresinfo limit 0,4 
 在操作
[2024-03-25 20:54:30]--[src_cgi/warestable.c:736]--{
	"wares":	[{
			"wares_id":	1,
			"wares_name":	"黑色无纺布",
			"wares_store_unit":	"米/元",
			"wares_amount":	4000,
			"wares_sell_unit":	"米/元",
			"wares_price":	2000
		}, {
			"wares_id":	2,
			"wares_name":	"白色无纺布",
			"wares_store_unit":	"米/元",
			"wares_amount":	2000,
			"wares_sell_unit":	"米/元",
			"wares_price":	2000
		}, {
			"wares_id":	3,
			"wares_name":	"彩色无纺布",
			"wares_store_unit":	"米/元",
			"wares_amount":	2000,
			"wares_sell_unit":	"米/元",
			"wares_price":	2000
		}, {
			"wares_id":	4,
			"wares_name":	"紫色无纺布",
			"wares_store_unit":	"米/元",
			"wares_amount":	2000,
			"wares_sell_unit":	"米/元",
			"wares_price":	2000
		}]
}
[2024-03-25 20:55:18]--[src_cgi/warestable.c:802]--cmd = warescount
[2024-03-25 20:55:18]--[src_cgi/warestable.c:834]--buf = {
    "token": "c43a182de9f747c56278547883ff2dfe",
    "user": "kevin_666"
}

[2024-03-25 20:55:18]--[src_cgi/warestable.c:156]--line = 4
[2024-03-25 20:55:18]--[src_cgi/warestable.c:802]--cmd = waresnormal
[2024-03-25 20:55:18]--[src_cgi/warestable.c:834]--buf = {
    "count": 4,
    "start": 0,
    "token": "c43a182de9f747c56278547883ff2dfe",
    "user": "kevin_666"
}

[2024-03-25 20:55:18]--[src_cgi/warestable.c:849]--user = kevin_666, token = c43a182de9f747c56278547883ff2dfe, start = 0, count = 4
[2024-03-25 20:55:18]--[src_cgi/warestable.c:663]--SELECT * FROM waresinfo limit 0,4 
 在操作
[2024-03-25 20:55:18]--[src_cgi/warestable.c:736]--{
	"wares":	[{
			"wares_id":	1,
			"wares_name":	"黑色无纺布",
			"wares_store_unit":	"米/元",
			"wares_amount":	4000,
			"wares_sell_unit":	"米/元",
			"wares_price":	2000
		}, {
			"wares_id":	2,
			"wares_name":	"白色无纺布",
			"wares_store_unit":	"米/元",
			"wares_amount":	2000,
			"wares_sell_unit":	"米/元",
			"wares_price":	2000
		}, {
			"wares_id":	3,
			"wares_name":	"彩色无纺布",
			"wares_store_unit":	"米/元",
			"wares_amount":	2000,
			"wares_sell_unit":	"米/元",
			"wares_price":	2000
		}, {
			"wares_id":	4,
			"wares_name":	"紫色无纺布",
			"wares_store_unit":	"米/元",
			"wares_amount":	2000,
			"wares_sell_unit":	"米/元",
			"wares_price":	2000
		}]
}
