[2024-01-31 21:18:33]--[src_cgi/login_cgi.c:298]--buf = {
    "pwd": "e10adc3949ba59abbe56e057f20f883e",
    "user": "kevin_666"
}

[2024-01-31 21:18:33]--[src_cgi/login_cgi.c:304]--user = kevin_666, pwd = e10adc3949ba59abbe56e057f20f883e
[2024-01-31 21:18:33]--[src_cgi/login_cgi.c:102]--mysql_user = root, mysql_pwd = k916025328, mysql_db = Manager
[2024-01-31 21:18:33]--[src_cgi/login_cgi.c:308]--Login ret = 1 ------
[2024-01-31 21:18:33]--[src_cgi/login_cgi.c:171]--redis:[ip=127.0.0.1,port=6379]
[2024-01-31 21:18:33]--[src_cgi/login_cgi.c:195]--tmp = kevin_666164888986428
[2024-01-31 21:18:33]--[src_cgi/login_cgi.c:211]--base64 = rp9m4wmNf+T0uoDaLns72sxyqodTnezg
[2024-01-31 21:18:33]--[src_cgi/login_cgi.c:315]--token = d8b9b9c0e65b68318ca2fc42d7d6c278
[2024-01-31 21:22:17]--[src_cgi/login_cgi.c:298]--buf = {
    "pwd": "e10adc3949ba59abbe56e057f20f883e",
    "user": "kevin_666"
}

[2024-01-31 21:22:17]--[src_cgi/login_cgi.c:304]--user = kevin_666, pwd = e10adc3949ba59abbe56e057f20f883e
[2024-01-31 21:22:17]--[src_cgi/login_cgi.c:102]--mysql_user = root, mysql_pwd = k916025328, mysql_db = Manager
[2024-01-31 21:22:17]--[src_cgi/login_cgi.c:308]--Login ret = 1 ------
[2024-01-31 21:22:17]--[src_cgi/login_cgi.c:171]--redis:[ip=127.0.0.1,port=6379]
[2024-01-31 21:22:17]--[src_cgi/login_cgi.c:195]--tmp = kevin_66628683917732
[2024-01-31 21:22:17]--[src_cgi/login_cgi.c:211]--base64 = rp9m4wmNf+RNyQDi6v6/TbSMAGmriJZc
[2024-01-31 21:22:17]--[src_cgi/login_cgi.c:315]--token = cb4e9ae46343257fc6e67777f80012a7
[2024-01-31 21:31:51]--[src_cgi/login_cgi.c:298]--buf = {
    "pwd": "e10adc3949ba59abbe56e057f20f883e",
    "user": "kevin_666"
}

[2024-01-31 21:31:51]--[src_cgi/login_cgi.c:304]--user = kevin_666, pwd = e10adc3949ba59abbe56e057f20f883e
[2024-01-31 21:31:51]--[src_cgi/login_cgi.c:102]--mysql_user = root, mysql_pwd = k916025328, mysql_db = Manager
[2024-01-31 21:31:51]--[src_cgi/login_cgi.c:308]--Login ret = 1 ------
[2024-01-31 21:31:51]--[src_cgi/login_cgi.c:171]--redis:[ip=127.0.0.1,port=6379]
[2024-01-31 21:31:51]--[src_cgi/login_cgi.c:195]--tmp = kevin_66660780863678
[2024-01-31 21:31:51]--[src_cgi/login_cgi.c:211]--base64 = rp9m4wmNf+QrSGiQY5/E7OX5pdjmru6I
[2024-01-31 21:31:51]--[src_cgi/login_cgi.c:315]--token = a0400eec94355b46d19db516b439716e
[2024-01-31 21:34:50]--[src_cgi/login_cgi.c:298]--buf = {
    "pwd": "e10adc3949ba59abbe56e057f20f883e",
    "user": "kevin_666"
}

[2024-01-31 21:34:50]--[src_cgi/login_cgi.c:304]--user = kevin_666, pwd = e10adc3949ba59abbe56e057f20f883e
[2024-01-31 21:34:50]--[src_cgi/login_cgi.c:102]--mysql_user = root, mysql_pwd = k916025328, mysql_db = Manager
[2024-01-31 21:34:50]--[src_cgi/login_cgi.c:308]--Login ret = 1 ------
[2024-01-31 21:34:50]--[src_cgi/login_cgi.c:171]--redis:[ip=127.0.0.1,port=6379]
[2024-01-31 21:34:50]--[src_cgi/login_cgi.c:195]--tmp = kevin_666747863886805
[2024-01-31 21:34:50]--[src_cgi/login_cgi.c:211]--base64 = rp9m4wmNf+RrRZAnLHIpEx2T87pMdQos
[2024-01-31 21:34:50]--[src_cgi/login_cgi.c:315]--token = adb7e618fb86df8017a4e3673f70db6a
[2024-01-31 21:38:15]--[src_cgi/login_cgi.c:298]--buf = {
    "pwd": "e10adc3949ba59abbe56e057f20f883e",
    "user": "kevin_666"
}

[2024-01-31 21:38:15]--[src_cgi/login_cgi.c:304]--user = kevin_666, pwd = e10adc3949ba59abbe56e057f20f883e
[2024-01-31 21:38:15]--[src_cgi/login_cgi.c:102]--mysql_user = root, mysql_pwd = k916025328, mysql_db = Manager
[2024-01-31 21:38:15]--[src_cgi/login_cgi.c:308]--Login ret = 1 ------
[2024-01-31 21:38:15]--[src_cgi/login_cgi.c:171]--redis:[ip=127.0.0.1,port=6379]
[2024-01-31 21:38:15]--[src_cgi/login_cgi.c:195]--tmp = kevin_666602697252621
[2024-01-31 21:38:15]--[src_cgi/login_cgi.c:211]--base64 = rp9m4wmNf+QK/dyStHteodNWTC5CaPeS
[2024-01-31 21:38:15]--[src_cgi/login_cgi.c:315]--token = 14599d4791708a77365bd860259cc8bd
[2024-01-31 21:39:00]--[src_cgi/login_cgi.c:298]--buf = {
    "pwd": "e10adc3949ba59abbe56e057f20f883e",
    "user": "kevin_666"
}

[2024-01-31 21:39:00]--[src_cgi/login_cgi.c:304]--user = kevin_666, pwd = e10adc3949ba59abbe56e057f20f883e
[2024-01-31 21:39:00]--[src_cgi/login_cgi.c:102]--mysql_user = root, mysql_pwd = k916025328, mysql_db = Manager
[2024-01-31 21:39:00]--[src_cgi/login_cgi.c:308]--Login ret = 1 ------
[2024-01-31 21:39:00]--[src_cgi/login_cgi.c:171]--redis:[ip=127.0.0.1,port=6379]
[2024-01-31 21:39:00]--[src_cgi/login_cgi.c:195]--tmp = kevin_66613523769645
[2024-01-31 21:39:00]--[src_cgi/login_cgi.c:211]--base64 = rp9m4wmNf+QXD88KzeN9uDXjDlHK4aBw
[2024-01-31 21:39:00]--[src_cgi/login_cgi.c:315]--token = b747e62386ee35fc7c012ea1ec0cffac
[2024-01-31 21:46:42]--[src_cgi/login_cgi.c:298]--buf = {
    "pwd": "e10adc3949ba59abbe56e057f20f883e",
    "user": "kevin_666"
}

[2024-01-31 21:46:42]--[src_cgi/login_cgi.c:304]--user = kevin_666, pwd = e10adc3949ba59abbe56e057f20f883e
[2024-01-31 21:46:42]--[src_cgi/login_cgi.c:102]--mysql_user = root, mysql_pwd = k916025328, mysql_db = Manager
[2024-01-31 21:46:42]--[src_cgi/login_cgi.c:308]--Login ret = 1 ------
[2024-01-31 21:46:42]--[src_cgi/login_cgi.c:171]--redis:[ip=127.0.0.1,port=6379]
[2024-01-31 21:46:42]--[src_cgi/login_cgi.c:195]--tmp = kevin_666977799543901
[2024-01-31 21:46:42]--[src_cgi/login_cgi.c:211]--base64 = rp9m4wmNf+RP+OURir9NvJNzfxZFH6fp
[2024-01-31 21:46:42]--[src_cgi/login_cgi.c:315]--token = 1c5d3c3c461a882881fb1ea38d5c277c
[2024-01-31 21:47:35]--[src_cgi/login_cgi.c:298]--buf = {
    "pwd": "e10adc3949ba59abbe56e057f20f883e",
    "user": "kevin_666"
}

[2024-01-31 21:47:35]--[src_cgi/login_cgi.c:304]--user = kevin_666, pwd = e10adc3949ba59abbe56e057f20f883e
[2024-01-31 21:47:35]--[src_cgi/login_cgi.c:102]--mysql_user = root, mysql_pwd = k916025328, mysql_db = Manager
[2024-01-31 21:47:35]--[src_cgi/login_cgi.c:308]--Login ret = 1 ------
[2024-01-31 21:47:35]--[src_cgi/login_cgi.c:171]--redis:[ip=127.0.0.1,port=6379]
[2024-01-31 21:47:35]--[src_cgi/login_cgi.c:195]--tmp = kevin_66661065147900
[2024-01-31 21:47:35]--[src_cgi/login_cgi.c:211]--base64 = rp9m4wmNf+Q30wtq1u8eCuaWf9uNmRx2
[2024-01-31 21:47:35]--[src_cgi/login_cgi.c:315]--token = ab57cf42c22f9b6ba495e9372c0e48bf
[2024-01-31 21:48:51]--[src_cgi/login_cgi.c:298]--buf = {
    "pwd": "e10adc3949ba59abbe56e057f20f883e",
    "user": "kevin_666"
}

[2024-01-31 21:48:51]--[src_cgi/login_cgi.c:304]--user = kevin_666, pwd = e10adc3949ba59abbe56e057f20f883e
[2024-01-31 21:48:51]--[src_cgi/login_cgi.c:102]--mysql_user = root, mysql_pwd = k916025328, mysql_db = Manager
[2024-01-31 21:48:51]--[src_cgi/login_cgi.c:308]--Login ret = 1 ------
[2024-01-31 21:48:51]--[src_cgi/login_cgi.c:171]--redis:[ip=127.0.0.1,port=6379]
[2024-01-31 21:48:51]--[src_cgi/login_cgi.c:195]--tmp = kevin_66624493598927
[2024-01-31 21:48:51]--[src_cgi/login_cgi.c:211]--base64 = rp9m4wmNf+R3aUU1CiVlakMwAvPHf8BX
[2024-01-31 21:48:51]--[src_cgi/login_cgi.c:315]--token = 294c026194b6464e3b6c445fc383da87
[2024-01-31 21:54:23]--[src_cgi/login_cgi.c:298]--buf = {
    "pwd": "e10adc3949ba59abbe56e057f20f883e",
    "user": "kevin_666"
}

[2024-01-31 21:54:23]--[src_cgi/login_cgi.c:304]--user = kevin_666, pwd = e10adc3949ba59abbe56e057f20f883e
[2024-01-31 21:54:23]--[src_cgi/login_cgi.c:102]--mysql_user = root, mysql_pwd = k916025328, mysql_db = Manager
[2024-01-31 21:54:23]--[src_cgi/login_cgi.c:308]--Login ret = 1 ------
[2024-01-31 21:54:23]--[src_cgi/login_cgi.c:171]--redis:[ip=127.0.0.1,port=6379]
[2024-01-31 21:54:23]--[src_cgi/login_cgi.c:195]--tmp = kevin_666648397875129
[2024-01-31 21:54:23]--[src_cgi/login_cgi.c:211]--base64 = rp9m4wmNf+THoUhPoSfNeRji5siFQYLk
[2024-01-31 21:54:23]--[src_cgi/login_cgi.c:315]--token = 4be96e3ba0803ba12266b9edb4d48f5b
[2024-01-31 21:55:37]--[src_cgi/login_cgi.c:298]--buf = {
    "pwd": "e10adc3949ba59abbe56e057f20f883e",
    "user": "kevin_666"
}

[2024-01-31 21:55:37]--[src_cgi/login_cgi.c:304]--user = kevin_666, pwd = e10adc3949ba59abbe56e057f20f883e
[2024-01-31 21:55:37]--[src_cgi/login_cgi.c:102]--mysql_user = root, mysql_pwd = k916025328, mysql_db = Manager
[2024-01-31 21:55:37]--[src_cgi/login_cgi.c:308]--Login ret = 1 ------
[2024-01-31 21:55:37]--[src_cgi/login_cgi.c:171]--redis:[ip=127.0.0.1,port=6379]
[2024-01-31 21:55:37]--[src_cgi/login_cgi.c:195]--tmp = kevin_666902457449101
[2024-01-31 21:55:37]--[src_cgi/login_cgi.c:211]--base64 = rp9m4wmNf+S6zFKcp/9FHYi5ISg2c0bT
[2024-01-31 21:55:37]--[src_cgi/login_cgi.c:315]--token = d873c3080cf8257a148c7fd61ece865e
[2024-01-31 21:57:24]--[src_cgi/login_cgi.c:298]--buf = {
    "pwd": "e10adc3949ba59abbe56e057f20f883e",
    "user": "kevin_666"
}

[2024-01-31 21:57:24]--[src_cgi/login_cgi.c:304]--user = kevin_666, pwd = e10adc3949ba59abbe56e057f20f883e
[2024-01-31 21:57:24]--[src_cgi/login_cgi.c:102]--mysql_user = root, mysql_pwd = k916025328, mysql_db = Manager
[2024-01-31 21:57:24]--[src_cgi/login_cgi.c:308]--Login ret = 1 ------
[2024-01-31 21:57:24]--[src_cgi/login_cgi.c:171]--redis:[ip=127.0.0.1,port=6379]
[2024-01-31 21:57:24]--[src_cgi/login_cgi.c:195]--tmp = kevin_666482628262778
[2024-01-31 21:57:24]--[src_cgi/login_cgi.c:211]--base64 = rp9m4wmNf+RmY/yHiu6Wtsda/Na0EIxW
[2024-01-31 21:57:24]--[src_cgi/login_cgi.c:315]--token = d142c1f5073888ad206654bf4a3648d0
[2024-01-31 21:57:44]--[src_cgi/login_cgi.c:298]--buf = {
    "pwd": "e10adc3949ba59abbe56e057f20f883e",
    "user": "kevin_666"
}

[2024-01-31 21:57:44]--[src_cgi/login_cgi.c:304]--user = kevin_666, pwd = e10adc3949ba59abbe56e057f20f883e
[2024-01-31 21:57:44]--[src_cgi/login_cgi.c:102]--mysql_user = root, mysql_pwd = k916025328, mysql_db = Manager
[2024-01-31 21:57:44]--[src_cgi/login_cgi.c:308]--Login ret = 1 ------
[2024-01-31 21:57:44]--[src_cgi/login_cgi.c:171]--redis:[ip=127.0.0.1,port=6379]
[2024-01-31 21:57:44]--[src_cgi/login_cgi.c:195]--tmp = kevin_666229956275904
[2024-01-31 21:57:44]--[src_cgi/login_cgi.c:211]--base64 = rp9m4wmNf+Q5E6CP0npOErJDOGp3WVRe
[2024-01-31 21:57:44]--[src_cgi/login_cgi.c:315]--token = 8e4aa1aa1af7116b97559ddde1b26e50
[2024-01-31 21:59:45]--[src_cgi/login_cgi.c:298]--buf = {
    "pwd": "e10adc3949ba59abbe56e057f20f883e",
    "user": "kevin_666"
}

[2024-01-31 21:59:45]--[src_cgi/login_cgi.c:304]--user = kevin_666, pwd = e10adc3949ba59abbe56e057f20f883e
[2024-01-31 21:59:45]--[src_cgi/login_cgi.c:102]--mysql_user = root, mysql_pwd = k916025328, mysql_db = Manager
[2024-01-31 21:59:45]--[src_cgi/login_cgi.c:308]--Login ret = 1 ------
[2024-01-31 21:59:45]--[src_cgi/login_cgi.c:171]--redis:[ip=127.0.0.1,port=6379]
[2024-01-31 21:59:45]--[src_cgi/login_cgi.c:195]--tmp = kevin_666183228295393
[2024-01-31 21:59:45]--[src_cgi/login_cgi.c:211]--base64 = rp9m4wmNf+QMWbULERG8of4vURJOuO8c
[2024-01-31 21:59:45]--[src_cgi/login_cgi.c:315]--token = dfc12ceed3368e2bef9296666e81895f
