[2024-01-30 14:44:47]--[src_cgi/login_cgi.c:298]--buf = {
    "pwd": "e10adc3949ba59abbe56e057f20f883e",
    "user": "user"
}

[2024-01-30 14:44:47]--[src_cgi/login_cgi.c:304]--user = user, pwd = e10adc3949ba59abbe56e057f20f883e
[2024-01-30 14:44:47]--[src_cgi/login_cgi.c:102]--mysql_user = root, mysql_pwd = k916025328, mysql_db = Manager
[2024-01-30 14:44:47]--[src_cgi/login_cgi.c:308]--Login ret = -1 ------
[2024-01-30 14:44:53]--[src_cgi/login_cgi.c:298]--buf = {
    "pwd": "e10adc3949ba59abbe56e057f20f883e",
    "user": "user"
}

[2024-01-30 14:44:53]--[src_cgi/login_cgi.c:304]--user = user, pwd = e10adc3949ba59abbe56e057f20f883e
[2024-01-30 14:44:53]--[src_cgi/login_cgi.c:102]--mysql_user = root, mysql_pwd = k916025328, mysql_db = Manager
[2024-01-30 14:44:53]--[src_cgi/login_cgi.c:308]--Login ret = -1 ------
[2024-01-30 14:44:58]--[src_cgi/login_cgi.c:298]--buf = {
    "pwd": "ee11cbb19052e40b07aac0ca060c23ee",
    "user": "user"
}

[2024-01-30 14:44:58]--[src_cgi/login_cgi.c:304]--user = user, pwd = ee11cbb19052e40b07aac0ca060c23ee
[2024-01-30 14:44:58]--[src_cgi/login_cgi.c:102]--mysql_user = root, mysql_pwd = k916025328, mysql_db = Manager
[2024-01-30 14:44:58]--[src_cgi/login_cgi.c:308]--Login ret = -1 ------
[2024-01-30 14:45:48]--[src_cgi/login_cgi.c:298]--buf = {
    "pwd": "ee11cbb19052e40b07aac0ca060c23ee",
    "user": "kevin_666"
}

[2024-01-30 14:45:48]--[src_cgi/login_cgi.c:304]--user = kevin_666, pwd = ee11cbb19052e40b07aac0ca060c23ee
[2024-01-30 14:45:48]--[src_cgi/login_cgi.c:102]--mysql_user = root, mysql_pwd = k916025328, mysql_db = Manager
[2024-01-30 14:45:48]--[src_cgi/login_cgi.c:308]--Login ret = -1 ------
[2024-01-30 14:45:52]--[src_cgi/login_cgi.c:298]--buf = {
    "pwd": "e10adc3949ba59abbe56e057f20f883e",
    "user": "kevin_666"
}

[2024-01-30 14:45:52]--[src_cgi/login_cgi.c:304]--user = kevin_666, pwd = e10adc3949ba59abbe56e057f20f883e
[2024-01-30 14:45:52]--[src_cgi/login_cgi.c:102]--mysql_user = root, mysql_pwd = k916025328, mysql_db = Manager
[2024-01-30 14:45:52]--[src_cgi/login_cgi.c:308]--Login ret = 1 ------
[2024-01-30 14:45:52]--[src_cgi/login_cgi.c:171]--redis:[ip=127.0.0.1,port=6379]
[2024-01-30 14:45:52]--[src_cgi/login_cgi.c:195]--tmp = kevin_666288630312165
[2024-01-30 14:45:52]--[src_cgi/login_cgi.c:211]--base64 = rp9m4wmNf+QmXGsWrw1FIK//NK/Hb1ZG
[2024-01-30 14:45:52]--[src_cgi/login_cgi.c:315]--token = acab2c6d6eff917f36f5a8bf9fee32b0
[2024-01-30 14:49:01]--[src_cgi/login_cgi.c:298]--buf = {
    "pwd": "e10adc3949ba59abbe56e057f20f883e",
    "user": "kevin_666"
}

[2024-01-30 14:49:01]--[src_cgi/login_cgi.c:304]--user = kevin_666, pwd = e10adc3949ba59abbe56e057f20f883e
[2024-01-30 14:49:01]--[src_cgi/login_cgi.c:102]--mysql_user = root, mysql_pwd = k916025328, mysql_db = Manager
[2024-01-30 14:49:01]--[src_cgi/login_cgi.c:308]--Login ret = 1 ------
[2024-01-30 14:49:01]--[src_cgi/login_cgi.c:171]--redis:[ip=127.0.0.1,port=6379]
[2024-01-30 14:49:01]--[src_cgi/login_cgi.c:195]--tmp = kevin_666892740697642
[2024-01-30 14:49:01]--[src_cgi/login_cgi.c:211]--base64 = rp9m4wmNf+QApjneqZaY7M8bgsmEy0Br
[2024-01-30 14:49:01]--[src_cgi/login_cgi.c:315]--token = cb420e361864886b09ba76a9595e9217
[2024-01-30 14:53:34]--[src_cgi/login_cgi.c:298]--buf = {
    "pwd": "3d9188577cc9bfe9291ac66b5cc872b7",
    "user": "kevin_666"
}

[2024-01-30 14:53:34]--[src_cgi/login_cgi.c:304]--user = kevin_666, pwd = 3d9188577cc9bfe9291ac66b5cc872b7
[2024-01-30 14:53:34]--[src_cgi/login_cgi.c:102]--mysql_user = root, mysql_pwd = k916025328, mysql_db = Manager
[2024-01-30 14:53:34]--[src_cgi/login_cgi.c:308]--Login ret = -1 ------
[2024-01-30 14:53:38]--[src_cgi/login_cgi.c:298]--buf = {
    "pwd": "e10adc3949ba59abbe56e057f20f883e",
    "user": "kevin_666"
}

[2024-01-30 14:53:38]--[src_cgi/login_cgi.c:304]--user = kevin_666, pwd = e10adc3949ba59abbe56e057f20f883e
[2024-01-30 14:53:38]--[src_cgi/login_cgi.c:102]--mysql_user = root, mysql_pwd = k916025328, mysql_db = Manager
[2024-01-30 14:53:38]--[src_cgi/login_cgi.c:308]--Login ret = 1 ------
[2024-01-30 14:53:38]--[src_cgi/login_cgi.c:171]--redis:[ip=127.0.0.1,port=6379]
[2024-01-30 14:53:38]--[src_cgi/login_cgi.c:195]--tmp = kevin_666545830708773
[2024-01-30 14:53:38]--[src_cgi/login_cgi.c:211]--base64 = rp9m4wmNf+Q7+rYkGVHUrZUWcd6vW1iH
[2024-01-30 14:53:38]--[src_cgi/login_cgi.c:315]--token = 1f1d467146500c8b9c002b33dd222977
[2024-01-30 15:06:55]--[src_cgi/login_cgi.c:298]--buf = {
    "pwd": "e10adc3949ba59abbe56e057f20f883e",
    "user": "kevin_666"
}

[2024-01-30 15:06:55]--[src_cgi/login_cgi.c:304]--user = kevin_666, pwd = e10adc3949ba59abbe56e057f20f883e
[2024-01-30 15:06:55]--[src_cgi/login_cgi.c:102]--mysql_user = root, mysql_pwd = k916025328, mysql_db = Manager
[2024-01-30 15:06:55]--[src_cgi/login_cgi.c:308]--Login ret = 1 ------
[2024-01-30 15:06:55]--[src_cgi/login_cgi.c:171]--redis:[ip=127.0.0.1,port=6379]
[2024-01-30 15:06:55]--[src_cgi/login_cgi.c:195]--tmp = kevin_6665338278102
[2024-01-30 15:06:55]--[src_cgi/login_cgi.c:211]--base64 = rp9m4wmNf+TPPbUGuZPTfsZXlR78V5E1
[2024-01-30 15:06:55]--[src_cgi/login_cgi.c:315]--token = ac32e8aee53c91aa31826a9cf7fdb7ab
[2024-01-30 15:09:54]--[src_cgi/login_cgi.c:298]--buf = {
    "pwd": "e10adc3949ba59abbe56e057f20f883e",
    "user": "kevin_666"
}

[2024-01-30 15:09:54]--[src_cgi/login_cgi.c:304]--user = kevin_666, pwd = e10adc3949ba59abbe56e057f20f883e
[2024-01-30 15:09:54]--[src_cgi/login_cgi.c:102]--mysql_user = root, mysql_pwd = k916025328, mysql_db = Manager
[2024-01-30 15:09:54]--[src_cgi/login_cgi.c:308]--Login ret = 1 ------
[2024-01-30 15:09:54]--[src_cgi/login_cgi.c:171]--redis:[ip=127.0.0.1,port=6379]
[2024-01-30 15:09:54]--[src_cgi/login_cgi.c:195]--tmp = kevin_666566854832231
[2024-01-30 15:09:54]--[src_cgi/login_cgi.c:211]--base64 = rp9m4wmNf+SPlTiPDI+ozLq5OZhEsJrO
[2024-01-30 15:09:54]--[src_cgi/login_cgi.c:315]--token = 1d6b32354b8fc2824b2d71aa576e87e2
[2024-01-30 15:12:49]--[src_cgi/login_cgi.c:298]--buf = {
    "pwd": "3d9188577cc9bfe9291ac66b5cc872b7",
    "user": "kevin_666"
}

[2024-01-30 15:12:49]--[src_cgi/login_cgi.c:304]--user = kevin_666, pwd = 3d9188577cc9bfe9291ac66b5cc872b7
[2024-01-30 15:12:49]--[src_cgi/login_cgi.c:102]--mysql_user = root, mysql_pwd = k916025328, mysql_db = Manager
[2024-01-30 15:12:49]--[src_cgi/login_cgi.c:308]--Login ret = -1 ------
[2024-01-30 15:12:53]--[src_cgi/login_cgi.c:298]--buf = {
    "pwd": "e10adc3949ba59abbe56e057f20f883e",
    "user": "kevin_666"
}

[2024-01-30 15:12:53]--[src_cgi/login_cgi.c:304]--user = kevin_666, pwd = e10adc3949ba59abbe56e057f20f883e
[2024-01-30 15:12:53]--[src_cgi/login_cgi.c:102]--mysql_user = root, mysql_pwd = k916025328, mysql_db = Manager
[2024-01-30 15:12:53]--[src_cgi/login_cgi.c:308]--Login ret = 1 ------
[2024-01-30 15:12:53]--[src_cgi/login_cgi.c:171]--redis:[ip=127.0.0.1,port=6379]
[2024-01-30 15:12:53]--[src_cgi/login_cgi.c:195]--tmp = kevin_666722623269864
[2024-01-30 15:12:53]--[src_cgi/login_cgi.c:211]--base64 = rp9m4wmNf+RYouX5ymVViCLGgcFGKymA
[2024-01-30 15:12:53]--[src_cgi/login_cgi.c:315]--token = 501c4cc88704df37703aa3799faa784a
[2024-01-30 15:18:08]--[src_cgi/login_cgi.c:298]--buf = {
    "pwd": "e10adc3949ba59abbe56e057f20f883e",
    "user": "kevin_666"
}

[2024-01-30 15:18:08]--[src_cgi/login_cgi.c:304]--user = kevin_666, pwd = e10adc3949ba59abbe56e057f20f883e
[2024-01-30 15:18:08]--[src_cgi/login_cgi.c:102]--mysql_user = root, mysql_pwd = k916025328, mysql_db = Manager
[2024-01-30 15:18:08]--[src_cgi/login_cgi.c:308]--Login ret = 1 ------
[2024-01-30 15:18:08]--[src_cgi/login_cgi.c:171]--redis:[ip=127.0.0.1,port=6379]
[2024-01-30 15:18:08]--[src_cgi/login_cgi.c:195]--tmp = kevin_66635142637788
[2024-01-30 15:18:08]--[src_cgi/login_cgi.c:211]--base64 = rp9m4wmNf+ROSi3DGbTLzaczzJfP0j1r
[2024-01-30 15:18:08]--[src_cgi/login_cgi.c:315]--token = dbc5849f4743a355fae1d0264af46f4b
[2024-01-30 15:20:27]--[src_cgi/login_cgi.c:298]--buf = {
    "pwd": "3d9188577cc9bfe9291ac66b5cc872b7",
    "user": "kevin_666"
}

[2024-01-30 15:20:27]--[src_cgi/login_cgi.c:304]--user = kevin_666, pwd = 3d9188577cc9bfe9291ac66b5cc872b7
[2024-01-30 15:20:27]--[src_cgi/login_cgi.c:102]--mysql_user = root, mysql_pwd = k916025328, mysql_db = Manager
[2024-01-30 15:20:27]--[src_cgi/login_cgi.c:308]--Login ret = -1 ------
[2024-01-30 15:20:31]--[src_cgi/login_cgi.c:298]--buf = {
    "pwd": "e10adc3949ba59abbe56e057f20f883e",
    "user": "kevin_666"
}

[2024-01-30 15:20:31]--[src_cgi/login_cgi.c:304]--user = kevin_666, pwd = e10adc3949ba59abbe56e057f20f883e
[2024-01-30 15:20:31]--[src_cgi/login_cgi.c:102]--mysql_user = root, mysql_pwd = k916025328, mysql_db = Manager
[2024-01-30 15:20:31]--[src_cgi/login_cgi.c:308]--Login ret = 1 ------
[2024-01-30 15:20:31]--[src_cgi/login_cgi.c:171]--redis:[ip=127.0.0.1,port=6379]
[2024-01-30 15:20:31]--[src_cgi/login_cgi.c:195]--tmp = kevin_666630737958104
[2024-01-30 15:20:31]--[src_cgi/login_cgi.c:211]--base64 = rp9m4wmNf+SiiAT1IABt7nh3E6XS/aQs
[2024-01-30 15:20:31]--[src_cgi/login_cgi.c:315]--token = 564349e5ed4c35f853dd06efb4879eda
[2024-01-30 15:22:16]--[src_cgi/login_cgi.c:298]--buf = {
    "pwd": "e10adc3949ba59abbe56e057f20f883e",
    "user": "kevin_666"
}

[2024-01-30 15:22:16]--[src_cgi/login_cgi.c:304]--user = kevin_666, pwd = e10adc3949ba59abbe56e057f20f883e
[2024-01-30 15:22:16]--[src_cgi/login_cgi.c:102]--mysql_user = root, mysql_pwd = k916025328, mysql_db = Manager
[2024-01-30 15:22:16]--[src_cgi/login_cgi.c:308]--Login ret = 1 ------
[2024-01-30 15:22:16]--[src_cgi/login_cgi.c:171]--redis:[ip=127.0.0.1,port=6379]
[2024-01-30 15:22:16]--[src_cgi/login_cgi.c:195]--tmp = kevin_666565181959134
[2024-01-30 15:22:16]--[src_cgi/login_cgi.c:211]--base64 = rp9m4wmNf+Qu84H7tbt9rcb5xh9nsUjR
[2024-01-30 15:22:16]--[src_cgi/login_cgi.c:315]--token = 6f8dfcacca8a5e6391a983a401289af7
[2024-01-30 15:25:50]--[src_cgi/login_cgi.c:298]--buf = {
    "pwd": "e10adc3949ba59abbe56e057f20f883e",
    "user": "kevin_666"
}

[2024-01-30 15:25:50]--[src_cgi/login_cgi.c:304]--user = kevin_666, pwd = e10adc3949ba59abbe56e057f20f883e
[2024-01-30 15:25:50]--[src_cgi/login_cgi.c:102]--mysql_user = root, mysql_pwd = k916025328, mysql_db = Manager
[2024-01-30 15:25:50]--[src_cgi/login_cgi.c:308]--Login ret = 1 ------
[2024-01-30 15:25:50]--[src_cgi/login_cgi.c:171]--redis:[ip=127.0.0.1,port=6379]
[2024-01-30 15:25:50]--[src_cgi/login_cgi.c:195]--tmp = kevin_666895131388543
[2024-01-30 15:25:50]--[src_cgi/login_cgi.c:211]--base64 = rp9m4wmNf+SZ/6tNKAWbS6SOrU2MCoD8
[2024-01-30 15:25:50]--[src_cgi/login_cgi.c:315]--token = 12644943340a87414c42e9b6cca73443
[2024-01-30 15:40:15]--[src_cgi/login_cgi.c:298]--buf = {
    "pwd": "e10adc3949ba59abbe56e057f20f883e",
    "user": "kevin_666"
}

[2024-01-30 15:40:15]--[src_cgi/login_cgi.c:304]--user = kevin_666, pwd = e10adc3949ba59abbe56e057f20f883e
[2024-01-30 15:40:15]--[src_cgi/login_cgi.c:102]--mysql_user = root, mysql_pwd = k916025328, mysql_db = Manager
[2024-01-30 15:40:15]--[src_cgi/login_cgi.c:308]--Login ret = 1 ------
[2024-01-30 15:40:15]--[src_cgi/login_cgi.c:171]--redis:[ip=127.0.0.1,port=6379]
[2024-01-30 15:40:15]--[src_cgi/login_cgi.c:195]--tmp = kevin_666367373388518
[2024-01-30 15:40:15]--[src_cgi/login_cgi.c:211]--base64 = rp9m4wmNf+S2u/OLYGuBc9k0nB17RmxF
[2024-01-30 15:40:15]--[src_cgi/login_cgi.c:315]--token = 064f5f6e040622ef81f729acceb4ef45
[2024-01-30 16:03:50]--[src_cgi/login_cgi.c:298]--buf = {
    "pwd": "e10adc3949ba59abbe56e057f20f883e",
    "user": "kevin_666"
}

[2024-01-30 16:03:50]--[src_cgi/login_cgi.c:304]--user = kevin_666, pwd = e10adc3949ba59abbe56e057f20f883e
[2024-01-30 16:03:50]--[src_cgi/login_cgi.c:102]--mysql_user = root, mysql_pwd = k916025328, mysql_db = Manager
[2024-01-30 16:03:50]--[src_cgi/login_cgi.c:308]--Login ret = 1 ------
[2024-01-30 16:03:50]--[src_cgi/login_cgi.c:171]--redis:[ip=127.0.0.1,port=6379]
[2024-01-30 16:03:50]--[src_cgi/login_cgi.c:195]--tmp = kevin_666520165288201
[2024-01-30 16:03:50]--[src_cgi/login_cgi.c:211]--base64 = rp9m4wmNf+SYmJayvRN9A/gUQCIuJFw2
[2024-01-30 16:03:50]--[src_cgi/login_cgi.c:315]--token = 40dbaf59223b8cfb357c05c19810477e
[2024-01-30 16:07:37]--[src_cgi/login_cgi.c:298]--buf = {
    "pwd": "e10adc3949ba59abbe56e057f20f883e",
    "user": "kevin_666"
}

[2024-01-30 16:07:37]--[src_cgi/login_cgi.c:304]--user = kevin_666, pwd = e10adc3949ba59abbe56e057f20f883e
[2024-01-30 16:07:37]--[src_cgi/login_cgi.c:102]--mysql_user = root, mysql_pwd = k916025328, mysql_db = Manager
[2024-01-30 16:07:37]--[src_cgi/login_cgi.c:308]--Login ret = 1 ------
[2024-01-30 16:07:37]--[src_cgi/login_cgi.c:171]--redis:[ip=127.0.0.1,port=6379]
[2024-01-30 16:07:37]--[src_cgi/login_cgi.c:195]--tmp = kevin_66685082220656
[2024-01-30 16:07:37]--[src_cgi/login_cgi.c:211]--base64 = rp9m4wmNf+RnLsfzsg/in4CftSjx6gEz
[2024-01-30 16:07:37]--[src_cgi/login_cgi.c:315]--token = c0d6b2e84b0448eb012bf6fad0422d49
[2024-01-30 16:09:31]--[src_cgi/login_cgi.c:298]--buf = {
    "pwd": "e10adc3949ba59abbe56e057f20f883e",
    "user": "kevin_666"
}

[2024-01-30 16:09:31]--[src_cgi/login_cgi.c:304]--user = kevin_666, pwd = e10adc3949ba59abbe56e057f20f883e
[2024-01-30 16:09:31]--[src_cgi/login_cgi.c:102]--mysql_user = root, mysql_pwd = k916025328, mysql_db = Manager
[2024-01-30 16:09:31]--[src_cgi/login_cgi.c:308]--Login ret = 1 ------
[2024-01-30 16:09:31]--[src_cgi/login_cgi.c:171]--redis:[ip=127.0.0.1,port=6379]
[2024-01-30 16:09:31]--[src_cgi/login_cgi.c:195]--tmp = kevin_666586487290947
[2024-01-30 16:09:31]--[src_cgi/login_cgi.c:211]--base64 = rp9m4wmNf+Q9rzS8C3PT+3U8aBpmEzDg
[2024-01-30 16:09:31]--[src_cgi/login_cgi.c:315]--token = 4d56d2c96c241b35ed4ded2e224dd4f0
[2024-01-30 16:11:39]--[src_cgi/login_cgi.c:298]--buf = {
    "pwd": "e10adc3949ba59abbe56e057f20f883e",
    "user": "kevin_666"
}

[2024-01-30 16:11:39]--[src_cgi/login_cgi.c:304]--user = kevin_666, pwd = e10adc3949ba59abbe56e057f20f883e
[2024-01-30 16:11:39]--[src_cgi/login_cgi.c:102]--mysql_user = root, mysql_pwd = k916025328, mysql_db = Manager
[2024-01-30 16:11:39]--[src_cgi/login_cgi.c:308]--Login ret = 1 ------
[2024-01-30 16:11:39]--[src_cgi/login_cgi.c:171]--redis:[ip=127.0.0.1,port=6379]
[2024-01-30 16:11:39]--[src_cgi/login_cgi.c:195]--tmp = kevin_6664915074222
[2024-01-30 16:11:39]--[src_cgi/login_cgi.c:211]--base64 = rp9m4wmNf+TESsqhpk8htT1Teodf/J3Z
[2024-01-30 16:11:39]--[src_cgi/login_cgi.c:315]--token = 3cf33ef92fc8be417bcaa6bece63eccb
[2024-01-30 16:21:31]--[src_cgi/login_cgi.c:298]--buf = {
    "pwd": "e10adc3949ba59abbe56e057f20f883e",
    "user": "user"
}

[2024-01-30 16:21:31]--[src_cgi/login_cgi.c:304]--user = user, pwd = e10adc3949ba59abbe56e057f20f883e
[2024-01-30 16:21:31]--[src_cgi/login_cgi.c:102]--mysql_user = root, mysql_pwd = k916025328, mysql_db = Manager
[2024-01-30 16:21:31]--[src_cgi/login_cgi.c:308]--Login ret = -1 ------
[2024-01-30 16:21:58]--[src_cgi/login_cgi.c:298]--buf = {
    "pwd": "e10adc3949ba59abbe56e057f20f883e",
    "user": "customer"
}

[2024-01-30 16:21:58]--[src_cgi/login_cgi.c:304]--user = customer, pwd = e10adc3949ba59abbe56e057f20f883e
[2024-01-30 16:21:58]--[src_cgi/login_cgi.c:102]--mysql_user = root, mysql_pwd = k916025328, mysql_db = Manager
[2024-01-30 16:21:58]--[src_cgi/login_cgi.c:308]--Login ret = 0 ------
[2024-01-30 16:21:58]--[src_cgi/login_cgi.c:171]--redis:[ip=127.0.0.1,port=6379]
[2024-01-30 16:21:58]--[src_cgi/login_cgi.c:195]--tmp = customer57964975766
[2024-01-30 16:21:58]--[src_cgi/login_cgi.c:211]--base64 = E9xM5l6WSWIJTyHRp0H/6Y6FjPyFT2KV
[2024-01-30 16:21:58]--[src_cgi/login_cgi.c:315]--token = c81d712f40c8b9057d9b89ec6e09bc19
[2024-01-30 16:23:10]--[src_cgi/login_cgi.c:298]--buf = {
    "pwd": "e10adc3949ba59abbe56e057f20f883e",
    "user": "customer"
}

[2024-01-30 16:23:10]--[src_cgi/login_cgi.c:304]--user = customer, pwd = e10adc3949ba59abbe56e057f20f883e
[2024-01-30 16:23:10]--[src_cgi/login_cgi.c:102]--mysql_user = root, mysql_pwd = k916025328, mysql_db = Manager
[2024-01-30 16:23:10]--[src_cgi/login_cgi.c:308]--Login ret = 0 ------
[2024-01-30 16:23:10]--[src_cgi/login_cgi.c:171]--redis:[ip=127.0.0.1,port=6379]
[2024-01-30 16:23:10]--[src_cgi/login_cgi.c:195]--tmp = customer498832553184
[2024-01-30 16:23:10]--[src_cgi/login_cgi.c:211]--base64 = E9xM5l6WSWJoRWnSWxuwCWwkF1pLeeQA
[2024-01-30 16:23:10]--[src_cgi/login_cgi.c:315]--token = 218e7077d88c7a5d50c397f5d9072db2
[2024-01-30 16:24:08]--[src_cgi/login_cgi.c:298]--buf = {
    "pwd": "e10adc3949ba59abbe56e057f20f883e",
    "user": "kevin_666"
}

[2024-01-30 16:24:08]--[src_cgi/login_cgi.c:304]--user = kevin_666, pwd = e10adc3949ba59abbe56e057f20f883e
[2024-01-30 16:24:08]--[src_cgi/login_cgi.c:102]--mysql_user = root, mysql_pwd = k916025328, mysql_db = Manager
[2024-01-30 16:24:08]--[src_cgi/login_cgi.c:308]--Login ret = 1 ------
[2024-01-30 16:24:08]--[src_cgi/login_cgi.c:171]--redis:[ip=127.0.0.1,port=6379]
[2024-01-30 16:24:08]--[src_cgi/login_cgi.c:195]--tmp = kevin_66622130992978
[2024-01-30 16:24:08]--[src_cgi/login_cgi.c:211]--base64 = rp9m4wmNf+Sru+BYJ3EgJtxmYVp//FMz
[2024-01-30 16:24:08]--[src_cgi/login_cgi.c:315]--token = 4057a9daf3ccab267ae14d59de89c455
[2024-01-30 16:26:04]--[src_cgi/login_cgi.c:298]--buf = {
    "pwd": "e10adc3949ba59abbe56e057f20f883e",
    "user": "kevin_666"
}

[2024-01-30 16:26:04]--[src_cgi/login_cgi.c:304]--user = kevin_666, pwd = e10adc3949ba59abbe56e057f20f883e
[2024-01-30 16:26:04]--[src_cgi/login_cgi.c:102]--mysql_user = root, mysql_pwd = k916025328, mysql_db = Manager
[2024-01-30 16:26:04]--[src_cgi/login_cgi.c:308]--Login ret = 1 ------
[2024-01-30 16:26:04]--[src_cgi/login_cgi.c:171]--redis:[ip=127.0.0.1,port=6379]
[2024-01-30 16:26:04]--[src_cgi/login_cgi.c:195]--tmp = kevin_66659315712142
[2024-01-30 16:26:04]--[src_cgi/login_cgi.c:211]--base64 = rp9m4wmNf+Tm3Cr01BQrRO0AuyfGFyM7
[2024-01-30 16:26:04]--[src_cgi/login_cgi.c:315]--token = 46bba09bfea5d0e85de1a16b68f4a6f4
[2024-01-30 21:27:28]--[src_cgi/login_cgi.c:298]--buf = {
    "pwd": "e10adc3949ba59abbe56e057f20f883e",
    "user": "kevin_666"
}

[2024-01-30 21:27:28]--[src_cgi/login_cgi.c:304]--user = kevin_666, pwd = e10adc3949ba59abbe56e057f20f883e
[2024-01-30 21:27:28]--[src_cgi/login_cgi.c:102]--mysql_user = root, mysql_pwd = k916025328, mysql_db = Manager
[2024-01-30 21:27:28]--[src_cgi/login_cgi.c:308]--Login ret = 1 ------
[2024-01-30 21:27:28]--[src_cgi/login_cgi.c:171]--redis:[ip=127.0.0.1,port=6379]
[2024-01-30 21:27:28]--[src_cgi/login_cgi.c:195]--tmp = kevin_666812713179686
[2024-01-30 21:27:28]--[src_cgi/login_cgi.c:211]--base64 = rp9m4wmNf+ShKtgSL+G9gGxaC4+QyuId
[2024-01-30 21:27:28]--[src_cgi/login_cgi.c:315]--token = c4e516a2ffdfa50d0cd61859f7930fd0
[2024-01-30 21:58:50]--[src_cgi/login_cgi.c:298]--buf = {
    "pwd": "e10adc3949ba59abbe56e057f20f883e",
    "user": "kevin_666"
}

[2024-01-30 21:58:50]--[src_cgi/login_cgi.c:304]--user = kevin_666, pwd = e10adc3949ba59abbe56e057f20f883e
[2024-01-30 21:58:50]--[src_cgi/login_cgi.c:102]--mysql_user = root, mysql_pwd = k916025328, mysql_db = Manager
[2024-01-30 21:58:50]--[src_cgi/login_cgi.c:308]--Login ret = 1 ------
[2024-01-30 21:58:50]--[src_cgi/login_cgi.c:171]--redis:[ip=127.0.0.1,port=6379]
[2024-01-30 21:58:50]--[src_cgi/login_cgi.c:195]--tmp = kevin_66692937426176
[2024-01-30 21:58:50]--[src_cgi/login_cgi.c:211]--base64 = rp9m4wmNf+TSRMcpvBy1VIfJLmVhSMu4
[2024-01-30 21:58:50]--[src_cgi/login_cgi.c:315]--token = 532ef98ed9951fc52391dfb5cb6b51d6
[2024-01-30 22:07:46]--[src_cgi/login_cgi.c:298]--buf = {
    "pwd": "e10adc3949ba59abbe56e057f20f883e",
    "user": "kevin_666"
}

[2024-01-30 22:07:46]--[src_cgi/login_cgi.c:304]--user = kevin_666, pwd = e10adc3949ba59abbe56e057f20f883e
[2024-01-30 22:07:46]--[src_cgi/login_cgi.c:102]--mysql_user = root, mysql_pwd = k916025328, mysql_db = Manager
[2024-01-30 22:07:46]--[src_cgi/login_cgi.c:308]--Login ret = 1 ------
[2024-01-30 22:07:46]--[src_cgi/login_cgi.c:171]--redis:[ip=127.0.0.1,port=6379]
[2024-01-30 22:07:46]--[src_cgi/login_cgi.c:195]--tmp = kevin_666813553133629
[2024-01-30 22:07:46]--[src_cgi/login_cgi.c:211]--base64 = rp9m4wmNf+TxMQfYVgiN30daRuKb8ej+
[2024-01-30 22:07:46]--[src_cgi/login_cgi.c:315]--token = 42382226166eda93883ab734f76682f8
[2024-01-30 22:13:19]--[src_cgi/login_cgi.c:298]--buf = {
    "pwd": "e10adc3949ba59abbe56e057f20f883e",
    "user": "kevin_666"
}

[2024-01-30 22:13:19]--[src_cgi/login_cgi.c:304]--user = kevin_666, pwd = e10adc3949ba59abbe56e057f20f883e
[2024-01-30 22:13:19]--[src_cgi/login_cgi.c:102]--mysql_user = root, mysql_pwd = k916025328, mysql_db = Manager
[2024-01-30 22:13:19]--[src_cgi/login_cgi.c:308]--Login ret = 1 ------
[2024-01-30 22:13:19]--[src_cgi/login_cgi.c:171]--redis:[ip=127.0.0.1,port=6379]
[2024-01-30 22:13:19]--[src_cgi/login_cgi.c:195]--tmp = kevin_6662397775831
[2024-01-30 22:13:19]--[src_cgi/login_cgi.c:211]--base64 = rp9m4wmNf+TsORbqTS7USfVkwsr9IpVO
[2024-01-30 22:13:19]--[src_cgi/login_cgi.c:315]--token = 6c4a6dbb7764ea67b6107358abee3792
[2024-01-30 22:14:13]--[src_cgi/login_cgi.c:298]--buf = {
    "pwd": "e10adc3949ba59abbe56e057f20f883e",
    "user": "kevin_666"
}

[2024-01-30 22:14:13]--[src_cgi/login_cgi.c:304]--user = kevin_666, pwd = e10adc3949ba59abbe56e057f20f883e
[2024-01-30 22:14:13]--[src_cgi/login_cgi.c:102]--mysql_user = root, mysql_pwd = k916025328, mysql_db = Manager
[2024-01-30 22:14:13]--[src_cgi/login_cgi.c:308]--Login ret = 1 ------
[2024-01-30 22:14:13]--[src_cgi/login_cgi.c:171]--redis:[ip=127.0.0.1,port=6379]
[2024-01-30 22:14:13]--[src_cgi/login_cgi.c:195]--tmp = kevin_666429119889778
[2024-01-30 22:14:13]--[src_cgi/login_cgi.c:211]--base64 = rp9m4wmNf+Rieo/DE4BjENLzl4t5mTRq
[2024-01-30 22:14:13]--[src_cgi/login_cgi.c:315]--token = d5d68fd90fd4741050dc645076817bdd
[2024-01-30 22:22:05]--[src_cgi/login_cgi.c:298]--buf = {
    "pwd": "e10adc3949ba59abbe56e057f20f883e",
    "user": "kevin_666"
}

[2024-01-30 22:22:05]--[src_cgi/login_cgi.c:304]--user = kevin_666, pwd = e10adc3949ba59abbe56e057f20f883e
[2024-01-30 22:22:05]--[src_cgi/login_cgi.c:102]--mysql_user = root, mysql_pwd = k916025328, mysql_db = Manager
[2024-01-30 22:22:05]--[src_cgi/login_cgi.c:308]--Login ret = 1 ------
[2024-01-30 22:22:05]--[src_cgi/login_cgi.c:171]--redis:[ip=127.0.0.1,port=6379]
[2024-01-30 22:22:05]--[src_cgi/login_cgi.c:195]--tmp = kevin_666514699741170
[2024-01-30 22:22:05]--[src_cgi/login_cgi.c:211]--base64 = rp9m4wmNf+Slkv6UB5ymj4sHi+IXw2vT
[2024-01-30 22:22:05]--[src_cgi/login_cgi.c:315]--token = d6b8eb13d7bfbfc43a8bbd0b93991dcb
[2024-01-30 22:32:27]--[src_cgi/login_cgi.c:298]--buf = {
    "pwd": "e10adc3949ba59abbe56e057f20f883e",
    "user": "kevin_666"
}

[2024-01-30 22:32:27]--[src_cgi/login_cgi.c:304]--user = kevin_666, pwd = e10adc3949ba59abbe56e057f20f883e
[2024-01-30 22:32:27]--[src_cgi/login_cgi.c:102]--mysql_user = root, mysql_pwd = k916025328, mysql_db = Manager
[2024-01-30 22:32:27]--[src_cgi/login_cgi.c:308]--Login ret = 1 ------
[2024-01-30 22:32:27]--[src_cgi/login_cgi.c:171]--redis:[ip=127.0.0.1,port=6379]
[2024-01-30 22:32:27]--[src_cgi/login_cgi.c:195]--tmp = kevin_666878429578595
[2024-01-30 22:32:27]--[src_cgi/login_cgi.c:211]--base64 = rp9m4wmNf+R+vYqpllJPGSoJ4xsIVngH
[2024-01-30 22:32:27]--[src_cgi/login_cgi.c:315]--token = e3df5f09d2feaebb3889fe93620c95f9
[2024-01-30 22:46:29]--[src_cgi/login_cgi.c:298]--buf = {
    "pwd": "e10adc3949ba59abbe56e057f20f883e",
    "user": "kevin_666"
}

[2024-01-30 22:46:29]--[src_cgi/login_cgi.c:304]--user = kevin_666, pwd = e10adc3949ba59abbe56e057f20f883e
[2024-01-30 22:46:29]--[src_cgi/login_cgi.c:102]--mysql_user = root, mysql_pwd = k916025328, mysql_db = Manager
[2024-01-30 22:46:29]--[src_cgi/login_cgi.c:308]--Login ret = 1 ------
[2024-01-30 22:46:29]--[src_cgi/login_cgi.c:171]--redis:[ip=127.0.0.1,port=6379]
[2024-01-30 22:46:29]--[src_cgi/login_cgi.c:195]--tmp = kevin_666529361135868
[2024-01-30 22:46:29]--[src_cgi/login_cgi.c:211]--base64 = rp9m4wmNf+QaoIJ0fVu/z4AZRrZWo4jR
[2024-01-30 22:46:29]--[src_cgi/login_cgi.c:315]--token = 9b1c2a9d4c1c0fa5a3bcc1ef53dbcb68
[2024-01-30 22:48:22]--[src_cgi/login_cgi.c:298]--buf = {
    "pwd": "e10adc3949ba59abbe56e057f20f883e",
    "user": "kevin_666"
}

[2024-01-30 22:48:22]--[src_cgi/login_cgi.c:304]--user = kevin_666, pwd = e10adc3949ba59abbe56e057f20f883e
[2024-01-30 22:48:22]--[src_cgi/login_cgi.c:102]--mysql_user = root, mysql_pwd = k916025328, mysql_db = Manager
[2024-01-30 22:48:22]--[src_cgi/login_cgi.c:308]--Login ret = 1 ------
[2024-01-30 22:48:22]--[src_cgi/login_cgi.c:171]--redis:[ip=127.0.0.1,port=6379]
[2024-01-30 22:48:22]--[src_cgi/login_cgi.c:195]--tmp = kevin_666819494143966
[2024-01-30 22:48:22]--[src_cgi/login_cgi.c:211]--base64 = rp9m4wmNf+SWmOQPPPoX0NVRjeGaFLPk
[2024-01-30 22:48:22]--[src_cgi/login_cgi.c:315]--token = d60f309409faa9529376602250529221
[2024-01-30 22:49:03]--[src_cgi/login_cgi.c:298]--buf = {
    "pwd": "e10adc3949ba59abbe56e057f20f883e",
    "user": "kevin_666"
}

[2024-01-30 22:49:03]--[src_cgi/login_cgi.c:304]--user = kevin_666, pwd = e10adc3949ba59abbe56e057f20f883e
[2024-01-30 22:49:03]--[src_cgi/login_cgi.c:102]--mysql_user = root, mysql_pwd = k916025328, mysql_db = Manager
[2024-01-30 22:49:03]--[src_cgi/login_cgi.c:308]--Login ret = 1 ------
[2024-01-30 22:49:03]--[src_cgi/login_cgi.c:171]--redis:[ip=127.0.0.1,port=6379]
[2024-01-30 22:49:03]--[src_cgi/login_cgi.c:195]--tmp = kevin_666515628705722
[2024-01-30 22:49:03]--[src_cgi/login_cgi.c:211]--base64 = rp9m4wmNf+Qes9mjytFW51XdI4elO2Db
[2024-01-30 22:49:03]--[src_cgi/login_cgi.c:315]--token = 5ae77fedb7e5a775836ac944a055cc3a
[2024-01-30 22:52:32]--[src_cgi/login_cgi.c:298]--buf = {
    "pwd": "e10adc3949ba59abbe56e057f20f883e",
    "user": "kevin_666"
}

[2024-01-30 22:52:32]--[src_cgi/login_cgi.c:304]--user = kevin_666, pwd = e10adc3949ba59abbe56e057f20f883e
[2024-01-30 22:52:32]--[src_cgi/login_cgi.c:102]--mysql_user = root, mysql_pwd = k916025328, mysql_db = Manager
[2024-01-30 22:52:32]--[src_cgi/login_cgi.c:308]--Login ret = 1 ------
[2024-01-30 22:52:32]--[src_cgi/login_cgi.c:171]--redis:[ip=127.0.0.1,port=6379]
[2024-01-30 22:52:32]--[src_cgi/login_cgi.c:195]--tmp = kevin_666285702500363
[2024-01-30 22:52:32]--[src_cgi/login_cgi.c:211]--base64 = rp9m4wmNf+RoA3n7zabDC7AUhpSunPiq
[2024-01-30 22:52:32]--[src_cgi/login_cgi.c:315]--token = 9b0ab27559cb95ba4d9e3fbf4a39ae3f
[2024-01-30 22:54:54]--[src_cgi/login_cgi.c:298]--buf = {
    "pwd": "e10adc3949ba59abbe56e057f20f883e",
    "user": "kevin_666"
}

[2024-01-30 22:54:54]--[src_cgi/login_cgi.c:304]--user = kevin_666, pwd = e10adc3949ba59abbe56e057f20f883e
[2024-01-30 22:54:54]--[src_cgi/login_cgi.c:102]--mysql_user = root, mysql_pwd = k916025328, mysql_db = Manager
[2024-01-30 22:54:54]--[src_cgi/login_cgi.c:308]--Login ret = 1 ------
[2024-01-30 22:54:54]--[src_cgi/login_cgi.c:171]--redis:[ip=127.0.0.1,port=6379]
[2024-01-30 22:54:54]--[src_cgi/login_cgi.c:195]--tmp = kevin_666993890581899
[2024-01-30 22:54:54]--[src_cgi/login_cgi.c:211]--base64 = rp9m4wmNf+SjJaq3iKjW1YI5sxookkq0
[2024-01-30 22:54:54]--[src_cgi/login_cgi.c:315]--token = a617a2b4607ed86d36bd4149e1d9f9b3
[2024-01-30 22:56:59]--[src_cgi/login_cgi.c:298]--buf = {
    "pwd": "e10adc3949ba59abbe56e057f20f883e",
    "user": "kevin_666"
}

[2024-01-30 22:56:59]--[src_cgi/login_cgi.c:304]--user = kevin_666, pwd = e10adc3949ba59abbe56e057f20f883e
[2024-01-30 22:56:59]--[src_cgi/login_cgi.c:102]--mysql_user = root, mysql_pwd = k916025328, mysql_db = Manager
[2024-01-30 22:56:59]--[src_cgi/login_cgi.c:308]--Login ret = 1 ------
[2024-01-30 22:56:59]--[src_cgi/login_cgi.c:171]--redis:[ip=127.0.0.1,port=6379]
[2024-01-30 22:56:59]--[src_cgi/login_cgi.c:195]--tmp = kevin_666622454608974
[2024-01-30 22:56:59]--[src_cgi/login_cgi.c:211]--base64 = rp9m4wmNf+QPdkl487YcdgLEQGUDAfFl
[2024-01-30 22:56:59]--[src_cgi/login_cgi.c:315]--token = 20f8d9cc54d895cd72e8a8c531f35f26
[2024-01-30 22:57:36]--[src_cgi/login_cgi.c:298]--buf = {
    "pwd": "e10adc3949ba59abbe56e057f20f883e",
    "user": "kevin_666"
}

[2024-01-30 22:57:36]--[src_cgi/login_cgi.c:304]--user = kevin_666, pwd = e10adc3949ba59abbe56e057f20f883e
[2024-01-30 22:57:36]--[src_cgi/login_cgi.c:102]--mysql_user = root, mysql_pwd = k916025328, mysql_db = Manager
[2024-01-30 22:57:36]--[src_cgi/login_cgi.c:308]--Login ret = 1 ------
[2024-01-30 22:57:36]--[src_cgi/login_cgi.c:171]--redis:[ip=127.0.0.1,port=6379]
[2024-01-30 22:57:36]--[src_cgi/login_cgi.c:195]--tmp = kevin_666853706364736
[2024-01-30 22:57:36]--[src_cgi/login_cgi.c:211]--base64 = rp9m4wmNf+Ss79sd5L7TZZP1E7lQNjFj
[2024-01-30 22:57:36]--[src_cgi/login_cgi.c:315]--token = 4b03d3a3e5b011f57fec560e49105e4f
[2024-01-30 22:59:07]--[src_cgi/login_cgi.c:298]--buf = {
    "pwd": "e10adc3949ba59abbe56e057f20f883e",
    "user": "kevin_666"
}

[2024-01-30 22:59:07]--[src_cgi/login_cgi.c:304]--user = kevin_666, pwd = e10adc3949ba59abbe56e057f20f883e
[2024-01-30 22:59:07]--[src_cgi/login_cgi.c:102]--mysql_user = root, mysql_pwd = k916025328, mysql_db = Manager
[2024-01-30 22:59:07]--[src_cgi/login_cgi.c:308]--Login ret = 1 ------
[2024-01-30 22:59:07]--[src_cgi/login_cgi.c:171]--redis:[ip=127.0.0.1,port=6379]
[2024-01-30 22:59:07]--[src_cgi/login_cgi.c:195]--tmp = kevin_66624529444930
[2024-01-30 22:59:07]--[src_cgi/login_cgi.c:211]--base64 = rp9m4wmNf+RNHNXPouC0uuU1Umgwu6Ih
[2024-01-30 22:59:07]--[src_cgi/login_cgi.c:315]--token = 73bbc45995029c7e5fe904d187af1286
