[2024-01-31 21:18:34]--[src_cgi/ReportForms.c:676]--cmd = ReportFormCount
[2024-01-31 21:18:34]--[src_cgi/ReportForms.c:708]--buf = {
    "token": "d8b9b9c0e65b68318ca2fc42d7d6c278",
    "user": "kevin_666"
}

[2024-01-31 21:18:34]--[src_cgi/ReportForms.c:159]--line = 1
[2024-01-31 21:18:34]--[src_cgi/ReportForms.c:676]--cmd = ReportFormNormal
[2024-01-31 21:18:34]--[src_cgi/ReportForms.c:708]--buf = {
    "count": 1,
    "start": 0,
    "token": "d8b9b9c0e65b68318ca2fc42d7d6c278",
    "user": "kevin_666"
}

[2024-01-31 21:18:34]--[src_cgi/ReportForms.c:723]--user = kevin_666, token = d8b9b9c0e65b68318ca2fc42d7d6c278, start = 0, count = 1
[2024-01-31 21:18:34]--[src_cgi/ReportForms.c:542]--SELECT * FROM ReportForms limit 0,1 
 在操作
[2024-01-31 21:18:34]--[src_cgi/ReportForms.c:610]--{
	"ReportForms":	[{
			"OrderID":	1,
			"CustomerName":	"customer",
			"SubscriptionDate":	"2024-01-30 19:44:58",
			"DeliveryDate":	"2024-01-31 19:45:02",
			"IsSuccess":	"true"
		}]
}
[2024-01-31 21:22:17]--[src_cgi/ReportForms.c:676]--cmd = ReportFormCount
[2024-01-31 21:22:17]--[src_cgi/ReportForms.c:708]--buf = {
    "token": "cb4e9ae46343257fc6e67777f80012a7",
    "user": "kevin_666"
}

[2024-01-31 21:22:17]--[src_cgi/ReportForms.c:159]--line = 1
[2024-01-31 21:22:17]--[src_cgi/ReportForms.c:676]--cmd = ReportFormNormal
[2024-01-31 21:22:17]--[src_cgi/ReportForms.c:708]--buf = {
    "count": 1,
    "start": 0,
    "token": "cb4e9ae46343257fc6e67777f80012a7",
    "user": "kevin_666"
}

[2024-01-31 21:22:17]--[src_cgi/ReportForms.c:723]--user = kevin_666, token = cb4e9ae46343257fc6e67777f80012a7, start = 0, count = 1
[2024-01-31 21:22:17]--[src_cgi/ReportForms.c:542]--SELECT * FROM ReportForms limit 0,1 
 在操作
[2024-01-31 21:22:17]--[src_cgi/ReportForms.c:610]--{
	"ReportForms":	[{
			"OrderID":	1,
			"CustomerName":	"customer",
			"SubscriptionDate":	"2024-01-30 19:44:58",
			"DeliveryDate":	"2024-01-31 21:21:20",
			"IsSuccess":	"false"
		}]
}
[2024-01-31 21:22:37]--[src_cgi/ReportForms.c:676]--cmd = ReportFormUpdate
[2024-01-31 21:22:37]--[src_cgi/ReportForms.c:708]--buf = {
    "DeliveryDate": "2024-01-30 19:44:58",
    "IsSuccess": "true",
    "wares_id": 1
}

[2024-01-31 21:22:37]--[src_cgi/ReportForms.c:443]--cJSON_GetObjectItem err
[2024-01-31 21:23:06]--[src_cgi/ReportForms.c:676]--cmd = ReportFormUpdate
[2024-01-31 21:23:06]--[src_cgi/ReportForms.c:708]--buf = {
    "DeliveryDate": "customer",
    "IsSuccess": "2024-01-30 19:44:58",
    "wares_id": 1
}

[2024-01-31 21:23:06]--[src_cgi/ReportForms.c:443]--cJSON_GetObjectItem err
[2024-01-31 21:31:51]--[src_cgi/ReportForms.c:676]--cmd = ReportFormCount
[2024-01-31 21:31:51]--[src_cgi/ReportForms.c:708]--buf = {
    "token": "a0400eec94355b46d19db516b439716e",
    "user": "kevin_666"
}

[2024-01-31 21:31:51]--[src_cgi/ReportForms.c:159]--line = 1
[2024-01-31 21:31:51]--[src_cgi/ReportForms.c:676]--cmd = ReportFormNormal
[2024-01-31 21:31:51]--[src_cgi/ReportForms.c:708]--buf = {
    "count": 1,
    "start": 0,
    "token": "a0400eec94355b46d19db516b439716e",
    "user": "kevin_666"
}

[2024-01-31 21:31:51]--[src_cgi/ReportForms.c:723]--user = kevin_666, token = a0400eec94355b46d19db516b439716e, start = 0, count = 1
[2024-01-31 21:31:51]--[src_cgi/ReportForms.c:542]--SELECT * FROM ReportForms limit 0,1 
 在操作
[2024-01-31 21:31:51]--[src_cgi/ReportForms.c:610]--{
	"ReportForms":	[{
			"OrderID":	1,
			"CustomerName":	"customer",
			"SubscriptionDate":	"2024-01-30 19:44:58",
			"DeliveryDate":	"2024-01-31 21:21:20",
			"IsSuccess":	"false"
		}]
}
[2024-01-31 21:32:06]--[src_cgi/ReportForms.c:676]--cmd = ReportFormUpdate
[2024-01-31 21:32:06]--[src_cgi/ReportForms.c:708]--buf = {
    "DeliveryDate": "2024-01-30 19:44:58",
    "IsSuccess": "true"
}

[2024-01-31 21:32:06]--[src_cgi/ReportForms.c:443]--cJSON_GetObjectItem err
[2024-01-31 21:34:50]--[src_cgi/ReportForms.c:676]--cmd = ReportFormCount
[2024-01-31 21:34:50]--[src_cgi/ReportForms.c:708]--buf = {
    "token": "adb7e618fb86df8017a4e3673f70db6a",
    "user": "kevin_666"
}

[2024-01-31 21:34:50]--[src_cgi/ReportForms.c:159]--line = 1
[2024-01-31 21:34:50]--[src_cgi/ReportForms.c:676]--cmd = ReportFormNormal
[2024-01-31 21:34:50]--[src_cgi/ReportForms.c:708]--buf = {
    "count": 1,
    "start": 0,
    "token": "adb7e618fb86df8017a4e3673f70db6a",
    "user": "kevin_666"
}

[2024-01-31 21:34:50]--[src_cgi/ReportForms.c:723]--user = kevin_666, token = adb7e618fb86df8017a4e3673f70db6a, start = 0, count = 1
[2024-01-31 21:34:50]--[src_cgi/ReportForms.c:542]--SELECT * FROM ReportForms limit 0,1 
 在操作
[2024-01-31 21:34:50]--[src_cgi/ReportForms.c:610]--{
	"ReportForms":	[{
			"OrderID":	1,
			"CustomerName":	"customer",
			"SubscriptionDate":	"2024-01-30 19:44:58",
			"DeliveryDate":	"2024-01-31 21:21:20",
			"IsSuccess":	"false"
		}]
}
[2024-01-31 21:34:58]--[src_cgi/ReportForms.c:676]--cmd = ReportFormUpdate
[2024-01-31 21:34:58]--[src_cgi/ReportForms.c:708]--buf = {
    "DeliveryDate": "2024-01-30 19:44:58",
    "IsSuccess": "true"
}

[2024-01-31 21:34:58]--[src_cgi/ReportForms.c:443]--cJSON_GetObjectItem err
[2024-01-31 21:38:16]--[src_cgi/ReportForms.c:676]--cmd = ReportFormCount
[2024-01-31 21:38:16]--[src_cgi/ReportForms.c:708]--buf = {
    "token": "14599d4791708a77365bd860259cc8bd",
    "user": "kevin_666"
}

[2024-01-31 21:38:16]--[src_cgi/ReportForms.c:159]--line = 1
[2024-01-31 21:38:16]--[src_cgi/ReportForms.c:676]--cmd = ReportFormNormal
[2024-01-31 21:38:16]--[src_cgi/ReportForms.c:708]--buf = {
    "count": 1,
    "start": 0,
    "token": "14599d4791708a77365bd860259cc8bd",
    "user": "kevin_666"
}

[2024-01-31 21:38:16]--[src_cgi/ReportForms.c:723]--user = kevin_666, token = 14599d4791708a77365bd860259cc8bd, start = 0, count = 1
[2024-01-31 21:38:16]--[src_cgi/ReportForms.c:542]--SELECT * FROM ReportForms limit 0,1 
 在操作
[2024-01-31 21:38:16]--[src_cgi/ReportForms.c:610]--{
	"ReportForms":	[{
			"OrderID":	1,
			"CustomerName":	"customer",
			"SubscriptionDate":	"2024-01-30 19:44:58",
			"DeliveryDate":	"2024-01-31 21:21:20",
			"IsSuccess":	"false"
		}]
}
[2024-01-31 21:38:25]--[src_cgi/ReportForms.c:676]--cmd = ReportFormUpdate
[2024-01-31 21:38:25]--[src_cgi/ReportForms.c:708]--buf = {
    "DeliveryDate": "2024-01-30 19:44:58",
    "IsSuccess": "true"
}

[2024-01-31 21:38:25]--[src_cgi/ReportForms.c:443]--cJSON_GetObjectItem err
[2024-01-31 21:39:00]--[src_cgi/ReportForms.c:676]--cmd = ReportFormCount
[2024-01-31 21:39:00]--[src_cgi/ReportForms.c:708]--buf = {
    "token": "b747e62386ee35fc7c012ea1ec0cffac",
    "user": "kevin_666"
}

[2024-01-31 21:39:00]--[src_cgi/ReportForms.c:159]--line = 1
[2024-01-31 21:39:00]--[src_cgi/ReportForms.c:676]--cmd = ReportFormNormal
[2024-01-31 21:39:00]--[src_cgi/ReportForms.c:708]--buf = {
    "count": 1,
    "start": 0,
    "token": "b747e62386ee35fc7c012ea1ec0cffac",
    "user": "kevin_666"
}

[2024-01-31 21:39:00]--[src_cgi/ReportForms.c:723]--user = kevin_666, token = b747e62386ee35fc7c012ea1ec0cffac, start = 0, count = 1
[2024-01-31 21:39:00]--[src_cgi/ReportForms.c:542]--SELECT * FROM ReportForms limit 0,1 
 在操作
[2024-01-31 21:39:00]--[src_cgi/ReportForms.c:610]--{
	"ReportForms":	[{
			"OrderID":	1,
			"CustomerName":	"customer",
			"SubscriptionDate":	"2024-01-30 19:44:58",
			"DeliveryDate":	"2024-01-31 21:21:20",
			"IsSuccess":	"false"
		}]
}
[2024-01-31 21:39:13]--[src_cgi/ReportForms.c:676]--cmd = ReportFormUpdate
[2024-01-31 21:39:13]--[src_cgi/ReportForms.c:708]--buf = {
    "CustomerName": "customer",
    "DeliveryDate": "2024-01-30 19:44:58",
    "IsSuccess": "true",
    "OrderID": 1
}

[2024-01-31 21:39:13]--[src_cgi/ReportForms.c:486]--OrderID = 1, DeliveryDate = ,IsSuccess = true[2024-01-31 21:39:13]--[src_cgi/ReportForms.c:500]--UPDATE ReportForms SET DeliveryDate = '',IsSuccess = 'true' WHERE OrderID = 1 更新失败
[2024-01-31 21:46:42]--[src_cgi/ReportForms.c:676]--cmd = ReportFormCount
[2024-01-31 21:46:42]--[src_cgi/ReportForms.c:708]--buf = {
    "token": "1c5d3c3c461a882881fb1ea38d5c277c",
    "user": "kevin_666"
}

[2024-01-31 21:46:42]--[src_cgi/ReportForms.c:159]--line = 0
[2024-01-31 21:47:35]--[src_cgi/ReportForms.c:676]--cmd = ReportFormCount
[2024-01-31 21:47:35]--[src_cgi/ReportForms.c:708]--buf = {
    "token": "ab57cf42c22f9b6ba495e9372c0e48bf",
    "user": "kevin_666"
}

[2024-01-31 21:47:35]--[src_cgi/ReportForms.c:159]--line = 1
[2024-01-31 21:47:35]--[src_cgi/ReportForms.c:676]--cmd = ReportFormNormal
[2024-01-31 21:47:35]--[src_cgi/ReportForms.c:708]--buf = {
    "count": 1,
    "start": 0,
    "token": "ab57cf42c22f9b6ba495e9372c0e48bf",
    "user": "kevin_666"
}

[2024-01-31 21:47:35]--[src_cgi/ReportForms.c:723]--user = kevin_666, token = ab57cf42c22f9b6ba495e9372c0e48bf, start = 0, count = 1
[2024-01-31 21:47:35]--[src_cgi/ReportForms.c:542]--SELECT * FROM ReportForms limit 0,1 
 在操作
[2024-01-31 21:47:35]--[src_cgi/ReportForms.c:610]--{
	"ReportForms":	[{
			"OrderID":	1,
			"CustomerName":	"customer",
			"SubscriptionDate":	"2024-01-30 19:44:58",
			"DeliveryDate":	"2024-01-30 19:44:58",
			"IsSuccess":	"false"
		}]
}
[2024-01-31 21:47:52]--[src_cgi/ReportForms.c:676]--cmd = ReportFormUpdate
[2024-01-31 21:47:52]--[src_cgi/ReportForms.c:708]--buf = {
    "CustomerName": "customer",
    "DeliveryDate": "2024-01-31 19:44:58",
    "IsSuccess": "true",
    "OrderID": 1
}

[2024-01-31 21:47:52]--[src_cgi/ReportForms.c:486]--OrderID = 1, DeliveryDate = ,IsSuccess = true[2024-01-31 21:47:52]--[src_cgi/ReportForms.c:504]--affected 1 rows
[2024-01-31 21:47:53]--[src_cgi/ReportForms.c:676]--cmd = ReportFormCount
[2024-01-31 21:47:53]--[src_cgi/ReportForms.c:708]--buf = {
    "token": "ab57cf42c22f9b6ba495e9372c0e48bf",
    "user": "kevin_666"
}

[2024-01-31 21:47:53]--[src_cgi/ReportForms.c:159]--line = 1
[2024-01-31 21:47:53]--[src_cgi/ReportForms.c:676]--cmd = ReportFormNormal
[2024-01-31 21:47:53]--[src_cgi/ReportForms.c:708]--buf = {
    "count": 1,
    "start": 0,
    "token": "ab57cf42c22f9b6ba495e9372c0e48bf",
    "user": "kevin_666"
}

[2024-01-31 21:47:53]--[src_cgi/ReportForms.c:723]--user = kevin_666, token = ab57cf42c22f9b6ba495e9372c0e48bf, start = 0, count = 1
[2024-01-31 21:47:53]--[src_cgi/ReportForms.c:542]--SELECT * FROM ReportForms limit 0,1 
 在操作
[2024-01-31 21:47:53]--[src_cgi/ReportForms.c:610]--{
	"ReportForms":	[{
			"OrderID":	1,
			"CustomerName":	"customer",
			"SubscriptionDate":	"2024-01-30 19:44:58",
			"DeliveryDate":	"",
			"IsSuccess":	"true"
		}]
}
[2024-01-31 21:48:51]--[src_cgi/ReportForms.c:676]--cmd = ReportFormCount
[2024-01-31 21:48:51]--[src_cgi/ReportForms.c:708]--buf = {
    "token": "294c026194b6464e3b6c445fc383da87",
    "user": "kevin_666"
}

[2024-01-31 21:48:51]--[src_cgi/ReportForms.c:159]--line = 1
[2024-01-31 21:48:51]--[src_cgi/ReportForms.c:676]--cmd = ReportFormNormal
[2024-01-31 21:48:51]--[src_cgi/ReportForms.c:708]--buf = {
    "count": 1,
    "start": 0,
    "token": "294c026194b6464e3b6c445fc383da87",
    "user": "kevin_666"
}

[2024-01-31 21:48:51]--[src_cgi/ReportForms.c:723]--user = kevin_666, token = 294c026194b6464e3b6c445fc383da87, start = 0, count = 1
[2024-01-31 21:48:51]--[src_cgi/ReportForms.c:542]--SELECT * FROM ReportForms limit 0,1 
 在操作
[2024-01-31 21:48:51]--[src_cgi/ReportForms.c:610]--{
	"ReportForms":	[{
			"OrderID":	1,
			"CustomerName":	"customer",
			"SubscriptionDate":	"2024-01-30 19:44:58",
			"DeliveryDate":	"",
			"IsSuccess":	"true"
		}]
}
[2024-01-31 21:54:23]--[src_cgi/ReportForms.c:676]--cmd = ReportFormCount
[2024-01-31 21:54:23]--[src_cgi/ReportForms.c:708]--buf = {
    "token": "4be96e3ba0803ba12266b9edb4d48f5b",
    "user": "kevin_666"
}

[2024-01-31 21:54:23]--[src_cgi/ReportForms.c:159]--line = 1
[2024-01-31 21:54:23]--[src_cgi/ReportForms.c:676]--cmd = ReportFormNormal
[2024-01-31 21:54:23]--[src_cgi/ReportForms.c:708]--buf = {
    "count": 1,
    "start": 0,
    "token": "4be96e3ba0803ba12266b9edb4d48f5b",
    "user": "kevin_666"
}

[2024-01-31 21:54:23]--[src_cgi/ReportForms.c:723]--user = kevin_666, token = 4be96e3ba0803ba12266b9edb4d48f5b, start = 0, count = 1
[2024-01-31 21:54:23]--[src_cgi/ReportForms.c:542]--SELECT * FROM ReportForms limit 0,1 
 在操作
[2024-01-31 21:54:23]--[src_cgi/ReportForms.c:610]--{
	"ReportForms":	[{
			"OrderID":	1,
			"CustomerName":	"customer",
			"SubscriptionDate":	"2024-01-30 19:44:58",
			"DeliveryDate":	"",
			"IsSuccess":	"true"
		}]
}
[2024-01-31 21:55:38]--[src_cgi/ReportForms.c:676]--cmd = ReportFormCount
[2024-01-31 21:55:38]--[src_cgi/ReportForms.c:708]--buf = {
    "token": "d873c3080cf8257a148c7fd61ece865e",
    "user": "kevin_666"
}

[2024-01-31 21:55:38]--[src_cgi/ReportForms.c:159]--line = 1
[2024-01-31 21:55:38]--[src_cgi/ReportForms.c:676]--cmd = ReportFormNormal
[2024-01-31 21:55:38]--[src_cgi/ReportForms.c:708]--buf = {
    "count": 1,
    "start": 0,
    "token": "d873c3080cf8257a148c7fd61ece865e",
    "user": "kevin_666"
}

[2024-01-31 21:55:38]--[src_cgi/ReportForms.c:723]--user = kevin_666, token = d873c3080cf8257a148c7fd61ece865e, start = 0, count = 1
[2024-01-31 21:55:38]--[src_cgi/ReportForms.c:542]--SELECT * FROM ReportForms limit 0,1 
 在操作
[2024-01-31 21:55:38]--[src_cgi/ReportForms.c:610]--{
	"ReportForms":	[{
			"OrderID":	1,
			"CustomerName":	"customer",
			"SubscriptionDate":	"2024-01-30 19:44:58",
			"DeliveryDate":	"",
			"IsSuccess":	"true"
		}]
}
[2024-01-31 21:57:24]--[src_cgi/ReportForms.c:676]--cmd = ReportFormCount
[2024-01-31 21:57:24]--[src_cgi/ReportForms.c:708]--buf = {
    "token": "d142c1f5073888ad206654bf4a3648d0",
    "user": "kevin_666"
}

[2024-01-31 21:57:24]--[src_cgi/ReportForms.c:159]--line = 1
[2024-01-31 21:57:24]--[src_cgi/ReportForms.c:676]--cmd = ReportFormNormal
[2024-01-31 21:57:24]--[src_cgi/ReportForms.c:708]--buf = {
    "count": 1,
    "start": 0,
    "token": "d142c1f5073888ad206654bf4a3648d0",
    "user": "kevin_666"
}

[2024-01-31 21:57:24]--[src_cgi/ReportForms.c:723]--user = kevin_666, token = d142c1f5073888ad206654bf4a3648d0, start = 0, count = 1
[2024-01-31 21:57:24]--[src_cgi/ReportForms.c:542]--SELECT * FROM ReportForms limit 0,1 
 在操作
[2024-01-31 21:57:24]--[src_cgi/ReportForms.c:610]--{
	"ReportForms":	[{
			"OrderID":	1,
			"CustomerName":	"customer",
			"SubscriptionDate":	"2024-01-30 19:44:58",
			"DeliveryDate":	"",
			"IsSuccess":	"true"
		}]
}
[2024-01-31 21:57:45]--[src_cgi/ReportForms.c:676]--cmd = ReportFormCount
[2024-01-31 21:57:45]--[src_cgi/ReportForms.c:708]--buf = {
    "token": "8e4aa1aa1af7116b97559ddde1b26e50",
    "user": "kevin_666"
}

[2024-01-31 21:57:45]--[src_cgi/ReportForms.c:159]--line = 1
[2024-01-31 21:57:45]--[src_cgi/ReportForms.c:676]--cmd = ReportFormNormal
[2024-01-31 21:57:45]--[src_cgi/ReportForms.c:708]--buf = {
    "count": 1,
    "start": 0,
    "token": "8e4aa1aa1af7116b97559ddde1b26e50",
    "user": "kevin_666"
}

[2024-01-31 21:57:45]--[src_cgi/ReportForms.c:723]--user = kevin_666, token = 8e4aa1aa1af7116b97559ddde1b26e50, start = 0, count = 1
[2024-01-31 21:57:45]--[src_cgi/ReportForms.c:542]--SELECT * FROM ReportForms limit 0,1 
 在操作
[2024-01-31 21:57:45]--[src_cgi/ReportForms.c:610]--{
	"ReportForms":	[{
			"OrderID":	1,
			"CustomerName":	"customer",
			"SubscriptionDate":	"2024-01-30 19:44:58",
			"DeliveryDate":	"",
			"IsSuccess":	"true"
		}]
}
[2024-01-31 21:59:45]--[src_cgi/ReportForms.c:676]--cmd = ReportFormCount
[2024-01-31 21:59:45]--[src_cgi/ReportForms.c:708]--buf = {
    "token": "dfc12ceed3368e2bef9296666e81895f",
    "user": "kevin_666"
}

[2024-01-31 21:59:45]--[src_cgi/ReportForms.c:159]--line = 1
[2024-01-31 21:59:45]--[src_cgi/ReportForms.c:676]--cmd = ReportFormNormal
[2024-01-31 21:59:45]--[src_cgi/ReportForms.c:708]--buf = {
    "count": 1,
    "start": 0,
    "token": "dfc12ceed3368e2bef9296666e81895f",
    "user": "kevin_666"
}

[2024-01-31 21:59:45]--[src_cgi/ReportForms.c:723]--user = kevin_666, token = dfc12ceed3368e2bef9296666e81895f, start = 0, count = 1
[2024-01-31 21:59:45]--[src_cgi/ReportForms.c:542]--SELECT * FROM ReportForms limit 0,1 
 在操作
[2024-01-31 21:59:45]--[src_cgi/ReportForms.c:610]--{
	"ReportForms":	[{
			"OrderID":	1,
			"CustomerName":	"customer",
			"SubscriptionDate":	"2024-01-30 19:44:58",
			"DeliveryDate":	"",
			"IsSuccess":	"true"
		}]
}
