[2023-12-27 10:10:23]--[src_cgi/login_cgi.c:298]--buf = {
    "pwd": "e10adc3949ba59abbe56e057f20f883e",
    "user": "kevin_666"
}

[2023-12-27 10:10:23]--[src_cgi/login_cgi.c:304]--user = kevin_666, pwd = e10adc3949ba59abbe56e057f20f883e
[2023-12-27 10:10:23]--[src_cgi/login_cgi.c:102]--mysql_user = root, mysql_pwd = k916025328, mysql_db = Manager
[2023-12-27 10:10:23]--[src_cgi/login_cgi.c:308]--Login ret = 1 ------
[2023-12-27 10:10:23]--[src_cgi/login_cgi.c:171]--redis:[ip=127.0.0.1,port=6379]
[2023-12-27 10:10:23]--[src_cgi/login_cgi.c:195]--tmp = kevin_666385669602854
[2023-12-27 10:10:23]--[src_cgi/login_cgi.c:211]--base64 = rp9m4wmNf+R6aogArrz6SnAi8rtpHBrg
[2023-12-27 10:10:23]--[src_cgi/login_cgi.c:315]--token = 2f7f4793d79e4245ed7f4f58979d788d
[2023-12-27 10:17:38]--[src_cgi/login_cgi.c:298]--buf = {
    "pwd": "e10adc3949ba59abbe56e057f20f883e",
    "user": "kevin_666"
}

[2023-12-27 10:17:38]--[src_cgi/login_cgi.c:304]--user = kevin_666, pwd = e10adc3949ba59abbe56e057f20f883e
[2023-12-27 10:17:38]--[src_cgi/login_cgi.c:102]--mysql_user = root, mysql_pwd = k916025328, mysql_db = Manager
[2023-12-27 10:17:38]--[src_cgi/login_cgi.c:308]--Login ret = 1 ------
[2023-12-27 10:17:38]--[src_cgi/login_cgi.c:171]--redis:[ip=127.0.0.1,port=6379]
[2023-12-27 10:17:38]--[src_cgi/login_cgi.c:195]--tmp = kevin_66665999996366
[2023-12-27 10:17:38]--[src_cgi/login_cgi.c:211]--base64 = rp9m4wmNf+TQ1UlPP02LVT1Jf4jebrwS
[2023-12-27 10:17:38]--[src_cgi/login_cgi.c:315]--token = 12b9a69bf34d47115a393031302b0940
[2023-12-27 10:19:26]--[src_cgi/login_cgi.c:298]--buf = {
    "pwd": "e10adc3949ba59abbe56e057f20f883e",
    "user": "kevin_666"
}

[2023-12-27 10:19:26]--[src_cgi/login_cgi.c:304]--user = kevin_666, pwd = e10adc3949ba59abbe56e057f20f883e
[2023-12-27 10:19:26]--[src_cgi/login_cgi.c:102]--mysql_user = root, mysql_pwd = k916025328, mysql_db = Manager
[2023-12-27 10:19:26]--[src_cgi/login_cgi.c:308]--Login ret = 1 ------
[2023-12-27 10:19:26]--[src_cgi/login_cgi.c:171]--redis:[ip=127.0.0.1,port=6379]
[2023-12-27 10:19:26]--[src_cgi/login_cgi.c:195]--tmp = kevin_666696439486637
[2023-12-27 10:19:26]--[src_cgi/login_cgi.c:211]--base64 = rp9m4wmNf+Q4fQLFMgM78qNvG/nLyFzZ
[2023-12-27 10:19:26]--[src_cgi/login_cgi.c:315]--token = 261d562842b61e20bc1ba26bcec9e67e
[2023-12-27 10:54:08]--[src_cgi/login_cgi.c:298]--buf = {
    "pwd": "e10adc3949ba59abbe56e057f20f883e",
    "user": "kevin_666"
}

[2023-12-27 10:54:08]--[src_cgi/login_cgi.c:304]--user = kevin_666, pwd = e10adc3949ba59abbe56e057f20f883e
[2023-12-27 10:54:08]--[src_cgi/login_cgi.c:102]--mysql_user = root, mysql_pwd = k916025328, mysql_db = Manager
[2023-12-27 10:54:08]--[src_cgi/login_cgi.c:308]--Login ret = 1 ------
[2023-12-27 10:54:08]--[src_cgi/login_cgi.c:171]--redis:[ip=127.0.0.1,port=6379]
[2023-12-27 10:54:08]--[src_cgi/login_cgi.c:195]--tmp = kevin_666181154230238
[2023-12-27 10:54:08]--[src_cgi/login_cgi.c:211]--base64 = rp9m4wmNf+QjnFNYGdZoj1psIlSRK87Q
[2023-12-27 10:54:08]--[src_cgi/login_cgi.c:315]--token = 5cd53b79ad642e6213f05c960b05f8b6
[2023-12-27 10:56:18]--[src_cgi/login_cgi.c:298]--buf = {
    "pwd": "e10adc3949ba59abbe56e057f20f883e",
    "user": "kevin_666"
}

[2023-12-27 10:56:18]--[src_cgi/login_cgi.c:304]--user = kevin_666, pwd = e10adc3949ba59abbe56e057f20f883e
[2023-12-27 10:56:18]--[src_cgi/login_cgi.c:102]--mysql_user = root, mysql_pwd = k916025328, mysql_db = Manager
[2023-12-27 10:56:18]--[src_cgi/login_cgi.c:308]--Login ret = 1 ------
[2023-12-27 10:56:18]--[src_cgi/login_cgi.c:171]--redis:[ip=127.0.0.1,port=6379]
[2023-12-27 10:56:18]--[src_cgi/login_cgi.c:195]--tmp = kevin_66652661724947
[2023-12-27 10:56:18]--[src_cgi/login_cgi.c:211]--base64 = rp9m4wmNf+SpUMwjiM2yN9lYMhajIQxO
[2023-12-27 10:56:18]--[src_cgi/login_cgi.c:315]--token = ac17745ef5ac623dc5824c943e10aae5
[2023-12-27 10:56:36]--[src_cgi/login_cgi.c:298]--buf = {
    "pwd": "e10adc3949ba59abbe56e057f20f883e",
    "user": "kevin_666"
}

[2023-12-27 10:56:36]--[src_cgi/login_cgi.c:304]--user = kevin_666, pwd = e10adc3949ba59abbe56e057f20f883e
[2023-12-27 10:56:36]--[src_cgi/login_cgi.c:102]--mysql_user = root, mysql_pwd = k916025328, mysql_db = Manager
[2023-12-27 10:56:36]--[src_cgi/login_cgi.c:308]--Login ret = 1 ------
[2023-12-27 10:56:36]--[src_cgi/login_cgi.c:171]--redis:[ip=127.0.0.1,port=6379]
[2023-12-27 10:56:36]--[src_cgi/login_cgi.c:195]--tmp = kevin_666808149605734
[2023-12-27 10:56:36]--[src_cgi/login_cgi.c:211]--base64 = rp9m4wmNf+QXbjYbT5F2NrUJ88AdPZJE
[2023-12-27 10:56:36]--[src_cgi/login_cgi.c:315]--token = 452e94298f5146a1e055a09d8df1ce1a
[2023-12-27 10:58:04]--[src_cgi/login_cgi.c:298]--buf = {
    "pwd": "e10adc3949ba59abbe56e057f20f883e",
    "user": "kevin_666"
}

[2023-12-27 10:58:04]--[src_cgi/login_cgi.c:304]--user = kevin_666, pwd = e10adc3949ba59abbe56e057f20f883e
[2023-12-27 10:58:04]--[src_cgi/login_cgi.c:102]--mysql_user = root, mysql_pwd = k916025328, mysql_db = Manager
[2023-12-27 10:58:04]--[src_cgi/login_cgi.c:308]--Login ret = 1 ------
[2023-12-27 10:58:04]--[src_cgi/login_cgi.c:171]--redis:[ip=127.0.0.1,port=6379]
[2023-12-27 10:58:04]--[src_cgi/login_cgi.c:195]--tmp = kevin_666361831581145
[2023-12-27 10:58:04]--[src_cgi/login_cgi.c:211]--base64 = rp9m4wmNf+QKWWDHgxrBKiGIsUY+ZP4Z
[2023-12-27 10:58:04]--[src_cgi/login_cgi.c:315]--token = 924dac8285a12bed9ba9bb4e55a05fae
[2023-12-27 10:59:32]--[src_cgi/login_cgi.c:298]--buf = {
    "pwd": "e10adc3949ba59abbe56e057f20f883e",
    "user": "kevin_666"
}

[2023-12-27 10:59:32]--[src_cgi/login_cgi.c:304]--user = kevin_666, pwd = e10adc3949ba59abbe56e057f20f883e
[2023-12-27 10:59:32]--[src_cgi/login_cgi.c:102]--mysql_user = root, mysql_pwd = k916025328, mysql_db = Manager
[2023-12-27 10:59:32]--[src_cgi/login_cgi.c:308]--Login ret = 1 ------
[2023-12-27 10:59:32]--[src_cgi/login_cgi.c:171]--redis:[ip=127.0.0.1,port=6379]
[2023-12-27 10:59:32]--[src_cgi/login_cgi.c:195]--tmp = kevin_666995980436190
[2023-12-27 10:59:32]--[src_cgi/login_cgi.c:211]--base64 = rp9m4wmNf+RL5pxJtjJlpd0O5jYxwEgw
[2023-12-27 10:59:32]--[src_cgi/login_cgi.c:315]--token = 5eb17be649bc8f06ade46db41067f2d8
[2023-12-27 11:00:22]--[src_cgi/login_cgi.c:298]--buf = {
    "pwd": "e10adc3949ba59abbe56e057f20f883e",
    "user": "kevin_666"
}

[2023-12-27 11:00:22]--[src_cgi/login_cgi.c:304]--user = kevin_666, pwd = e10adc3949ba59abbe56e057f20f883e
[2023-12-27 11:00:22]--[src_cgi/login_cgi.c:102]--mysql_user = root, mysql_pwd = k916025328, mysql_db = Manager
[2023-12-27 11:00:22]--[src_cgi/login_cgi.c:308]--Login ret = 1 ------
[2023-12-27 11:00:22]--[src_cgi/login_cgi.c:171]--redis:[ip=127.0.0.1,port=6379]
[2023-12-27 11:00:22]--[src_cgi/login_cgi.c:195]--tmp = kevin_666572502389801
[2023-12-27 11:00:22]--[src_cgi/login_cgi.c:211]--base64 = rp9m4wmNf+TtaAnwC8baby345pFEjocA
[2023-12-27 11:00:22]--[src_cgi/login_cgi.c:315]--token = 56b88a08fbfcb7c6555f70bcbc383c2a
[2023-12-27 11:14:19]--[src_cgi/login_cgi.c:298]--buf = {
    "pwd": "e10adc3949ba59abbe56e057f20f883e",
    "user": "kevin_666"
}

[2023-12-27 11:14:19]--[src_cgi/login_cgi.c:304]--user = kevin_666, pwd = e10adc3949ba59abbe56e057f20f883e
[2023-12-27 11:14:19]--[src_cgi/login_cgi.c:102]--mysql_user = root, mysql_pwd = k916025328, mysql_db = Manager
[2023-12-27 11:14:19]--[src_cgi/login_cgi.c:308]--Login ret = 1 ------
[2023-12-27 11:14:19]--[src_cgi/login_cgi.c:171]--redis:[ip=127.0.0.1,port=6379]
[2023-12-27 11:14:19]--[src_cgi/login_cgi.c:195]--tmp = kevin_666684416918294
[2023-12-27 11:14:19]--[src_cgi/login_cgi.c:211]--base64 = rp9m4wmNf+R1b2Bwky6enhhVXRXx66O3
[2023-12-27 11:14:19]--[src_cgi/login_cgi.c:315]--token = f510c051bcf2fbd14ca8c2f1c349166f
[2023-12-27 11:14:59]--[src_cgi/login_cgi.c:298]--buf = {
    "pwd": "e10adc3949ba59abbe56e057f20f883e",
    "user": "kevin_666"
}

[2023-12-27 11:14:59]--[src_cgi/login_cgi.c:304]--user = kevin_666, pwd = e10adc3949ba59abbe56e057f20f883e
[2023-12-27 11:14:59]--[src_cgi/login_cgi.c:102]--mysql_user = root, mysql_pwd = k916025328, mysql_db = Manager
[2023-12-27 11:14:59]--[src_cgi/login_cgi.c:308]--Login ret = 1 ------
[2023-12-27 11:14:59]--[src_cgi/login_cgi.c:171]--redis:[ip=127.0.0.1,port=6379]
[2023-12-27 11:14:59]--[src_cgi/login_cgi.c:195]--tmp = kevin_6662864853718
[2023-12-27 11:14:59]--[src_cgi/login_cgi.c:211]--base64 = rp9m4wmNf+SpUdEeyjDW09RByE/2HDxx
[2023-12-27 11:14:59]--[src_cgi/login_cgi.c:315]--token = 936c9414dad9eb122d8687c4a29f6d0a
[2023-12-27 11:17:48]--[src_cgi/login_cgi.c:298]--buf = {
    "pwd": "e10adc3949ba59abbe56e057f20f883e",
    "user": "kevin_666"
}

[2023-12-27 11:17:48]--[src_cgi/login_cgi.c:304]--user = kevin_666, pwd = e10adc3949ba59abbe56e057f20f883e
[2023-12-27 11:17:48]--[src_cgi/login_cgi.c:102]--mysql_user = root, mysql_pwd = k916025328, mysql_db = Manager
[2023-12-27 11:17:48]--[src_cgi/login_cgi.c:308]--Login ret = 1 ------
[2023-12-27 11:17:48]--[src_cgi/login_cgi.c:171]--redis:[ip=127.0.0.1,port=6379]
[2023-12-27 11:17:48]--[src_cgi/login_cgi.c:195]--tmp = kevin_6663075435396
[2023-12-27 11:17:48]--[src_cgi/login_cgi.c:211]--base64 = rp9m4wmNf+QNrQX7Nl7U+qxkoeF5kNmd
[2023-12-27 11:17:48]--[src_cgi/login_cgi.c:315]--token = 88b35f65da67aee682611646cb7e83a9
[2023-12-27 11:20:01]--[src_cgi/login_cgi.c:298]--buf = {
    "pwd": "e10adc3949ba59abbe56e057f20f883e",
    "user": "kevin_666"
}

[2023-12-27 11:20:01]--[src_cgi/login_cgi.c:304]--user = kevin_666, pwd = e10adc3949ba59abbe56e057f20f883e
[2023-12-27 11:20:01]--[src_cgi/login_cgi.c:102]--mysql_user = root, mysql_pwd = k916025328, mysql_db = Manager
[2023-12-27 11:20:01]--[src_cgi/login_cgi.c:308]--Login ret = 1 ------
[2023-12-27 11:20:01]--[src_cgi/login_cgi.c:171]--redis:[ip=127.0.0.1,port=6379]
[2023-12-27 11:20:01]--[src_cgi/login_cgi.c:195]--tmp = kevin_666410231940101
[2023-12-27 11:20:01]--[src_cgi/login_cgi.c:211]--base64 = rp9m4wmNf+SrUumfP+rCPDWvJodjP21P
[2023-12-27 11:20:01]--[src_cgi/login_cgi.c:315]--token = 1fa83774cc650f40ad9919ad03c7a432
[2023-12-27 11:23:59]--[src_cgi/login_cgi.c:298]--buf = {
    "pwd": "e10adc3949ba59abbe56e057f20f883e",
    "user": "kevin_666"
}

[2023-12-27 11:23:59]--[src_cgi/login_cgi.c:304]--user = kevin_666, pwd = e10adc3949ba59abbe56e057f20f883e
[2023-12-27 11:23:59]--[src_cgi/login_cgi.c:102]--mysql_user = root, mysql_pwd = k916025328, mysql_db = Manager
[2023-12-27 11:23:59]--[src_cgi/login_cgi.c:308]--Login ret = 1 ------
[2023-12-27 11:23:59]--[src_cgi/login_cgi.c:171]--redis:[ip=127.0.0.1,port=6379]
[2023-12-27 11:23:59]--[src_cgi/login_cgi.c:195]--tmp = kevin_666840471267586
[2023-12-27 11:23:59]--[src_cgi/login_cgi.c:211]--base64 = rp9m4wmNf+TCJELxUEhq7Q7pgCf9zbNq
[2023-12-27 11:23:59]--[src_cgi/login_cgi.c:315]--token = 8c6e11856b747ed84514a427c4aed511
[2023-12-27 11:26:37]--[src_cgi/login_cgi.c:298]--buf = {
    "pwd": "e10adc3949ba59abbe56e057f20f883e",
    "user": "kevin_666"
}

[2023-12-27 11:26:37]--[src_cgi/login_cgi.c:304]--user = kevin_666, pwd = e10adc3949ba59abbe56e057f20f883e
[2023-12-27 11:26:37]--[src_cgi/login_cgi.c:102]--mysql_user = root, mysql_pwd = k916025328, mysql_db = Manager
[2023-12-27 11:26:37]--[src_cgi/login_cgi.c:308]--Login ret = 1 ------
[2023-12-27 11:26:37]--[src_cgi/login_cgi.c:171]--redis:[ip=127.0.0.1,port=6379]
[2023-12-27 11:26:37]--[src_cgi/login_cgi.c:195]--tmp = kevin_666862198268729
[2023-12-27 11:26:37]--[src_cgi/login_cgi.c:211]--base64 = rp9m4wmNf+Qddi9kAzo0yDQsBnaToDil
[2023-12-27 11:26:37]--[src_cgi/login_cgi.c:315]--token = 140684d2592a753e373588a05e3f4b51
[2023-12-27 11:27:34]--[src_cgi/login_cgi.c:298]--buf = {
    "pwd": "e10adc3949ba59abbe56e057f20f883e",
    "user": "kevin_666"
}

[2023-12-27 11:27:34]--[src_cgi/login_cgi.c:304]--user = kevin_666, pwd = e10adc3949ba59abbe56e057f20f883e
[2023-12-27 11:27:34]--[src_cgi/login_cgi.c:102]--mysql_user = root, mysql_pwd = k916025328, mysql_db = Manager
[2023-12-27 11:27:34]--[src_cgi/login_cgi.c:308]--Login ret = 1 ------
[2023-12-27 11:27:34]--[src_cgi/login_cgi.c:171]--redis:[ip=127.0.0.1,port=6379]
[2023-12-27 11:27:34]--[src_cgi/login_cgi.c:195]--tmp = kevin_666706578248850
[2023-12-27 11:27:34]--[src_cgi/login_cgi.c:211]--base64 = rp9m4wmNf+RTkZkou3VgMpWGNgGYY/Sx
[2023-12-27 11:27:34]--[src_cgi/login_cgi.c:315]--token = ee64176a1084c3fa7a8b8b95cb9c29de
[2023-12-27 11:31:57]--[src_cgi/login_cgi.c:298]--buf = {
    "pwd": "e10adc3949ba59abbe56e057f20f883e",
    "user": "kevin_666"
}

[2023-12-27 11:31:57]--[src_cgi/login_cgi.c:304]--user = kevin_666, pwd = e10adc3949ba59abbe56e057f20f883e
[2023-12-27 11:31:57]--[src_cgi/login_cgi.c:102]--mysql_user = root, mysql_pwd = k916025328, mysql_db = Manager
[2023-12-27 11:31:57]--[src_cgi/login_cgi.c:308]--Login ret = 1 ------
[2023-12-27 11:31:57]--[src_cgi/login_cgi.c:171]--redis:[ip=127.0.0.1,port=6379]
[2023-12-27 11:31:57]--[src_cgi/login_cgi.c:195]--tmp = kevin_666520531495695
[2023-12-27 11:31:57]--[src_cgi/login_cgi.c:211]--base64 = rp9m4wmNf+Th+lcnY/mtzV9xWlEqM+c3
[2023-12-27 11:31:57]--[src_cgi/login_cgi.c:315]--token = 69449a0e2c1f835d8b02185243d47c0a
[2023-12-27 15:21:58]--[src_cgi/login_cgi.c:298]--buf = {
    "pwd": "e10adc3949ba59abbe56e057f20f883e",
    "user": "kevin_666"
}

[2023-12-27 15:21:58]--[src_cgi/login_cgi.c:304]--user = kevin_666, pwd = e10adc3949ba59abbe56e057f20f883e
[2023-12-27 15:21:58]--[src_cgi/login_cgi.c:102]--mysql_user = root, mysql_pwd = k916025328, mysql_db = Manager
[2023-12-27 15:21:58]--[src_cgi/login_cgi.c:308]--Login ret = 1 ------
[2023-12-27 15:21:58]--[src_cgi/login_cgi.c:171]--redis:[ip=127.0.0.1,port=6379]
[2023-12-27 15:21:58]--[src_cgi/login_cgi.c:195]--tmp = kevin_666729274135617
[2023-12-27 15:21:58]--[src_cgi/login_cgi.c:211]--base64 = rp9m4wmNf+R4wiPIs0PdvgVQWuBUgSBO
[2023-12-27 15:21:58]--[src_cgi/login_cgi.c:315]--token = dfd43ae496121cea097dace4b16e105e
