[2023-12-14 14:06:24]--[src_cgi/login_cgi.c:298]--buf = {
    "pwd": "e10adc3949ba59abbe56e057f20f883e",
    "user": "user"
}

[2023-12-14 14:06:24]--[src_cgi/login_cgi.c:304]--user = user, pwd = e10adc3949ba59abbe56e057f20f883e
[2023-12-14 14:06:24]--[src_cgi/login_cgi.c:102]--mysql_user = root, mysql_pwd = k916025328, mysql_db = Manager
[2023-12-14 14:06:24]--[src_cgi/login_cgi.c:308]--Login ret = 0 ------
[2023-12-14 14:06:24]--[src_cgi/login_cgi.c:171]--redis:[ip=127.0.0.1,port=6379]
[2023-12-14 14:06:24]--[src_cgi/login_cgi.c:195]--tmp = user368587534895
[2023-12-14 14:06:24]--[src_cgi/login_cgi.c:211]--base64 = 1KpOVJ7Av49zGyVDzu/sUi0ZxLNK7pNJ
[2023-12-14 14:06:24]--[src_cgi/login_cgi.c:315]--token = 5ce9faead89982dc57043f1311696acb
[2023-12-14 15:13:16]--[src_cgi/login_cgi.c:298]--buf = {
    "pwd": "3d9188577cc9bfe9291ac66b5cc872b7",
    "user": "user"
}

[2023-12-14 15:13:16]--[src_cgi/login_cgi.c:304]--user = user, pwd = 3d9188577cc9bfe9291ac66b5cc872b7
[2023-12-14 15:13:16]--[src_cgi/login_cgi.c:102]--mysql_user = root, mysql_pwd = k916025328, mysql_db = Manager
[2023-12-14 15:13:16]--[src_cgi/login_cgi.c:308]--Login ret = -1 ------
[2023-12-14 15:13:21]--[src_cgi/login_cgi.c:298]--buf = {
    "pwd": "e10adc3949ba59abbe56e057f20f883e",
    "user": "user"
}

[2023-12-14 15:13:21]--[src_cgi/login_cgi.c:304]--user = user, pwd = e10adc3949ba59abbe56e057f20f883e
[2023-12-14 15:13:21]--[src_cgi/login_cgi.c:102]--mysql_user = root, mysql_pwd = k916025328, mysql_db = Manager
[2023-12-14 15:13:21]--[src_cgi/login_cgi.c:308]--Login ret = 0 ------
[2023-12-14 15:13:21]--[src_cgi/login_cgi.c:171]--redis:[ip=127.0.0.1,port=6379]
[2023-12-14 15:13:21]--[src_cgi/login_cgi.c:195]--tmp = user670871892583
[2023-12-14 15:13:21]--[src_cgi/login_cgi.c:211]--base64 = 6u3DGRLTYJXrTXSL+smE9C0ZxLNK7pNJ
[2023-12-14 15:13:21]--[src_cgi/login_cgi.c:315]--token = 5f3052ae6e895cb97f67c2c78173ce62
[2023-12-14 15:14:32]--[src_cgi/login_cgi.c:298]--buf = {
    "pwd": "e10adc3949ba59abbe56e057f20f883e",
    "user": "user"
}

[2023-12-14 15:14:32]--[src_cgi/login_cgi.c:304]--user = user, pwd = e10adc3949ba59abbe56e057f20f883e
[2023-12-14 15:14:32]--[src_cgi/login_cgi.c:102]--mysql_user = root, mysql_pwd = k916025328, mysql_db = Manager
[2023-12-14 15:14:32]--[src_cgi/login_cgi.c:308]--Login ret = 0 ------
[2023-12-14 15:14:32]--[src_cgi/login_cgi.c:171]--redis:[ip=127.0.0.1,port=6379]
[2023-12-14 15:14:32]--[src_cgi/login_cgi.c:195]--tmp = user49992740931
[2023-12-14 15:14:32]--[src_cgi/login_cgi.c:211]--base64 = qyLz9o3dwebeRNfaVBD/ng==
[2023-12-14 15:14:32]--[src_cgi/login_cgi.c:315]--token = d936a3da849a221ef59a39dd099b974c
[2023-12-14 15:15:25]--[src_cgi/login_cgi.c:298]--buf = {
    "pwd": "e10adc3949ba59abbe56e057f20f883e",
    "user": "user"
}

[2023-12-14 15:15:25]--[src_cgi/login_cgi.c:304]--user = user, pwd = e10adc3949ba59abbe56e057f20f883e
[2023-12-14 15:15:25]--[src_cgi/login_cgi.c:102]--mysql_user = root, mysql_pwd = k916025328, mysql_db = Manager
[2023-12-14 15:15:25]--[src_cgi/login_cgi.c:308]--Login ret = 0 ------
[2023-12-14 15:15:25]--[src_cgi/login_cgi.c:171]--redis:[ip=127.0.0.1,port=6379]
[2023-12-14 15:15:25]--[src_cgi/login_cgi.c:195]--tmp = user932347840513
[2023-12-14 15:15:25]--[src_cgi/login_cgi.c:211]--base64 = vGRSQXZEQxW2bXe7ojsGMy0ZxLNK7pNJ
[2023-12-14 15:15:25]--[src_cgi/login_cgi.c:315]--token = fe02dd233c21bf11c773dd45cdc81e2c
[2023-12-14 15:18:59]--[src_cgi/login_cgi.c:298]--buf = {
    "pwd": "e10adc3949ba59abbe56e057f20f883e",
    "user": "user"
}

[2023-12-14 15:18:59]--[src_cgi/login_cgi.c:304]--user = user, pwd = e10adc3949ba59abbe56e057f20f883e
[2023-12-14 15:18:59]--[src_cgi/login_cgi.c:102]--mysql_user = root, mysql_pwd = k916025328, mysql_db = Manager
[2023-12-14 15:18:59]--[src_cgi/login_cgi.c:308]--Login ret = 0 ------
[2023-12-14 15:18:59]--[src_cgi/login_cgi.c:171]--redis:[ip=127.0.0.1,port=6379]
[2023-12-14 15:18:59]--[src_cgi/login_cgi.c:195]--tmp = user8915141713
[2023-12-14 15:18:59]--[src_cgi/login_cgi.c:211]--base64 = 4qtsbSa9+KyfpxnhJBzm8g==
[2023-12-14 15:18:59]--[src_cgi/login_cgi.c:315]--token = e28d6a41bef31082b4890972c92c50b5
[2023-12-14 15:35:28]--[src_cgi/login_cgi.c:298]--buf = {
    "pwd": "e10adc3949ba59abbe56e057f20f883e",
    "user": "user"
}

[2023-12-14 15:35:28]--[src_cgi/login_cgi.c:304]--user = user, pwd = e10adc3949ba59abbe56e057f20f883e
[2023-12-14 15:35:28]--[src_cgi/login_cgi.c:102]--mysql_user = root, mysql_pwd = k916025328, mysql_db = Manager
[2023-12-14 15:35:28]--[src_cgi/login_cgi.c:308]--Login ret = 0 ------
[2023-12-14 15:35:28]--[src_cgi/login_cgi.c:171]--redis:[ip=127.0.0.1,port=6379]
[2023-12-14 15:35:28]--[src_cgi/login_cgi.c:195]--tmp = user940852109283
[2023-12-14 15:35:28]--[src_cgi/login_cgi.c:211]--base64 = L4WPuI2kvP4hDwr7VkQehi0ZxLNK7pNJ
[2023-12-14 15:35:28]--[src_cgi/login_cgi.c:315]--token = 9a0bc255fe54513778282b42e65b58ea
[2023-12-14 15:43:58]--[src_cgi/login_cgi.c:298]--buf = {
    "pwd": "e10adc3949ba59abbe56e057f20f883e",
    "user": "user"
}

[2023-12-14 15:43:58]--[src_cgi/login_cgi.c:304]--user = user, pwd = e10adc3949ba59abbe56e057f20f883e
[2023-12-14 15:43:58]--[src_cgi/login_cgi.c:102]--mysql_user = root, mysql_pwd = k916025328, mysql_db = Manager
[2023-12-14 15:43:58]--[src_cgi/login_cgi.c:308]--Login ret = 0 ------
[2023-12-14 15:43:58]--[src_cgi/login_cgi.c:171]--redis:[ip=127.0.0.1,port=6379]
[2023-12-14 15:43:58]--[src_cgi/login_cgi.c:195]--tmp = user495955830769
[2023-12-14 15:43:58]--[src_cgi/login_cgi.c:211]--base64 = NlywW7ZgKpMszoWFVJrBby0ZxLNK7pNJ
[2023-12-14 15:43:58]--[src_cgi/login_cgi.c:315]--token = 5da54d53f65172b58c753d4d77cf75ba
[2023-12-14 20:46:29]--[src_cgi/login_cgi.c:298]--buf = {
    "pwd": "e10adc3949ba59abbe56e057f20f883e",
    "user": "customer"
}

[2023-12-14 20:46:29]--[src_cgi/login_cgi.c:304]--user = customer, pwd = e10adc3949ba59abbe56e057f20f883e
[2023-12-14 20:46:29]--[src_cgi/login_cgi.c:102]--mysql_user = root, mysql_pwd = k916025328, mysql_db = Manager
[2023-12-14 20:46:29]--[src_cgi/login_cgi.c:308]--Login ret = 0 ------
[2023-12-14 20:46:29]--[src_cgi/login_cgi.c:171]--redis:[ip=127.0.0.1,port=6379]
[2023-12-14 20:46:29]--[src_cgi/login_cgi.c:195]--tmp = customer684575944917
[2023-12-14 20:46:29]--[src_cgi/login_cgi.c:211]--base64 = E9xM5l6WSWKBsrWfE/VeHvcv2rxMf26U
[2023-12-14 20:46:29]--[src_cgi/login_cgi.c:315]--token = 407309464de890505ac6e55c78c2d541
[2023-12-14 20:55:21]--[src_cgi/login_cgi.c:298]--buf = {
    "pwd": "e10adc3949ba59abbe56e057f20f883e",
    "user": "customer"
}

[2023-12-14 20:55:21]--[src_cgi/login_cgi.c:304]--user = customer, pwd = e10adc3949ba59abbe56e057f20f883e
[2023-12-14 20:55:21]--[src_cgi/login_cgi.c:102]--mysql_user = root, mysql_pwd = k916025328, mysql_db = Manager
[2023-12-14 20:55:21]--[src_cgi/login_cgi.c:308]--Login ret = 0 ------
[2023-12-14 20:55:21]--[src_cgi/login_cgi.c:171]--redis:[ip=127.0.0.1,port=6379]
[2023-12-14 20:55:21]--[src_cgi/login_cgi.c:195]--tmp = customer292526552392
[2023-12-14 20:55:21]--[src_cgi/login_cgi.c:211]--base64 = E9xM5l6WSWKUjdch9BjIbeUqb4xFaKm8
[2023-12-14 20:55:21]--[src_cgi/login_cgi.c:315]--token = 0d59ab33d23c02e0739a271eb27f68fa
[2023-12-14 20:56:17]--[src_cgi/login_cgi.c:298]--buf = {
    "pwd": "e10adc3949ba59abbe56e057f20f883e",
    "user": "customer"
}

[2023-12-14 20:56:17]--[src_cgi/login_cgi.c:304]--user = customer, pwd = e10adc3949ba59abbe56e057f20f883e
[2023-12-14 20:56:17]--[src_cgi/login_cgi.c:102]--mysql_user = root, mysql_pwd = k916025328, mysql_db = Manager
[2023-12-14 20:56:17]--[src_cgi/login_cgi.c:308]--Login ret = 0 ------
[2023-12-14 20:56:17]--[src_cgi/login_cgi.c:171]--redis:[ip=127.0.0.1,port=6379]
[2023-12-14 20:56:17]--[src_cgi/login_cgi.c:195]--tmp = customer34521879831
[2023-12-14 20:56:17]--[src_cgi/login_cgi.c:211]--base64 = E9xM5l6WSWK/pkP/SEDMDvVkwsr9IpVO
[2023-12-14 20:56:17]--[src_cgi/login_cgi.c:315]--token = c9876e0089b5198b52d39f25f615536d
[2023-12-14 21:08:03]--[src_cgi/login_cgi.c:298]--buf = {
    "pwd": "e10adc3949ba59abbe56e057f20f883e",
    "user": "customer"
}

[2023-12-14 21:08:03]--[src_cgi/login_cgi.c:304]--user = customer, pwd = e10adc3949ba59abbe56e057f20f883e
[2023-12-14 21:08:03]--[src_cgi/login_cgi.c:102]--mysql_user = root, mysql_pwd = k916025328, mysql_db = Manager
[2023-12-14 21:08:03]--[src_cgi/login_cgi.c:308]--Login ret = 0 ------
[2023-12-14 21:08:03]--[src_cgi/login_cgi.c:171]--redis:[ip=127.0.0.1,port=6379]
[2023-12-14 21:08:03]--[src_cgi/login_cgi.c:195]--tmp = customer92716456842
[2023-12-14 21:08:03]--[src_cgi/login_cgi.c:211]--base64 = E9xM5l6WSWJ58AfyqFfiFT086sLU7zGF
[2023-12-14 21:08:03]--[src_cgi/login_cgi.c:315]--token = 4a9d137cc121b92cd7ed3e4d61018791
[2023-12-14 21:08:55]--[src_cgi/login_cgi.c:298]--buf = {
    "pwd": "e10adc3949ba59abbe56e057f20f883e",
    "user": "customer"
}

[2023-12-14 21:08:55]--[src_cgi/login_cgi.c:304]--user = customer, pwd = e10adc3949ba59abbe56e057f20f883e
[2023-12-14 21:08:55]--[src_cgi/login_cgi.c:102]--mysql_user = root, mysql_pwd = k916025328, mysql_db = Manager
[2023-12-14 21:08:55]--[src_cgi/login_cgi.c:308]--Login ret = 0 ------
[2023-12-14 21:08:55]--[src_cgi/login_cgi.c:171]--redis:[ip=127.0.0.1,port=6379]
[2023-12-14 21:08:55]--[src_cgi/login_cgi.c:195]--tmp = customer427292579275
[2023-12-14 21:08:55]--[src_cgi/login_cgi.c:211]--base64 = E9xM5l6WSWInagvu/up2Oy9A1d7rS373
[2023-12-14 21:08:55]--[src_cgi/login_cgi.c:315]--token = cf77374ec2b3cb7c1d69b6636d36c6b9
[2023-12-14 21:09:38]--[src_cgi/login_cgi.c:298]--buf = {
    "pwd": "e10adc3949ba59abbe56e057f20f883e",
    "user": "customer"
}

[2023-12-14 21:09:38]--[src_cgi/login_cgi.c:304]--user = customer, pwd = e10adc3949ba59abbe56e057f20f883e
[2023-12-14 21:09:38]--[src_cgi/login_cgi.c:102]--mysql_user = root, mysql_pwd = k916025328, mysql_db = Manager
[2023-12-14 21:09:38]--[src_cgi/login_cgi.c:308]--Login ret = 0 ------
[2023-12-14 21:09:38]--[src_cgi/login_cgi.c:171]--redis:[ip=127.0.0.1,port=6379]
[2023-12-14 21:09:38]--[src_cgi/login_cgi.c:195]--tmp = customer919830106665
[2023-12-14 21:09:38]--[src_cgi/login_cgi.c:211]--base64 = E9xM5l6WSWI4jY4+RjfTrxGQTt4E9oA9
[2023-12-14 21:09:38]--[src_cgi/login_cgi.c:315]--token = 5b1d65e4064139ba3e76ad1e1a751298
[2023-12-14 21:10:35]--[src_cgi/login_cgi.c:298]--buf = {
    "pwd": "e10adc3949ba59abbe56e057f20f883e",
    "user": "customer"
}

[2023-12-14 21:10:35]--[src_cgi/login_cgi.c:304]--user = customer, pwd = e10adc3949ba59abbe56e057f20f883e
[2023-12-14 21:10:35]--[src_cgi/login_cgi.c:102]--mysql_user = root, mysql_pwd = k916025328, mysql_db = Manager
[2023-12-14 21:10:35]--[src_cgi/login_cgi.c:308]--Login ret = 0 ------
[2023-12-14 21:10:35]--[src_cgi/login_cgi.c:171]--redis:[ip=127.0.0.1,port=6379]
[2023-12-14 21:10:35]--[src_cgi/login_cgi.c:195]--tmp = customer426990635280
[2023-12-14 21:10:35]--[src_cgi/login_cgi.c:211]--base64 = E9xM5l6WSWKI8FsItOhH2w8v9a3zmWlz
[2023-12-14 21:10:35]--[src_cgi/login_cgi.c:315]--token = 21ebcd5a3b51272946204065b0a40e20
[2023-12-14 21:11:34]--[src_cgi/login_cgi.c:298]--buf = {
    "pwd": "e10adc3949ba59abbe56e057f20f883e",
    "user": "customer"
}

[2023-12-14 21:11:34]--[src_cgi/login_cgi.c:304]--user = customer, pwd = e10adc3949ba59abbe56e057f20f883e
[2023-12-14 21:11:34]--[src_cgi/login_cgi.c:102]--mysql_user = root, mysql_pwd = k916025328, mysql_db = Manager
[2023-12-14 21:11:34]--[src_cgi/login_cgi.c:308]--Login ret = 0 ------
[2023-12-14 21:11:34]--[src_cgi/login_cgi.c:171]--redis:[ip=127.0.0.1,port=6379]
[2023-12-14 21:11:34]--[src_cgi/login_cgi.c:195]--tmp = customer324808699245
[2023-12-14 21:11:34]--[src_cgi/login_cgi.c:211]--base64 = E9xM5l6WSWLZCzkAbhv592RLXTOTh7Hw
[2023-12-14 21:11:34]--[src_cgi/login_cgi.c:315]--token = 5c5ea8e2ae9f42981533ff5db0a26692
[2023-12-14 21:12:10]--[src_cgi/login_cgi.c:298]--buf = {
    "pwd": "e10adc3949ba59abbe56e057f20f883e",
    "user": "customer"
}

[2023-12-14 21:12:10]--[src_cgi/login_cgi.c:304]--user = customer, pwd = e10adc3949ba59abbe56e057f20f883e
[2023-12-14 21:12:10]--[src_cgi/login_cgi.c:102]--mysql_user = root, mysql_pwd = k916025328, mysql_db = Manager
[2023-12-14 21:12:10]--[src_cgi/login_cgi.c:308]--Login ret = 0 ------
[2023-12-14 21:12:10]--[src_cgi/login_cgi.c:171]--redis:[ip=127.0.0.1,port=6379]
[2023-12-14 21:12:10]--[src_cgi/login_cgi.c:195]--tmp = customer864765804199
[2023-12-14 21:12:10]--[src_cgi/login_cgi.c:211]--base64 = E9xM5l6WSWJtZLA4UsI2qf1caPCvY29s
[2023-12-14 21:12:10]--[src_cgi/login_cgi.c:315]--token = 25c4d5a910f167843e63c5d86c19af3f
[2023-12-14 21:13:05]--[src_cgi/login_cgi.c:298]--buf = {
    "pwd": "e10adc3949ba59abbe56e057f20f883e",
    "user": "customer"
}

[2023-12-14 21:13:05]--[src_cgi/login_cgi.c:304]--user = customer, pwd = e10adc3949ba59abbe56e057f20f883e
[2023-12-14 21:13:05]--[src_cgi/login_cgi.c:102]--mysql_user = root, mysql_pwd = k916025328, mysql_db = Manager
[2023-12-14 21:13:05]--[src_cgi/login_cgi.c:308]--Login ret = 0 ------
[2023-12-14 21:13:05]--[src_cgi/login_cgi.c:171]--redis:[ip=127.0.0.1,port=6379]
[2023-12-14 21:13:05]--[src_cgi/login_cgi.c:195]--tmp = customer20633867247
[2023-12-14 21:13:05]--[src_cgi/login_cgi.c:211]--base64 = E9xM5l6WSWIO412+LIIAPrZERCr6yoNp
[2023-12-14 21:13:05]--[src_cgi/login_cgi.c:315]--token = 6773f45cec083506c375b41fe0c49e4a
[2023-12-14 21:13:48]--[src_cgi/login_cgi.c:298]--buf = {
    "pwd": "e10adc3949ba59abbe56e057f20f883e",
    "user": "customer"
}

[2023-12-14 21:13:48]--[src_cgi/login_cgi.c:304]--user = customer, pwd = e10adc3949ba59abbe56e057f20f883e
[2023-12-14 21:13:48]--[src_cgi/login_cgi.c:102]--mysql_user = root, mysql_pwd = k916025328, mysql_db = Manager
[2023-12-14 21:13:48]--[src_cgi/login_cgi.c:308]--Login ret = 0 ------
[2023-12-14 21:13:48]--[src_cgi/login_cgi.c:171]--redis:[ip=127.0.0.1,port=6379]
[2023-12-14 21:13:48]--[src_cgi/login_cgi.c:195]--tmp = customer200228229112
[2023-12-14 21:13:48]--[src_cgi/login_cgi.c:211]--base64 = E9xM5l6WSWL/nZfTUnHzeFQ2m7XlDQvP
[2023-12-14 21:13:48]--[src_cgi/login_cgi.c:315]--token = 78fcaee6b0b0f8265c47a70e9363f0e2
[2023-12-14 21:15:38]--[src_cgi/login_cgi.c:298]--buf = {
    "pwd": "e10adc3949ba59abbe56e057f20f883e",
    "user": "customer"
}

[2023-12-14 21:15:38]--[src_cgi/login_cgi.c:304]--user = customer, pwd = e10adc3949ba59abbe56e057f20f883e
[2023-12-14 21:15:38]--[src_cgi/login_cgi.c:102]--mysql_user = root, mysql_pwd = k916025328, mysql_db = Manager
[2023-12-14 21:15:38]--[src_cgi/login_cgi.c:308]--Login ret = 0 ------
[2023-12-14 21:15:38]--[src_cgi/login_cgi.c:171]--redis:[ip=127.0.0.1,port=6379]
[2023-12-14 21:15:38]--[src_cgi/login_cgi.c:195]--tmp = customer817709790508
[2023-12-14 21:15:38]--[src_cgi/login_cgi.c:211]--base64 = E9xM5l6WSWJDXNbLVvCrhqTrIt/zxmw2
[2023-12-14 21:15:38]--[src_cgi/login_cgi.c:315]--token = c6af52f1fb42460445cb7687160594c7
[2023-12-14 21:17:05]--[src_cgi/login_cgi.c:298]--buf = {
    "pwd": "e10adc3949ba59abbe56e057f20f883e",
    "user": "customer"
}

[2023-12-14 21:17:05]--[src_cgi/login_cgi.c:304]--user = customer, pwd = e10adc3949ba59abbe56e057f20f883e
[2023-12-14 21:17:05]--[src_cgi/login_cgi.c:102]--mysql_user = root, mysql_pwd = k916025328, mysql_db = Manager
[2023-12-14 21:17:05]--[src_cgi/login_cgi.c:308]--Login ret = 0 ------
[2023-12-14 21:17:05]--[src_cgi/login_cgi.c:171]--redis:[ip=127.0.0.1,port=6379]
[2023-12-14 21:17:05]--[src_cgi/login_cgi.c:195]--tmp = customer459312190533
[2023-12-14 21:17:05]--[src_cgi/login_cgi.c:211]--base64 = E9xM5l6WSWLhG/nv9qpSgPisyKqgcGoT
[2023-12-14 21:17:05]--[src_cgi/login_cgi.c:315]--token = 6aee29370f6a88623ac9aaeead1836ec
[2023-12-14 21:40:42]--[src_cgi/login_cgi.c:298]--buf = {
    "pwd": "e10adc3949ba59abbe56e057f20f883e",
    "user": "customer"
}

[2023-12-14 21:40:42]--[src_cgi/login_cgi.c:304]--user = customer, pwd = e10adc3949ba59abbe56e057f20f883e
[2023-12-14 21:40:42]--[src_cgi/login_cgi.c:102]--mysql_user = root, mysql_pwd = k916025328, mysql_db = Manager
[2023-12-14 21:40:42]--[src_cgi/login_cgi.c:308]--Login ret = 0 ------
[2023-12-14 21:40:42]--[src_cgi/login_cgi.c:171]--redis:[ip=127.0.0.1,port=6379]
[2023-12-14 21:40:42]--[src_cgi/login_cgi.c:195]--tmp = customer529836702173
[2023-12-14 21:40:42]--[src_cgi/login_cgi.c:211]--base64 = E9xM5l6WSWIYrEaAEqANdEX+b2W/yvaX
[2023-12-14 21:40:42]--[src_cgi/login_cgi.c:315]--token = ac5bbf9671647fb8e9cb7ca19e6988ed
[2023-12-14 21:41:50]--[src_cgi/login_cgi.c:298]--buf = {
    "pwd": "e10adc3949ba59abbe56e057f20f883e",
    "user": "customer"
}

[2023-12-14 21:41:50]--[src_cgi/login_cgi.c:304]--user = customer, pwd = e10adc3949ba59abbe56e057f20f883e
[2023-12-14 21:41:50]--[src_cgi/login_cgi.c:102]--mysql_user = root, mysql_pwd = k916025328, mysql_db = Manager
[2023-12-14 21:41:50]--[src_cgi/login_cgi.c:308]--Login ret = 0 ------
[2023-12-14 21:41:50]--[src_cgi/login_cgi.c:171]--redis:[ip=127.0.0.1,port=6379]
[2023-12-14 21:41:50]--[src_cgi/login_cgi.c:195]--tmp = customer95856773902
[2023-12-14 21:41:50]--[src_cgi/login_cgi.c:211]--base64 = E9xM5l6WSWIjNko+mOgJr/ntztW1sm1E
[2023-12-14 21:41:50]--[src_cgi/login_cgi.c:315]--token = 8f14dc732b8cbf966b3c7cf4d847e9c9
[2023-12-14 22:07:28]--[src_cgi/login_cgi.c:298]--buf = {
    "pwd": "e10adc3949ba59abbe56e057f20f883e",
    "user": "customer"
}

[2023-12-14 22:07:28]--[src_cgi/login_cgi.c:304]--user = customer, pwd = e10adc3949ba59abbe56e057f20f883e
[2023-12-14 22:07:28]--[src_cgi/login_cgi.c:102]--mysql_user = root, mysql_pwd = k916025328, mysql_db = Manager
[2023-12-14 22:07:28]--[src_cgi/login_cgi.c:308]--Login ret = 0 ------
[2023-12-14 22:07:28]--[src_cgi/login_cgi.c:171]--redis:[ip=127.0.0.1,port=6379]
[2023-12-14 22:07:28]--[src_cgi/login_cgi.c:195]--tmp = customer240913107389
[2023-12-14 22:07:28]--[src_cgi/login_cgi.c:211]--base64 = E9xM5l6WSWLSxvCQqeUvDnRyZkAXuB9I
[2023-12-14 22:07:28]--[src_cgi/login_cgi.c:315]--token = 398455e2747a0c50d2e1de9923334baa
[2023-12-14 22:10:51]--[src_cgi/login_cgi.c:298]--buf = {
    "pwd": "e10adc3949ba59abbe56e057f20f883e",
    "user": "customer"
}

[2023-12-14 22:10:51]--[src_cgi/login_cgi.c:304]--user = customer, pwd = e10adc3949ba59abbe56e057f20f883e
[2023-12-14 22:10:51]--[src_cgi/login_cgi.c:102]--mysql_user = root, mysql_pwd = k916025328, mysql_db = Manager
[2023-12-14 22:10:51]--[src_cgi/login_cgi.c:308]--Login ret = 0 ------
[2023-12-14 22:10:51]--[src_cgi/login_cgi.c:171]--redis:[ip=127.0.0.1,port=6379]
[2023-12-14 22:10:51]--[src_cgi/login_cgi.c:195]--tmp = customer27868795519
[2023-12-14 22:10:51]--[src_cgi/login_cgi.c:211]--base64 = E9xM5l6WSWLRuY/zp72tLW+7THV39XZz
[2023-12-14 22:10:51]--[src_cgi/login_cgi.c:315]--token = 76b35c74d4cbe485f680cf5ecd0685b7
[2023-12-14 22:14:01]--[src_cgi/login_cgi.c:298]--buf = {
    "pwd": "e10adc3949ba59abbe56e057f20f883e",
    "user": "customer"
}

[2023-12-14 22:14:01]--[src_cgi/login_cgi.c:304]--user = customer, pwd = e10adc3949ba59abbe56e057f20f883e
[2023-12-14 22:14:01]--[src_cgi/login_cgi.c:102]--mysql_user = root, mysql_pwd = k916025328, mysql_db = Manager
[2023-12-14 22:14:01]--[src_cgi/login_cgi.c:308]--Login ret = 0 ------
[2023-12-14 22:14:01]--[src_cgi/login_cgi.c:171]--redis:[ip=127.0.0.1,port=6379]
[2023-12-14 22:14:01]--[src_cgi/login_cgi.c:195]--tmp = customer668295379512
[2023-12-14 22:14:01]--[src_cgi/login_cgi.c:211]--base64 = E9xM5l6WSWLkkwtOT2ab0RBLc2bspDvd
[2023-12-14 22:14:01]--[src_cgi/login_cgi.c:315]--token = 258227e9a9355cc66d0769096de1a269
[2023-12-14 22:17:09]--[src_cgi/login_cgi.c:298]--buf = {
    "pwd": "e10adc3949ba59abbe56e057f20f883e",
    "user": "customer"
}

[2023-12-14 22:17:09]--[src_cgi/login_cgi.c:304]--user = customer, pwd = e10adc3949ba59abbe56e057f20f883e
[2023-12-14 22:17:09]--[src_cgi/login_cgi.c:102]--mysql_user = root, mysql_pwd = k916025328, mysql_db = Manager
[2023-12-14 22:17:09]--[src_cgi/login_cgi.c:308]--Login ret = 0 ------
[2023-12-14 22:17:09]--[src_cgi/login_cgi.c:171]--redis:[ip=127.0.0.1,port=6379]
[2023-12-14 22:17:09]--[src_cgi/login_cgi.c:195]--tmp = customer751856933474
[2023-12-14 22:17:09]--[src_cgi/login_cgi.c:211]--base64 = E9xM5l6WSWJ+FJCNUZKJ2c39BiDU2DpA
[2023-12-14 22:17:09]--[src_cgi/login_cgi.c:315]--token = 2693bfc0b25deedcb3856f47646dee0d
[2023-12-14 22:36:56]--[src_cgi/login_cgi.c:298]--buf = {
    "pwd": "e10adc3949ba59abbe56e057f20f883e",
    "user": "customer"
}

[2023-12-14 22:36:56]--[src_cgi/login_cgi.c:304]--user = customer, pwd = e10adc3949ba59abbe56e057f20f883e
[2023-12-14 22:36:56]--[src_cgi/login_cgi.c:102]--mysql_user = root, mysql_pwd = k916025328, mysql_db = Manager
[2023-12-14 22:36:56]--[src_cgi/login_cgi.c:308]--Login ret = 0 ------
[2023-12-14 22:36:56]--[src_cgi/login_cgi.c:171]--redis:[ip=127.0.0.1,port=6379]
[2023-12-14 22:36:56]--[src_cgi/login_cgi.c:195]--tmp = customer369388919174
[2023-12-14 22:36:56]--[src_cgi/login_cgi.c:211]--base64 = E9xM5l6WSWLatWLpy7IqMQ8Ct2043UWm
[2023-12-14 22:36:56]--[src_cgi/login_cgi.c:315]--token = 2beced178131b901efe867928c2be094
[2023-12-14 22:41:07]--[src_cgi/login_cgi.c:298]--buf = {
    "pwd": "e10adc3949ba59abbe56e057f20f883e",
    "user": "customer"
}

[2023-12-14 22:41:07]--[src_cgi/login_cgi.c:304]--user = customer, pwd = e10adc3949ba59abbe56e057f20f883e
[2023-12-14 22:41:07]--[src_cgi/login_cgi.c:102]--mysql_user = root, mysql_pwd = k916025328, mysql_db = Manager
[2023-12-14 22:41:07]--[src_cgi/login_cgi.c:308]--Login ret = 0 ------
[2023-12-14 22:41:07]--[src_cgi/login_cgi.c:171]--redis:[ip=127.0.0.1,port=6379]
[2023-12-14 22:41:07]--[src_cgi/login_cgi.c:195]--tmp = customer27599557430
[2023-12-14 22:41:07]--[src_cgi/login_cgi.c:211]--base64 = E9xM5l6WSWIetfSXkLJfxLWKApdxCmZq
[2023-12-14 22:41:07]--[src_cgi/login_cgi.c:315]--token = d1f666a7529684895576beff0bfdd413
