[2023-12-21 17:33:37]--[src_cgi/login_cgi.c:298]--buf = {
    "pwd": "e10adc3949ba59abbe56e057f20f883e",
    "user": "customer"
}

[2023-12-21 17:33:37]--[src_cgi/login_cgi.c:304]--user = customer, pwd = e10adc3949ba59abbe56e057f20f883e
[2023-12-21 17:33:37]--[src_cgi/login_cgi.c:102]--mysql_user = root, mysql_pwd = k916025328, mysql_db = Manager
[2023-12-21 17:33:37]--[src_cgi/login_cgi.c:308]--Login ret = 0 ------
[2023-12-21 17:33:37]--[src_cgi/login_cgi.c:171]--redis:[ip=127.0.0.1,port=6379]
[2023-12-21 17:33:37]--[src_cgi/login_cgi.c:195]--tmp = customer210131273551
[2023-12-21 17:33:37]--[src_cgi/login_cgi.c:211]--base64 = E9xM5l6WSWLG/whzk8W1X2w9fJZT3JeA
[2023-12-21 17:33:37]--[src_cgi/login_cgi.c:315]--token = 5e6e7ca18fa5052a02ea4f366195ce78
[2023-12-21 17:39:37]--[src_cgi/login_cgi.c:298]--buf = {
    "pwd": "e10adc3949ba59abbe56e057f20f883e",
    "user": "customer"
}

[2023-12-21 17:39:37]--[src_cgi/login_cgi.c:304]--user = customer, pwd = e10adc3949ba59abbe56e057f20f883e
[2023-12-21 17:39:37]--[src_cgi/login_cgi.c:102]--mysql_user = root, mysql_pwd = k916025328, mysql_db = Manager
[2023-12-21 17:39:37]--[src_cgi/login_cgi.c:308]--Login ret = 0 ------
[2023-12-21 17:39:37]--[src_cgi/login_cgi.c:171]--redis:[ip=127.0.0.1,port=6379]
[2023-12-21 17:39:37]--[src_cgi/login_cgi.c:195]--tmp = customer91456749999
[2023-12-21 17:39:37]--[src_cgi/login_cgi.c:211]--base64 = E9xM5l6WSWL+AFeO8wMNnBci0MV7Bi0F
[2023-12-21 17:39:37]--[src_cgi/login_cgi.c:315]--token = b9487133034d020a6742b9654e0d24be
[2023-12-21 17:40:38]--[src_cgi/login_cgi.c:298]--buf = {
    "pwd": "e10adc3949ba59abbe56e057f20f883e",
    "user": "customer"
}

[2023-12-21 17:40:38]--[src_cgi/login_cgi.c:304]--user = customer, pwd = e10adc3949ba59abbe56e057f20f883e
[2023-12-21 17:40:38]--[src_cgi/login_cgi.c:102]--mysql_user = root, mysql_pwd = k916025328, mysql_db = Manager
[2023-12-21 17:40:38]--[src_cgi/login_cgi.c:308]--Login ret = 0 ------
[2023-12-21 17:40:38]--[src_cgi/login_cgi.c:171]--redis:[ip=127.0.0.1,port=6379]
[2023-12-21 17:40:38]--[src_cgi/login_cgi.c:195]--tmp = customer556920648640
[2023-12-21 17:40:38]--[src_cgi/login_cgi.c:211]--base64 = E9xM5l6WSWLOioVkxuH8lC/80r/cdZA6
[2023-12-21 17:40:38]--[src_cgi/login_cgi.c:315]--token = df17a9f2925ab258da3e273afbbbc2dd
[2023-12-21 17:47:31]--[src_cgi/login_cgi.c:298]--buf = {
    "pwd": "e10adc3949ba59abbe56e057f20f883e",
    "user": "customer"
}

[2023-12-21 17:47:31]--[src_cgi/login_cgi.c:304]--user = customer, pwd = e10adc3949ba59abbe56e057f20f883e
[2023-12-21 17:47:31]--[src_cgi/login_cgi.c:102]--mysql_user = root, mysql_pwd = k916025328, mysql_db = Manager
[2023-12-21 17:47:31]--[src_cgi/login_cgi.c:308]--Login ret = 0 ------
[2023-12-21 17:47:31]--[src_cgi/login_cgi.c:171]--redis:[ip=127.0.0.1,port=6379]
[2023-12-21 17:47:31]--[src_cgi/login_cgi.c:195]--tmp = customer986198959423
[2023-12-21 17:47:31]--[src_cgi/login_cgi.c:211]--base64 = E9xM5l6WSWLsKMkAhGf22ofnu8pEapbl
[2023-12-21 17:47:31]--[src_cgi/login_cgi.c:315]--token = 0d8aedb9c2abd8cec3b9b30e8b9b7482
[2023-12-21 17:50:41]--[src_cgi/login_cgi.c:298]--buf = {
    "pwd": "e10adc3949ba59abbe56e057f20f883e",
    "user": "customer"
}

[2023-12-21 17:50:41]--[src_cgi/login_cgi.c:304]--user = customer, pwd = e10adc3949ba59abbe56e057f20f883e
[2023-12-21 17:50:41]--[src_cgi/login_cgi.c:102]--mysql_user = root, mysql_pwd = k916025328, mysql_db = Manager
[2023-12-21 17:50:41]--[src_cgi/login_cgi.c:308]--Login ret = 0 ------
[2023-12-21 17:50:41]--[src_cgi/login_cgi.c:171]--redis:[ip=127.0.0.1,port=6379]
[2023-12-21 17:50:41]--[src_cgi/login_cgi.c:195]--tmp = customer681634317128
[2023-12-21 17:50:41]--[src_cgi/login_cgi.c:211]--base64 = E9xM5l6WSWLlQsCBcdiHsqSP2g/eBRxp
[2023-12-21 17:50:41]--[src_cgi/login_cgi.c:315]--token = a5a4413f251280b99c21b00864ec33ce
[2023-12-21 18:31:42]--[src_cgi/login_cgi.c:298]--buf = {
    "pwd": "e10adc3949ba59abbe56e057f20f883e",
    "user": "customer"
}

[2023-12-21 18:31:42]--[src_cgi/login_cgi.c:304]--user = customer, pwd = e10adc3949ba59abbe56e057f20f883e
[2023-12-21 18:31:42]--[src_cgi/login_cgi.c:102]--mysql_user = root, mysql_pwd = k916025328, mysql_db = Manager
[2023-12-21 18:31:42]--[src_cgi/login_cgi.c:308]--Login ret = 0 ------
[2023-12-21 18:31:42]--[src_cgi/login_cgi.c:171]--redis:[ip=127.0.0.1,port=6379]
[2023-12-21 18:31:42]--[src_cgi/login_cgi.c:195]--tmp = customer193919619681
[2023-12-21 18:31:42]--[src_cgi/login_cgi.c:211]--base64 = E9xM5l6WSWKdv9vRVf/zN283tDuVZH/p
[2023-12-21 18:31:42]--[src_cgi/login_cgi.c:315]--token = c7ad438b1f3d801e17ba54c0e227433f
[2023-12-21 18:32:53]--[src_cgi/login_cgi.c:298]--buf = {
    "pwd": "e10adc3949ba59abbe56e057f20f883e",
    "user": "customer"
}

[2023-12-21 18:32:53]--[src_cgi/login_cgi.c:304]--user = customer, pwd = e10adc3949ba59abbe56e057f20f883e
[2023-12-21 18:32:53]--[src_cgi/login_cgi.c:102]--mysql_user = root, mysql_pwd = k916025328, mysql_db = Manager
[2023-12-21 18:32:53]--[src_cgi/login_cgi.c:308]--Login ret = 0 ------
[2023-12-21 18:32:53]--[src_cgi/login_cgi.c:171]--redis:[ip=127.0.0.1,port=6379]
[2023-12-21 18:32:53]--[src_cgi/login_cgi.c:195]--tmp = customer243531956344
[2023-12-21 18:32:53]--[src_cgi/login_cgi.c:211]--base64 = E9xM5l6WSWL/tJBxEBoNwjlsPrGcQC06
[2023-12-21 18:32:53]--[src_cgi/login_cgi.c:315]--token = 7299bf966e1a5233a67bc4a5ab42a82f
[2023-12-21 18:34:19]--[src_cgi/login_cgi.c:298]--buf = {
    "pwd": "e10adc3949ba59abbe56e057f20f883e",
    "user": "customer"
}

[2023-12-21 18:34:19]--[src_cgi/login_cgi.c:304]--user = customer, pwd = e10adc3949ba59abbe56e057f20f883e
[2023-12-21 18:34:19]--[src_cgi/login_cgi.c:102]--mysql_user = root, mysql_pwd = k916025328, mysql_db = Manager
[2023-12-21 18:34:19]--[src_cgi/login_cgi.c:308]--Login ret = 0 ------
[2023-12-21 18:34:19]--[src_cgi/login_cgi.c:171]--redis:[ip=127.0.0.1,port=6379]
[2023-12-21 18:34:19]--[src_cgi/login_cgi.c:195]--tmp = customer29664572509
[2023-12-21 18:34:19]--[src_cgi/login_cgi.c:211]--base64 = E9xM5l6WSWJtyy6PFto8tY3uHd+LG7/P
[2023-12-21 18:34:19]--[src_cgi/login_cgi.c:315]--token = e396ff93baf03d852cb18d962f2be073
[2023-12-21 18:46:04]--[src_cgi/login_cgi.c:298]--buf = {
    "pwd": "e10adc3949ba59abbe56e057f20f883e",
    "user": "customer"
}

[2023-12-21 18:46:04]--[src_cgi/login_cgi.c:304]--user = customer, pwd = e10adc3949ba59abbe56e057f20f883e
[2023-12-21 18:46:04]--[src_cgi/login_cgi.c:102]--mysql_user = root, mysql_pwd = k916025328, mysql_db = Manager
[2023-12-21 18:46:04]--[src_cgi/login_cgi.c:308]--Login ret = 0 ------
[2023-12-21 18:46:04]--[src_cgi/login_cgi.c:171]--redis:[ip=127.0.0.1,port=6379]
[2023-12-21 18:46:04]--[src_cgi/login_cgi.c:195]--tmp = customer949338334697
[2023-12-21 18:46:04]--[src_cgi/login_cgi.c:211]--base64 = E9xM5l6WSWLFPBGSFEIfhCverN2n31tl
[2023-12-21 18:46:04]--[src_cgi/login_cgi.c:315]--token = 0ef235b22af48c06598f0c749fa14af6
[2023-12-21 18:52:15]--[src_cgi/login_cgi.c:298]--buf = {
    "pwd": "e10adc3949ba59abbe56e057f20f883e",
    "user": "customer"
}

[2023-12-21 18:52:15]--[src_cgi/login_cgi.c:304]--user = customer, pwd = e10adc3949ba59abbe56e057f20f883e
[2023-12-21 18:52:15]--[src_cgi/login_cgi.c:102]--mysql_user = root, mysql_pwd = k916025328, mysql_db = Manager
[2023-12-21 18:52:15]--[src_cgi/login_cgi.c:308]--Login ret = 0 ------
[2023-12-21 18:52:15]--[src_cgi/login_cgi.c:171]--redis:[ip=127.0.0.1,port=6379]
[2023-12-21 18:52:15]--[src_cgi/login_cgi.c:195]--tmp = customer31576457436
[2023-12-21 18:52:15]--[src_cgi/login_cgi.c:211]--base64 = E9xM5l6WSWI6nfNPqY0hZJ921zFmXFPS
[2023-12-21 18:52:15]--[src_cgi/login_cgi.c:315]--token = a82c73d37d2860383568824cc35773ee
[2023-12-21 18:54:43]--[src_cgi/login_cgi.c:298]--buf = {
    "pwd": "e10adc3949ba59abbe56e057f20f883e",
    "user": "customer"
}

[2023-12-21 18:54:43]--[src_cgi/login_cgi.c:304]--user = customer, pwd = e10adc3949ba59abbe56e057f20f883e
[2023-12-21 18:54:43]--[src_cgi/login_cgi.c:102]--mysql_user = root, mysql_pwd = k916025328, mysql_db = Manager
[2023-12-21 18:54:43]--[src_cgi/login_cgi.c:308]--Login ret = 0 ------
[2023-12-21 18:54:43]--[src_cgi/login_cgi.c:171]--redis:[ip=127.0.0.1,port=6379]
[2023-12-21 18:54:43]--[src_cgi/login_cgi.c:195]--tmp = customer464401575690
[2023-12-21 18:54:43]--[src_cgi/login_cgi.c:211]--base64 = E9xM5l6WSWLFvjsQSBJn/TKn1mFBRPma
[2023-12-21 18:54:43]--[src_cgi/login_cgi.c:315]--token = 3b23df81ae18182069c932f5537660e9
[2023-12-21 18:55:30]--[src_cgi/login_cgi.c:298]--buf = {
    "pwd": "e10adc3949ba59abbe56e057f20f883e",
    "user": "customer"
}

[2023-12-21 18:55:30]--[src_cgi/login_cgi.c:304]--user = customer, pwd = e10adc3949ba59abbe56e057f20f883e
[2023-12-21 18:55:30]--[src_cgi/login_cgi.c:102]--mysql_user = root, mysql_pwd = k916025328, mysql_db = Manager
[2023-12-21 18:55:30]--[src_cgi/login_cgi.c:308]--Login ret = 0 ------
[2023-12-21 18:55:30]--[src_cgi/login_cgi.c:171]--redis:[ip=127.0.0.1,port=6379]
[2023-12-21 18:55:30]--[src_cgi/login_cgi.c:195]--tmp = customer204170597175
[2023-12-21 18:55:30]--[src_cgi/login_cgi.c:211]--base64 = E9xM5l6WSWKcu8jzzzZYgor22iEA3k5h
[2023-12-21 18:55:30]--[src_cgi/login_cgi.c:315]--token = cf52882e53d1ace94727dc07ec330fe5
[2023-12-21 19:05:48]--[src_cgi/login_cgi.c:298]--buf = {
    "pwd": "e10adc3949ba59abbe56e057f20f883e",
    "user": "customer"
}

[2023-12-21 19:05:48]--[src_cgi/login_cgi.c:304]--user = customer, pwd = e10adc3949ba59abbe56e057f20f883e
[2023-12-21 19:05:48]--[src_cgi/login_cgi.c:102]--mysql_user = root, mysql_pwd = k916025328, mysql_db = Manager
[2023-12-21 19:05:48]--[src_cgi/login_cgi.c:308]--Login ret = 0 ------
[2023-12-21 19:05:48]--[src_cgi/login_cgi.c:171]--redis:[ip=127.0.0.1,port=6379]
[2023-12-21 19:05:48]--[src_cgi/login_cgi.c:195]--tmp = customer581649438283
[2023-12-21 19:05:48]--[src_cgi/login_cgi.c:211]--base64 = E9xM5l6WSWIbDL91gPs46ngidCnICFyg
[2023-12-21 19:05:48]--[src_cgi/login_cgi.c:315]--token = 78460e58ea567f117285d9a91a45696f
[2023-12-21 19:12:31]--[src_cgi/login_cgi.c:298]--buf = {
    "pwd": "e10adc3949ba59abbe56e057f20f883e",
    "user": "customer"
}

[2023-12-21 19:12:31]--[src_cgi/login_cgi.c:304]--user = customer, pwd = e10adc3949ba59abbe56e057f20f883e
[2023-12-21 19:12:31]--[src_cgi/login_cgi.c:102]--mysql_user = root, mysql_pwd = k916025328, mysql_db = Manager
[2023-12-21 19:12:31]--[src_cgi/login_cgi.c:308]--Login ret = 0 ------
[2023-12-21 19:12:31]--[src_cgi/login_cgi.c:171]--redis:[ip=127.0.0.1,port=6379]
[2023-12-21 19:12:31]--[src_cgi/login_cgi.c:195]--tmp = customer481913689774
[2023-12-21 19:12:31]--[src_cgi/login_cgi.c:211]--base64 = E9xM5l6WSWLdbYb2ABjgtjH/kWODaDOp
[2023-12-21 19:12:31]--[src_cgi/login_cgi.c:315]--token = 6ff7cd24e53470283e8e2b39a626ae06
[2023-12-21 19:33:08]--[src_cgi/login_cgi.c:298]--buf = {
    "pwd": "e10adc3949ba59abbe56e057f20f883e",
    "user": "customer"
}

[2023-12-21 19:33:08]--[src_cgi/login_cgi.c:304]--user = customer, pwd = e10adc3949ba59abbe56e057f20f883e
[2023-12-21 19:33:08]--[src_cgi/login_cgi.c:102]--mysql_user = root, mysql_pwd = k916025328, mysql_db = Manager
[2023-12-21 19:33:08]--[src_cgi/login_cgi.c:308]--Login ret = 0 ------
[2023-12-21 19:33:08]--[src_cgi/login_cgi.c:171]--redis:[ip=127.0.0.1,port=6379]
[2023-12-21 19:33:08]--[src_cgi/login_cgi.c:195]--tmp = customer17482546615
[2023-12-21 19:33:08]--[src_cgi/login_cgi.c:211]--base64 = E9xM5l6WSWLKTAfAv2Pdu8S4Z/XKkDU5
[2023-12-21 19:33:08]--[src_cgi/login_cgi.c:315]--token = 6ae339e662ef7c66a04dab723f832054
[2023-12-21 19:50:56]--[src_cgi/login_cgi.c:298]--buf = {
    "pwd": "e10adc3949ba59abbe56e057f20f883e",
    "user": "kevin_666"
}

[2023-12-21 19:50:56]--[src_cgi/login_cgi.c:304]--user = kevin_666, pwd = e10adc3949ba59abbe56e057f20f883e
[2023-12-21 19:50:56]--[src_cgi/login_cgi.c:102]--mysql_user = root, mysql_pwd = k916025328, mysql_db = Manager
[2023-12-21 19:50:56]--[src_cgi/login_cgi.c:308]--Login ret = 1 ------
[2023-12-21 19:50:56]--[src_cgi/login_cgi.c:171]--redis:[ip=127.0.0.1,port=6379]
[2023-12-21 19:50:56]--[src_cgi/login_cgi.c:195]--tmp = kevin_666209556230887
[2023-12-21 19:50:56]--[src_cgi/login_cgi.c:211]--base64 = rp9m4wmNf+T3boL40dU+LxWCJ/rMfPUm
[2023-12-21 19:50:56]--[src_cgi/login_cgi.c:315]--token = 7e5fe5725733bf41c9202356a47d1bdc
