[2023-12-26 14:27:38]--[src_cgi/login_cgi.c:298]--buf = {
    "pwd": "e10adc3949ba59abbe56e057f20f883e",
    "user": "kevin_666"
}

[2023-12-26 14:27:38]--[src_cgi/login_cgi.c:304]--user = kevin_666, pwd = e10adc3949ba59abbe56e057f20f883e
[2023-12-26 14:27:38]--[src_cgi/login_cgi.c:102]--mysql_user = root, mysql_pwd = k916025328, mysql_db = Manager
[2023-12-26 14:27:38]--[src_cgi/login_cgi.c:308]--Login ret = 1 ------
[2023-12-26 14:27:38]--[src_cgi/login_cgi.c:171]--redis:[ip=127.0.0.1,port=6379]
[2023-12-26 14:27:38]--[src_cgi/login_cgi.c:195]--tmp = kevin_66614465858252
[2023-12-26 14:27:38]--[src_cgi/login_cgi.c:211]--base64 = rp9m4wmNf+SwWYw95cdMrSjBIJx5P8tl
[2023-12-26 14:27:38]--[src_cgi/login_cgi.c:315]--token = 9b975deca4328a2d871b6d3e16db8e5c
[2023-12-26 14:37:44]--[src_cgi/login_cgi.c:298]--buf = {
    "pwd": "e10adc3949ba59abbe56e057f20f883e",
    "user": "kevin_666"
}

[2023-12-26 14:37:44]--[src_cgi/login_cgi.c:304]--user = kevin_666, pwd = e10adc3949ba59abbe56e057f20f883e
[2023-12-26 14:37:44]--[src_cgi/login_cgi.c:102]--mysql_user = root, mysql_pwd = k916025328, mysql_db = Manager
[2023-12-26 14:37:44]--[src_cgi/login_cgi.c:308]--Login ret = 1 ------
[2023-12-26 14:37:44]--[src_cgi/login_cgi.c:171]--redis:[ip=127.0.0.1,port=6379]
[2023-12-26 14:37:44]--[src_cgi/login_cgi.c:195]--tmp = kevin_666108653996949
[2023-12-26 14:37:44]--[src_cgi/login_cgi.c:211]--base64 = rp9m4wmNf+RDOyKgvbwcmAmUcKlzCTAM
[2023-12-26 14:37:44]--[src_cgi/login_cgi.c:315]--token = d4bc713ba4c9ea53789e1577fc02d913
[2023-12-26 14:38:46]--[src_cgi/login_cgi.c:298]--buf = {
    "pwd": "e10adc3949ba59abbe56e057f20f883e",
    "user": "kevin_666"
}

[2023-12-26 14:38:46]--[src_cgi/login_cgi.c:304]--user = kevin_666, pwd = e10adc3949ba59abbe56e057f20f883e
[2023-12-26 14:38:46]--[src_cgi/login_cgi.c:102]--mysql_user = root, mysql_pwd = k916025328, mysql_db = Manager
[2023-12-26 14:38:46]--[src_cgi/login_cgi.c:308]--Login ret = 1 ------
[2023-12-26 14:38:46]--[src_cgi/login_cgi.c:171]--redis:[ip=127.0.0.1,port=6379]
[2023-12-26 14:38:46]--[src_cgi/login_cgi.c:195]--tmp = kevin_666441235856789
[2023-12-26 14:38:46]--[src_cgi/login_cgi.c:211]--base64 = rp9m4wmNf+TXhEe0XmaEgKuY08SsPxxi
[2023-12-26 14:38:46]--[src_cgi/login_cgi.c:315]--token = ae31ccbc7e5fbe409966bdd7a5e986bc
[2023-12-26 14:41:39]--[src_cgi/login_cgi.c:298]--buf = {
    "pwd": "e10adc3949ba59abbe56e057f20f883e",
    "user": "kevin_666"
}

[2023-12-26 14:41:39]--[src_cgi/login_cgi.c:304]--user = kevin_666, pwd = e10adc3949ba59abbe56e057f20f883e
[2023-12-26 14:41:39]--[src_cgi/login_cgi.c:102]--mysql_user = root, mysql_pwd = k916025328, mysql_db = Manager
[2023-12-26 14:41:39]--[src_cgi/login_cgi.c:308]--Login ret = 1 ------
[2023-12-26 14:41:39]--[src_cgi/login_cgi.c:171]--redis:[ip=127.0.0.1,port=6379]
[2023-12-26 14:41:39]--[src_cgi/login_cgi.c:195]--tmp = kevin_666488325194540
[2023-12-26 14:41:39]--[src_cgi/login_cgi.c:211]--base64 = rp9m4wmNf+RCDfQ+kgSa/xU5m9hx5Imx
[2023-12-26 14:41:39]--[src_cgi/login_cgi.c:315]--token = 40a010afc28fa2de76166dcae1f5d0c8
[2023-12-26 14:44:10]--[src_cgi/login_cgi.c:298]--buf = {
    "pwd": "e10adc3949ba59abbe56e057f20f883e",
    "user": "kevin_666"
}

[2023-12-26 14:44:10]--[src_cgi/login_cgi.c:304]--user = kevin_666, pwd = e10adc3949ba59abbe56e057f20f883e
[2023-12-26 14:44:10]--[src_cgi/login_cgi.c:102]--mysql_user = root, mysql_pwd = k916025328, mysql_db = Manager
[2023-12-26 14:44:10]--[src_cgi/login_cgi.c:308]--Login ret = 1 ------
[2023-12-26 14:44:10]--[src_cgi/login_cgi.c:171]--redis:[ip=127.0.0.1,port=6379]
[2023-12-26 14:44:10]--[src_cgi/login_cgi.c:195]--tmp = kevin_666450306427666
[2023-12-26 14:44:10]--[src_cgi/login_cgi.c:211]--base64 = rp9m4wmNf+T0Or/AZtaS6x7Iv0cRw5+k
[2023-12-26 14:44:10]--[src_cgi/login_cgi.c:315]--token = 7f581a597a4af71e1b2c0a201b983eba
[2023-12-26 14:47:07]--[src_cgi/login_cgi.c:298]--buf = {
    "pwd": "e10adc3949ba59abbe56e057f20f883e",
    "user": "kevin_666"
}

[2023-12-26 14:47:07]--[src_cgi/login_cgi.c:304]--user = kevin_666, pwd = e10adc3949ba59abbe56e057f20f883e
[2023-12-26 14:47:07]--[src_cgi/login_cgi.c:102]--mysql_user = root, mysql_pwd = k916025328, mysql_db = Manager
[2023-12-26 14:47:07]--[src_cgi/login_cgi.c:308]--Login ret = 1 ------
[2023-12-26 14:47:07]--[src_cgi/login_cgi.c:171]--redis:[ip=127.0.0.1,port=6379]
[2023-12-26 14:47:07]--[src_cgi/login_cgi.c:195]--tmp = kevin_66657270606210
[2023-12-26 14:47:07]--[src_cgi/login_cgi.c:211]--base64 = rp9m4wmNf+S54/cw09dZp1MX7WzcpOEm
[2023-12-26 14:47:07]--[src_cgi/login_cgi.c:315]--token = 4ac2a405692326425b1102ee5cddb3fe
[2023-12-26 14:53:22]--[src_cgi/login_cgi.c:298]--buf = {
    "pwd": "e10adc3949ba59abbe56e057f20f883e",
    "user": "kevin_666"
}

[2023-12-26 14:53:22]--[src_cgi/login_cgi.c:304]--user = kevin_666, pwd = e10adc3949ba59abbe56e057f20f883e
[2023-12-26 14:53:22]--[src_cgi/login_cgi.c:102]--mysql_user = root, mysql_pwd = k916025328, mysql_db = Manager
[2023-12-26 14:53:22]--[src_cgi/login_cgi.c:308]--Login ret = 1 ------
[2023-12-26 14:53:22]--[src_cgi/login_cgi.c:171]--redis:[ip=127.0.0.1,port=6379]
[2023-12-26 14:53:22]--[src_cgi/login_cgi.c:195]--tmp = kevin_666227505719455
[2023-12-26 14:53:22]--[src_cgi/login_cgi.c:211]--base64 = rp9m4wmNf+TIL83n6lw5WXwE2OAzTfnj
[2023-12-26 14:53:22]--[src_cgi/login_cgi.c:315]--token = 356671cc6b644dffe4ddcbe82f5411fa
