[2023-12-08 15:19:27]--[src_cgi/producttable.c:39]--mysql:[user=root,pwd=k916025328,database=Manager][2023-12-08 15:22:13]--[src_cgi/producttable.c:816]--cmd = productcount
[2023-12-08 15:22:13]--[src_cgi/producttable.c:848]--buf = {
    "token": "3d48b6e2cca5a8f3e754b502d756e1cb",
    "user": "kevin_666"
}

[2023-12-08 15:22:13]--[src_cgi/producttable.c:170]--line = 5
[2023-12-08 15:22:13]--[src_cgi/producttable.c:816]--cmd = productnormal
[2023-12-08 15:22:13]--[src_cgi/producttable.c:848]--buf = {
    "count": 5,
    "start": 0,
    "token": "3d48b6e2cca5a8f3e754b502d756e1cb",
    "user": "kevin_666"
}

[2023-12-08 15:22:13]--[src_cgi/producttable.c:863]--user = kevin_666, token = 3d48b6e2cca5a8f3e754b502d756e1cb, start = 0, count = 5
[2023-12-08 15:22:13]--[src_cgi/producttable.c:677]--SELECT * FROM productinfo limit 0,5 
 在操作
[2023-12-08 15:22:13]--[src_cgi/producttable.c:750]--{
	"product":	[{
			"product_id":	1,
			"product_name":	"黑色无纺布",
			"product_store_unit":	"米/元",
			"product_amount":	4000,
			"product_sell_unit":	"米/元",
			"product_price":	2000
		}, {
			"product_id":	2,
			"product_name":	"白色无纺布",
			"product_store_unit":	"米/元",
			"product_amount":	2000,
			"product_sell_unit":	"米/元",
			"product_price":	2000
		}, {
			"product_id":	3,
			"product_name":	"彩色无纺布",
			"product_store_unit":	"米/元",
			"product_amount":	2000,
			"product_sell_unit":	"米/元",
			"product_price":	2000
		}, {
			"product_id":	4,
			"product_name":	"紫色无纺布",
			"product_store_unit":	"米/元",
			"product_amount":	2000,
			"product_sell_unit":	"米/元",
			"product_price":	2000
		}, {
			"product_id":	5,
			"product_name":	"产品独有布",
			"product_store_unit":	"米/元",
			"product_amount":	2124,
			"product_sell_unit":	"米/元",
			"product_price":	2342
		}]
}
