[2023-12-27 10:09:40]--[src_cgi/UserOrder.c:39]--mysql:[user=root,pwd=k916025328,database=Manager][2023-12-27 10:10:23]--[src_cgi/UserOrder.c:209]--cmd = GetNames
[2023-12-27 10:10:23]--[src_cgi/UserOrder.c:229]--flags=====
[2023-12-27 10:10:23]--[src_cgi/UserOrder.c:231]--flags-----
[2023-12-27 10:10:23]--[src_cgi/UserOrder.c:88]--GetUserNameFromTableflags-----
[2023-12-27 10:10:23]--[src_cgi/UserOrder.c:96]--GetUserNameFromTableflags=====
[2023-12-27 10:10:23]--[src_cgi/UserOrder.c:104]--GetUserNameFromTableflags11111
[2023-12-27 10:10:23]--[src_cgi/UserOrder.c:117]--GetUserNameFromTableflags-----2
[2023-12-27 10:10:23]--[src_cgi/UserOrder.c:121]--GetUserNameFromTableflags-----index:0
[2023-12-27 10:17:30]--[src_cgi/UserOrder.c:39]--mysql:[user=root,pwd=k916025328,database=Manager][2023-12-27 10:17:39]--[src_cgi/UserOrder.c:215]--cmd = GetNames
[2023-12-27 10:17:39]--[src_cgi/UserOrder.c:235]--flags=====
[2023-12-27 10:17:39]--[src_cgi/UserOrder.c:237]--flags-----
[2023-12-27 10:17:39]--[src_cgi/UserOrder.c:88]--GetUserNameFromTableflags-----
[2023-12-27 10:17:39]--[src_cgi/UserOrder.c:96]--GetUserNameFromTableflags=====
[2023-12-27 10:17:39]--[src_cgi/UserOrder.c:103]--GetUserNameFromTableflags11111
[2023-12-27 10:17:39]--[src_cgi/UserOrder.c:116]--GetUserNameFromTableflags-----2
[2023-12-27 10:17:39]--[src_cgi/UserOrder.c:125]--GetUserNameFromTableflags-----index:0
[2023-12-27 10:17:39]--[src_cgi/UserOrder.c:134]--GetUserNameFromTableflags-----index:1
[2023-12-27 10:17:39]--[src_cgi/UserOrder.c:125]--GetUserNameFromTableflags-----index:1
[2023-12-27 10:17:39]--[src_cgi/UserOrder.c:134]--GetUserNameFromTableflags-----index:2
[2023-12-27 10:17:39]--[src_cgi/UserOrder.c:240]--flags00000
[2023-12-27 10:17:39]--[src_cgi/UserOrder.c:250]--flags22222
[2023-12-27 10:17:39]--[src_cgi/UserOrder.c:253]--flags33333
[2023-12-27 10:19:26]--[src_cgi/UserOrder.c:215]--cmd = GetNames
[2023-12-27 10:19:26]--[src_cgi/UserOrder.c:235]--flags=====
[2023-12-27 10:19:26]--[src_cgi/UserOrder.c:237]--flags-----
[2023-12-27 10:19:26]--[src_cgi/UserOrder.c:88]--GetUserNameFromTableflags-----
[2023-12-27 10:19:26]--[src_cgi/UserOrder.c:96]--GetUserNameFromTableflags=====
[2023-12-27 10:19:26]--[src_cgi/UserOrder.c:103]--GetUserNameFromTableflags11111
[2023-12-27 10:19:26]--[src_cgi/UserOrder.c:116]--GetUserNameFromTableflags-----2
[2023-12-27 10:19:26]--[src_cgi/UserOrder.c:125]--GetUserNameFromTableflags-----index:0
[2023-12-27 10:19:26]--[src_cgi/UserOrder.c:134]--GetUserNameFromTableflags-----index:1
[2023-12-27 10:19:26]--[src_cgi/UserOrder.c:125]--GetUserNameFromTableflags-----index:1
[2023-12-27 10:19:26]--[src_cgi/UserOrder.c:134]--GetUserNameFromTableflags-----index:2
[2023-12-27 10:19:26]--[src_cgi/UserOrder.c:240]--flags00000
[2023-12-27 10:19:26]--[src_cgi/UserOrder.c:250]--flags22222
[2023-12-27 10:19:26]--[src_cgi/UserOrder.c:253]--flags33333
[2023-12-27 10:53:41]--[src_cgi/UserOrder.c:39]--mysql:[user=root,pwd=k916025328,database=Manager][2023-12-27 10:54:08]--[src_cgi/UserOrder.c:209]--cmd = GetNames
[2023-12-27 10:56:18]--[src_cgi/UserOrder.c:209]--cmd = GetNames
[2023-12-27 10:58:04]--[src_cgi/UserOrder.c:209]--cmd = GetNames
[2023-12-27 10:59:32]--[src_cgi/UserOrder.c:209]--cmd = GetNames
[2023-12-27 11:00:23]--[src_cgi/UserOrder.c:209]--cmd = GetNames
[2023-12-27 11:14:47]--[src_cgi/UserOrder.c:209]--cmd = GetNames
[2023-12-27 11:14:59]--[src_cgi/UserOrder.c:209]--cmd = GetNames
[2023-12-27 11:17:48]--[src_cgi/UserOrder.c:209]--cmd = GetNames
[2023-12-27 11:23:59]--[src_cgi/UserOrder.c:209]--cmd = GetNames
[2023-12-27 11:27:34]--[src_cgi/UserOrder.c:209]--cmd = GetNames
[2023-12-27 11:31:57]--[src_cgi/UserOrder.c:209]--cmd = GetNames
[2023-12-27 15:21:58]--[src_cgi/UserOrder.c:209]--cmd = GetNames
