[2023-12-25 15:29:14]--[src_cgi/warestable.c:816]--cmd = warescount
[2023-12-25 15:29:14]--[src_cgi/warestable.c:848]--buf = {
    "token": "a030bb0a931da105faabfdcf554ecdd9",
    "user": "kevin_666"
}

[2023-12-25 15:29:14]--[src_cgi/warestable.c:170]--line = 4
[2023-12-25 15:29:14]--[src_cgi/warestable.c:816]--cmd = waresnormal
[2023-12-25 15:29:14]--[src_cgi/warestable.c:848]--buf = {
    "count": 4,
    "start": 0,
    "token": "a030bb0a931da105faabfdcf554ecdd9",
    "user": "kevin_666"
}

[2023-12-25 15:29:14]--[src_cgi/warestable.c:863]--user = kevin_666, token = a030bb0a931da105faabfdcf554ecdd9, start = 0, count = 4
[2023-12-25 15:29:14]--[src_cgi/warestable.c:677]--SELECT * FROM waresinfo limit 0,4 
 在操作
[2023-12-25 15:29:14]--[src_cgi/warestable.c:750]--{
	"wares":	[{
			"wares_id":	1,
			"wares_name":	"黑色无纺布",
			"wares_store_unit":	"米/元",
			"wares_amount":	4000,
			"wares_sell_unit":	"米/元",
			"wares_price":	2000
		}, {
			"wares_id":	2,
			"wares_name":	"白色无纺布",
			"wares_store_unit":	"米/元",
			"wares_amount":	2000,
			"wares_sell_unit":	"米/元",
			"wares_price":	2000
		}, {
			"wares_id":	3,
			"wares_name":	"彩色无纺布",
			"wares_store_unit":	"米/元",
			"wares_amount":	2000,
			"wares_sell_unit":	"米/元",
			"wares_price":	2000
		}, {
			"wares_id":	4,
			"wares_name":	"紫色无纺布",
			"wares_store_unit":	"米/元",
			"wares_amount":	2000,
			"wares_sell_unit":	"米/元",
			"wares_price":	2000
		}]
}
[2023-12-25 15:31:11]--[src_cgi/warestable.c:816]--cmd = warescount
[2023-12-25 15:31:11]--[src_cgi/warestable.c:848]--buf = {
    "token": "c3bf40b9760b96972ce094d5ad033e71",
    "user": "kevin_666"
}

[2023-12-25 15:31:11]--[src_cgi/warestable.c:170]--line = 4
[2023-12-25 15:31:11]--[src_cgi/warestable.c:816]--cmd = waresnormal
[2023-12-25 15:31:11]--[src_cgi/warestable.c:848]--buf = {
    "count": 4,
    "start": 0,
    "token": "c3bf40b9760b96972ce094d5ad033e71",
    "user": "kevin_666"
}

[2023-12-25 15:31:11]--[src_cgi/warestable.c:863]--user = kevin_666, token = c3bf40b9760b96972ce094d5ad033e71, start = 0, count = 4
[2023-12-25 15:31:11]--[src_cgi/warestable.c:677]--SELECT * FROM waresinfo limit 0,4 
 在操作
[2023-12-25 15:31:11]--[src_cgi/warestable.c:750]--{
	"wares":	[{
			"wares_id":	1,
			"wares_name":	"黑色无纺布",
			"wares_store_unit":	"米/元",
			"wares_amount":	4000,
			"wares_sell_unit":	"米/元",
			"wares_price":	2000
		}, {
			"wares_id":	2,
			"wares_name":	"白色无纺布",
			"wares_store_unit":	"米/元",
			"wares_amount":	2000,
			"wares_sell_unit":	"米/元",
			"wares_price":	2000
		}, {
			"wares_id":	3,
			"wares_name":	"彩色无纺布",
			"wares_store_unit":	"米/元",
			"wares_amount":	2000,
			"wares_sell_unit":	"米/元",
			"wares_price":	2000
		}, {
			"wares_id":	4,
			"wares_name":	"紫色无纺布",
			"wares_store_unit":	"米/元",
			"wares_amount":	2000,
			"wares_sell_unit":	"米/元",
			"wares_price":	2000
		}]
}
[2023-12-25 15:59:19]--[src_cgi/warestable.c:816]--cmd = warescount
[2023-12-25 15:59:19]--[src_cgi/warestable.c:848]--buf = {
    "token": "22b5527c7c5bd0091e84a1e8b5eef1d7",
    "user": "kevin_666"
}

[2023-12-25 15:59:19]--[src_cgi/warestable.c:170]--line = 4
[2023-12-25 15:59:19]--[src_cgi/warestable.c:816]--cmd = waresnormal
[2023-12-25 15:59:19]--[src_cgi/warestable.c:848]--buf = {
    "count": 4,
    "start": 0,
    "token": "22b5527c7c5bd0091e84a1e8b5eef1d7",
    "user": "kevin_666"
}

[2023-12-25 15:59:19]--[src_cgi/warestable.c:863]--user = kevin_666, token = 22b5527c7c5bd0091e84a1e8b5eef1d7, start = 0, count = 4
[2023-12-25 15:59:19]--[src_cgi/warestable.c:677]--SELECT * FROM waresinfo limit 0,4 
 在操作
[2023-12-25 15:59:19]--[src_cgi/warestable.c:750]--{
	"wares":	[{
			"wares_id":	1,
			"wares_name":	"黑色无纺布",
			"wares_store_unit":	"米/元",
			"wares_amount":	4000,
			"wares_sell_unit":	"米/元",
			"wares_price":	2000
		}, {
			"wares_id":	2,
			"wares_name":	"白色无纺布",
			"wares_store_unit":	"米/元",
			"wares_amount":	2000,
			"wares_sell_unit":	"米/元",
			"wares_price":	2000
		}, {
			"wares_id":	3,
			"wares_name":	"彩色无纺布",
			"wares_store_unit":	"米/元",
			"wares_amount":	2000,
			"wares_sell_unit":	"米/元",
			"wares_price":	2000
		}, {
			"wares_id":	4,
			"wares_name":	"紫色无纺布",
			"wares_store_unit":	"米/元",
			"wares_amount":	2000,
			"wares_sell_unit":	"米/元",
			"wares_price":	2000
		}]
}
