[2023-11-28 20:48:26]--[src_cgi/login_cgi.c:298]--buf = {
    "pwd": "e10adc3949ba59abbe56e057f20f883e",
    "user": "user"
}

[2023-11-28 20:48:26]--[src_cgi/login_cgi.c:304]--user = user, pwd = e10adc3949ba59abbe56e057f20f883e
[2023-11-28 20:48:26]--[src_cgi/login_cgi.c:102]--mysql_user = root, mysql_pwd = k916025328, mysql_db = Manager
[2023-11-28 20:48:26]--[src_cgi/login_cgi.c:308]--Login ret = 0 ------
[2023-11-28 20:48:26]--[src_cgi/login_cgi.c:171]--redis:[ip=127.0.0.1,port=6379]
[2023-11-28 20:48:26]--[src_cgi/login_cgi.c:195]--tmp = user902703147135
[2023-11-28 20:48:26]--[src_cgi/login_cgi.c:211]--base64 = etY95UWXdHH4sZzWtIzkXy0ZxLNK7pNJ
[2023-11-28 20:48:26]--[src_cgi/login_cgi.c:315]--token = 8166d165675835ce0eec0b769799e793
[2023-11-28 21:11:39]--[src_cgi/login_cgi.c:298]--buf = {
    "pwd": "e10adc3949ba59abbe56e057f20f883e",
    "user": "user"
}

[2023-11-28 21:11:39]--[src_cgi/login_cgi.c:304]--user = user, pwd = e10adc3949ba59abbe56e057f20f883e
[2023-11-28 21:11:39]--[src_cgi/login_cgi.c:102]--mysql_user = root, mysql_pwd = k916025328, mysql_db = Manager
[2023-11-28 21:11:39]--[src_cgi/login_cgi.c:308]--Login ret = 0 ------
[2023-11-28 21:11:39]--[src_cgi/login_cgi.c:171]--redis:[ip=127.0.0.1,port=6379]
[2023-11-28 21:11:39]--[src_cgi/login_cgi.c:195]--tmp = user56214167035
[2023-11-28 21:11:39]--[src_cgi/login_cgi.c:211]--base64 = 0r18KH0pLaBYAuzRe1F39A==
[2023-11-28 21:11:39]--[src_cgi/login_cgi.c:315]--token = e40d53cc7c9a01043e7dde0cbe3f6dd2
[2023-11-28 21:27:39]--[src_cgi/login_cgi.c:298]--buf = {
    "pwd": "e10adc3949ba59abbe56e057f20f883e",
    "user": "user"
}

[2023-11-28 21:27:39]--[src_cgi/login_cgi.c:304]--user = user, pwd = e10adc3949ba59abbe56e057f20f883e
[2023-11-28 21:27:39]--[src_cgi/login_cgi.c:102]--mysql_user = root, mysql_pwd = k916025328, mysql_db = Manager
[2023-11-28 21:27:39]--[src_cgi/login_cgi.c:308]--Login ret = 0 ------
[2023-11-28 21:27:39]--[src_cgi/login_cgi.c:171]--redis:[ip=127.0.0.1,port=6379]
[2023-11-28 21:27:39]--[src_cgi/login_cgi.c:195]--tmp = user883418619559
[2023-11-28 21:27:39]--[src_cgi/login_cgi.c:211]--base64 = kpcxbvkqC5r1k3pNeRHwRy0ZxLNK7pNJ
[2023-11-28 21:27:39]--[src_cgi/login_cgi.c:315]--token = fc01ddd64e2cd077d71aa9763017f8ad
[2023-11-28 21:30:08]--[src_cgi/login_cgi.c:298]--buf = {
    "pwd": "e10adc3949ba59abbe56e057f20f883e",
    "user": "user"
}

[2023-11-28 21:30:08]--[src_cgi/login_cgi.c:304]--user = user, pwd = e10adc3949ba59abbe56e057f20f883e
[2023-11-28 21:30:08]--[src_cgi/login_cgi.c:102]--mysql_user = root, mysql_pwd = k916025328, mysql_db = Manager
[2023-11-28 21:30:08]--[src_cgi/login_cgi.c:308]--Login ret = 0 ------
[2023-11-28 21:30:08]--[src_cgi/login_cgi.c:171]--redis:[ip=127.0.0.1,port=6379]
[2023-11-28 21:30:08]--[src_cgi/login_cgi.c:195]--tmp = user744533895105
[2023-11-28 21:30:08]--[src_cgi/login_cgi.c:211]--base64 = qV7l3NZq2/9hNRt/+MuH6S0ZxLNK7pNJ
[2023-11-28 21:30:08]--[src_cgi/login_cgi.c:315]--token = a2b7f798bca8cd82461f4a32d6bb9f3d
[2023-11-28 21:34:21]--[src_cgi/login_cgi.c:298]--buf = {
    "pwd": "e10adc3949ba59abbe56e057f20f883e",
    "user": "user"
}

[2023-11-28 21:34:21]--[src_cgi/login_cgi.c:304]--user = user, pwd = e10adc3949ba59abbe56e057f20f883e
[2023-11-28 21:34:21]--[src_cgi/login_cgi.c:102]--mysql_user = root, mysql_pwd = k916025328, mysql_db = Manager
[2023-11-28 21:34:21]--[src_cgi/login_cgi.c:308]--Login ret = 0 ------
[2023-11-28 21:34:21]--[src_cgi/login_cgi.c:171]--redis:[ip=127.0.0.1,port=6379]
[2023-11-28 21:34:21]--[src_cgi/login_cgi.c:195]--tmp = user5658534336
[2023-11-28 21:34:21]--[src_cgi/login_cgi.c:211]--base64 = HmpmrYvxqHN3HYqljZPN6w==
[2023-11-28 21:34:21]--[src_cgi/login_cgi.c:315]--token = 5150be037f2b9fa922d0d60f54fa769c
[2023-11-28 21:46:37]--[src_cgi/login_cgi.c:298]--buf = {
    "pwd": "e10adc3949ba59abbe56e057f20f883e",
    "user": "user"
}

[2023-11-28 21:46:37]--[src_cgi/login_cgi.c:304]--user = user, pwd = e10adc3949ba59abbe56e057f20f883e
[2023-11-28 21:46:37]--[src_cgi/login_cgi.c:102]--mysql_user = root, mysql_pwd = k916025328, mysql_db = Manager
[2023-11-28 21:46:37]--[src_cgi/login_cgi.c:308]--Login ret = 0 ------
[2023-11-28 21:46:37]--[src_cgi/login_cgi.c:171]--redis:[ip=127.0.0.1,port=6379]
[2023-11-28 21:46:37]--[src_cgi/login_cgi.c:195]--tmp = user106479552346
[2023-11-28 21:46:37]--[src_cgi/login_cgi.c:211]--base64 = 5PxuvqcpX8ru9BpfXi6a+y0ZxLNK7pNJ
[2023-11-28 21:46:37]--[src_cgi/login_cgi.c:315]--token = b4c04c4a7543ee56f0d94540031eb62e
