[2023-09-14 04:46:01]--[src_cgi/login_cgi.c:298]--buf = 
[2023-09-14 04:46:01]--[src_cgi/login_cgi.c:39]--cJSON_Parse err
[2023-09-14 04:46:01]--[src_cgi/login_cgi.c:304]--user = , pwd = 
[2023-09-14 04:46:01]--[src_cgi/login_cgi.c:102]--mysql_user = root, mysql_pwd = k916025328, mysql_db = Manager
[2023-09-14 04:46:01]--[src_cgi/login_cgi.c:308]--Login ret = 0 ------
[2023-09-14 04:46:01]--[src_cgi/login_cgi.c:171]--redis:[ip=127.0.0.1,port=6379]
[2023-09-14 04:46:01]--[src_cgi/login_cgi.c:195]--tmp = 821929441653
[2023-09-14 04:46:01]--[src_cgi/login_cgi.c:211]--base64 = P1aHwcoILZ6BbcgxCsserA==
[2023-09-14 04:46:01]--[src_cgi/login_cgi.c:315]--token = ee2bd0ee59d22c37c02101448498b509
[2023-09-14 19:48:55]--[src_cgi/login_cgi.c:298]--buf = {
    "pwd": "e10adc3949ba59abbe56e057f20f883e",
    "user": "user"
}

[2023-09-14 19:48:55]--[src_cgi/login_cgi.c:304]--user = user, pwd = e10adc3949ba59abbe56e057f20f883e
[2023-09-14 19:48:55]--[src_cgi/login_cgi.c:102]--mysql_user = root, mysql_pwd = k916025328, mysql_db = Manager
[2023-09-14 19:48:55]--[src_cgi/login_cgi.c:308]--Login ret = 0 ------
[2023-09-14 19:48:55]--[src_cgi/login_cgi.c:171]--redis:[ip=127.0.0.1,port=6379]
[2023-09-14 19:48:55]--[src_cgi/login_cgi.c:195]--tmp = user94547591625
[2023-09-14 19:48:55]--[src_cgi/login_cgi.c:211]--base64 = MVINk6/S3g9JshK85G72IQ==
[2023-09-14 19:48:55]--[src_cgi/login_cgi.c:315]--token = 0491df638fe213a5c7e17acad10709d1
[2023-09-14 19:49:11]--[src_cgi/login_cgi.c:298]--buf = {
    "pwd": "e10adc3949ba59abbe56e057f20f883e",
    "user": "user"
}

[2023-09-14 19:49:11]--[src_cgi/login_cgi.c:304]--user = user, pwd = e10adc3949ba59abbe56e057f20f883e
[2023-09-14 19:49:11]--[src_cgi/login_cgi.c:102]--mysql_user = root, mysql_pwd = k916025328, mysql_db = Manager
[2023-09-14 19:49:11]--[src_cgi/login_cgi.c:308]--Login ret = 0 ------
[2023-09-14 19:49:11]--[src_cgi/login_cgi.c:171]--redis:[ip=127.0.0.1,port=6379]
[2023-09-14 19:49:11]--[src_cgi/login_cgi.c:195]--tmp = user406200273981
[2023-09-14 19:49:11]--[src_cgi/login_cgi.c:211]--base64 = mFq28TW15zGk1ggihbpp/i0ZxLNK7pNJ
[2023-09-14 19:49:11]--[src_cgi/login_cgi.c:315]--token = e5d3536bca99cee43760dbf4d0c721e2
[2023-09-14 19:49:36]--[src_cgi/login_cgi.c:298]--buf = {
    "pwd": "e10adc3949ba59abbe56e057f20f883e",
    "user": "user"
}

[2023-09-14 19:49:36]--[src_cgi/login_cgi.c:304]--user = user, pwd = e10adc3949ba59abbe56e057f20f883e
[2023-09-14 19:49:36]--[src_cgi/login_cgi.c:102]--mysql_user = root, mysql_pwd = k916025328, mysql_db = Manager
[2023-09-14 19:49:36]--[src_cgi/login_cgi.c:308]--Login ret = 0 ------
[2023-09-14 19:49:36]--[src_cgi/login_cgi.c:171]--redis:[ip=127.0.0.1,port=6379]
[2023-09-14 19:49:36]--[src_cgi/login_cgi.c:195]--tmp = user44690297295
[2023-09-14 19:49:36]--[src_cgi/login_cgi.c:211]--base64 = 4SVtzboAAF6N5RBDVxnawQ==
[2023-09-14 19:49:36]--[src_cgi/login_cgi.c:315]--token = 17f1b8ef77099124047333518f8c4b4a
