[2023-09-11 19:49:09]--[src_cgi/login_cgi.c:298]--buf = {
    "pwd": "e10adc3949ba59abbe56e057f20f883e",
    "user": "user"
}

[2023-09-11 19:49:09]--[src_cgi/login_cgi.c:304]--user = user, pwd = e10adc3949ba59abbe56e057f20f883e
[2023-09-11 19:49:09]--[src_cgi/login_cgi.c:102]--mysql_user = root, mysql_pwd = k916025328, mysql_db = Manager
[2023-09-11 19:49:09]--[src_cgi/login_cgi.c:308]--Login ret = 0 ------
[2023-09-11 19:49:09]--[src_cgi/login_cgi.c:171]--redis:[ip=127.0.0.1,port=6379]
[2023-09-11 19:49:09]--[src_cgi/login_cgi.c:195]--tmp = user307284343
[2023-09-11 19:49:09]--[src_cgi/login_cgi.c:211]--base64 = oI8GDc/j5SE87LUT7pKwFQ==
[2023-09-11 19:49:09]--[src_cgi/login_cgi.c:315]--token = bef51225553a52a94807c9dc9ca42d67
[2023-09-11 19:49:42]--[src_cgi/login_cgi.c:298]--buf = {
    "pwd": "e10adc3949ba59abbe56e057f20f883e",
    "user": "user"
}

[2023-09-11 19:49:42]--[src_cgi/login_cgi.c:304]--user = user, pwd = e10adc3949ba59abbe56e057f20f883e
[2023-09-11 19:49:42]--[src_cgi/login_cgi.c:102]--mysql_user = root, mysql_pwd = k916025328, mysql_db = Manager
[2023-09-11 19:49:42]--[src_cgi/login_cgi.c:308]--Login ret = 0 ------
[2023-09-11 19:49:42]--[src_cgi/login_cgi.c:171]--redis:[ip=127.0.0.1,port=6379]
[2023-09-11 19:49:42]--[src_cgi/login_cgi.c:195]--tmp = user419985995108
[2023-09-11 19:49:42]--[src_cgi/login_cgi.c:211]--base64 = AVY+P2xYsCvhoKEZjgJAWS0ZxLNK7pNJ
[2023-09-11 19:49:42]--[src_cgi/login_cgi.c:315]--token = 25d7b730b9b61e7eb0f7c94b25d64e6e
[2023-09-11 19:52:05]--[src_cgi/login_cgi.c:298]--buf = {
    "pwd": "e10adc3949ba59abbe56e057f20f883e",
    "user": "user"
}

[2023-09-11 19:52:05]--[src_cgi/login_cgi.c:304]--user = user, pwd = e10adc3949ba59abbe56e057f20f883e
[2023-09-11 19:52:05]--[src_cgi/login_cgi.c:102]--mysql_user = root, mysql_pwd = k916025328, mysql_db = Manager
[2023-09-11 19:52:05]--[src_cgi/login_cgi.c:308]--Login ret = 0 ------
[2023-09-11 19:52:05]--[src_cgi/login_cgi.c:171]--redis:[ip=127.0.0.1,port=6379]
[2023-09-11 19:52:05]--[src_cgi/login_cgi.c:195]--tmp = user365655985305
[2023-09-11 19:52:05]--[src_cgi/login_cgi.c:211]--base64 = frWBjJkGO3ESHCLjI4VnsC0ZxLNK7pNJ
[2023-09-11 19:52:05]--[src_cgi/login_cgi.c:315]--token = ec515d9134454e15d45fedd2afe5e736
[2023-09-11 19:53:44]--[src_cgi/login_cgi.c:298]--buf = {
    "pwd": "e10adc3949ba59abbe56e057f20f883e",
    "user": "user"
}

[2023-09-11 19:53:44]--[src_cgi/login_cgi.c:304]--user = user, pwd = e10adc3949ba59abbe56e057f20f883e
[2023-09-11 19:53:44]--[src_cgi/login_cgi.c:102]--mysql_user = root, mysql_pwd = k916025328, mysql_db = Manager
[2023-09-11 19:53:44]--[src_cgi/login_cgi.c:308]--Login ret = 0 ------
[2023-09-11 19:53:44]--[src_cgi/login_cgi.c:171]--redis:[ip=127.0.0.1,port=6379]
[2023-09-11 19:53:44]--[src_cgi/login_cgi.c:195]--tmp = user862835934547
[2023-09-11 19:53:44]--[src_cgi/login_cgi.c:211]--base64 = TmFWUBzMMEF6PV5w/Iv7My0ZxLNK7pNJ
[2023-09-11 19:53:44]--[src_cgi/login_cgi.c:315]--token = 97d6b8928fb81dee845cb1142b1f25f3
[2023-09-11 19:56:33]--[src_cgi/login_cgi.c:298]--buf = {
    "pwd": "e10adc3949ba59abbe56e057f20f883e",
    "user": "user"
}

[2023-09-11 19:56:33]--[src_cgi/login_cgi.c:304]--user = user, pwd = e10adc3949ba59abbe56e057f20f883e
[2023-09-11 19:56:33]--[src_cgi/login_cgi.c:102]--mysql_user = root, mysql_pwd = k916025328, mysql_db = Manager
[2023-09-11 19:56:33]--[src_cgi/login_cgi.c:308]--Login ret = 0 ------
[2023-09-11 19:56:33]--[src_cgi/login_cgi.c:171]--redis:[ip=127.0.0.1,port=6379]
[2023-09-11 19:56:33]--[src_cgi/login_cgi.c:195]--tmp = user635257152856
[2023-09-11 19:56:33]--[src_cgi/login_cgi.c:211]--base64 = UsXZU3/PWSA6FOg6FE1WgC0ZxLNK7pNJ
[2023-09-11 19:56:33]--[src_cgi/login_cgi.c:315]--token = 592e36660d4af273c8d057a4d98b9869
[2023-09-11 20:00:47]--[src_cgi/login_cgi.c:298]--buf = {
    "pwd": "e10adc3949ba59abbe56e057f20f883e",
    "user": "user"
}

[2023-09-11 20:00:47]--[src_cgi/login_cgi.c:304]--user = user, pwd = e10adc3949ba59abbe56e057f20f883e
[2023-09-11 20:00:47]--[src_cgi/login_cgi.c:102]--mysql_user = root, mysql_pwd = k916025328, mysql_db = Manager
[2023-09-11 20:00:47]--[src_cgi/login_cgi.c:308]--Login ret = 0 ------
[2023-09-11 20:00:47]--[src_cgi/login_cgi.c:171]--redis:[ip=127.0.0.1,port=6379]
[2023-09-11 20:00:47]--[src_cgi/login_cgi.c:195]--tmp = user933859276392
[2023-09-11 20:00:47]--[src_cgi/login_cgi.c:211]--base64 = SFoiAgP+qc0YgvSO06Vj5C0ZxLNK7pNJ
[2023-09-11 20:00:47]--[src_cgi/login_cgi.c:315]--token = 9e23e63c6be17eb3d6e580d3728c6e12
[2023-09-11 20:56:21]--[src_cgi/login_cgi.c:298]--buf = {
    "pwd": "e10adc3949ba59abbe56e057f20f883e",
    "user": "user"
}

[2023-09-11 20:56:21]--[src_cgi/login_cgi.c:304]--user = user, pwd = e10adc3949ba59abbe56e057f20f883e
[2023-09-11 20:56:21]--[src_cgi/login_cgi.c:102]--mysql_user = root, mysql_pwd = k916025328, mysql_db = Manager
[2023-09-11 20:56:21]--[src_cgi/login_cgi.c:308]--Login ret = 0 ------
[2023-09-11 20:56:21]--[src_cgi/login_cgi.c:171]--redis:[ip=127.0.0.1,port=6379]
[2023-09-11 20:56:21]--[src_cgi/login_cgi.c:195]--tmp = user472622249854
[2023-09-11 20:56:21]--[src_cgi/login_cgi.c:211]--base64 = v+J9HzloKmI6jWngERFsZy0ZxLNK7pNJ
[2023-09-11 20:56:21]--[src_cgi/login_cgi.c:315]--token = 2280ff8262b3119263fcb1312ed793ae
[2023-09-11 20:57:02]--[src_cgi/login_cgi.c:298]--buf = {
    "pwd": "e10adc3949ba59abbe56e057f20f883e",
    "user": "user"
}

[2023-09-11 20:57:02]--[src_cgi/login_cgi.c:304]--user = user, pwd = e10adc3949ba59abbe56e057f20f883e
[2023-09-11 20:57:02]--[src_cgi/login_cgi.c:102]--mysql_user = root, mysql_pwd = k916025328, mysql_db = Manager
[2023-09-11 20:57:02]--[src_cgi/login_cgi.c:308]--Login ret = 0 ------
[2023-09-11 20:57:02]--[src_cgi/login_cgi.c:171]--redis:[ip=127.0.0.1,port=6379]
[2023-09-11 20:57:02]--[src_cgi/login_cgi.c:195]--tmp = user712653264605
[2023-09-11 20:57:02]--[src_cgi/login_cgi.c:211]--base64 = jPx1AqGWcgXAIzIUEZ99jy0ZxLNK7pNJ
[2023-09-11 20:57:02]--[src_cgi/login_cgi.c:315]--token = 39c5d395869fbf7b621ef3ba311033cb
