[2023-09-06 05:35:17]--[src_cgi/login_cgi.c:285]--len = 0, No data from standard input
[2023-09-06 19:38:42]--[src_cgi/login_cgi.c:298]--buf = {
    "pwd": "e10adc3949ba59abbe56e057f20f883e",
    "user": "user"
}

[2023-09-06 19:38:42]--[src_cgi/login_cgi.c:304]--user = user, pwd = e10adc3949ba59abbe56e057f20f883e
[2023-09-06 19:38:42]--[src_cgi/login_cgi.c:102]--mysql_user = root, mysql_pwd = k916025328, mysql_db = Manager
[2023-09-06 19:38:42]--[src_cgi/login_cgi.c:308]--Login ret = 0 ------
[2023-09-06 19:38:42]--[src_cgi/login_cgi.c:171]--redis:[ip=127.0.0.1,port=6379]
[2023-09-06 19:38:42]--[src_cgi/login_cgi.c:195]--tmp = user22907118376
[2023-09-06 19:38:42]--[src_cgi/login_cgi.c:211]--base64 = RMHKeVW0mwgws9RwurYddw==
[2023-09-06 19:38:42]--[src_cgi/login_cgi.c:315]--token = f3352c38997b4bd566ecfa437257d94d
[2023-09-06 19:39:08]--[src_cgi/login_cgi.c:298]--buf = {
    "pwd": "e10adc3949ba59abbe56e057f20f883e",
    "user": "user"
}

[2023-09-06 19:39:08]--[src_cgi/login_cgi.c:304]--user = user, pwd = e10adc3949ba59abbe56e057f20f883e
[2023-09-06 19:39:08]--[src_cgi/login_cgi.c:102]--mysql_user = root, mysql_pwd = k916025328, mysql_db = Manager
[2023-09-06 19:39:08]--[src_cgi/login_cgi.c:308]--Login ret = 0 ------
[2023-09-06 19:39:08]--[src_cgi/login_cgi.c:171]--redis:[ip=127.0.0.1,port=6379]
[2023-09-06 19:39:08]--[src_cgi/login_cgi.c:195]--tmp = user748860376249
[2023-09-06 19:39:08]--[src_cgi/login_cgi.c:211]--base64 = 0ZuSNop5DNn9JKIslOHhQi0ZxLNK7pNJ
[2023-09-06 19:39:08]--[src_cgi/login_cgi.c:315]--token = 765fae8a9670369bbc38c0d175d59e19
