[2023-09-04 20:07:54]--[src_cgi/login_cgi.c:298]--buf = {
    "pwd": "e10adc3949ba59abbe56e057f20f883e",
    "user": "user"
}

[2023-09-04 20:07:54]--[src_cgi/login_cgi.c:304]--user = user, pwd = e10adc3949ba59abbe56e057f20f883e
[2023-09-04 20:07:54]--[src_cgi/login_cgi.c:102]--mysql_user = root, mysql_pwd = k916025328, mysql_db = Manager
[2023-09-04 20:07:54]--[src_cgi/login_cgi.c:308]--Login ret = 0 ------
[2023-09-04 20:07:54]--[src_cgi/login_cgi.c:171]--redis:[ip=127.0.0.1,port=6379]
[2023-09-04 20:07:54]--[src_cgi/login_cgi.c:195]--tmp = user211711920957
[2023-09-04 20:07:54]--[src_cgi/login_cgi.c:211]--base64 = u221FVnmhG9F6wVxgBILjC0ZxLNK7pNJ
[2023-09-04 20:07:54]--[src_cgi/login_cgi.c:315]--token = 36efb3a795f13113a5869ad67b831c81
[2023-09-04 20:49:53]--[src_cgi/login_cgi.c:298]--buf = {
    "pwd": "e10adc3949ba59abbe56e057f20f883e",
    "user": "user"
}

[2023-09-04 20:49:53]--[src_cgi/login_cgi.c:304]--user = user, pwd = e10adc3949ba59abbe56e057f20f883e
[2023-09-04 20:49:53]--[src_cgi/login_cgi.c:102]--mysql_user = root, mysql_pwd = k916025328, mysql_db = Manager
[2023-09-04 20:49:53]--[src_cgi/login_cgi.c:308]--Login ret = 0 ------
[2023-09-04 20:49:53]--[src_cgi/login_cgi.c:171]--redis:[ip=127.0.0.1,port=6379]
[2023-09-04 20:49:53]--[src_cgi/login_cgi.c:195]--tmp = user729749259874
[2023-09-04 20:49:53]--[src_cgi/login_cgi.c:211]--base64 = 0mdPbRgoL6PyXARpcIauxC0ZxLNK7pNJ
[2023-09-04 20:49:53]--[src_cgi/login_cgi.c:315]--token = 64e18b9f2b5a18fe01e7e659687d1092
[2023-09-04 20:51:39]--[src_cgi/login_cgi.c:298]--buf = {
    "pwd": "e10adc3949ba59abbe56e057f20f883e",
    "user": "user"
}

[2023-09-04 20:51:39]--[src_cgi/login_cgi.c:304]--user = user, pwd = e10adc3949ba59abbe56e057f20f883e
[2023-09-04 20:51:39]--[src_cgi/login_cgi.c:102]--mysql_user = root, mysql_pwd = k916025328, mysql_db = Manager
[2023-09-04 20:51:39]--[src_cgi/login_cgi.c:308]--Login ret = 0 ------
[2023-09-04 20:51:39]--[src_cgi/login_cgi.c:171]--redis:[ip=127.0.0.1,port=6379]
[2023-09-04 20:51:39]--[src_cgi/login_cgi.c:195]--tmp = user381409496655
[2023-09-04 20:51:39]--[src_cgi/login_cgi.c:211]--base64 = w1WE52jABeKAnxSNoVLtdy0ZxLNK7pNJ
[2023-09-04 20:51:39]--[src_cgi/login_cgi.c:315]--token = e0c6666759c6357ff7e11f589182e596
[2023-09-04 20:53:58]--[src_cgi/login_cgi.c:298]--buf = {
    "pwd": "e10adc3949ba59abbe56e057f20f883e",
    "user": "user"
}

[2023-09-04 20:53:58]--[src_cgi/login_cgi.c:304]--user = user, pwd = e10adc3949ba59abbe56e057f20f883e
[2023-09-04 20:53:58]--[src_cgi/login_cgi.c:102]--mysql_user = root, mysql_pwd = k916025328, mysql_db = Manager
[2023-09-04 20:53:58]--[src_cgi/login_cgi.c:308]--Login ret = 0 ------
[2023-09-04 20:53:58]--[src_cgi/login_cgi.c:171]--redis:[ip=127.0.0.1,port=6379]
[2023-09-04 20:53:58]--[src_cgi/login_cgi.c:195]--tmp = user50968462569
[2023-09-04 20:53:58]--[src_cgi/login_cgi.c:211]--base64 = 4DpF1t37eovSRuAbjREBUg==
[2023-09-04 20:53:58]--[src_cgi/login_cgi.c:315]--token = 976a42c44fbd28e0d37276418f941fa2
[2023-09-04 20:54:34]--[src_cgi/login_cgi.c:298]--buf = {
    "pwd": "e10adc3949ba59abbe56e057f20f883e",
    "user": "user"
}

[2023-09-04 20:54:34]--[src_cgi/login_cgi.c:304]--user = user, pwd = e10adc3949ba59abbe56e057f20f883e
[2023-09-04 20:54:34]--[src_cgi/login_cgi.c:102]--mysql_user = root, mysql_pwd = k916025328, mysql_db = Manager
[2023-09-04 20:54:34]--[src_cgi/login_cgi.c:308]--Login ret = 0 ------
[2023-09-04 20:54:34]--[src_cgi/login_cgi.c:171]--redis:[ip=127.0.0.1,port=6379]
[2023-09-04 20:54:34]--[src_cgi/login_cgi.c:195]--tmp = user489613242261
[2023-09-04 20:54:34]--[src_cgi/login_cgi.c:211]--base64 = t7q9cilM2NgXGeOQv4W6Ey0ZxLNK7pNJ
[2023-09-04 20:54:34]--[src_cgi/login_cgi.c:315]--token = 9284ea7e4d217721f272255475fe44ac
[2023-09-04 20:54:48]--[src_cgi/login_cgi.c:298]--buf = {
    "pwd": "e10adc3949ba59abbe56e057f20f883e",
    "user": "user"
}

[2023-09-04 20:54:48]--[src_cgi/login_cgi.c:304]--user = user, pwd = e10adc3949ba59abbe56e057f20f883e
[2023-09-04 20:54:48]--[src_cgi/login_cgi.c:102]--mysql_user = root, mysql_pwd = k916025328, mysql_db = Manager
[2023-09-04 20:54:48]--[src_cgi/login_cgi.c:308]--Login ret = 0 ------
[2023-09-04 20:54:48]--[src_cgi/login_cgi.c:171]--redis:[ip=127.0.0.1,port=6379]
[2023-09-04 20:54:48]--[src_cgi/login_cgi.c:195]--tmp = user50550193061
[2023-09-04 20:54:48]--[src_cgi/login_cgi.c:211]--base64 = n8ngNF8QIKzvJkKcnIJXCQ==
[2023-09-04 20:54:48]--[src_cgi/login_cgi.c:315]--token = 27c385c50991345b0e0ff4857dc8aac0
[2023-09-04 21:01:58]--[src_cgi/login_cgi.c:298]--buf = {
    "pwd": "e10adc3949ba59abbe56e057f20f883e",
    "user": "user"
}

[2023-09-04 21:01:58]--[src_cgi/login_cgi.c:304]--user = user, pwd = e10adc3949ba59abbe56e057f20f883e
[2023-09-04 21:01:58]--[src_cgi/login_cgi.c:102]--mysql_user = root, mysql_pwd = k916025328, mysql_db = Manager
[2023-09-04 21:01:58]--[src_cgi/login_cgi.c:308]--Login ret = 0 ------
[2023-09-04 21:01:58]--[src_cgi/login_cgi.c:171]--redis:[ip=127.0.0.1,port=6379]
[2023-09-04 21:01:58]--[src_cgi/login_cgi.c:195]--tmp = user82859614958
[2023-09-04 21:01:58]--[src_cgi/login_cgi.c:211]--base64 = 0/8TpnPphVC4b/oYEaj44Q==
[2023-09-04 21:01:58]--[src_cgi/login_cgi.c:315]--token = 55eaeb5d2eb1636622cbe07de384e61d
