[2023-09-05 22:09:24]--[src_cgi/login_cgi.c:298]--buf = {
    "pwd": "e10adc3949ba59abbe56e057f20f883e",
    "user": "user"
}

[2023-09-05 22:09:24]--[src_cgi/login_cgi.c:304]--user = user, pwd = e10adc3949ba59abbe56e057f20f883e
[2023-09-05 22:09:24]--[src_cgi/login_cgi.c:102]--mysql_user = root, mysql_pwd = k916025328, mysql_db = Manager
[2023-09-05 22:09:24]--[src_cgi/login_cgi.c:308]--Login ret = 0 ------
[2023-09-05 22:09:24]--[src_cgi/login_cgi.c:171]--redis:[ip=127.0.0.1,port=6379]
[2023-09-05 22:09:24]--[src_cgi/login_cgi.c:195]--tmp = user429225585854
[2023-09-05 22:09:24]--[src_cgi/login_cgi.c:211]--base64 = AT4TWWT16tKS3kM783REiy0ZxLNK7pNJ
[2023-09-05 22:09:24]--[src_cgi/login_cgi.c:315]--token = ec244fcf33281d9703231d45364ade2f
[2023-09-05 22:15:54]--[src_cgi/login_cgi.c:298]--buf = {
    "pwd": "e10adc3949ba59abbe56e057f20f883e",
    "user": "user"
}

[2023-09-05 22:15:54]--[src_cgi/login_cgi.c:304]--user = user, pwd = e10adc3949ba59abbe56e057f20f883e
[2023-09-05 22:15:54]--[src_cgi/login_cgi.c:102]--mysql_user = root, mysql_pwd = k916025328, mysql_db = Manager
[2023-09-05 22:15:54]--[src_cgi/login_cgi.c:308]--Login ret = 0 ------
[2023-09-05 22:15:54]--[src_cgi/login_cgi.c:171]--redis:[ip=127.0.0.1,port=6379]
[2023-09-05 22:15:54]--[src_cgi/login_cgi.c:195]--tmp = user169699981933
[2023-09-05 22:15:54]--[src_cgi/login_cgi.c:211]--base64 = phS2uLg9Csp6Ea3NjTIC5i0ZxLNK7pNJ
[2023-09-05 22:15:54]--[src_cgi/login_cgi.c:315]--token = 0501bf88a474158ab4b074aec0cc2db3
[2023-09-05 22:22:06]--[src_cgi/login_cgi.c:298]--buf = {
    "pwd": "e10adc3949ba59abbe56e057f20f883e",
    "user": "user"
}

[2023-09-05 22:22:06]--[src_cgi/login_cgi.c:304]--user = user, pwd = e10adc3949ba59abbe56e057f20f883e
[2023-09-05 22:22:06]--[src_cgi/login_cgi.c:102]--mysql_user = root, mysql_pwd = k916025328, mysql_db = Manager
[2023-09-05 22:22:06]--[src_cgi/login_cgi.c:308]--Login ret = 0 ------
[2023-09-05 22:22:06]--[src_cgi/login_cgi.c:171]--redis:[ip=127.0.0.1,port=6379]
[2023-09-05 22:22:06]--[src_cgi/login_cgi.c:195]--tmp = user922686248763
[2023-09-05 22:22:06]--[src_cgi/login_cgi.c:211]--base64 = iAgqFUJarEVMLlW92W+heC0ZxLNK7pNJ
[2023-09-05 22:22:06]--[src_cgi/login_cgi.c:315]--token = 9076070a3a45e702cc02795065b59fe6
[2023-09-05 22:26:52]--[src_cgi/login_cgi.c:298]--buf = {
    "pwd": "e10adc3949ba59abbe56e057f20f883e",
    "user": "user"
}

[2023-09-05 22:26:52]--[src_cgi/login_cgi.c:304]--user = user, pwd = e10adc3949ba59abbe56e057f20f883e
[2023-09-05 22:26:52]--[src_cgi/login_cgi.c:102]--mysql_user = root, mysql_pwd = k916025328, mysql_db = Manager
[2023-09-05 22:26:52]--[src_cgi/login_cgi.c:308]--Login ret = 0 ------
[2023-09-05 22:26:52]--[src_cgi/login_cgi.c:171]--redis:[ip=127.0.0.1,port=6379]
[2023-09-05 22:26:52]--[src_cgi/login_cgi.c:195]--tmp = user664376656125
[2023-09-05 22:26:52]--[src_cgi/login_cgi.c:211]--base64 = H/dtHb8CFmct5keAh+BeCC0ZxLNK7pNJ
[2023-09-05 22:26:52]--[src_cgi/login_cgi.c:315]--token = b980c6dfa561d935e606e30d657fa5b4
[2023-09-05 22:34:22]--[src_cgi/login_cgi.c:298]--buf = {
    "pwd": "e10adc3949ba59abbe56e057f20f883e",
    "user": "user"
}

[2023-09-05 22:34:22]--[src_cgi/login_cgi.c:304]--user = user, pwd = e10adc3949ba59abbe56e057f20f883e
[2023-09-05 22:34:22]--[src_cgi/login_cgi.c:102]--mysql_user = root, mysql_pwd = k916025328, mysql_db = Manager
[2023-09-05 22:34:22]--[src_cgi/login_cgi.c:308]--Login ret = 0 ------
[2023-09-05 22:34:22]--[src_cgi/login_cgi.c:171]--redis:[ip=127.0.0.1,port=6379]
[2023-09-05 22:34:22]--[src_cgi/login_cgi.c:195]--tmp = user254998754648
[2023-09-05 22:34:22]--[src_cgi/login_cgi.c:211]--base64 = TtxXtzJfjSllNnjEfM2IgS0ZxLNK7pNJ
[2023-09-05 22:34:22]--[src_cgi/login_cgi.c:315]--token = 10808c7fa8b40dc05a80e3ad05025204
[2023-09-05 22:36:48]--[src_cgi/login_cgi.c:298]--buf = {
    "pwd": "e10adc3949ba59abbe56e057f20f883e",
    "user": "user"
}

[2023-09-05 22:36:48]--[src_cgi/login_cgi.c:304]--user = user, pwd = e10adc3949ba59abbe56e057f20f883e
[2023-09-05 22:36:48]--[src_cgi/login_cgi.c:102]--mysql_user = root, mysql_pwd = k916025328, mysql_db = Manager
[2023-09-05 22:36:48]--[src_cgi/login_cgi.c:308]--Login ret = 0 ------
[2023-09-05 22:36:48]--[src_cgi/login_cgi.c:171]--redis:[ip=127.0.0.1,port=6379]
[2023-09-05 22:36:48]--[src_cgi/login_cgi.c:195]--tmp = user149651490900
[2023-09-05 22:36:48]--[src_cgi/login_cgi.c:211]--base64 = Mpe32DchV9Q/3QHGCcLHjS0ZxLNK7pNJ
[2023-09-05 22:36:48]--[src_cgi/login_cgi.c:315]--token = c59922a9ac625fb6bbff1be5b63fb9a3
[2023-09-05 22:37:01]--[src_cgi/login_cgi.c:298]--buf = {
    "pwd": "e10adc3949ba59abbe56e057f20f883e",
    "user": "user"
}

[2023-09-05 22:37:01]--[src_cgi/login_cgi.c:304]--user = user, pwd = e10adc3949ba59abbe56e057f20f883e
[2023-09-05 22:37:01]--[src_cgi/login_cgi.c:102]--mysql_user = root, mysql_pwd = k916025328, mysql_db = Manager
[2023-09-05 22:37:01]--[src_cgi/login_cgi.c:308]--Login ret = 0 ------
[2023-09-05 22:37:01]--[src_cgi/login_cgi.c:171]--redis:[ip=127.0.0.1,port=6379]
[2023-09-05 22:37:01]--[src_cgi/login_cgi.c:195]--tmp = user821763547680
[2023-09-05 22:37:01]--[src_cgi/login_cgi.c:211]--base64 = ZEBcMp62bn+3XB2SW0SZ3y0ZxLNK7pNJ
[2023-09-05 22:37:01]--[src_cgi/login_cgi.c:315]--token = 2b163dbb1d5b77bfc652429971052de1
[2023-09-05 22:39:37]--[src_cgi/login_cgi.c:298]--buf = {
    "pwd": "e10adc3949ba59abbe56e057f20f883e",
    "user": "user"
}

[2023-09-05 22:39:37]--[src_cgi/login_cgi.c:304]--user = user, pwd = e10adc3949ba59abbe56e057f20f883e
[2023-09-05 22:39:37]--[src_cgi/login_cgi.c:102]--mysql_user = root, mysql_pwd = k916025328, mysql_db = Manager
[2023-09-05 22:39:37]--[src_cgi/login_cgi.c:308]--Login ret = 0 ------
[2023-09-05 22:39:37]--[src_cgi/login_cgi.c:171]--redis:[ip=127.0.0.1,port=6379]
[2023-09-05 22:39:37]--[src_cgi/login_cgi.c:195]--tmp = user432681288676
[2023-09-05 22:39:37]--[src_cgi/login_cgi.c:211]--base64 = XfQFv+z+up0uKOONSSunAi0ZxLNK7pNJ
[2023-09-05 22:39:37]--[src_cgi/login_cgi.c:315]--token = d824285fb11f8286f87386f1ae69a246
[2023-09-05 22:41:12]--[src_cgi/login_cgi.c:298]--buf = {
    "pwd": "e10adc3949ba59abbe56e057f20f883e",
    "user": "user"
}

[2023-09-05 22:41:12]--[src_cgi/login_cgi.c:304]--user = user, pwd = e10adc3949ba59abbe56e057f20f883e
[2023-09-05 22:41:12]--[src_cgi/login_cgi.c:102]--mysql_user = root, mysql_pwd = k916025328, mysql_db = Manager
[2023-09-05 22:41:12]--[src_cgi/login_cgi.c:308]--Login ret = 0 ------
[2023-09-05 22:41:12]--[src_cgi/login_cgi.c:171]--redis:[ip=127.0.0.1,port=6379]
[2023-09-05 22:41:12]--[src_cgi/login_cgi.c:195]--tmp = user175380911766
[2023-09-05 22:41:12]--[src_cgi/login_cgi.c:211]--base64 = /ZoPW07PK+fUMIq/ot8Eqy0ZxLNK7pNJ
[2023-09-05 22:41:12]--[src_cgi/login_cgi.c:315]--token = 631a666bcdc0ae4495dc0f866551d5fd
[2023-09-05 22:42:15]--[src_cgi/login_cgi.c:298]--buf = {
    "pwd": "e10adc3949ba59abbe56e057f20f883e",
    "user": "user"
}

[2023-09-05 22:42:15]--[src_cgi/login_cgi.c:304]--user = user, pwd = e10adc3949ba59abbe56e057f20f883e
[2023-09-05 22:42:15]--[src_cgi/login_cgi.c:102]--mysql_user = root, mysql_pwd = k916025328, mysql_db = Manager
[2023-09-05 22:42:15]--[src_cgi/login_cgi.c:308]--Login ret = 0 ------
[2023-09-05 22:42:15]--[src_cgi/login_cgi.c:171]--redis:[ip=127.0.0.1,port=6379]
[2023-09-05 22:42:15]--[src_cgi/login_cgi.c:195]--tmp = user7276416993
[2023-09-05 22:42:15]--[src_cgi/login_cgi.c:211]--base64 = clvJr/XXwypyAQRHvOelmw==
[2023-09-05 22:42:15]--[src_cgi/login_cgi.c:315]--token = a38b0fa3ba375876be63483c832e182b
[2023-09-05 22:44:04]--[src_cgi/login_cgi.c:298]--buf = {
    "pwd": "e10adc3949ba59abbe56e057f20f883e",
    "user": "user"
}

[2023-09-05 22:44:04]--[src_cgi/login_cgi.c:304]--user = user, pwd = e10adc3949ba59abbe56e057f20f883e
[2023-09-05 22:44:04]--[src_cgi/login_cgi.c:102]--mysql_user = root, mysql_pwd = k916025328, mysql_db = Manager
[2023-09-05 22:44:04]--[src_cgi/login_cgi.c:308]--Login ret = 0 ------
[2023-09-05 22:44:04]--[src_cgi/login_cgi.c:171]--redis:[ip=127.0.0.1,port=6379]
[2023-09-05 22:44:04]--[src_cgi/login_cgi.c:195]--tmp = user294462610804
[2023-09-05 22:44:04]--[src_cgi/login_cgi.c:211]--base64 = BZMcXdvwxukUahOZyts0Uy0ZxLNK7pNJ
[2023-09-05 22:44:04]--[src_cgi/login_cgi.c:315]--token = acc8949ffad58b7809186c552095c461
[2023-09-05 22:54:24]--[src_cgi/login_cgi.c:298]--buf = {
    "pwd": "e10adc3949ba59abbe56e057f20f883e",
    "user": "user"
}

[2023-09-05 22:54:24]--[src_cgi/login_cgi.c:304]--user = user, pwd = e10adc3949ba59abbe56e057f20f883e
[2023-09-05 22:54:24]--[src_cgi/login_cgi.c:102]--mysql_user = root, mysql_pwd = k916025328, mysql_db = Manager
[2023-09-05 22:54:24]--[src_cgi/login_cgi.c:308]--Login ret = 0 ------
[2023-09-05 22:54:24]--[src_cgi/login_cgi.c:171]--redis:[ip=127.0.0.1,port=6379]
[2023-09-05 22:54:24]--[src_cgi/login_cgi.c:195]--tmp = user396282848512
[2023-09-05 22:54:24]--[src_cgi/login_cgi.c:211]--base64 = 4z+qc7hEZl/l/3YpLY/LRi0ZxLNK7pNJ
[2023-09-05 22:54:24]--[src_cgi/login_cgi.c:315]--token = aebeacac699791c4cc946cf940170c9f
[2023-09-05 22:57:43]--[src_cgi/login_cgi.c:298]--buf = {
    "pwd": "e10adc3949ba59abbe56e057f20f883e",
    "user": "user"
}

[2023-09-05 22:57:43]--[src_cgi/login_cgi.c:304]--user = user, pwd = e10adc3949ba59abbe56e057f20f883e
[2023-09-05 22:57:43]--[src_cgi/login_cgi.c:102]--mysql_user = root, mysql_pwd = k916025328, mysql_db = Manager
[2023-09-05 22:57:43]--[src_cgi/login_cgi.c:308]--Login ret = 0 ------
[2023-09-05 22:57:43]--[src_cgi/login_cgi.c:171]--redis:[ip=127.0.0.1,port=6379]
[2023-09-05 22:57:43]--[src_cgi/login_cgi.c:195]--tmp = user412222883737
[2023-09-05 22:57:43]--[src_cgi/login_cgi.c:211]--base64 = Gq3aQAjCAProMH5Rqh7JgS0ZxLNK7pNJ
[2023-09-05 22:57:43]--[src_cgi/login_cgi.c:315]--token = 86fb876de1c38cabe0fb7b9cdb063443
