[2023-09-12 21:55:34]--[src_cgi/login_cgi.c:298]--buf = {
    "pwd": "e10adc3949ba59abbe56e057f20f883e",
    "user": "user"
}

[2023-09-12 21:55:34]--[src_cgi/login_cgi.c:304]--user = user, pwd = e10adc3949ba59abbe56e057f20f883e
[2023-09-12 21:55:34]--[src_cgi/login_cgi.c:102]--mysql_user = root, mysql_pwd = k916025328, mysql_db = Manager
[2023-09-12 21:55:34]--[src_cgi/login_cgi.c:308]--Login ret = 0 ------
[2023-09-12 21:55:34]--[src_cgi/login_cgi.c:171]--redis:[ip=127.0.0.1,port=6379]
[2023-09-12 21:55:34]--[src_cgi/login_cgi.c:195]--tmp = user627723108475
[2023-09-12 21:55:34]--[src_cgi/login_cgi.c:211]--base64 = slo0E+BbFVA1ZsFwt+oPty0ZxLNK7pNJ
[2023-09-12 21:55:34]--[src_cgi/login_cgi.c:315]--token = 14ce3c947c77b75457c6146119147a4e
[2023-09-12 21:58:12]--[src_cgi/login_cgi.c:298]--buf = {
    "pwd": "e10adc3949ba59abbe56e057f20f883e",
    "user": "user"
}

[2023-09-12 21:58:12]--[src_cgi/login_cgi.c:304]--user = user, pwd = e10adc3949ba59abbe56e057f20f883e
[2023-09-12 21:58:12]--[src_cgi/login_cgi.c:102]--mysql_user = root, mysql_pwd = k916025328, mysql_db = Manager
[2023-09-12 21:58:12]--[src_cgi/login_cgi.c:308]--Login ret = 0 ------
[2023-09-12 21:58:12]--[src_cgi/login_cgi.c:171]--redis:[ip=127.0.0.1,port=6379]
[2023-09-12 21:58:12]--[src_cgi/login_cgi.c:195]--tmp = user648730615430
[2023-09-12 21:58:12]--[src_cgi/login_cgi.c:211]--base64 = NqZVmmL4zwdpO+ggLOok+C0ZxLNK7pNJ
[2023-09-12 21:58:12]--[src_cgi/login_cgi.c:315]--token = 488933b3af24112b567ad2a34c495216
[2023-09-12 22:04:21]--[src_cgi/login_cgi.c:298]--buf = {
    "pwd": "e10adc3949ba59abbe56e057f20f883e",
    "user": "user"
}

[2023-09-12 22:04:21]--[src_cgi/login_cgi.c:304]--user = user, pwd = e10adc3949ba59abbe56e057f20f883e
[2023-09-12 22:04:21]--[src_cgi/login_cgi.c:102]--mysql_user = root, mysql_pwd = k916025328, mysql_db = Manager
[2023-09-12 22:04:21]--[src_cgi/login_cgi.c:308]--Login ret = 0 ------
[2023-09-12 22:04:21]--[src_cgi/login_cgi.c:171]--redis:[ip=127.0.0.1,port=6379]
[2023-09-12 22:04:21]--[src_cgi/login_cgi.c:195]--tmp = user660982425338
[2023-09-12 22:04:21]--[src_cgi/login_cgi.c:211]--base64 = dgHRD4n/uFsL0pf7gZKPyy0ZxLNK7pNJ
[2023-09-12 22:04:21]--[src_cgi/login_cgi.c:315]--token = 7e84cbc43d7c67fda9e5b5cb90fb32c8
[2023-09-12 22:05:11]--[src_cgi/login_cgi.c:298]--buf = {
    "pwd": "e10adc3949ba59abbe56e057f20f883e",
    "user": "user"
}

[2023-09-12 22:05:11]--[src_cgi/login_cgi.c:304]--user = user, pwd = e10adc3949ba59abbe56e057f20f883e
[2023-09-12 22:05:11]--[src_cgi/login_cgi.c:102]--mysql_user = root, mysql_pwd = k916025328, mysql_db = Manager
[2023-09-12 22:05:11]--[src_cgi/login_cgi.c:308]--Login ret = 0 ------
[2023-09-12 22:05:11]--[src_cgi/login_cgi.c:171]--redis:[ip=127.0.0.1,port=6379]
[2023-09-12 22:05:11]--[src_cgi/login_cgi.c:195]--tmp = user421272512447
[2023-09-12 22:05:11]--[src_cgi/login_cgi.c:211]--base64 = RYSWJRejkcGwEGw4XFo+4y0ZxLNK7pNJ
[2023-09-12 22:05:11]--[src_cgi/login_cgi.c:315]--token = 97915135648702549b046f818c126644
[2023-09-12 22:05:53]--[src_cgi/login_cgi.c:298]--buf = {
    "pwd": "e10adc3949ba59abbe56e057f20f883e",
    "user": "user"
}

[2023-09-12 22:05:53]--[src_cgi/login_cgi.c:304]--user = user, pwd = e10adc3949ba59abbe56e057f20f883e
[2023-09-12 22:05:53]--[src_cgi/login_cgi.c:102]--mysql_user = root, mysql_pwd = k916025328, mysql_db = Manager
[2023-09-12 22:05:53]--[src_cgi/login_cgi.c:308]--Login ret = 0 ------
[2023-09-12 22:05:53]--[src_cgi/login_cgi.c:171]--redis:[ip=127.0.0.1,port=6379]
[2023-09-12 22:05:53]--[src_cgi/login_cgi.c:195]--tmp = user925877495195
[2023-09-12 22:05:53]--[src_cgi/login_cgi.c:211]--base64 = Lxjnlc91Z2D/ZK/q+maUAi0ZxLNK7pNJ
[2023-09-12 22:05:53]--[src_cgi/login_cgi.c:315]--token = 06ca255c59502c9bb9171e0be785f277
[2023-09-12 22:19:31]--[src_cgi/login_cgi.c:298]--buf = {
    "pwd": "e10adc3949ba59abbe56e057f20f883e",
    "user": "user"
}

[2023-09-12 22:19:31]--[src_cgi/login_cgi.c:304]--user = user, pwd = e10adc3949ba59abbe56e057f20f883e
[2023-09-12 22:19:31]--[src_cgi/login_cgi.c:102]--mysql_user = root, mysql_pwd = k916025328, mysql_db = Manager
[2023-09-12 22:19:31]--[src_cgi/login_cgi.c:308]--Login ret = 0 ------
[2023-09-12 22:19:31]--[src_cgi/login_cgi.c:171]--redis:[ip=127.0.0.1,port=6379]
[2023-09-12 22:19:31]--[src_cgi/login_cgi.c:195]--tmp = user3529861853
[2023-09-12 22:19:31]--[src_cgi/login_cgi.c:211]--base64 = 93Zf5tHiDdKD7L53l+GbMA==
[2023-09-12 22:19:31]--[src_cgi/login_cgi.c:315]--token = 73f6d413f07cb7b68e735f60442f836d
[2023-09-12 22:20:13]--[src_cgi/login_cgi.c:298]--buf = {
    "pwd": "e10adc3949ba59abbe56e057f20f883e",
    "user": "user"
}

[2023-09-12 22:20:13]--[src_cgi/login_cgi.c:304]--user = user, pwd = e10adc3949ba59abbe56e057f20f883e
[2023-09-12 22:20:13]--[src_cgi/login_cgi.c:102]--mysql_user = root, mysql_pwd = k916025328, mysql_db = Manager
[2023-09-12 22:20:13]--[src_cgi/login_cgi.c:308]--Login ret = 0 ------
[2023-09-12 22:20:13]--[src_cgi/login_cgi.c:171]--redis:[ip=127.0.0.1,port=6379]
[2023-09-12 22:20:13]--[src_cgi/login_cgi.c:195]--tmp = user508851952715
[2023-09-12 22:20:13]--[src_cgi/login_cgi.c:211]--base64 = MLhaKRSbwSs95B0sSoPRKi0ZxLNK7pNJ
[2023-09-12 22:20:13]--[src_cgi/login_cgi.c:315]--token = 263fec6e518454278557213725dd3ae2
[2023-09-12 22:25:54]--[src_cgi/login_cgi.c:298]--buf = {
    "pwd": "e10adc3949ba59abbe56e057f20f883e",
    "user": "user"
}

[2023-09-12 22:25:54]--[src_cgi/login_cgi.c:304]--user = user, pwd = e10adc3949ba59abbe56e057f20f883e
[2023-09-12 22:25:54]--[src_cgi/login_cgi.c:102]--mysql_user = root, mysql_pwd = k916025328, mysql_db = Manager
[2023-09-12 22:25:54]--[src_cgi/login_cgi.c:308]--Login ret = 0 ------
[2023-09-12 22:25:54]--[src_cgi/login_cgi.c:171]--redis:[ip=127.0.0.1,port=6379]
[2023-09-12 22:25:54]--[src_cgi/login_cgi.c:195]--tmp = user202386209125
[2023-09-12 22:25:54]--[src_cgi/login_cgi.c:211]--base64 = 3fDCEbGCyXTxUVwE1AMwEC0ZxLNK7pNJ
[2023-09-12 22:25:54]--[src_cgi/login_cgi.c:315]--token = 79823230f25f3e30b030af60651a7204
