[2023-05-21 09:11:54]--[src_cgi/login_cgi.c:288]--buf = {
    "pwd": "e10adc3949ba59abbe56e057f20f883e",
    "user": "kevin_666"
}

[2023-05-21 09:11:54]--[src_cgi/login_cgi.c:294]--user = kevin_666, pwd = e10adc3949ba59abbe56e057f20f883e
[2023-05-21 09:11:54]--[src_cgi/login_cgi.c:101]--mysql_user = root, mysql_pwd = k916025328, mysql_db = Manager
[2023-05-21 09:11:54]--[src_cgi/login_cgi.c:161]--redis:[ip=127.0.0.1,port=6379]
[2023-05-21 09:11:54]--[src_cgi/login_cgi.c:185]--tmp = kevin_666134262385646
[2023-05-21 09:11:54]--[src_cgi/login_cgi.c:201]--base64 = rp9m4wmNf+SOQK80djlVs8u32Kv3stnH
[2023-05-21 09:11:54]--[src_cgi/login_cgi.c:303]--token = eec2928cf6cf0f136b2e9041e02ea52d
[2023-05-21 09:17:31]--[src_cgi/login_cgi.c:288]--buf = {
    "pwd": "e10adc3949ba59abbe56e057f20f883e",
    "user": "kevin_666"
}

[2023-05-21 09:17:31]--[src_cgi/login_cgi.c:294]--user = kevin_666, pwd = e10adc3949ba59abbe56e057f20f883e
[2023-05-21 09:17:31]--[src_cgi/login_cgi.c:101]--mysql_user = root, mysql_pwd = k916025328, mysql_db = Manager
[2023-05-21 09:17:31]--[src_cgi/login_cgi.c:161]--redis:[ip=127.0.0.1,port=6379]
[2023-05-21 09:17:31]--[src_cgi/login_cgi.c:185]--tmp = kevin_66669525245347
[2023-05-21 09:17:31]--[src_cgi/login_cgi.c:201]--base64 = rp9m4wmNf+TeW6/rPhDqYS1YJnCpmAyT
[2023-05-21 09:17:31]--[src_cgi/login_cgi.c:303]--token = 0dd6e3bb1f020520529ae6ddeafc9100
[2023-05-21 17:36:35]--[src_cgi/login_cgi.c:288]--buf = {
    "pwd": "e10adc3949ba59abbe56e057f20f883e",
    "user": "kevin_666"
}

[2023-05-21 17:36:35]--[src_cgi/login_cgi.c:294]--user = kevin_666, pwd = e10adc3949ba59abbe56e057f20f883e
[2023-05-21 17:36:35]--[src_cgi/login_cgi.c:101]--mysql_user = root, mysql_pwd = k916025328, mysql_db = Manager
[2023-05-21 17:36:35]--[src_cgi/login_cgi.c:161]--redis:[ip=127.0.0.1,port=6379]
[2023-05-21 17:36:35]--[src_cgi/login_cgi.c:185]--tmp = kevin_666828323363375
[2023-05-21 17:36:35]--[src_cgi/login_cgi.c:201]--base64 = rp9m4wmNf+R1/AcHImE8T0xrwOjKvx1v
[2023-05-21 17:36:35]--[src_cgi/login_cgi.c:303]--token = 8f68b40b4b9074ec4db2200ae84e7281
[2023-05-21 17:42:30]--[src_cgi/login_cgi.c:288]--buf = {
    "pwd": "e10adc3949ba59abbe56e057f20f883e",
    "user": "kevin_666"
}

[2023-05-21 17:42:30]--[src_cgi/login_cgi.c:294]--user = kevin_666, pwd = e10adc3949ba59abbe56e057f20f883e
[2023-05-21 17:42:30]--[src_cgi/login_cgi.c:101]--mysql_user = root, mysql_pwd = k916025328, mysql_db = Manager
[2023-05-21 17:42:30]--[src_cgi/login_cgi.c:161]--redis:[ip=127.0.0.1,port=6379]
[2023-05-21 17:42:30]--[src_cgi/login_cgi.c:185]--tmp = kevin_666711521387709
[2023-05-21 17:42:30]--[src_cgi/login_cgi.c:201]--base64 = rp9m4wmNf+QDQ6XKLfNlNkp8isGiv07C
[2023-05-21 17:42:30]--[src_cgi/login_cgi.c:303]--token = c560ed9209b8823ddfcef183e153479d
