[2023-05-11 21:58:09]--[src_cgi/login_cgi.c:288]--buf = {
    "pwd": "e10adc3949ba59abbe56e057f20f883e",
    "user": "kevin_666"
}

[2023-05-11 21:58:09]--[src_cgi/login_cgi.c:294]--user = kevin_666, pwd = e10adc3949ba59abbe56e057f20f883e
[2023-05-11 21:58:09]--[src_cgi/login_cgi.c:101]--mysql_user = root, mysql_pwd = k916025328, mysql_db = Manager
[2023-05-11 21:58:09]--[src_cgi/login_cgi.c:161]--redis:[ip=127.0.0.1,port=6379]
[2023-05-11 21:58:09]--[src_cgi/login_cgi.c:185]--tmp = kevin_666258281195778
[2023-05-11 21:58:09]--[src_cgi/login_cgi.c:201]--base64 = rp9m4wmNf+RERlKlDmslqKC4i0DBCgcr
[2023-05-11 21:58:09]--[src_cgi/login_cgi.c:303]--token = 89fbd493f1cd301a842d3c6812c4a409
[2023-05-11 21:59:04]--[src_cgi/login_cgi.c:288]--buf = {
    "pwd": "e10adc3949ba59abbe56e057f20f883e",
    "user": "kevin_666"
}

[2023-05-11 21:59:04]--[src_cgi/login_cgi.c:294]--user = kevin_666, pwd = e10adc3949ba59abbe56e057f20f883e
[2023-05-11 21:59:04]--[src_cgi/login_cgi.c:101]--mysql_user = root, mysql_pwd = k916025328, mysql_db = Manager
[2023-05-11 21:59:04]--[src_cgi/login_cgi.c:161]--redis:[ip=127.0.0.1,port=6379]
[2023-05-11 21:59:04]--[src_cgi/login_cgi.c:185]--tmp = kevin_666182908565346
[2023-05-11 21:59:04]--[src_cgi/login_cgi.c:201]--base64 = rp9m4wmNf+SbsUSP5/0DJZsOAWa0yZQB
[2023-05-11 21:59:04]--[src_cgi/login_cgi.c:303]--token = 0947ce2db9f6ed97636696ae96a342ed
[2023-05-11 22:07:23]--[src_cgi/login_cgi.c:288]--buf = {
    "pwd": "e10adc3949ba59abbe56e057f20f883e",
    "user": "kevin_666"
}

[2023-05-11 22:07:23]--[src_cgi/login_cgi.c:294]--user = kevin_666, pwd = e10adc3949ba59abbe56e057f20f883e
[2023-05-11 22:07:23]--[src_cgi/login_cgi.c:101]--mysql_user = root, mysql_pwd = k916025328, mysql_db = Manager
[2023-05-11 22:07:23]--[src_cgi/login_cgi.c:161]--redis:[ip=127.0.0.1,port=6379]
[2023-05-11 22:07:23]--[src_cgi/login_cgi.c:185]--tmp = kevin_66678557476231
[2023-05-11 22:07:23]--[src_cgi/login_cgi.c:201]--base64 = rp9m4wmNf+RveCwwQvlTY8i1KKt+ko8r
[2023-05-11 22:07:23]--[src_cgi/login_cgi.c:303]--token = dd034d0d3e3e5f7bade89bfbde79d4f0
[2023-05-11 22:09:23]--[src_cgi/login_cgi.c:288]--buf = {
    "pwd": "e10adc3949ba59abbe56e057f20f883e",
    "user": "kevin_666"
}

[2023-05-11 22:09:23]--[src_cgi/login_cgi.c:294]--user = kevin_666, pwd = e10adc3949ba59abbe56e057f20f883e
[2023-05-11 22:09:23]--[src_cgi/login_cgi.c:101]--mysql_user = root, mysql_pwd = k916025328, mysql_db = Manager
[2023-05-11 22:09:23]--[src_cgi/login_cgi.c:161]--redis:[ip=127.0.0.1,port=6379]
[2023-05-11 22:09:23]--[src_cgi/login_cgi.c:185]--tmp = kevin_66664686159187
[2023-05-11 22:09:23]--[src_cgi/login_cgi.c:201]--base64 = rp9m4wmNf+T13vNjvhx2jEQem/UyRveZ
[2023-05-11 22:09:23]--[src_cgi/login_cgi.c:303]--token = a697faf317c482d21f17e09bbf6c4936
[2023-05-11 22:12:50]--[src_cgi/login_cgi.c:288]--buf = {
    "pwd": "e10adc3949ba59abbe56e057f20f883e",
    "user": "kevin_666"
}

[2023-05-11 22:12:50]--[src_cgi/login_cgi.c:294]--user = kevin_666, pwd = e10adc3949ba59abbe56e057f20f883e
[2023-05-11 22:12:50]--[src_cgi/login_cgi.c:101]--mysql_user = root, mysql_pwd = k916025328, mysql_db = Manager
[2023-05-11 22:12:50]--[src_cgi/login_cgi.c:161]--redis:[ip=127.0.0.1,port=6379]
[2023-05-11 22:12:50]--[src_cgi/login_cgi.c:185]--tmp = kevin_666291720407848
[2023-05-11 22:12:50]--[src_cgi/login_cgi.c:201]--base64 = rp9m4wmNf+SnP9AehssfXqETsoI9s4LE
[2023-05-11 22:12:50]--[src_cgi/login_cgi.c:303]--token = 70cc703b7ba83f2c97a3a58e251383dd
[2023-05-11 22:14:12]--[src_cgi/login_cgi.c:288]--buf = {
    "pwd": "e10adc3949ba59abbe56e057f20f883e",
    "user": "kevin_666"
}

[2023-05-11 22:14:12]--[src_cgi/login_cgi.c:294]--user = kevin_666, pwd = e10adc3949ba59abbe56e057f20f883e
[2023-05-11 22:14:12]--[src_cgi/login_cgi.c:101]--mysql_user = root, mysql_pwd = k916025328, mysql_db = Manager
[2023-05-11 22:14:12]--[src_cgi/login_cgi.c:161]--redis:[ip=127.0.0.1,port=6379]
[2023-05-11 22:14:12]--[src_cgi/login_cgi.c:185]--tmp = kevin_666426547803993
[2023-05-11 22:14:12]--[src_cgi/login_cgi.c:201]--base64 = rp9m4wmNf+SpiCmG8wr7WDXoERFF2Yhd
[2023-05-11 22:14:12]--[src_cgi/login_cgi.c:303]--token = e8fe55edbc1b8b21e6adc9e3ca61229b
[2023-05-11 22:14:49]--[src_cgi/login_cgi.c:288]--buf = {
    "pwd": "e10adc3949ba59abbe56e057f20f883e",
    "user": "kevin_666"
}

[2023-05-11 22:14:49]--[src_cgi/login_cgi.c:294]--user = kevin_666, pwd = e10adc3949ba59abbe56e057f20f883e
[2023-05-11 22:14:49]--[src_cgi/login_cgi.c:101]--mysql_user = root, mysql_pwd = k916025328, mysql_db = Manager
[2023-05-11 22:14:49]--[src_cgi/login_cgi.c:161]--redis:[ip=127.0.0.1,port=6379]
[2023-05-11 22:14:49]--[src_cgi/login_cgi.c:185]--tmp = kevin_666132407378785
[2023-05-11 22:14:49]--[src_cgi/login_cgi.c:201]--base64 = rp9m4wmNf+TlAeZGnysFl4IQvq4x2eF2
[2023-05-11 22:14:49]--[src_cgi/login_cgi.c:303]--token = ba8c8d923190eb6ef729b7b2bf70a616
[2023-05-11 22:15:40]--[src_cgi/login_cgi.c:288]--buf = {
    "pwd": "e10adc3949ba59abbe56e057f20f883e",
    "user": "kevin_666"
}

[2023-05-11 22:15:40]--[src_cgi/login_cgi.c:294]--user = kevin_666, pwd = e10adc3949ba59abbe56e057f20f883e
[2023-05-11 22:15:40]--[src_cgi/login_cgi.c:101]--mysql_user = root, mysql_pwd = k916025328, mysql_db = Manager
[2023-05-11 22:15:40]--[src_cgi/login_cgi.c:161]--redis:[ip=127.0.0.1,port=6379]
[2023-05-11 22:15:40]--[src_cgi/login_cgi.c:185]--tmp = kevin_666871732646152
[2023-05-11 22:15:40]--[src_cgi/login_cgi.c:201]--base64 = rp9m4wmNf+QN8FVGPKRUUXV4wnORjbjy
[2023-05-11 22:15:40]--[src_cgi/login_cgi.c:303]--token = 242499a92a291bd2ecd4a7221fc7b1a5
[2023-05-11 22:17:32]--[src_cgi/login_cgi.c:288]--buf = {
    "pwd": "e10adc3949ba59abbe56e057f20f883e",
    "user": "kevin_666"
}

[2023-05-11 22:17:32]--[src_cgi/login_cgi.c:294]--user = kevin_666, pwd = e10adc3949ba59abbe56e057f20f883e
[2023-05-11 22:17:32]--[src_cgi/login_cgi.c:101]--mysql_user = root, mysql_pwd = k916025328, mysql_db = Manager
[2023-05-11 22:17:32]--[src_cgi/login_cgi.c:161]--redis:[ip=127.0.0.1,port=6379]
[2023-05-11 22:17:32]--[src_cgi/login_cgi.c:185]--tmp = kevin_666769446661721
[2023-05-11 22:17:32]--[src_cgi/login_cgi.c:201]--base64 = rp9m4wmNf+Qrj/AQyq3Wi6nvdcBo+3FO
[2023-05-11 22:17:32]--[src_cgi/login_cgi.c:303]--token = 0e1519701977f1dd3ef101397d6cefeb
[2023-05-11 22:19:33]--[src_cgi/login_cgi.c:288]--buf = {
    "pwd": "e10adc3949ba59abbe56e057f20f883e",
    "user": "kevin_666"
}

[2023-05-11 22:19:33]--[src_cgi/login_cgi.c:294]--user = kevin_666, pwd = e10adc3949ba59abbe56e057f20f883e
[2023-05-11 22:19:33]--[src_cgi/login_cgi.c:101]--mysql_user = root, mysql_pwd = k916025328, mysql_db = Manager
[2023-05-11 22:19:33]--[src_cgi/login_cgi.c:161]--redis:[ip=127.0.0.1,port=6379]
[2023-05-11 22:19:33]--[src_cgi/login_cgi.c:185]--tmp = kevin_666150354182447
[2023-05-11 22:19:33]--[src_cgi/login_cgi.c:201]--base64 = rp9m4wmNf+QZfNNPdiy3AGlQiZLPO3oL
[2023-05-11 22:19:33]--[src_cgi/login_cgi.c:303]--token = f5d3074f13523b9be53ad128f3adbdb0
[2023-05-11 22:23:48]--[src_cgi/login_cgi.c:288]--buf = {
    "pwd": "e10adc3949ba59abbe56e057f20f883e",
    "user": "kevin_666"
}

[2023-05-11 22:23:48]--[src_cgi/login_cgi.c:294]--user = kevin_666, pwd = e10adc3949ba59abbe56e057f20f883e
[2023-05-11 22:23:48]--[src_cgi/login_cgi.c:101]--mysql_user = root, mysql_pwd = k916025328, mysql_db = Manager
[2023-05-11 22:23:48]--[src_cgi/login_cgi.c:161]--redis:[ip=127.0.0.1,port=6379]
[2023-05-11 22:23:48]--[src_cgi/login_cgi.c:185]--tmp = kevin_666364692581953
[2023-05-11 22:23:48]--[src_cgi/login_cgi.c:201]--base64 = rp9m4wmNf+RD23Zjhy4U41ndfe8sfqkv
[2023-05-11 22:23:48]--[src_cgi/login_cgi.c:303]--token = 36ff080e60965a341d584def16f6368b
[2023-05-11 22:24:23]--[src_cgi/login_cgi.c:288]--buf = {
    "pwd": "e10adc3949ba59abbe56e057f20f883e",
    "user": "kevin_666"
}

[2023-05-11 22:24:23]--[src_cgi/login_cgi.c:294]--user = kevin_666, pwd = e10adc3949ba59abbe56e057f20f883e
[2023-05-11 22:24:23]--[src_cgi/login_cgi.c:101]--mysql_user = root, mysql_pwd = k916025328, mysql_db = Manager
[2023-05-11 22:24:23]--[src_cgi/login_cgi.c:161]--redis:[ip=127.0.0.1,port=6379]
[2023-05-11 22:24:23]--[src_cgi/login_cgi.c:185]--tmp = kevin_666486199144245
[2023-05-11 22:24:23]--[src_cgi/login_cgi.c:201]--base64 = rp9m4wmNf+RihxRwo1KZbqYXgRqU+FNZ
[2023-05-11 22:24:23]--[src_cgi/login_cgi.c:303]--token = 9f463f5ed8709441ff569074c99cb2a4
[2023-05-11 22:40:31]--[src_cgi/login_cgi.c:288]--buf = {
    "pwd": "e10adc3949ba59abbe56e057f20f883e",
    "user": "kevin_666"
}

[2023-05-11 22:40:31]--[src_cgi/login_cgi.c:294]--user = kevin_666, pwd = e10adc3949ba59abbe56e057f20f883e
[2023-05-11 22:40:31]--[src_cgi/login_cgi.c:101]--mysql_user = root, mysql_pwd = k916025328, mysql_db = Manager
[2023-05-11 22:40:31]--[src_cgi/login_cgi.c:161]--redis:[ip=127.0.0.1,port=6379]
[2023-05-11 22:40:31]--[src_cgi/login_cgi.c:185]--tmp = kevin_66636293932537
[2023-05-11 22:40:31]--[src_cgi/login_cgi.c:201]--base64 = rp9m4wmNf+RboXAH8MvGlwp7bFflkbQd
[2023-05-11 22:40:31]--[src_cgi/login_cgi.c:303]--token = 5fe449b41f90bdcb4e82011748069399
[2023-05-11 22:41:29]--[src_cgi/login_cgi.c:288]--buf = {
    "pwd": "e10adc3949ba59abbe56e057f20f883e",
    "user": "kevin_666"
}

[2023-05-11 22:41:29]--[src_cgi/login_cgi.c:294]--user = kevin_666, pwd = e10adc3949ba59abbe56e057f20f883e
[2023-05-11 22:41:29]--[src_cgi/login_cgi.c:101]--mysql_user = root, mysql_pwd = k916025328, mysql_db = Manager
[2023-05-11 22:41:29]--[src_cgi/login_cgi.c:161]--redis:[ip=127.0.0.1,port=6379]
[2023-05-11 22:41:29]--[src_cgi/login_cgi.c:185]--tmp = kevin_666148142827192
[2023-05-11 22:41:29]--[src_cgi/login_cgi.c:201]--base64 = rp9m4wmNf+T9PXhqn3MZe35wPJv+WT7y
[2023-05-11 22:41:29]--[src_cgi/login_cgi.c:303]--token = 1607323a63cdefd0eefe8f2379fab0e4
[2023-05-11 22:49:38]--[src_cgi/login_cgi.c:288]--buf = {
    "pwd": "e10adc3949ba59abbe56e057f20f883e",
    "user": "kevin_666"
}

[2023-05-11 22:49:38]--[src_cgi/login_cgi.c:294]--user = kevin_666, pwd = e10adc3949ba59abbe56e057f20f883e
[2023-05-11 22:49:38]--[src_cgi/login_cgi.c:101]--mysql_user = root, mysql_pwd = k916025328, mysql_db = Manager
[2023-05-11 22:49:38]--[src_cgi/login_cgi.c:161]--redis:[ip=127.0.0.1,port=6379]
[2023-05-11 22:49:38]--[src_cgi/login_cgi.c:185]--tmp = kevin_666103802417641
[2023-05-11 22:49:38]--[src_cgi/login_cgi.c:201]--base64 = rp9m4wmNf+RxMBndhERDNf59Pz7nBQOw
[2023-05-11 22:49:38]--[src_cgi/login_cgi.c:303]--token = cdeb5973640f7fc8b53e2ada57150d88
