[2023-05-26 18:56:45]--[src_cgi/login_cgi.c:288]--buf = {
    "pwd": "e10adc3949ba59abbe56e057f20f883e",
    "user": "kevin_666"
}

[2023-05-26 18:56:45]--[src_cgi/login_cgi.c:294]--user = kevin_666, pwd = e10adc3949ba59abbe56e057f20f883e
[2023-05-26 18:56:45]--[src_cgi/login_cgi.c:101]--mysql_user = root, mysql_pwd = k916025328, mysql_db = Manager
[2023-05-26 18:56:45]--[src_cgi/login_cgi.c:161]--redis:[ip=127.0.0.1,port=6379]
[2023-05-26 18:56:45]--[src_cgi/login_cgi.c:185]--tmp = kevin_6662827562171
[2023-05-26 18:56:45]--[src_cgi/login_cgi.c:201]--base64 = rp9m4wmNf+TiU1XXOuPiN42/53Dsqwck
[2023-05-26 18:56:45]--[src_cgi/login_cgi.c:303]--token = b173c39afc02abd8901ecdb379db75f7
[2023-05-26 19:08:33]--[src_cgi/login_cgi.c:288]--buf = {
    "pwd": "e10adc3949ba59abbe56e057f20f883e",
    "user": "kevin_666"
}

[2023-05-26 19:08:33]--[src_cgi/login_cgi.c:294]--user = kevin_666, pwd = e10adc3949ba59abbe56e057f20f883e
[2023-05-26 19:08:33]--[src_cgi/login_cgi.c:101]--mysql_user = root, mysql_pwd = k916025328, mysql_db = Manager
[2023-05-26 19:08:33]--[src_cgi/login_cgi.c:161]--redis:[ip=127.0.0.1,port=6379]
[2023-05-26 19:08:33]--[src_cgi/login_cgi.c:185]--tmp = kevin_66613318589565
[2023-05-26 19:08:33]--[src_cgi/login_cgi.c:201]--base64 = rp9m4wmNf+Q9G1p/K+R1en/y+5SN9QQe
[2023-05-26 19:08:33]--[src_cgi/login_cgi.c:303]--token = 5fcc7d0be21ab6c70ff085229485ef15
[2023-05-26 19:09:45]--[src_cgi/login_cgi.c:288]--buf = {
    "pwd": "e10adc3949ba59abbe56e057f20f883e",
    "user": "kevin_666"
}

[2023-05-26 19:09:45]--[src_cgi/login_cgi.c:294]--user = kevin_666, pwd = e10adc3949ba59abbe56e057f20f883e
[2023-05-26 19:09:45]--[src_cgi/login_cgi.c:101]--mysql_user = root, mysql_pwd = k916025328, mysql_db = Manager
[2023-05-26 19:09:45]--[src_cgi/login_cgi.c:161]--redis:[ip=127.0.0.1,port=6379]
[2023-05-26 19:09:45]--[src_cgi/login_cgi.c:185]--tmp = kevin_666584848141260
[2023-05-26 19:09:45]--[src_cgi/login_cgi.c:201]--base64 = rp9m4wmNf+TfqAT4wSknW6l/R9m2GvoQ
[2023-05-26 19:09:45]--[src_cgi/login_cgi.c:303]--token = 33910b3e529a58108d26f5dc094fdbd8
[2023-05-26 19:10:44]--[src_cgi/login_cgi.c:288]--buf = {
    "pwd": "e10adc3949ba59abbe56e057f20f883e",
    "user": "kevin_666"
}

[2023-05-26 19:10:44]--[src_cgi/login_cgi.c:294]--user = kevin_666, pwd = e10adc3949ba59abbe56e057f20f883e
[2023-05-26 19:10:44]--[src_cgi/login_cgi.c:101]--mysql_user = root, mysql_pwd = k916025328, mysql_db = Manager
[2023-05-26 19:10:44]--[src_cgi/login_cgi.c:161]--redis:[ip=127.0.0.1,port=6379]
[2023-05-26 19:10:44]--[src_cgi/login_cgi.c:185]--tmp = kevin_66654430628193
[2023-05-26 19:10:44]--[src_cgi/login_cgi.c:201]--base64 = rp9m4wmNf+TVUOILUx9uUh2lYWIZozNW
[2023-05-26 19:10:44]--[src_cgi/login_cgi.c:303]--token = d77f5db9a92be9f2a2e5365d092ad017
[2023-05-26 19:12:17]--[src_cgi/login_cgi.c:288]--buf = {
    "pwd": "e10adc3949ba59abbe56e057f20f883e",
    "user": "kevin_666"
}

[2023-05-26 19:12:17]--[src_cgi/login_cgi.c:294]--user = kevin_666, pwd = e10adc3949ba59abbe56e057f20f883e
[2023-05-26 19:12:17]--[src_cgi/login_cgi.c:101]--mysql_user = root, mysql_pwd = k916025328, mysql_db = Manager
[2023-05-26 19:12:17]--[src_cgi/login_cgi.c:161]--redis:[ip=127.0.0.1,port=6379]
[2023-05-26 19:12:17]--[src_cgi/login_cgi.c:185]--tmp = kevin_666705213745523
[2023-05-26 19:12:17]--[src_cgi/login_cgi.c:201]--base64 = rp9m4wmNf+RWMkQeALaZkP6Ui7WxsyX1
[2023-05-26 19:12:17]--[src_cgi/login_cgi.c:303]--token = 57bc9cece1ca0f7b28849a28f266910b
[2023-05-26 19:13:07]--[src_cgi/login_cgi.c:288]--buf = {
    "pwd": "e10adc3949ba59abbe56e057f20f883e",
    "user": "kevin_666"
}

[2023-05-26 19:13:07]--[src_cgi/login_cgi.c:294]--user = kevin_666, pwd = e10adc3949ba59abbe56e057f20f883e
[2023-05-26 19:13:07]--[src_cgi/login_cgi.c:101]--mysql_user = root, mysql_pwd = k916025328, mysql_db = Manager
[2023-05-26 19:13:07]--[src_cgi/login_cgi.c:161]--redis:[ip=127.0.0.1,port=6379]
[2023-05-26 19:13:07]--[src_cgi/login_cgi.c:185]--tmp = kevin_6662239363371
[2023-05-26 19:13:07]--[src_cgi/login_cgi.c:201]--base64 = rp9m4wmNf+Tar1i709ebaRcrZdoz/uNX
[2023-05-26 19:13:07]--[src_cgi/login_cgi.c:303]--token = 67b554f033d31518eb4748482cd0b75e
[2023-05-26 19:20:19]--[src_cgi/login_cgi.c:288]--buf = {
    "pwd": "e10adc3949ba59abbe56e057f20f883e",
    "user": "kevin_666"
}

[2023-05-26 19:20:19]--[src_cgi/login_cgi.c:294]--user = kevin_666, pwd = e10adc3949ba59abbe56e057f20f883e
[2023-05-26 19:20:19]--[src_cgi/login_cgi.c:101]--mysql_user = root, mysql_pwd = k916025328, mysql_db = Manager
[2023-05-26 19:20:19]--[src_cgi/login_cgi.c:161]--redis:[ip=127.0.0.1,port=6379]
[2023-05-26 19:20:19]--[src_cgi/login_cgi.c:185]--tmp = kevin_666503501940632
[2023-05-26 19:20:19]--[src_cgi/login_cgi.c:201]--base64 = rp9m4wmNf+RtsyxnGbhUC5d0wDrWKYUg
[2023-05-26 19:20:19]--[src_cgi/login_cgi.c:303]--token = 7fe713d37db1287ed55823d1081b55db
[2023-05-26 19:23:11]--[src_cgi/login_cgi.c:288]--buf = {
    "pwd": "e10adc3949ba59abbe56e057f20f883e",
    "user": "kevin_666"
}

[2023-05-26 19:23:11]--[src_cgi/login_cgi.c:294]--user = kevin_666, pwd = e10adc3949ba59abbe56e057f20f883e
[2023-05-26 19:23:11]--[src_cgi/login_cgi.c:101]--mysql_user = root, mysql_pwd = k916025328, mysql_db = Manager
[2023-05-26 19:23:11]--[src_cgi/login_cgi.c:161]--redis:[ip=127.0.0.1,port=6379]
[2023-05-26 19:23:11]--[src_cgi/login_cgi.c:185]--tmp = kevin_6665177347466
[2023-05-26 19:23:11]--[src_cgi/login_cgi.c:201]--base64 = rp9m4wmNf+RhdiAt9CeF1jHEd69eXZU2
[2023-05-26 19:23:11]--[src_cgi/login_cgi.c:303]--token = fdeb2d59dce8393313e4b63aa82a9c38
[2023-05-26 19:23:32]--[src_cgi/login_cgi.c:288]--buf = {
    "pwd": "e10adc3949ba59abbe56e057f20f883e",
    "user": "kevin_666"
}

[2023-05-26 19:23:32]--[src_cgi/login_cgi.c:294]--user = kevin_666, pwd = e10adc3949ba59abbe56e057f20f883e
[2023-05-26 19:23:32]--[src_cgi/login_cgi.c:101]--mysql_user = root, mysql_pwd = k916025328, mysql_db = Manager
[2023-05-26 19:23:32]--[src_cgi/login_cgi.c:161]--redis:[ip=127.0.0.1,port=6379]
[2023-05-26 19:23:32]--[src_cgi/login_cgi.c:185]--tmp = kevin_66674547265362
[2023-05-26 19:23:32]--[src_cgi/login_cgi.c:201]--base64 = rp9m4wmNf+T2l8trmCpayd8KhQgJq3eM
[2023-05-26 19:23:32]--[src_cgi/login_cgi.c:303]--token = bf30f7460b63a0271555a08ca01d52ea
[2023-05-26 19:25:03]--[src_cgi/login_cgi.c:288]--buf = {
    "pwd": "e10adc3949ba59abbe56e057f20f883e",
    "user": "kevin_666"
}

[2023-05-26 19:25:03]--[src_cgi/login_cgi.c:294]--user = kevin_666, pwd = e10adc3949ba59abbe56e057f20f883e
[2023-05-26 19:25:03]--[src_cgi/login_cgi.c:101]--mysql_user = root, mysql_pwd = k916025328, mysql_db = Manager
[2023-05-26 19:25:03]--[src_cgi/login_cgi.c:161]--redis:[ip=127.0.0.1,port=6379]
[2023-05-26 19:25:03]--[src_cgi/login_cgi.c:185]--tmp = kevin_66623287681696
[2023-05-26 19:25:03]--[src_cgi/login_cgi.c:201]--base64 = rp9m4wmNf+RtFLGLNj3ucFN6tk5S/rVx
[2023-05-26 19:25:03]--[src_cgi/login_cgi.c:303]--token = e95543ef11953d6392ce2f83f3b8b3fe
[2023-05-26 19:27:16]--[src_cgi/login_cgi.c:288]--buf = {
    "pwd": "e10adc3949ba59abbe56e057f20f883e",
    "user": "kevin_666"
}

[2023-05-26 19:27:16]--[src_cgi/login_cgi.c:294]--user = kevin_666, pwd = e10adc3949ba59abbe56e057f20f883e
[2023-05-26 19:27:16]--[src_cgi/login_cgi.c:101]--mysql_user = root, mysql_pwd = k916025328, mysql_db = Manager
[2023-05-26 19:27:16]--[src_cgi/login_cgi.c:161]--redis:[ip=127.0.0.1,port=6379]
[2023-05-26 19:27:16]--[src_cgi/login_cgi.c:185]--tmp = kevin_66656734485441
[2023-05-26 19:27:16]--[src_cgi/login_cgi.c:201]--base64 = rp9m4wmNf+QOTNqR3lPVkO5BBv3/AOzs
[2023-05-26 19:27:16]--[src_cgi/login_cgi.c:303]--token = 324347e778b10d248704fc105277b24f
[2023-05-26 19:35:00]--[src_cgi/login_cgi.c:288]--buf = {
    "pwd": "e10adc3949ba59abbe56e057f20f883e",
    "user": "kevin_666"
}

[2023-05-26 19:35:00]--[src_cgi/login_cgi.c:294]--user = kevin_666, pwd = e10adc3949ba59abbe56e057f20f883e
[2023-05-26 19:35:00]--[src_cgi/login_cgi.c:101]--mysql_user = root, mysql_pwd = k916025328, mysql_db = Manager
[2023-05-26 19:35:00]--[src_cgi/login_cgi.c:161]--redis:[ip=127.0.0.1,port=6379]
[2023-05-26 19:35:00]--[src_cgi/login_cgi.c:185]--tmp = kevin_66611326180862
[2023-05-26 19:35:00]--[src_cgi/login_cgi.c:201]--base64 = rp9m4wmNf+Scg0metlzunFHAKG4nw/9j
[2023-05-26 19:35:00]--[src_cgi/login_cgi.c:303]--token = c27f8957f6e9ff82a8d7605bde521ec0
[2023-05-26 19:42:49]--[src_cgi/login_cgi.c:288]--buf = {
    "pwd": "e10adc3949ba59abbe56e057f20f883e",
    "user": "kevin_666"
}

[2023-05-26 19:42:49]--[src_cgi/login_cgi.c:294]--user = kevin_666, pwd = e10adc3949ba59abbe56e057f20f883e
[2023-05-26 19:42:49]--[src_cgi/login_cgi.c:101]--mysql_user = root, mysql_pwd = k916025328, mysql_db = Manager
[2023-05-26 19:42:49]--[src_cgi/login_cgi.c:161]--redis:[ip=127.0.0.1,port=6379]
[2023-05-26 19:42:49]--[src_cgi/login_cgi.c:185]--tmp = kevin_666298865935950
[2023-05-26 19:42:49]--[src_cgi/login_cgi.c:201]--base64 = rp9m4wmNf+QSGpQWIL1ma4dh8pXg438B
[2023-05-26 19:42:49]--[src_cgi/login_cgi.c:303]--token = c466a6ff16042effe913e1344307ed12
[2023-05-26 19:52:35]--[src_cgi/login_cgi.c:288]--buf = {
    "pwd": "e10adc3949ba59abbe56e057f20f883e",
    "user": "kevin_666"
}

[2023-05-26 19:52:35]--[src_cgi/login_cgi.c:294]--user = kevin_666, pwd = e10adc3949ba59abbe56e057f20f883e
[2023-05-26 19:52:35]--[src_cgi/login_cgi.c:101]--mysql_user = root, mysql_pwd = k916025328, mysql_db = Manager
[2023-05-26 19:52:35]--[src_cgi/login_cgi.c:161]--redis:[ip=127.0.0.1,port=6379]
[2023-05-26 19:52:35]--[src_cgi/login_cgi.c:167]--redis connected error
[2023-05-26 19:52:35]--[src_cgi/login_cgi.c:303]--token = 
[2023-05-26 19:52:51]--[src_cgi/login_cgi.c:288]--buf = {
    "pwd": "e10adc3949ba59abbe56e057f20f883e",
    "user": "kevin_666"
}

[2023-05-26 19:52:51]--[src_cgi/login_cgi.c:294]--user = kevin_666, pwd = e10adc3949ba59abbe56e057f20f883e
[2023-05-26 19:52:51]--[src_cgi/login_cgi.c:101]--mysql_user = root, mysql_pwd = k916025328, mysql_db = Manager
[2023-05-26 19:52:51]--[src_cgi/login_cgi.c:161]--redis:[ip=127.0.0.1,port=6379]
[2023-05-26 19:52:51]--[src_cgi/login_cgi.c:167]--redis connected error
[2023-05-26 19:52:51]--[src_cgi/login_cgi.c:303]--token = 
[2023-05-26 19:53:01]--[src_cgi/login_cgi.c:288]--buf = {
    "pwd": "e10adc3949ba59abbe56e057f20f883e",
    "user": "kevin_666"
}

[2023-05-26 19:53:01]--[src_cgi/login_cgi.c:294]--user = kevin_666, pwd = e10adc3949ba59abbe56e057f20f883e
[2023-05-26 19:53:01]--[src_cgi/login_cgi.c:101]--mysql_user = root, mysql_pwd = k916025328, mysql_db = Manager
[2023-05-26 19:53:01]--[src_cgi/login_cgi.c:161]--redis:[ip=127.0.0.1,port=6379]
[2023-05-26 19:53:01]--[src_cgi/login_cgi.c:167]--redis connected error
[2023-05-26 19:53:01]--[src_cgi/login_cgi.c:303]--token = 
[2023-05-26 19:55:26]--[src_cgi/login_cgi.c:288]--buf = {
    "pwd": "e10adc3949ba59abbe56e057f20f883e",
    "user": "kevin_666"
}

[2023-05-26 19:55:26]--[src_cgi/login_cgi.c:294]--user = kevin_666, pwd = e10adc3949ba59abbe56e057f20f883e
[2023-05-26 19:55:26]--[src_cgi/login_cgi.c:101]--mysql_user = root, mysql_pwd = k916025328, mysql_db = Manager
[2023-05-26 19:55:26]--[src_cgi/login_cgi.c:161]--redis:[ip=127.0.0.1,port=6379]
[2023-05-26 19:55:26]--[src_cgi/login_cgi.c:185]--tmp = kevin_66663496269703
[2023-05-26 19:55:26]--[src_cgi/login_cgi.c:201]--base64 = rp9m4wmNf+QqfsYEfi9pwusHDwdyiEVT
[2023-05-26 19:55:26]--[src_cgi/login_cgi.c:303]--token = f6125aecd6e46fd43b7362400b335c76
[2023-05-26 20:20:41]--[src_cgi/login_cgi.c:288]--buf = {
    "pwd": "e10adc3949ba59abbe56e057f20f883e",
    "user": "kevin_666"
}

[2023-05-26 20:20:41]--[src_cgi/login_cgi.c:294]--user = kevin_666, pwd = e10adc3949ba59abbe56e057f20f883e
[2023-05-26 20:20:41]--[src_cgi/login_cgi.c:101]--mysql_user = root, mysql_pwd = k916025328, mysql_db = Manager
[2023-05-26 20:20:41]--[src_cgi/login_cgi.c:161]--redis:[ip=127.0.0.1,port=6379]
[2023-05-26 20:20:41]--[src_cgi/login_cgi.c:185]--tmp = kevin_666762873286238
[2023-05-26 20:20:41]--[src_cgi/login_cgi.c:201]--base64 = rp9m4wmNf+Ri9J1Dcij8lO9jUkWPs73A
[2023-05-26 20:20:41]--[src_cgi/login_cgi.c:303]--token = 3463c728a07d4684c5965e243c42d0c3
[2023-05-26 20:22:27]--[src_cgi/login_cgi.c:288]--buf = {
    "pwd": "e10adc3949ba59abbe56e057f20f883e",
    "user": "kevin_666"
}

[2023-05-26 20:22:27]--[src_cgi/login_cgi.c:294]--user = kevin_666, pwd = e10adc3949ba59abbe56e057f20f883e
[2023-05-26 20:22:27]--[src_cgi/login_cgi.c:101]--mysql_user = root, mysql_pwd = k916025328, mysql_db = Manager
[2023-05-26 20:22:27]--[src_cgi/login_cgi.c:161]--redis:[ip=127.0.0.1,port=6379]
[2023-05-26 20:22:27]--[src_cgi/login_cgi.c:185]--tmp = kevin_66682450851528
[2023-05-26 20:22:27]--[src_cgi/login_cgi.c:201]--base64 = rp9m4wmNf+SS3eTxHA2Lc09V2Qw6J01U
[2023-05-26 20:22:27]--[src_cgi/login_cgi.c:303]--token = 0454a2c870da129172cea53b5e4c229c
[2023-05-26 20:26:18]--[src_cgi/login_cgi.c:288]--buf = {
    "pwd": "e10adc3949ba59abbe56e057f20f883e",
    "user": "kevin_666"
}

[2023-05-26 20:26:18]--[src_cgi/login_cgi.c:294]--user = kevin_666, pwd = e10adc3949ba59abbe56e057f20f883e
[2023-05-26 20:26:18]--[src_cgi/login_cgi.c:101]--mysql_user = root, mysql_pwd = k916025328, mysql_db = Manager
[2023-05-26 20:26:18]--[src_cgi/login_cgi.c:161]--redis:[ip=127.0.0.1,port=6379]
[2023-05-26 20:26:18]--[src_cgi/login_cgi.c:185]--tmp = kevin_666803779591140
[2023-05-26 20:26:18]--[src_cgi/login_cgi.c:201]--base64 = rp9m4wmNf+TzW9bizpX6L2aBHHsa3oVZ
[2023-05-26 20:26:18]--[src_cgi/login_cgi.c:303]--token = df6effe69811897c54ad2f559645f13b
[2023-05-26 20:26:59]--[src_cgi/login_cgi.c:288]--buf = {
    "pwd": "e10adc3949ba59abbe56e057f20f883e",
    "user": "kevin_666"
}

[2023-05-26 20:26:59]--[src_cgi/login_cgi.c:294]--user = kevin_666, pwd = e10adc3949ba59abbe56e057f20f883e
[2023-05-26 20:26:59]--[src_cgi/login_cgi.c:101]--mysql_user = root, mysql_pwd = k916025328, mysql_db = Manager
[2023-05-26 20:26:59]--[src_cgi/login_cgi.c:161]--redis:[ip=127.0.0.1,port=6379]
[2023-05-26 20:26:59]--[src_cgi/login_cgi.c:185]--tmp = kevin_66688266057
[2023-05-26 20:26:59]--[src_cgi/login_cgi.c:201]--base64 = rp9m4wmNf+To639Ixm+bl/UujTBmz0dF
[2023-05-26 20:26:59]--[src_cgi/login_cgi.c:303]--token = 04cd18d2145b592204580cd7441f0186
[2023-05-26 20:30:16]--[src_cgi/login_cgi.c:288]--buf = {
    "pwd": "e10adc3949ba59abbe56e057f20f883e",
    "user": "kevin_666"
}

[2023-05-26 20:30:16]--[src_cgi/login_cgi.c:294]--user = kevin_666, pwd = e10adc3949ba59abbe56e057f20f883e
[2023-05-26 20:30:16]--[src_cgi/login_cgi.c:101]--mysql_user = root, mysql_pwd = k916025328, mysql_db = Manager
[2023-05-26 20:30:16]--[src_cgi/login_cgi.c:161]--redis:[ip=127.0.0.1,port=6379]
[2023-05-26 20:30:16]--[src_cgi/login_cgi.c:185]--tmp = kevin_666316188545233
[2023-05-26 20:30:16]--[src_cgi/login_cgi.c:201]--base64 = rp9m4wmNf+SDXKXZiDOTCzLMLkDDatlE
[2023-05-26 20:30:16]--[src_cgi/login_cgi.c:303]--token = 22b8de30f9936ca601023759727fb4cb
[2023-05-26 20:32:47]--[src_cgi/login_cgi.c:288]--buf = {
    "pwd": "e10adc3949ba59abbe56e057f20f883e",
    "user": "kevin_666"
}

[2023-05-26 20:32:47]--[src_cgi/login_cgi.c:294]--user = kevin_666, pwd = e10adc3949ba59abbe56e057f20f883e
[2023-05-26 20:32:47]--[src_cgi/login_cgi.c:101]--mysql_user = root, mysql_pwd = k916025328, mysql_db = Manager
[2023-05-26 20:32:47]--[src_cgi/login_cgi.c:161]--redis:[ip=127.0.0.1,port=6379]
[2023-05-26 20:32:47]--[src_cgi/login_cgi.c:185]--tmp = kevin_666685695984438
[2023-05-26 20:32:47]--[src_cgi/login_cgi.c:201]--base64 = rp9m4wmNf+Qlf+m6wH523qHi8Wi9KCRc
[2023-05-26 20:32:47]--[src_cgi/login_cgi.c:303]--token = 76abdbe252aeea33663095160aed3cfa
[2023-05-26 20:34:57]--[src_cgi/login_cgi.c:288]--buf = {
    "pwd": "e10adc3949ba59abbe56e057f20f883e",
    "user": "kevin_666"
}

[2023-05-26 20:34:57]--[src_cgi/login_cgi.c:294]--user = kevin_666, pwd = e10adc3949ba59abbe56e057f20f883e
[2023-05-26 20:34:57]--[src_cgi/login_cgi.c:101]--mysql_user = root, mysql_pwd = k916025328, mysql_db = Manager
[2023-05-26 20:34:57]--[src_cgi/login_cgi.c:161]--redis:[ip=127.0.0.1,port=6379]
[2023-05-26 20:34:57]--[src_cgi/login_cgi.c:185]--tmp = kevin_6661553666890
[2023-05-26 20:34:57]--[src_cgi/login_cgi.c:201]--base64 = rp9m4wmNf+SzU2ChkClLzr+FLjtltmY7
[2023-05-26 20:34:57]--[src_cgi/login_cgi.c:303]--token = 2764a90657eb6bad267c60020c09381a
[2023-05-26 20:36:58]--[src_cgi/login_cgi.c:288]--buf = {
    "pwd": "e10adc3949ba59abbe56e057f20f883e",
    "user": "kevin_666"
}

[2023-05-26 20:36:58]--[src_cgi/login_cgi.c:294]--user = kevin_666, pwd = e10adc3949ba59abbe56e057f20f883e
[2023-05-26 20:36:58]--[src_cgi/login_cgi.c:101]--mysql_user = root, mysql_pwd = k916025328, mysql_db = Manager
[2023-05-26 20:36:58]--[src_cgi/login_cgi.c:161]--redis:[ip=127.0.0.1,port=6379]
[2023-05-26 20:36:58]--[src_cgi/login_cgi.c:185]--tmp = kevin_66680866816331
[2023-05-26 20:36:58]--[src_cgi/login_cgi.c:201]--base64 = rp9m4wmNf+S0GcR1bV45do3tiDRmsGdN
[2023-05-26 20:36:58]--[src_cgi/login_cgi.c:303]--token = 0b36ee92b6e53760ea175899fe82f110
