[2023-05-25 22:15:58]--[src_cgi/login_cgi.c:288]--buf = {
    "pwd": "e10adc3949ba59abbe56e057f20f883e",
    "user": "kevin_666"
}

[2023-05-25 22:15:58]--[src_cgi/login_cgi.c:294]--user = kevin_666, pwd = e10adc3949ba59abbe56e057f20f883e
[2023-05-25 22:15:58]--[src_cgi/login_cgi.c:101]--mysql_user = root, mysql_pwd = k916025328, mysql_db = Manager
[2023-05-25 22:15:58]--[src_cgi/login_cgi.c:161]--redis:[ip=127.0.0.1,port=6379]
[2023-05-25 22:15:58]--[src_cgi/login_cgi.c:185]--tmp = kevin_666615569605626
[2023-05-25 22:15:58]--[src_cgi/login_cgi.c:201]--base64 = rp9m4wmNf+SyVMUPrpUCc2CduYWGKIZh
[2023-05-25 22:15:58]--[src_cgi/login_cgi.c:303]--token = c0b5f5370311ec4161f6627f81819b53
[2023-05-25 22:27:15]--[src_cgi/login_cgi.c:288]--buf = {
    "pwd": "e10adc3949ba59abbe56e057f20f883e",
    "user": "kevin_666"
}

[2023-05-25 22:27:15]--[src_cgi/login_cgi.c:294]--user = kevin_666, pwd = e10adc3949ba59abbe56e057f20f883e
[2023-05-25 22:27:15]--[src_cgi/login_cgi.c:101]--mysql_user = root, mysql_pwd = k916025328, mysql_db = Manager
[2023-05-25 22:27:15]--[src_cgi/login_cgi.c:161]--redis:[ip=127.0.0.1,port=6379]
[2023-05-25 22:27:15]--[src_cgi/login_cgi.c:185]--tmp = kevin_666626364818351
[2023-05-25 22:27:15]--[src_cgi/login_cgi.c:201]--base64 = rp9m4wmNf+T1Vh/0f5cwMVoyMAJ7+vhj
[2023-05-25 22:27:15]--[src_cgi/login_cgi.c:303]--token = 37a5ec6868546122d980ec0a732112ef
