[2023-05-21 09:11:55]--[src_cgi/warestable.c:191]--cmd = count
[2023-05-21 09:11:55]--[src_cgi/warestable.c:223]--buf = {
    "token": "eec2928cf6cf0f136b2e9041e02ea52d",
    "user": "kevin_666"
}

[2023-05-21 09:11:55]--[src_cgi/warestable.c:56]--cJSON_Parse err
[2023-05-21 09:11:55]--[src_cgi/warestable.c:167]--line = 3
[2023-05-21 09:17:31]--[src_cgi/warestable.c:191]--cmd = count
[2023-05-21 09:17:31]--[src_cgi/warestable.c:223]--buf = {
    "token": "0dd6e3bb1f020520529ae6ddeafc9100",
    "user": "kevin_666"
}

[2023-05-21 09:17:31]--[src_cgi/warestable.c:56]--cJSON_Parse err
[2023-05-21 09:17:31]--[src_cgi/warestable.c:167]--line = 3
[2023-05-21 17:36:36]--[src_cgi/warestable.c:191]--cmd = count
[2023-05-21 17:36:36]--[src_cgi/warestable.c:223]--buf = {
    "token": "8f68b40b4b9074ec4db2200ae84e7281",
    "user": "kevin_666"
}

[2023-05-21 17:36:36]--[src_cgi/warestable.c:56]--cJSON_Parse err
[2023-05-21 17:36:36]--[src_cgi/warestable.c:167]--line = 3
[2023-05-21 17:42:30]--[src_cgi/warestable.c:191]--cmd = count
[2023-05-21 17:42:30]--[src_cgi/warestable.c:223]--buf = {
    "token": "c560ed9209b8823ddfcef183e153479d",
    "user": "kevin_666"
}

[2023-05-21 17:42:30]--[src_cgi/warestable.c:56]--cJSON_Parse err
[2023-05-21 17:42:30]--[src_cgi/warestable.c:167]--line = 4
