[2023-05-23 22:26:40]--[src_cgi/warestable.c:191]--cmd = count
[2023-05-23 22:26:40]--[src_cgi/warestable.c:223]--buf = {
    "token": "152c18060761876d5db76bb0c9658d1c",
    "user": "kevin_666"
}

[2023-05-23 22:26:40]--[src_cgi/warestable.c:56]--cJSON_Parse err
[2023-05-23 22:26:40]--[src_cgi/warestable.c:167]--line = 4
[2023-05-23 22:26:40]--[src_cgi/warestable.c:191]--cmd = normal
[2023-05-23 22:26:40]--[src_cgi/warestable.c:223]--buf = {
    "count": 4,
    "start": 0,
    "token": "152c18060761876d5db76bb0c9658d1c",
    "user": "kevin_666"
}

[2023-05-23 22:26:41]--[src_cgi/warestable.c:191]--cmd = count
[2023-05-23 22:26:41]--[src_cgi/warestable.c:223]--buf = {
    "token": "152c18060761876d5db76bb0c9658d1c",
    "user": "kevin_666"
}

[2023-05-23 22:26:41]--[src_cgi/warestable.c:56]--cJSON_Parse err
[2023-05-23 22:26:41]--[src_cgi/warestable.c:167]--line = 4
[2023-05-23 22:26:41]--[src_cgi/warestable.c:191]--cmd = normal
[2023-05-23 22:26:41]--[src_cgi/warestable.c:223]--buf = {
    "count": 4,
    "start": 0,
    "token": "152c18060761876d5db76bb0c9658d1c",
    "user": "kevin_666"
}

[2023-05-23 22:26:41]--[src_cgi/warestable.c:191]--cmd = count
[2023-05-23 22:26:41]--[src_cgi/warestable.c:223]--buf = {
    "token": "152c18060761876d5db76bb0c9658d1c",
    "user": "kevin_666"
}

[2023-05-23 22:26:41]--[src_cgi/warestable.c:56]--cJSON_Parse err
[2023-05-23 22:26:41]--[src_cgi/warestable.c:167]--line = 4
[2023-05-23 22:26:41]--[src_cgi/warestable.c:191]--cmd = normal
[2023-05-23 22:26:41]--[src_cgi/warestable.c:223]--buf = {
    "count": 4,
    "start": 0,
    "token": "152c18060761876d5db76bb0c9658d1c",
    "user": "kevin_666"
}

[2023-05-23 22:26:41]--[src_cgi/warestable.c:191]--cmd = count
[2023-05-23 22:26:41]--[src_cgi/warestable.c:223]--buf = {
    "token": "152c18060761876d5db76bb0c9658d1c",
    "user": "kevin_666"
}

[2023-05-23 22:26:41]--[src_cgi/warestable.c:56]--cJSON_Parse err
[2023-05-23 22:26:41]--[src_cgi/warestable.c:167]--line = 4
[2023-05-23 22:26:41]--[src_cgi/warestable.c:191]--cmd = normal
[2023-05-23 22:26:41]--[src_cgi/warestable.c:223]--buf = {
    "count": 4,
    "start": 0,
    "token": "152c18060761876d5db76bb0c9658d1c",
    "user": "kevin_666"
}

[2023-05-23 22:26:41]--[src_cgi/warestable.c:191]--cmd = count
[2023-05-23 22:26:41]--[src_cgi/warestable.c:223]--buf = {
    "token": "152c18060761876d5db76bb0c9658d1c",
    "user": "kevin_666"
}

[2023-05-23 22:26:41]--[src_cgi/warestable.c:56]--cJSON_Parse err
[2023-05-23 22:26:41]--[src_cgi/warestable.c:167]--line = 4
[2023-05-23 22:26:41]--[src_cgi/warestable.c:191]--cmd = normal
[2023-05-23 22:26:41]--[src_cgi/warestable.c:223]--buf = {
    "count": 4,
    "start": 0,
    "token": "152c18060761876d5db76bb0c9658d1c",
    "user": "kevin_666"
}

[2023-05-23 22:26:41]--[src_cgi/warestable.c:191]--cmd = count
[2023-05-23 22:26:41]--[src_cgi/warestable.c:223]--buf = {
    "token": "152c18060761876d5db76bb0c9658d1c",
    "user": "kevin_666"
}

[2023-05-23 22:26:41]--[src_cgi/warestable.c:56]--cJSON_Parse err
[2023-05-23 22:26:41]--[src_cgi/warestable.c:167]--line = 4
[2023-05-23 22:26:42]--[src_cgi/warestable.c:191]--cmd = normal
[2023-05-23 22:26:42]--[src_cgi/warestable.c:223]--buf = {
    "count": 4,
    "start": 0,
    "token": "152c18060761876d5db76bb0c9658d1c",
    "user": "kevin_666"
}

[2023-05-23 22:26:42]--[src_cgi/warestable.c:191]--cmd = count
[2023-05-23 22:26:42]--[src_cgi/warestable.c:223]--buf = {
    "token": "152c18060761876d5db76bb0c9658d1c",
    "user": "kevin_666"
}

[2023-05-23 22:26:42]--[src_cgi/warestable.c:56]--cJSON_Parse err
[2023-05-23 22:26:42]--[src_cgi/warestable.c:167]--line = 4
[2023-05-23 22:26:42]--[src_cgi/warestable.c:191]--cmd = normal
[2023-05-23 22:26:42]--[src_cgi/warestable.c:223]--buf = {
    "count": 4,
    "start": 0,
    "token": "152c18060761876d5db76bb0c9658d1c",
    "user": "kevin_666"
}

[2023-05-23 22:26:42]--[src_cgi/warestable.c:191]--cmd = count
[2023-05-23 22:26:42]--[src_cgi/warestable.c:223]--buf = {
    "token": "152c18060761876d5db76bb0c9658d1c",
    "user": "kevin_666"
}

[2023-05-23 22:26:42]--[src_cgi/warestable.c:56]--cJSON_Parse err
[2023-05-23 22:26:42]--[src_cgi/warestable.c:167]--line = 4
[2023-05-23 22:26:42]--[src_cgi/warestable.c:191]--cmd = normal
[2023-05-23 22:26:42]--[src_cgi/warestable.c:223]--buf = {
    "count": 4,
    "start": 0,
    "token": "152c18060761876d5db76bb0c9658d1c",
    "user": "kevin_666"
}

[2023-05-23 22:26:42]--[src_cgi/warestable.c:191]--cmd = count
[2023-05-23 22:26:42]--[src_cgi/warestable.c:223]--buf = {
    "token": "152c18060761876d5db76bb0c9658d1c",
    "user": "kevin_666"
}

[2023-05-23 22:26:42]--[src_cgi/warestable.c:56]--cJSON_Parse err
[2023-05-23 22:26:42]--[src_cgi/warestable.c:167]--line = 4
[2023-05-23 22:26:42]--[src_cgi/warestable.c:191]--cmd = normal
[2023-05-23 22:26:42]--[src_cgi/warestable.c:223]--buf = {
    "count": 4,
    "start": 0,
    "token": "152c18060761876d5db76bb0c9658d1c",
    "user": "kevin_666"
}

[2023-05-23 22:26:42]--[src_cgi/warestable.c:191]--cmd = count
[2023-05-23 22:26:42]--[src_cgi/warestable.c:223]--buf = {
    "token": "152c18060761876d5db76bb0c9658d1c",
    "user": "kevin_666"
}

[2023-05-23 22:26:42]--[src_cgi/warestable.c:56]--cJSON_Parse err
[2023-05-23 22:26:42]--[src_cgi/warestable.c:167]--line = 4
[2023-05-23 22:26:43]--[src_cgi/warestable.c:191]--cmd = normal
[2023-05-23 22:26:43]--[src_cgi/warestable.c:223]--buf = {
    "count": 4,
    "start": 0,
    "token": "152c18060761876d5db76bb0c9658d1c",
    "user": "kevin_666"
}

[2023-05-23 22:26:43]--[src_cgi/warestable.c:191]--cmd = count
[2023-05-23 22:26:43]--[src_cgi/warestable.c:223]--buf = {
    "token": "152c18060761876d5db76bb0c9658d1c",
    "user": "kevin_666"
}

[2023-05-23 22:26:43]--[src_cgi/warestable.c:56]--cJSON_Parse err
[2023-05-23 22:26:43]--[src_cgi/warestable.c:167]--line = 4
[2023-05-23 22:26:43]--[src_cgi/warestable.c:191]--cmd = normal
[2023-05-23 22:26:43]--[src_cgi/warestable.c:223]--buf = {
    "count": 4,
    "start": 0,
    "token": "152c18060761876d5db76bb0c9658d1c",
    "user": "kevin_666"
}

[2023-05-23 22:26:43]--[src_cgi/warestable.c:191]--cmd = count
[2023-05-23 22:26:43]--[src_cgi/warestable.c:223]--buf = {
    "token": "152c18060761876d5db76bb0c9658d1c",
    "user": "kevin_666"
}

[2023-05-23 22:26:43]--[src_cgi/warestable.c:56]--cJSON_Parse err
[2023-05-23 22:26:43]--[src_cgi/warestable.c:167]--line = 4
[2023-05-23 22:26:43]--[src_cgi/warestable.c:191]--cmd = normal
[2023-05-23 22:26:43]--[src_cgi/warestable.c:223]--buf = {
    "count": 4,
    "start": 0,
    "token": "152c18060761876d5db76bb0c9658d1c",
    "user": "kevin_666"
}

[2023-05-23 22:26:43]--[src_cgi/warestable.c:191]--cmd = count
[2023-05-23 22:26:43]--[src_cgi/warestable.c:223]--buf = {
    "token": "152c18060761876d5db76bb0c9658d1c",
    "user": "kevin_666"
}

[2023-05-23 22:26:43]--[src_cgi/warestable.c:56]--cJSON_Parse err
[2023-05-23 22:26:43]--[src_cgi/warestable.c:167]--line = 4
[2023-05-23 22:26:43]--[src_cgi/warestable.c:191]--cmd = normal
[2023-05-23 22:26:43]--[src_cgi/warestable.c:223]--buf = {
    "count": 4,
    "start": 0,
    "token": "152c18060761876d5db76bb0c9658d1c",
    "user": "kevin_666"
}

[2023-05-23 22:26:43]--[src_cgi/warestable.c:191]--cmd = count
[2023-05-23 22:26:43]--[src_cgi/warestable.c:223]--buf = {
    "token": "152c18060761876d5db76bb0c9658d1c",
    "user": "kevin_666"
}

[2023-05-23 22:26:43]--[src_cgi/warestable.c:56]--cJSON_Parse err
[2023-05-23 22:26:43]--[src_cgi/warestable.c:167]--line = 4
[2023-05-23 22:26:43]--[src_cgi/warestable.c:191]--cmd = normal
[2023-05-23 22:26:43]--[src_cgi/warestable.c:223]--buf = {
    "count": 4,
    "start": 0,
    "token": "152c18060761876d5db76bb0c9658d1c",
    "user": "kevin_666"
}

[2023-05-23 22:26:44]--[src_cgi/warestable.c:191]--cmd = count
[2023-05-23 22:26:44]--[src_cgi/warestable.c:223]--buf = {
    "token": "152c18060761876d5db76bb0c9658d1c",
    "user": "kevin_666"
}

[2023-05-23 22:26:44]--[src_cgi/warestable.c:56]--cJSON_Parse err
[2023-05-23 22:26:44]--[src_cgi/warestable.c:167]--line = 4
[2023-05-23 22:26:44]--[src_cgi/warestable.c:191]--cmd = normal
[2023-05-23 22:26:44]--[src_cgi/warestable.c:223]--buf = {
    "count": 4,
    "start": 0,
    "token": "152c18060761876d5db76bb0c9658d1c",
    "user": "kevin_666"
}

[2023-05-23 22:26:44]--[src_cgi/warestable.c:191]--cmd = count
[2023-05-23 22:26:44]--[src_cgi/warestable.c:223]--buf = {
    "token": "152c18060761876d5db76bb0c9658d1c",
    "user": "kevin_666"
}

[2023-05-23 22:26:44]--[src_cgi/warestable.c:56]--cJSON_Parse err
[2023-05-23 22:26:44]--[src_cgi/warestable.c:167]--line = 4
[2023-05-23 22:26:44]--[src_cgi/warestable.c:191]--cmd = normal
[2023-05-23 22:26:44]--[src_cgi/warestable.c:223]--buf = {
    "count": 4,
    "start": 0,
    "token": "152c18060761876d5db76bb0c9658d1c",
    "user": "kevin_666"
}

[2023-05-23 22:26:44]--[src_cgi/warestable.c:191]--cmd = count
[2023-05-23 22:26:44]--[src_cgi/warestable.c:223]--buf = {
    "token": "152c18060761876d5db76bb0c9658d1c",
    "user": "kevin_666"
}

[2023-05-23 22:26:44]--[src_cgi/warestable.c:56]--cJSON_Parse err
[2023-05-23 22:26:44]--[src_cgi/warestable.c:167]--line = 4
[2023-05-23 22:26:44]--[src_cgi/warestable.c:191]--cmd = normal
[2023-05-23 22:26:44]--[src_cgi/warestable.c:223]--buf = {
    "count": 4,
    "start": 0,
    "token": "152c18060761876d5db76bb0c9658d1c",
    "user": "kevin_666"
}

[2023-05-23 22:26:44]--[src_cgi/warestable.c:191]--cmd = count
[2023-05-23 22:26:44]--[src_cgi/warestable.c:223]--buf = {
    "token": "152c18060761876d5db76bb0c9658d1c",
    "user": "kevin_666"
}

[2023-05-23 22:26:44]--[src_cgi/warestable.c:56]--cJSON_Parse err
[2023-05-23 22:26:44]--[src_cgi/warestable.c:167]--line = 4
[2023-05-23 22:26:44]--[src_cgi/warestable.c:191]--cmd = normal
[2023-05-23 22:26:44]--[src_cgi/warestable.c:223]--buf = {
    "count": 4,
    "start": 0,
    "token": "152c18060761876d5db76bb0c9658d1c",
    "user": "kevin_666"
}

[2023-05-23 22:26:45]--[src_cgi/warestable.c:191]--cmd = count
[2023-05-23 22:26:45]--[src_cgi/warestable.c:223]--buf = {
    "token": "152c18060761876d5db76bb0c9658d1c",
    "user": "kevin_666"
}

[2023-05-23 22:26:45]--[src_cgi/warestable.c:56]--cJSON_Parse err
[2023-05-23 22:26:45]--[src_cgi/warestable.c:167]--line = 4
[2023-05-23 22:26:45]--[src_cgi/warestable.c:191]--cmd = normal
[2023-05-23 22:26:45]--[src_cgi/warestable.c:223]--buf = {
    "count": 4,
    "start": 0,
    "token": "152c18060761876d5db76bb0c9658d1c",
    "user": "kevin_666"
}

[2023-05-23 22:26:45]--[src_cgi/warestable.c:191]--cmd = count
[2023-05-23 22:26:45]--[src_cgi/warestable.c:223]--buf = {
    "token": "152c18060761876d5db76bb0c9658d1c",
    "user": "kevin_666"
}

[2023-05-23 22:26:45]--[src_cgi/warestable.c:56]--cJSON_Parse err
[2023-05-23 22:26:45]--[src_cgi/warestable.c:167]--line = 4
[2023-05-23 22:26:45]--[src_cgi/warestable.c:191]--cmd = normal
[2023-05-23 22:26:45]--[src_cgi/warestable.c:223]--buf = {
    "count": 4,
    "start": 0,
    "token": "152c18060761876d5db76bb0c9658d1c",
    "user": "kevin_666"
}

[2023-05-23 22:26:45]--[src_cgi/warestable.c:191]--cmd = count
[2023-05-23 22:26:45]--[src_cgi/warestable.c:223]--buf = {
    "token": "152c18060761876d5db76bb0c9658d1c",
    "user": "kevin_666"
}

[2023-05-23 22:26:45]--[src_cgi/warestable.c:56]--cJSON_Parse err
[2023-05-23 22:26:45]--[src_cgi/warestable.c:167]--line = 4
[2023-05-23 22:29:15]--[src_cgi/warestable.c:191]--cmd = count
[2023-05-23 22:29:15]--[src_cgi/warestable.c:223]--buf = {
    "token": "c9e9e992c985816005bdeb07b5345eb4",
    "user": "kevin_666"
}

[2023-05-23 22:29:15]--[src_cgi/warestable.c:56]--cJSON_Parse err
[2023-05-23 22:29:15]--[src_cgi/warestable.c:167]--line = 4
[2023-05-23 22:29:15]--[src_cgi/warestable.c:191]--cmd = normal
[2023-05-23 22:29:15]--[src_cgi/warestable.c:223]--buf = {
    "count": 4,
    "start": 0,
    "token": "c9e9e992c985816005bdeb07b5345eb4",
    "user": "kevin_666"
}

[2023-05-23 22:29:16]--[src_cgi/warestable.c:191]--cmd = count
[2023-05-23 22:29:16]--[src_cgi/warestable.c:223]--buf = {
    "token": "c9e9e992c985816005bdeb07b5345eb4",
    "user": "kevin_666"
}

[2023-05-23 22:29:16]--[src_cgi/warestable.c:56]--cJSON_Parse err
[2023-05-23 22:29:16]--[src_cgi/warestable.c:167]--line = 4
[2023-05-23 22:29:16]--[src_cgi/warestable.c:191]--cmd = normal
[2023-05-23 22:29:16]--[src_cgi/warestable.c:223]--buf = {
    "count": 4,
    "start": 0,
    "token": "c9e9e992c985816005bdeb07b5345eb4",
    "user": "kevin_666"
}

[2023-05-23 22:29:16]--[src_cgi/warestable.c:191]--cmd = count
[2023-05-23 22:29:16]--[src_cgi/warestable.c:223]--buf = {
    "token": "c9e9e992c985816005bdeb07b5345eb4",
    "user": "kevin_666"
}

[2023-05-23 22:29:16]--[src_cgi/warestable.c:56]--cJSON_Parse err
[2023-05-23 22:29:16]--[src_cgi/warestable.c:167]--line = 4
[2023-05-23 22:29:16]--[src_cgi/warestable.c:191]--cmd = normal
[2023-05-23 22:29:16]--[src_cgi/warestable.c:223]--buf = {
    "count": 4,
    "start": 0,
    "token": "c9e9e992c985816005bdeb07b5345eb4",
    "user": "kevin_666"
}

[2023-05-23 22:29:16]--[src_cgi/warestable.c:191]--cmd = count
[2023-05-23 22:29:16]--[src_cgi/warestable.c:223]--buf = {
    "token": "c9e9e992c985816005bdeb07b5345eb4",
    "user": "kevin_666"
}

[2023-05-23 22:29:16]--[src_cgi/warestable.c:56]--cJSON_Parse err
[2023-05-23 22:29:16]--[src_cgi/warestable.c:167]--line = 4
[2023-05-23 22:29:16]--[src_cgi/warestable.c:191]--cmd = normal
[2023-05-23 22:29:16]--[src_cgi/warestable.c:223]--buf = {
    "count": 4,
    "start": 0,
    "token": "c9e9e992c985816005bdeb07b5345eb4",
    "user": "kevin_666"
}

[2023-05-23 22:29:16]--[src_cgi/warestable.c:191]--cmd = count
[2023-05-23 22:29:16]--[src_cgi/warestable.c:223]--buf = {
    "token": "c9e9e992c985816005bdeb07b5345eb4",
    "user": "kevin_666"
}

[2023-05-23 22:29:16]--[src_cgi/warestable.c:56]--cJSON_Parse err
[2023-05-23 22:29:16]--[src_cgi/warestable.c:167]--line = 4
[2023-05-23 22:29:16]--[src_cgi/warestable.c:191]--cmd = normal
[2023-05-23 22:29:16]--[src_cgi/warestable.c:223]--buf = {
    "count": 4,
    "start": 0,
    "token": "c9e9e992c985816005bdeb07b5345eb4",
    "user": "kevin_666"
}

[2023-05-23 22:29:17]--[src_cgi/warestable.c:191]--cmd = count
[2023-05-23 22:29:17]--[src_cgi/warestable.c:223]--buf = {
    "token": "c9e9e992c985816005bdeb07b5345eb4",
    "user": "kevin_666"
}

[2023-05-23 22:29:17]--[src_cgi/warestable.c:56]--cJSON_Parse err
[2023-05-23 22:29:17]--[src_cgi/warestable.c:167]--line = 4
[2023-05-23 22:29:17]--[src_cgi/warestable.c:191]--cmd = normal
[2023-05-23 22:29:17]--[src_cgi/warestable.c:223]--buf = {
    "count": 4,
    "start": 0,
    "token": "c9e9e992c985816005bdeb07b5345eb4",
    "user": "kevin_666"
}

[2023-05-23 22:29:17]--[src_cgi/warestable.c:191]--cmd = count
[2023-05-23 22:29:17]--[src_cgi/warestable.c:223]--buf = {
    "token": "c9e9e992c985816005bdeb07b5345eb4",
    "user": "kevin_666"
}

[2023-05-23 22:29:17]--[src_cgi/warestable.c:56]--cJSON_Parse err
[2023-05-23 22:29:17]--[src_cgi/warestable.c:167]--line = 4
[2023-05-23 22:29:17]--[src_cgi/warestable.c:191]--cmd = normal
[2023-05-23 22:29:17]--[src_cgi/warestable.c:223]--buf = {
    "count": 4,
    "start": 0,
    "token": "c9e9e992c985816005bdeb07b5345eb4",
    "user": "kevin_666"
}

[2023-05-23 22:29:17]--[src_cgi/warestable.c:191]--cmd = count
[2023-05-23 22:29:17]--[src_cgi/warestable.c:223]--buf = {
    "token": "c9e9e992c985816005bdeb07b5345eb4",
    "user": "kevin_666"
}

[2023-05-23 22:29:17]--[src_cgi/warestable.c:56]--cJSON_Parse err
[2023-05-23 22:29:17]--[src_cgi/warestable.c:167]--line = 4
[2023-05-23 22:29:17]--[src_cgi/warestable.c:191]--cmd = normal
[2023-05-23 22:29:17]--[src_cgi/warestable.c:223]--buf = {
    "count": 4,
    "start": 0,
    "token": "c9e9e992c985816005bdeb07b5345eb4",
    "user": "kevin_666"
}

[2023-05-23 22:29:17]--[src_cgi/warestable.c:191]--cmd = count
[2023-05-23 22:29:17]--[src_cgi/warestable.c:223]--buf = {
    "token": "c9e9e992c985816005bdeb07b5345eb4",
    "user": "kevin_666"
}

[2023-05-23 22:29:17]--[src_cgi/warestable.c:56]--cJSON_Parse err
[2023-05-23 22:29:17]--[src_cgi/warestable.c:167]--line = 4
[2023-05-23 22:29:17]--[src_cgi/warestable.c:191]--cmd = normal
[2023-05-23 22:29:17]--[src_cgi/warestable.c:223]--buf = {
    "count": 4,
    "start": 0,
    "token": "c9e9e992c985816005bdeb07b5345eb4",
    "user": "kevin_666"
}

[2023-05-23 22:29:18]--[src_cgi/warestable.c:191]--cmd = count
[2023-05-23 22:29:18]--[src_cgi/warestable.c:223]--buf = {
    "token": "c9e9e992c985816005bdeb07b5345eb4",
    "user": "kevin_666"
}

[2023-05-23 22:29:18]--[src_cgi/warestable.c:56]--cJSON_Parse err
[2023-05-23 22:29:18]--[src_cgi/warestable.c:167]--line = 4
[2023-05-23 22:29:18]--[src_cgi/warestable.c:191]--cmd = normal
[2023-05-23 22:29:18]--[src_cgi/warestable.c:223]--buf = {
    "count": 4,
    "start": 0,
    "token": "c9e9e992c985816005bdeb07b5345eb4",
    "user": "kevin_666"
}

[2023-05-23 22:29:18]--[src_cgi/warestable.c:191]--cmd = count
[2023-05-23 22:29:18]--[src_cgi/warestable.c:223]--buf = {
    "token": "c9e9e992c985816005bdeb07b5345eb4",
    "user": "kevin_666"
}

[2023-05-23 22:29:18]--[src_cgi/warestable.c:56]--cJSON_Parse err
[2023-05-23 22:29:18]--[src_cgi/warestable.c:167]--line = 4
[2023-05-23 22:29:18]--[src_cgi/warestable.c:191]--cmd = normal
[2023-05-23 22:29:18]--[src_cgi/warestable.c:223]--buf = {
    "count": 4,
    "start": 0,
    "token": "c9e9e992c985816005bdeb07b5345eb4",
    "user": "kevin_666"
}

[2023-05-23 22:29:18]--[src_cgi/warestable.c:191]--cmd = count
[2023-05-23 22:29:18]--[src_cgi/warestable.c:223]--buf = {
    "token": "c9e9e992c985816005bdeb07b5345eb4",
    "user": "kevin_666"
}

[2023-05-23 22:29:18]--[src_cgi/warestable.c:56]--cJSON_Parse err
[2023-05-23 22:29:18]--[src_cgi/warestable.c:167]--line = 4
[2023-05-23 22:29:18]--[src_cgi/warestable.c:191]--cmd = normal
[2023-05-23 22:29:18]--[src_cgi/warestable.c:223]--buf = {
    "count": 4,
    "start": 0,
    "token": "c9e9e992c985816005bdeb07b5345eb4",
    "user": "kevin_666"
}

[2023-05-23 22:29:18]--[src_cgi/warestable.c:191]--cmd = count
[2023-05-23 22:29:18]--[src_cgi/warestable.c:223]--buf = {
    "token": "c9e9e992c985816005bdeb07b5345eb4",
    "user": "kevin_666"
}

[2023-05-23 22:29:18]--[src_cgi/warestable.c:56]--cJSON_Parse err
[2023-05-23 22:29:18]--[src_cgi/warestable.c:167]--line = 4
[2023-05-23 22:29:18]--[src_cgi/warestable.c:191]--cmd = normal
[2023-05-23 22:29:18]--[src_cgi/warestable.c:223]--buf = {
    "count": 4,
    "start": 0,
    "token": "c9e9e992c985816005bdeb07b5345eb4",
    "user": "kevin_666"
}

[2023-05-23 22:29:18]--[src_cgi/warestable.c:191]--cmd = count
[2023-05-23 22:29:18]--[src_cgi/warestable.c:223]--buf = {
    "token": "c9e9e992c985816005bdeb07b5345eb4",
    "user": "kevin_666"
}

[2023-05-23 22:29:18]--[src_cgi/warestable.c:56]--cJSON_Parse err
[2023-05-23 22:29:18]--[src_cgi/warestable.c:167]--line = 4
[2023-05-23 22:29:19]--[src_cgi/warestable.c:191]--cmd = normal
[2023-05-23 22:29:19]--[src_cgi/warestable.c:223]--buf = {
    "count": 4,
    "start": 0,
    "token": "c9e9e992c985816005bdeb07b5345eb4",
    "user": "kevin_666"
}

[2023-05-23 22:29:19]--[src_cgi/warestable.c:191]--cmd = count
[2023-05-23 22:29:19]--[src_cgi/warestable.c:223]--buf = {
    "token": "c9e9e992c985816005bdeb07b5345eb4",
    "user": "kevin_666"
}

[2023-05-23 22:29:19]--[src_cgi/warestable.c:56]--cJSON_Parse err
[2023-05-23 22:29:19]--[src_cgi/warestable.c:167]--line = 4
[2023-05-23 22:29:19]--[src_cgi/warestable.c:191]--cmd = normal
[2023-05-23 22:29:19]--[src_cgi/warestable.c:223]--buf = {
    "count": 4,
    "start": 0,
    "token": "c9e9e992c985816005bdeb07b5345eb4",
    "user": "kevin_666"
}

[2023-05-23 22:29:19]--[src_cgi/warestable.c:191]--cmd = count
[2023-05-23 22:29:19]--[src_cgi/warestable.c:223]--buf = {
    "token": "c9e9e992c985816005bdeb07b5345eb4",
    "user": "kevin_666"
}

[2023-05-23 22:29:19]--[src_cgi/warestable.c:56]--cJSON_Parse err
[2023-05-23 22:29:19]--[src_cgi/warestable.c:167]--line = 4
[2023-05-23 22:29:19]--[src_cgi/warestable.c:191]--cmd = normal
[2023-05-23 22:29:19]--[src_cgi/warestable.c:223]--buf = {
    "count": 4,
    "start": 0,
    "token": "c9e9e992c985816005bdeb07b5345eb4",
    "user": "kevin_666"
}

