[2023-05-25 22:15:58]--[src_cgi/warestable.c:191]--cmd = count
[2023-05-25 22:15:58]--[src_cgi/warestable.c:223]--buf = {
    "token": "c0b5f5370311ec4161f6627f81819b53",
    "user": "kevin_666"
}

[2023-05-25 22:15:58]--[src_cgi/warestable.c:56]--cJSON_Parse err
[2023-05-25 22:15:58]--[src_cgi/warestable.c:167]--line = 4
[2023-05-25 22:15:58]--[src_cgi/warestable.c:191]--cmd = normal
[2023-05-25 22:15:58]--[src_cgi/warestable.c:223]--buf = {
    "count": 4,
    "start": 0,
    "token": "c0b5f5370311ec4161f6627f81819b53",
    "user": "kevin_666"
}

[2023-05-25 22:27:02]--[src_cgi/warestable.c:37]--mysql:[user=root,pwd=k916025328,database=Manager][2023-05-25 22:27:15]--[src_cgi/warestable.c:410]--cmd = count
[2023-05-25 22:27:15]--[src_cgi/warestable.c:442]--buf = {
    "token": "37a5ec6868546122d980ec0a732112ef",
    "user": "kevin_666"
}

[2023-05-25 22:27:15]--[src_cgi/warestable.c:168]--line = 4
[2023-05-25 22:27:16]--[src_cgi/warestable.c:410]--cmd = normal
[2023-05-25 22:27:16]--[src_cgi/warestable.c:442]--buf = {
    "count": 4,
    "start": 0,
    "token": "37a5ec6868546122d980ec0a732112ef",
    "user": "kevin_666"
}

[2023-05-25 22:27:16]--[src_cgi/warestable.c:457]--user = kevin_666, token = 37a5ec6868546122d980ec0a732112ef, start = 0, count = 0
[2023-05-25 22:27:16]--[src_cgi/warestable.c:274]--select * from waresinfo limit 0,0 在操作
[2023-05-25 22:27:16]--[src_cgi/warestable.c:295]--mysql_num_rows(res_set) failed：
