[2023-05-28 20:37:19]--[src_cgi/warestable.c:37]--mysql:[user=root,pwd=k916025328,database=Manager][2023-05-28 20:38:19]--[src_cgi/warestable.c:612]--cmd = warescount
[2023-05-28 20:38:19]--[src_cgi/warestable.c:644]--buf = {
    "token": "83fdab9dcd32b0315846445fc7b20c7c",
    "user": "kevin_666"
}

[2023-05-28 20:38:19]--[src_cgi/warestable.c:168]--line = 4
[2023-05-28 20:38:19]--[src_cgi/warestable.c:612]--cmd = waresnormal
[2023-05-28 20:38:19]--[src_cgi/warestable.c:644]--buf = {
    "count": 4,
    "start": 0,
    "token": "83fdab9dcd32b0315846445fc7b20c7c",
    "user": "kevin_666"
}

[2023-05-28 20:38:19]--[src_cgi/warestable.c:659]--user = kevin_666, token = 83fdab9dcd32b0315846445fc7b20c7c, start = 0, count = 4
[2023-05-28 20:38:19]--[src_cgi/warestable.c:474]-- 在操作
[2023-05-28 20:38:19]--[src_cgi/warestable.c:477]-- 操作失败:Query was empty 
[2023-05-28 20:42:21]--[src_cgi/warestable.c:37]--mysql:[user=root,pwd=k916025328,database=Manager][2023-05-28 20:42:29]--[src_cgi/warestable.c:612]--cmd = warescount
[2023-05-28 20:42:29]--[src_cgi/warestable.c:644]--buf = {
    "token": "e07e8f80eb3dc8973e9a976f3b434b42",
    "user": "kevin_666"
}

[2023-05-28 20:42:29]--[src_cgi/warestable.c:168]--line = 4
[2023-05-28 20:42:29]--[src_cgi/warestable.c:612]--cmd = waresnormal
[2023-05-28 20:42:29]--[src_cgi/warestable.c:644]--buf = {
    "count": 4,
    "start": 0,
    "token": "e07e8f80eb3dc8973e9a976f3b434b42",
    "user": "kevin_666"
}

[2023-05-28 20:42:29]--[src_cgi/warestable.c:659]--user = kevin_666, token = e07e8f80eb3dc8973e9a976f3b434b42, start = 0, count = 4
[2023-05-28 20:42:29]--[src_cgi/warestable.c:474]--SELECT * FROM waresinfo limit 0,4 
 在操作
[2023-05-28 20:42:29]--[src_cgi/warestable.c:547]--{
	"wares":	[{
			"wares_id":	1,
			"wares_name":	"黑色无纺布",
			"wares_store_unit":	"米/元",
			"wares_amount":	2000,
			"wares_sell_unit":	"米/元",
			"wares_price":	2000
		}, {
			"wares_id":	2,
			"wares_name":	"白色无纺布",
			"wares_store_unit":	"米/元",
			"wares_amount":	2000,
			"wares_sell_unit":	"米/元",
			"wares_price":	2000
		}, {
			"wares_id":	3,
			"wares_name":	"彩色无纺布",
			"wares_store_unit":	"米/元",
			"wares_amount":	2000,
			"wares_sell_unit":	"米/元",
			"wares_price":	2000
		}, {
			"wares_id":	4,
			"wares_name":	"紫色无纺布",
			"wares_store_unit":	"米/元",
			"wares_amount":	2000,
			"wares_sell_unit":	"米/元",
			"wares_price":	2000
		}]
}
[2023-05-28 20:42:38]--[src_cgi/warestable.c:612]--cmd = waressearch=%E7%99%BD%E8%89%B2%E6%97%A0%E7%BA%BA%E5%B8%83
[2023-05-28 20:42:38]--[src_cgi/warestable.c:644]--buf = {
    "token": "e07e8f80eb3dc8973e9a976f3b434b42",
    "user": "kevin_666"
}

[2023-05-28 20:42:38]--[src_cgi/warestable.c:699]--keyword = %E7%99%BD%E8%89%B2%E%E7%99%BD%E8%89%B2%E%E7%9
[2023-05-28 20:42:38]--[src_cgi/warestable.c:293]--line = 0
