[2023-07-20 19:49:22]--[src_cgi/login_cgi.c:288]--buf = {
    "pwd": "e10adc3949ba59abbe56e057f20f883e",
    "user": "kevin_666"
}

[2023-07-20 19:49:22]--[src_cgi/login_cgi.c:294]--user = kevin_666, pwd = e10adc3949ba59abbe56e057f20f883e
[2023-07-20 19:49:22]--[src_cgi/login_cgi.c:101]--mysql_user = root, mysql_pwd = k916025328, mysql_db = Manager
[2023-07-20 19:49:22]--[src_cgi/login_cgi.c:161]--redis:[ip=127.0.0.1,port=6379]
[2023-07-20 19:49:22]--[src_cgi/login_cgi.c:185]--tmp = kevin_666140680699803
[2023-07-20 19:49:22]--[src_cgi/login_cgi.c:201]--base64 = rp9m4wmNf+Q8qCyvF1c0bgL8H4J1A1Yd
[2023-07-20 19:49:22]--[src_cgi/login_cgi.c:303]--token = 3f7a68653f869d48e8714ebaf742e7c5
[2023-07-20 20:19:37]--[src_cgi/login_cgi.c:288]--buf = {
    "pwd": "e10adc3949ba59abbe56e057f20f883e",
    "user": "kevin_666"
}

[2023-07-20 20:19:37]--[src_cgi/login_cgi.c:294]--user = kevin_666, pwd = e10adc3949ba59abbe56e057f20f883e
[2023-07-20 20:19:37]--[src_cgi/login_cgi.c:101]--mysql_user = root, mysql_pwd = k916025328, mysql_db = Manager
[2023-07-20 20:19:37]--[src_cgi/login_cgi.c:161]--redis:[ip=127.0.0.1,port=6379]
[2023-07-20 20:19:37]--[src_cgi/login_cgi.c:185]--tmp = kevin_66629497637275
[2023-07-20 20:19:37]--[src_cgi/login_cgi.c:201]--base64 = rp9m4wmNf+QZIp70TDRIYzs2QRGzHs1P
[2023-07-20 20:19:37]--[src_cgi/login_cgi.c:303]--token = 24fe3e753bb9f7d948500bce4d974f5b
[2023-07-20 20:24:22]--[src_cgi/login_cgi.c:288]--buf = {
    "pwd": "e10adc3949ba59abbe56e057f20f883e",
    "user": "kevin_666"
}

[2023-07-20 20:24:22]--[src_cgi/login_cgi.c:294]--user = kevin_666, pwd = e10adc3949ba59abbe56e057f20f883e
[2023-07-20 20:24:22]--[src_cgi/login_cgi.c:101]--mysql_user = root, mysql_pwd = k916025328, mysql_db = Manager
[2023-07-20 20:24:22]--[src_cgi/login_cgi.c:161]--redis:[ip=127.0.0.1,port=6379]
[2023-07-20 20:24:22]--[src_cgi/login_cgi.c:185]--tmp = kevin_666834580476361
[2023-07-20 20:24:22]--[src_cgi/login_cgi.c:201]--base64 = rp9m4wmNf+Rtf3UA1n0NfAVdY7ikySqM
[2023-07-20 20:24:22]--[src_cgi/login_cgi.c:303]--token = e6be9ad9ecb099672289fd8a00672eae
[2023-07-20 20:25:08]--[src_cgi/login_cgi.c:288]--buf = {
    "pwd": "e10adc3949ba59abbe56e057f20f883e",
    "user": "kevin_666"
}

[2023-07-20 20:25:08]--[src_cgi/login_cgi.c:294]--user = kevin_666, pwd = e10adc3949ba59abbe56e057f20f883e
[2023-07-20 20:25:08]--[src_cgi/login_cgi.c:101]--mysql_user = root, mysql_pwd = k916025328, mysql_db = Manager
[2023-07-20 20:25:08]--[src_cgi/login_cgi.c:161]--redis:[ip=127.0.0.1,port=6379]
[2023-07-20 20:25:08]--[src_cgi/login_cgi.c:185]--tmp = kevin_666404695124988
[2023-07-20 20:25:08]--[src_cgi/login_cgi.c:201]--base64 = rp9m4wmNf+Q8msFqvc/Oq8HHjem7Chhc
[2023-07-20 20:25:08]--[src_cgi/login_cgi.c:303]--token = 81dbcefa0cdcf0260359ede46b8dc840
[2023-07-20 20:36:45]--[src_cgi/login_cgi.c:288]--buf = {
    "pwd": "e10adc3949ba59abbe56e057f20f883e",
    "user": "kevin_666"
}

[2023-07-20 20:36:45]--[src_cgi/login_cgi.c:294]--user = kevin_666, pwd = e10adc3949ba59abbe56e057f20f883e
[2023-07-20 20:36:45]--[src_cgi/login_cgi.c:101]--mysql_user = root, mysql_pwd = k916025328, mysql_db = Manager
[2023-07-20 20:36:45]--[src_cgi/login_cgi.c:161]--redis:[ip=127.0.0.1,port=6379]
[2023-07-20 20:36:45]--[src_cgi/login_cgi.c:185]--tmp = kevin_666314364129432
[2023-07-20 20:36:45]--[src_cgi/login_cgi.c:201]--base64 = rp9m4wmNf+TeTj585DI0C6brhDwMd5Nh
[2023-07-20 20:36:45]--[src_cgi/login_cgi.c:303]--token = 13ded9d6f013c1b1fe12c1350b4515e5
[2023-07-20 20:44:40]--[src_cgi/login_cgi.c:288]--buf = {
    "pwd": "e10adc3949ba59abbe56e057f20f883e",
    "user": "kevin_666"
}

[2023-07-20 20:44:40]--[src_cgi/login_cgi.c:294]--user = kevin_666, pwd = e10adc3949ba59abbe56e057f20f883e
[2023-07-20 20:44:40]--[src_cgi/login_cgi.c:101]--mysql_user = root, mysql_pwd = k916025328, mysql_db = Manager
[2023-07-20 20:44:40]--[src_cgi/login_cgi.c:161]--redis:[ip=127.0.0.1,port=6379]
[2023-07-20 20:44:40]--[src_cgi/login_cgi.c:185]--tmp = kevin_666686631874292
[2023-07-20 20:44:40]--[src_cgi/login_cgi.c:201]--base64 = rp9m4wmNf+TPC31uvs4R0HulAE7qXLTy
[2023-07-20 20:44:40]--[src_cgi/login_cgi.c:303]--token = f39bed1916e68fb309d428ad3d697c1a
