[2023-07-18 19:48:43]--[src_cgi/login_cgi.c:288]--buf = {
    "pwd": "e10adc3949ba59abbe56e057f20f883e",
    "user": "kevin_666"
}

[2023-07-18 19:48:43]--[src_cgi/login_cgi.c:294]--user = kevin_666, pwd = e10adc3949ba59abbe56e057f20f883e
[2023-07-18 19:48:43]--[src_cgi/login_cgi.c:101]--mysql_user = root, mysql_pwd = k916025328, mysql_db = Manager
[2023-07-18 19:48:43]--[src_cgi/login_cgi.c:161]--redis:[ip=127.0.0.1,port=6379]
[2023-07-18 19:48:43]--[src_cgi/login_cgi.c:185]--tmp = kevin_666378476483936
[2023-07-18 19:48:43]--[src_cgi/login_cgi.c:201]--base64 = rp9m4wmNf+SLUZ1MqdwI1rJVLED2DHuZ
[2023-07-18 19:48:43]--[src_cgi/login_cgi.c:303]--token = 7880a698321871c6adfdd8f793cef437
[2023-07-18 20:13:44]--[src_cgi/login_cgi.c:288]--buf = {
    "pwd": "e10adc3949ba59abbe56e057f20f883e",
    "user": "kevin_666"
}

[2023-07-18 20:13:44]--[src_cgi/login_cgi.c:294]--user = kevin_666, pwd = e10adc3949ba59abbe56e057f20f883e
[2023-07-18 20:13:44]--[src_cgi/login_cgi.c:101]--mysql_user = root, mysql_pwd = k916025328, mysql_db = Manager
[2023-07-18 20:13:44]--[src_cgi/login_cgi.c:161]--redis:[ip=127.0.0.1,port=6379]
[2023-07-18 20:13:44]--[src_cgi/login_cgi.c:185]--tmp = kevin_66683541065223
[2023-07-18 20:13:44]--[src_cgi/login_cgi.c:201]--base64 = rp9m4wmNf+Ru2wePSvvEh13Nd3AmRzN4
[2023-07-18 20:13:44]--[src_cgi/login_cgi.c:303]--token = 9b81bd281df0428e2f4bddf929b88d50
[2023-07-18 20:34:05]--[src_cgi/login_cgi.c:288]--buf = {
    "pwd": "e10adc3949ba59abbe56e057f20f883e",
    "user": "kevin_666"
}

[2023-07-18 20:34:05]--[src_cgi/login_cgi.c:294]--user = kevin_666, pwd = e10adc3949ba59abbe56e057f20f883e
[2023-07-18 20:34:05]--[src_cgi/login_cgi.c:101]--mysql_user = root, mysql_pwd = k916025328, mysql_db = Manager
[2023-07-18 20:34:05]--[src_cgi/login_cgi.c:161]--redis:[ip=127.0.0.1,port=6379]
[2023-07-18 20:34:05]--[src_cgi/login_cgi.c:185]--tmp = kevin_666282298701792
[2023-07-18 20:34:05]--[src_cgi/login_cgi.c:201]--base64 = rp9m4wmNf+QHluUNB+Y9OBJcvZDq8Oka
[2023-07-18 20:34:05]--[src_cgi/login_cgi.c:303]--token = 231ebcee0158524e8f1d1a342f19828f
[2023-07-18 21:11:50]--[src_cgi/login_cgi.c:288]--buf = {
    "pwd": "e10adc3949ba59abbe56e057f20f883e",
    "user": "kevin_666"
}

[2023-07-18 21:11:50]--[src_cgi/login_cgi.c:294]--user = kevin_666, pwd = e10adc3949ba59abbe56e057f20f883e
[2023-07-18 21:11:50]--[src_cgi/login_cgi.c:101]--mysql_user = root, mysql_pwd = k916025328, mysql_db = Manager
[2023-07-18 21:11:50]--[src_cgi/login_cgi.c:161]--redis:[ip=127.0.0.1,port=6379]
[2023-07-18 21:11:50]--[src_cgi/login_cgi.c:185]--tmp = kevin_666324800978387
[2023-07-18 21:11:50]--[src_cgi/login_cgi.c:201]--base64 = rp9m4wmNf+R5zWr+/QiYMNuq6z2TxAd6
[2023-07-18 21:11:50]--[src_cgi/login_cgi.c:303]--token = 05f7f827b16964d58709babbde81be66
[2023-07-18 21:21:26]--[src_cgi/login_cgi.c:288]--buf = {
    "pwd": "e10adc3949ba59abbe56e057f20f883e",
    "user": "kevin_666"
}

[2023-07-18 21:21:26]--[src_cgi/login_cgi.c:294]--user = kevin_666, pwd = e10adc3949ba59abbe56e057f20f883e
[2023-07-18 21:21:26]--[src_cgi/login_cgi.c:101]--mysql_user = root, mysql_pwd = k916025328, mysql_db = Manager
[2023-07-18 21:21:26]--[src_cgi/login_cgi.c:161]--redis:[ip=127.0.0.1,port=6379]
[2023-07-18 21:21:26]--[src_cgi/login_cgi.c:185]--tmp = kevin_666108568480692
[2023-07-18 21:21:26]--[src_cgi/login_cgi.c:201]--base64 = rp9m4wmNf+RGyz73DzoL616FgEWRmCRQ
[2023-07-18 21:21:26]--[src_cgi/login_cgi.c:303]--token = 1bbddb6b0868006ed8fda8ef246ea0b4
