[2023-07-10 19:27:53]--[src_cgi/login_cgi.c:288]--buf = {
    "pwd": "e10adc3949ba59abbe56e057f20f883e",
    "user": "kevin_666"
}

[2023-07-10 19:27:53]--[src_cgi/login_cgi.c:294]--user = kevin_666, pwd = e10adc3949ba59abbe56e057f20f883e
[2023-07-10 19:27:53]--[src_cgi/login_cgi.c:101]--mysql_user = root, mysql_pwd = k916025328, mysql_db = Manager
[2023-07-10 19:27:53]--[src_cgi/login_cgi.c:161]--redis:[ip=127.0.0.1,port=6379]
[2023-07-10 19:27:53]--[src_cgi/login_cgi.c:185]--tmp = kevin_6666995651973
[2023-07-10 19:27:53]--[src_cgi/login_cgi.c:201]--base64 = rp9m4wmNf+SV4IToj4EupxSfuG4lKx2+
[2023-07-10 19:27:53]--[src_cgi/login_cgi.c:303]--token = 969a4a23d70d1518bd4ef0064b104861
[2023-07-10 20:12:19]--[src_cgi/login_cgi.c:288]--buf = {
    "pwd": "e10adc3949ba59abbe56e057f20f883e",
    "user": "kevin_666"
}

[2023-07-10 20:12:19]--[src_cgi/login_cgi.c:294]--user = kevin_666, pwd = e10adc3949ba59abbe56e057f20f883e
[2023-07-10 20:12:19]--[src_cgi/login_cgi.c:101]--mysql_user = root, mysql_pwd = k916025328, mysql_db = Manager
[2023-07-10 20:12:19]--[src_cgi/login_cgi.c:161]--redis:[ip=127.0.0.1,port=6379]
[2023-07-10 20:12:19]--[src_cgi/login_cgi.c:185]--tmp = kevin_666436382365803
[2023-07-10 20:12:19]--[src_cgi/login_cgi.c:201]--base64 = rp9m4wmNf+QNMdyquhiyD0OwXqGO4q5S
[2023-07-10 20:12:19]--[src_cgi/login_cgi.c:303]--token = b6a6f7cc1829c3d611059edb647b3d12
[2023-07-10 20:13:06]--[src_cgi/login_cgi.c:288]--buf = {
    "pwd": "e10adc3949ba59abbe56e057f20f883e",
    "user": "kevin_666"
}

[2023-07-10 20:13:06]--[src_cgi/login_cgi.c:294]--user = kevin_666, pwd = e10adc3949ba59abbe56e057f20f883e
[2023-07-10 20:13:06]--[src_cgi/login_cgi.c:101]--mysql_user = root, mysql_pwd = k916025328, mysql_db = Manager
[2023-07-10 20:13:06]--[src_cgi/login_cgi.c:161]--redis:[ip=127.0.0.1,port=6379]
[2023-07-10 20:13:06]--[src_cgi/login_cgi.c:185]--tmp = kevin_66662340197464
[2023-07-10 20:13:06]--[src_cgi/login_cgi.c:201]--base64 = rp9m4wmNf+S3emRNm06Bx2AXcFfZxXAE
[2023-07-10 20:13:06]--[src_cgi/login_cgi.c:303]--token = 12fe735ddbb58d3d748f3ed98d7d1845
[2023-07-10 20:13:49]--[src_cgi/login_cgi.c:288]--buf = {
    "pwd": "e10adc3949ba59abbe56e057f20f883e",
    "user": "kevin_666"
}

[2023-07-10 20:13:49]--[src_cgi/login_cgi.c:294]--user = kevin_666, pwd = e10adc3949ba59abbe56e057f20f883e
[2023-07-10 20:13:49]--[src_cgi/login_cgi.c:101]--mysql_user = root, mysql_pwd = k916025328, mysql_db = Manager
[2023-07-10 20:13:49]--[src_cgi/login_cgi.c:161]--redis:[ip=127.0.0.1,port=6379]
[2023-07-10 20:13:49]--[src_cgi/login_cgi.c:185]--tmp = kevin_666757661666787
[2023-07-10 20:13:49]--[src_cgi/login_cgi.c:201]--base64 = rp9m4wmNf+RUlJAabKyWRG3T2eTsPX/6
[2023-07-10 20:13:49]--[src_cgi/login_cgi.c:303]--token = 30b558be679cd3152209860f415590de
[2023-07-10 20:15:20]--[src_cgi/login_cgi.c:288]--buf = {
    "pwd": "e10adc3949ba59abbe56e057f20f883e",
    "user": "kevin_666"
}

[2023-07-10 20:15:20]--[src_cgi/login_cgi.c:294]--user = kevin_666, pwd = e10adc3949ba59abbe56e057f20f883e
[2023-07-10 20:15:20]--[src_cgi/login_cgi.c:101]--mysql_user = root, mysql_pwd = k916025328, mysql_db = Manager
[2023-07-10 20:15:20]--[src_cgi/login_cgi.c:161]--redis:[ip=127.0.0.1,port=6379]
[2023-07-10 20:15:20]--[src_cgi/login_cgi.c:185]--tmp = kevin_666683190158742
[2023-07-10 20:15:20]--[src_cgi/login_cgi.c:201]--base64 = rp9m4wmNf+TqhR+ZOd+AQF924XaWGaDq
[2023-07-10 20:15:20]--[src_cgi/login_cgi.c:303]--token = 1b62735744dd6ad8ac83654212ebeef3
[2023-07-10 20:20:55]--[src_cgi/login_cgi.c:288]--buf = {
    "pwd": "e10adc3949ba59abbe56e057f20f883e",
    "user": "kevin_666"
}

[2023-07-10 20:20:55]--[src_cgi/login_cgi.c:294]--user = kevin_666, pwd = e10adc3949ba59abbe56e057f20f883e
[2023-07-10 20:20:55]--[src_cgi/login_cgi.c:101]--mysql_user = root, mysql_pwd = k916025328, mysql_db = Manager
[2023-07-10 20:20:55]--[src_cgi/login_cgi.c:161]--redis:[ip=127.0.0.1,port=6379]
[2023-07-10 20:20:55]--[src_cgi/login_cgi.c:185]--tmp = kevin_666273412886711
[2023-07-10 20:20:55]--[src_cgi/login_cgi.c:201]--base64 = rp9m4wmNf+RDdkhChwji9IqOJjWMEORX
[2023-07-10 20:20:55]--[src_cgi/login_cgi.c:303]--token = 7526a1968c2b5ba4088a482fe2203219
[2023-07-10 20:42:05]--[src_cgi/login_cgi.c:288]--buf = {
    "pwd": "e10adc3949ba59abbe56e057f20f883e",
    "user": "kevin_666"
}

[2023-07-10 20:42:05]--[src_cgi/login_cgi.c:294]--user = kevin_666, pwd = e10adc3949ba59abbe56e057f20f883e
[2023-07-10 20:42:05]--[src_cgi/login_cgi.c:101]--mysql_user = root, mysql_pwd = k916025328, mysql_db = Manager
[2023-07-10 20:42:05]--[src_cgi/login_cgi.c:161]--redis:[ip=127.0.0.1,port=6379]
[2023-07-10 20:42:05]--[src_cgi/login_cgi.c:185]--tmp = kevin_666892738749807
[2023-07-10 20:42:05]--[src_cgi/login_cgi.c:201]--base64 = rp9m4wmNf+RgXJ500ZPOBeCpsAzD/4Q0
[2023-07-10 20:42:05]--[src_cgi/login_cgi.c:303]--token = 831662d6e95dcfc36b4d76c825db04f0
[2023-07-10 20:43:40]--[src_cgi/login_cgi.c:288]--buf = {
    "pwd": "e10adc3949ba59abbe56e057f20f883e",
    "user": "kevin_666"
}

[2023-07-10 20:43:40]--[src_cgi/login_cgi.c:294]--user = kevin_666, pwd = e10adc3949ba59abbe56e057f20f883e
[2023-07-10 20:43:40]--[src_cgi/login_cgi.c:101]--mysql_user = root, mysql_pwd = k916025328, mysql_db = Manager
[2023-07-10 20:43:40]--[src_cgi/login_cgi.c:161]--redis:[ip=127.0.0.1,port=6379]
[2023-07-10 20:43:40]--[src_cgi/login_cgi.c:185]--tmp = kevin_666417808485814
[2023-07-10 20:43:40]--[src_cgi/login_cgi.c:201]--base64 = rp9m4wmNf+TgwrQNCWBdoNMUp16Niuhg
[2023-07-10 20:43:40]--[src_cgi/login_cgi.c:303]--token = 3378429702791ee4d0666cc8980eccab
