[2023-07-31 20:03:24]--[src_cgi/warestable.c:614]--cmd = warescount
[2023-07-31 20:03:24]--[src_cgi/warestable.c:646]--buf = {
    "token": "52cf04df091392c9a172a54311068c89",
    "user": "kevin_666"
}

[2023-07-31 20:03:24]--[src_cgi/warestable.c:169]--line = 4
[2023-07-31 20:03:24]--[src_cgi/warestable.c:614]--cmd = waresnormal
[2023-07-31 20:03:24]--[src_cgi/warestable.c:646]--buf = {
    "count": 4,
    "start": 0,
    "token": "52cf04df091392c9a172a54311068c89",
    "user": "kevin_666"
}

[2023-07-31 20:03:24]--[src_cgi/warestable.c:661]--user = kevin_666, token = 52cf04df091392c9a172a54311068c89, start = 0, count = 4
[2023-07-31 20:03:24]--[src_cgi/warestable.c:475]--SELECT * FROM waresinfo limit 0,4 
 在操作
[2023-07-31 20:03:24]--[src_cgi/warestable.c:548]--{
	"wares":	[{
			"wares_id":	1,
			"wares_name":	"黑色无纺布",
			"wares_store_unit":	"米/元",
			"wares_amount":	2000,
			"wares_sell_unit":	"米/元",
			"wares_price":	2000
		}, {
			"wares_id":	2,
			"wares_name":	"白色无纺布",
			"wares_store_unit":	"米/元",
			"wares_amount":	2000,
			"wares_sell_unit":	"米/元",
			"wares_price":	2000
		}, {
			"wares_id":	3,
			"wares_name":	"彩色无纺布",
			"wares_store_unit":	"米/元",
			"wares_amount":	2000,
			"wares_sell_unit":	"米/元",
			"wares_price":	2000
		}, {
			"wares_id":	4,
			"wares_name":	"紫色无纺布",
			"wares_store_unit":	"米/元",
			"wares_amount":	2000,
			"wares_sell_unit":	"米/元",
			"wares_price":	2000
		}]
}
