[2024-04-07 20:52:38]--[src_cgi/login_cgi.c:291]--buf = {
    "pwd": "e10adc3949ba59abbe56e057f20f883e",
    "user": "kevin_666"
}

[2024-04-07 20:52:38]--[src_cgi/login_cgi.c:297]--user = kevin_666, pwd = e10adc3949ba59abbe56e057f20f883e
[2024-04-07 20:52:38]--[src_cgi/login_cgi.c:96]--mysql_user = root, mysql_pwd = k916025328, mysql_db = Manager
[2024-04-07 20:52:38]--[src_cgi/login_cgi.c:301]--Login ret = 1 ------
[2024-04-07 20:52:38]--[src_cgi/login_cgi.c:165]--redis:[ip=127.0.0.1,port=6379]
[2024-04-07 20:52:38]--[src_cgi/login_cgi.c:189]--tmp = kevin_666568362899903
[2024-04-07 20:52:38]--[src_cgi/login_cgi.c:205]--base64 = rp9m4wmNf+QiYEz+kKR9iqsDDsLnYqdD
[2024-04-07 20:52:38]--[src_cgi/login_cgi.c:308]--token = c746a9290e99e08f7e4d16c4f3a02608
[2024-04-07 21:28:49]--[src_cgi/login_cgi.c:291]--buf = {
    "pwd": "e10adc3949ba59abbe56e057f20f883e",
    "user": "kevin_666"
}

[2024-04-07 21:28:49]--[src_cgi/login_cgi.c:297]--user = kevin_666, pwd = e10adc3949ba59abbe56e057f20f883e
[2024-04-07 21:28:49]--[src_cgi/login_cgi.c:96]--mysql_user = root, mysql_pwd = k916025328, mysql_db = Manager
[2024-04-07 21:28:49]--[src_cgi/login_cgi.c:301]--Login ret = 1 ------
[2024-04-07 21:28:49]--[src_cgi/login_cgi.c:165]--redis:[ip=127.0.0.1,port=6379]
[2024-04-07 21:28:49]--[src_cgi/login_cgi.c:189]--tmp = kevin_666206244903156
[2024-04-07 21:28:49]--[src_cgi/login_cgi.c:205]--base64 = rp9m4wmNf+SwtbITmw83EfMeSNdpBDQ0
[2024-04-07 21:28:49]--[src_cgi/login_cgi.c:308]--token = fb511b7fdf6fb64b15bcdce51eecbf04
[2024-04-07 21:30:12]--[src_cgi/login_cgi.c:291]--buf = {
    "pwd": "e10adc3949ba59abbe56e057f20f883e",
    "user": "kevin_666"
}

[2024-04-07 21:30:12]--[src_cgi/login_cgi.c:297]--user = kevin_666, pwd = e10adc3949ba59abbe56e057f20f883e
[2024-04-07 21:30:12]--[src_cgi/login_cgi.c:96]--mysql_user = root, mysql_pwd = k916025328, mysql_db = Manager
[2024-04-07 21:30:12]--[src_cgi/login_cgi.c:301]--Login ret = 1 ------
[2024-04-07 21:30:12]--[src_cgi/login_cgi.c:165]--redis:[ip=127.0.0.1,port=6379]
[2024-04-07 21:30:12]--[src_cgi/login_cgi.c:189]--tmp = kevin_66621988883796
[2024-04-07 21:30:12]--[src_cgi/login_cgi.c:205]--base64 = rp9m4wmNf+S1RS7UxiyDT1GZUTSwo2eS
[2024-04-07 21:30:12]--[src_cgi/login_cgi.c:308]--token = be551b6f78e739ae00eb7477b83ac924
[2024-04-07 21:32:23]--[src_cgi/login_cgi.c:291]--buf = {
    "pwd": "e10adc3949ba59abbe56e057f20f883e",
    "user": "kevin_666"
}

[2024-04-07 21:32:23]--[src_cgi/login_cgi.c:297]--user = kevin_666, pwd = e10adc3949ba59abbe56e057f20f883e
[2024-04-07 21:32:23]--[src_cgi/login_cgi.c:96]--mysql_user = root, mysql_pwd = k916025328, mysql_db = Manager
[2024-04-07 21:32:23]--[src_cgi/login_cgi.c:301]--Login ret = 1 ------
[2024-04-07 21:32:23]--[src_cgi/login_cgi.c:165]--redis:[ip=127.0.0.1,port=6379]
[2024-04-07 21:32:23]--[src_cgi/login_cgi.c:189]--tmp = kevin_666191935299866
[2024-04-07 21:32:23]--[src_cgi/login_cgi.c:205]--base64 = rp9m4wmNf+SjcD0w4+21goJ9mhP2Er0a
[2024-04-07 21:32:23]--[src_cgi/login_cgi.c:308]--token = d47200e22aeddc4c8da75235c44e37c8
[2024-04-07 21:34:13]--[src_cgi/login_cgi.c:291]--buf = {
    "pwd": "e10adc3949ba59abbe56e057f20f883e",
    "user": "kevin_666"
}

[2024-04-07 21:34:13]--[src_cgi/login_cgi.c:297]--user = kevin_666, pwd = e10adc3949ba59abbe56e057f20f883e
[2024-04-07 21:34:13]--[src_cgi/login_cgi.c:96]--mysql_user = root, mysql_pwd = k916025328, mysql_db = Manager
[2024-04-07 21:34:13]--[src_cgi/login_cgi.c:301]--Login ret = 1 ------
[2024-04-07 21:34:13]--[src_cgi/login_cgi.c:165]--redis:[ip=127.0.0.1,port=6379]
[2024-04-07 21:34:13]--[src_cgi/login_cgi.c:189]--tmp = kevin_666953762128914
[2024-04-07 21:34:13]--[src_cgi/login_cgi.c:205]--base64 = rp9m4wmNf+SmeEe1pMqpXsKGMh+jDkxG
[2024-04-07 21:34:13]--[src_cgi/login_cgi.c:308]--token = b2c90765bd7d715f8199a8b5b6944bf2
[2024-04-07 21:35:31]--[src_cgi/login_cgi.c:291]--buf = {
    "pwd": "e10adc3949ba59abbe56e057f20f883e",
    "user": "kevin_666"
}

[2024-04-07 21:35:31]--[src_cgi/login_cgi.c:297]--user = kevin_666, pwd = e10adc3949ba59abbe56e057f20f883e
[2024-04-07 21:35:31]--[src_cgi/login_cgi.c:96]--mysql_user = root, mysql_pwd = k916025328, mysql_db = Manager
[2024-04-07 21:35:31]--[src_cgi/login_cgi.c:301]--Login ret = 1 ------
[2024-04-07 21:35:31]--[src_cgi/login_cgi.c:165]--redis:[ip=127.0.0.1,port=6379]
[2024-04-07 21:35:31]--[src_cgi/login_cgi.c:189]--tmp = kevin_666979360611783
[2024-04-07 21:35:31]--[src_cgi/login_cgi.c:205]--base64 = rp9m4wmNf+SoF4c3DsarVTdSoD3qGPNr
[2024-04-07 21:35:31]--[src_cgi/login_cgi.c:308]--token = ff921042b75f76064fdefd028e65dc20
[2024-04-07 21:39:52]--[src_cgi/login_cgi.c:291]--buf = {
    "pwd": "e10adc3949ba59abbe56e057f20f883e",
    "user": "kevin_666"
}

[2024-04-07 21:39:52]--[src_cgi/login_cgi.c:297]--user = kevin_666, pwd = e10adc3949ba59abbe56e057f20f883e
[2024-04-07 21:39:52]--[src_cgi/login_cgi.c:96]--mysql_user = root, mysql_pwd = k916025328, mysql_db = Manager
[2024-04-07 21:39:52]--[src_cgi/login_cgi.c:301]--Login ret = 1 ------
[2024-04-07 21:39:52]--[src_cgi/login_cgi.c:165]--redis:[ip=127.0.0.1,port=6379]
[2024-04-07 21:39:52]--[src_cgi/login_cgi.c:189]--tmp = kevin_6661236682274
[2024-04-07 21:39:52]--[src_cgi/login_cgi.c:205]--base64 = rp9m4wmNf+Qw2qkh7+NbwzMReqHQ0kLH
[2024-04-07 21:39:52]--[src_cgi/login_cgi.c:308]--token = 9205a4cff1ff004dbbc83b704b9a3ff9
[2024-04-07 21:43:41]--[src_cgi/login_cgi.c:291]--buf = {
    "pwd": "e10adc3949ba59abbe56e057f20f883e",
    "user": "kevin_666"
}

[2024-04-07 21:43:41]--[src_cgi/login_cgi.c:297]--user = kevin_666, pwd = e10adc3949ba59abbe56e057f20f883e
[2024-04-07 21:43:41]--[src_cgi/login_cgi.c:96]--mysql_user = root, mysql_pwd = k916025328, mysql_db = Manager
[2024-04-07 21:43:41]--[src_cgi/login_cgi.c:301]--Login ret = 1 ------
[2024-04-07 21:43:41]--[src_cgi/login_cgi.c:165]--redis:[ip=127.0.0.1,port=6379]
[2024-04-07 21:43:41]--[src_cgi/login_cgi.c:189]--tmp = kevin_666278871857903
[2024-04-07 21:43:41]--[src_cgi/login_cgi.c:205]--base64 = rp9m4wmNf+SYKitr+Yj7ICevCkG0ONWk
[2024-04-07 21:43:41]--[src_cgi/login_cgi.c:308]--token = fc5f699a6995d7d44441537afffc770c
[2024-04-07 21:45:52]--[src_cgi/login_cgi.c:291]--buf = {
    "pwd": "e10adc3949ba59abbe56e057f20f883e",
    "user": "kevin_666"
}

[2024-04-07 21:45:52]--[src_cgi/login_cgi.c:297]--user = kevin_666, pwd = e10adc3949ba59abbe56e057f20f883e
[2024-04-07 21:45:52]--[src_cgi/login_cgi.c:96]--mysql_user = root, mysql_pwd = k916025328, mysql_db = Manager
[2024-04-07 21:45:52]--[src_cgi/login_cgi.c:301]--Login ret = 1 ------
[2024-04-07 21:45:52]--[src_cgi/login_cgi.c:165]--redis:[ip=127.0.0.1,port=6379]
[2024-04-07 21:45:52]--[src_cgi/login_cgi.c:189]--tmp = kevin_66632777532781
[2024-04-07 21:45:52]--[src_cgi/login_cgi.c:205]--base64 = rp9m4wmNf+QgzHRWMQLgV0JsddSGyskG
[2024-04-07 21:45:52]--[src_cgi/login_cgi.c:308]--token = 50a822b6a06936d3cd943b9bb9589afe
[2024-04-07 21:47:26]--[src_cgi/login_cgi.c:291]--buf = {
    "pwd": "e10adc3949ba59abbe56e057f20f883e",
    "user": "kevin_666"
}

[2024-04-07 21:47:26]--[src_cgi/login_cgi.c:297]--user = kevin_666, pwd = e10adc3949ba59abbe56e057f20f883e
[2024-04-07 21:47:26]--[src_cgi/login_cgi.c:96]--mysql_user = root, mysql_pwd = k916025328, mysql_db = Manager
[2024-04-07 21:47:26]--[src_cgi/login_cgi.c:301]--Login ret = 1 ------
[2024-04-07 21:47:26]--[src_cgi/login_cgi.c:165]--redis:[ip=127.0.0.1,port=6379]
[2024-04-07 21:47:26]--[src_cgi/login_cgi.c:189]--tmp = kevin_666115427614986
[2024-04-07 21:47:26]--[src_cgi/login_cgi.c:205]--base64 = rp9m4wmNf+QNXD4UfpIp60gYoLGbxWq2
[2024-04-07 21:47:26]--[src_cgi/login_cgi.c:308]--token = be1ddae0bc1b6e9348942811bb8c28b0
[2024-04-07 21:53:51]--[src_cgi/login_cgi.c:291]--buf = {
    "pwd": "e10adc3949ba59abbe56e057f20f883e",
    "user": "kevin_666"
}

[2024-04-07 21:53:51]--[src_cgi/login_cgi.c:297]--user = kevin_666, pwd = e10adc3949ba59abbe56e057f20f883e
[2024-04-07 21:53:51]--[src_cgi/login_cgi.c:96]--mysql_user = root, mysql_pwd = k916025328, mysql_db = Manager
[2024-04-07 21:53:51]--[src_cgi/login_cgi.c:301]--Login ret = 1 ------
[2024-04-07 21:53:51]--[src_cgi/login_cgi.c:165]--redis:[ip=127.0.0.1,port=6379]
[2024-04-07 21:53:51]--[src_cgi/login_cgi.c:189]--tmp = kevin_666252565788633
[2024-04-07 21:53:51]--[src_cgi/login_cgi.c:205]--base64 = rp9m4wmNf+RnBjiv15JBlansjZoOrt+b
[2024-04-07 21:53:51]--[src_cgi/login_cgi.c:308]--token = 4eac12dbe9777dec20673e46a0a69de9
[2024-04-07 21:58:11]--[src_cgi/login_cgi.c:291]--buf = {
    "pwd": "e10adc3949ba59abbe56e057f20f883e",
    "user": "kevin_666"
}

[2024-04-07 21:58:11]--[src_cgi/login_cgi.c:297]--user = kevin_666, pwd = e10adc3949ba59abbe56e057f20f883e
[2024-04-07 21:58:11]--[src_cgi/login_cgi.c:96]--mysql_user = root, mysql_pwd = k916025328, mysql_db = Manager
[2024-04-07 21:58:11]--[src_cgi/login_cgi.c:301]--Login ret = 1 ------
[2024-04-07 21:58:11]--[src_cgi/login_cgi.c:165]--redis:[ip=127.0.0.1,port=6379]
[2024-04-07 21:58:11]--[src_cgi/login_cgi.c:189]--tmp = kevin_666981828959637
[2024-04-07 21:58:11]--[src_cgi/login_cgi.c:205]--base64 = rp9m4wmNf+TwS06sScAyV2jy4wL0hkTY
[2024-04-07 21:58:11]--[src_cgi/login_cgi.c:308]--token = 9f4e156f1d32508b854fcb1b86f1af0e
[2024-04-07 22:04:45]--[src_cgi/login_cgi.c:291]--buf = {
    "pwd": "e10adc3949ba59abbe56e057f20f883e",
    "user": "kevin_666"
}

[2024-04-07 22:04:45]--[src_cgi/login_cgi.c:297]--user = kevin_666, pwd = e10adc3949ba59abbe56e057f20f883e
[2024-04-07 22:04:45]--[src_cgi/login_cgi.c:96]--mysql_user = root, mysql_pwd = k916025328, mysql_db = Manager
[2024-04-07 22:04:45]--[src_cgi/login_cgi.c:301]--Login ret = 1 ------
[2024-04-07 22:04:45]--[src_cgi/login_cgi.c:165]--redis:[ip=127.0.0.1,port=6379]
[2024-04-07 22:04:45]--[src_cgi/login_cgi.c:189]--tmp = kevin_66684626492835
[2024-04-07 22:04:45]--[src_cgi/login_cgi.c:205]--base64 = rp9m4wmNf+TfdmhQ2i9Ty75r6cloAAuS
[2024-04-07 22:04:45]--[src_cgi/login_cgi.c:308]--token = b2cd7b0b6403e45e9205f9f9c47fb046
[2024-04-07 22:18:56]--[src_cgi/login_cgi.c:291]--buf = {
    "pwd": "e10adc3949ba59abbe56e057f20f883e",
    "user": "kevin_666"
}

[2024-04-07 22:18:56]--[src_cgi/login_cgi.c:297]--user = kevin_666, pwd = e10adc3949ba59abbe56e057f20f883e
[2024-04-07 22:18:56]--[src_cgi/login_cgi.c:96]--mysql_user = root, mysql_pwd = k916025328, mysql_db = Manager
[2024-04-07 22:18:56]--[src_cgi/login_cgi.c:301]--Login ret = 1 ------
[2024-04-07 22:18:56]--[src_cgi/login_cgi.c:165]--redis:[ip=127.0.0.1,port=6379]
[2024-04-07 22:18:56]--[src_cgi/login_cgi.c:189]--tmp = kevin_666878499306461
[2024-04-07 22:18:56]--[src_cgi/login_cgi.c:205]--base64 = rp9m4wmNf+RRaT836LN4ZPFqENzm1AlH
[2024-04-07 22:18:56]--[src_cgi/login_cgi.c:308]--token = 122e571683401e3282a213f017b1ba7b
[2024-04-07 22:29:36]--[src_cgi/login_cgi.c:291]--buf = {
    "pwd": "e10adc3949ba59abbe56e057f20f883e",
    "user": "kevin_666"
}

[2024-04-07 22:29:36]--[src_cgi/login_cgi.c:297]--user = kevin_666, pwd = e10adc3949ba59abbe56e057f20f883e
[2024-04-07 22:29:36]--[src_cgi/login_cgi.c:96]--mysql_user = root, mysql_pwd = k916025328, mysql_db = Manager
[2024-04-07 22:29:36]--[src_cgi/login_cgi.c:301]--Login ret = 1 ------
[2024-04-07 22:29:36]--[src_cgi/login_cgi.c:165]--redis:[ip=127.0.0.1,port=6379]
[2024-04-07 22:29:36]--[src_cgi/login_cgi.c:189]--tmp = kevin_666856755853167
[2024-04-07 22:29:36]--[src_cgi/login_cgi.c:205]--base64 = rp9m4wmNf+QTaRq75Y2ulu0FP5pVfURK
[2024-04-07 22:29:36]--[src_cgi/login_cgi.c:308]--token = f945d2730cc3d9ccdfc8b004e2f8357a
[2024-04-07 22:30:57]--[src_cgi/login_cgi.c:291]--buf = {
    "pwd": "e10adc3949ba59abbe56e057f20f883e",
    "user": "kevin_666"
}

[2024-04-07 22:30:57]--[src_cgi/login_cgi.c:297]--user = kevin_666, pwd = e10adc3949ba59abbe56e057f20f883e
[2024-04-07 22:30:57]--[src_cgi/login_cgi.c:96]--mysql_user = root, mysql_pwd = k916025328, mysql_db = Manager
[2024-04-07 22:30:57]--[src_cgi/login_cgi.c:301]--Login ret = 1 ------
[2024-04-07 22:30:57]--[src_cgi/login_cgi.c:165]--redis:[ip=127.0.0.1,port=6379]
[2024-04-07 22:30:57]--[src_cgi/login_cgi.c:189]--tmp = kevin_66614871233131
[2024-04-07 22:30:57]--[src_cgi/login_cgi.c:205]--base64 = rp9m4wmNf+Q7W3RIWgReUbtciGz7ZwNj
[2024-04-07 22:30:57]--[src_cgi/login_cgi.c:308]--token = f8712dadae2beb033294ad0b1b905536
[2024-04-07 22:33:19]--[src_cgi/login_cgi.c:291]--buf = {
    "pwd": "e10adc3949ba59abbe56e057f20f883e",
    "user": "kevin_666"
}

[2024-04-07 22:33:19]--[src_cgi/login_cgi.c:297]--user = kevin_666, pwd = e10adc3949ba59abbe56e057f20f883e
[2024-04-07 22:33:19]--[src_cgi/login_cgi.c:96]--mysql_user = root, mysql_pwd = k916025328, mysql_db = Manager
[2024-04-07 22:33:19]--[src_cgi/login_cgi.c:301]--Login ret = 1 ------
[2024-04-07 22:33:19]--[src_cgi/login_cgi.c:165]--redis:[ip=127.0.0.1,port=6379]
[2024-04-07 22:33:19]--[src_cgi/login_cgi.c:189]--tmp = kevin_666843550893389
[2024-04-07 22:33:19]--[src_cgi/login_cgi.c:205]--base64 = rp9m4wmNf+Ql6NoXUtLa3+UTAE7U5TJt
[2024-04-07 22:33:19]--[src_cgi/login_cgi.c:308]--token = ee159eca57c98b09ae215891b44fc52c
[2024-04-07 22:40:00]--[src_cgi/login_cgi.c:291]--buf = {
    "pwd": "e10adc3949ba59abbe56e057f20f883e",
    "user": "kevin_666"
}

[2024-04-07 22:40:00]--[src_cgi/login_cgi.c:297]--user = kevin_666, pwd = e10adc3949ba59abbe56e057f20f883e
[2024-04-07 22:40:00]--[src_cgi/login_cgi.c:96]--mysql_user = root, mysql_pwd = k916025328, mysql_db = Manager
[2024-04-07 22:40:00]--[src_cgi/login_cgi.c:301]--Login ret = 1 ------
[2024-04-07 22:40:00]--[src_cgi/login_cgi.c:165]--redis:[ip=127.0.0.1,port=6379]
[2024-04-07 22:40:00]--[src_cgi/login_cgi.c:189]--tmp = kevin_666396706198451
[2024-04-07 22:40:00]--[src_cgi/login_cgi.c:205]--base64 = rp9m4wmNf+Svs3/zGbaSSbH0FDwmi83G
[2024-04-07 22:40:00]--[src_cgi/login_cgi.c:308]--token = 40e8774c0b6c1c2426982e247ae0905a
[2024-04-07 22:41:34]--[src_cgi/login_cgi.c:291]--buf = {
    "pwd": "e10adc3949ba59abbe56e057f20f883e",
    "user": "kevin_666"
}

[2024-04-07 22:41:34]--[src_cgi/login_cgi.c:297]--user = kevin_666, pwd = e10adc3949ba59abbe56e057f20f883e
[2024-04-07 22:41:34]--[src_cgi/login_cgi.c:96]--mysql_user = root, mysql_pwd = k916025328, mysql_db = Manager
[2024-04-07 22:41:34]--[src_cgi/login_cgi.c:301]--Login ret = 1 ------
[2024-04-07 22:41:34]--[src_cgi/login_cgi.c:165]--redis:[ip=127.0.0.1,port=6379]
[2024-04-07 22:41:34]--[src_cgi/login_cgi.c:189]--tmp = kevin_666791678672554
[2024-04-07 22:41:34]--[src_cgi/login_cgi.c:205]--base64 = rp9m4wmNf+QvexhhSnAN8jPTeWRuy47A
[2024-04-07 22:41:34]--[src_cgi/login_cgi.c:308]--token = d37f997706f04d22c173f0ae3efe516f
[2024-04-07 22:42:11]--[src_cgi/login_cgi.c:291]--buf = {
    "pwd": "e10adc3949ba59abbe56e057f20f883e",
    "user": "kevin_666"
}

[2024-04-07 22:42:11]--[src_cgi/login_cgi.c:297]--user = kevin_666, pwd = e10adc3949ba59abbe56e057f20f883e
[2024-04-07 22:42:11]--[src_cgi/login_cgi.c:96]--mysql_user = root, mysql_pwd = k916025328, mysql_db = Manager
[2024-04-07 22:42:11]--[src_cgi/login_cgi.c:301]--Login ret = 1 ------
[2024-04-07 22:42:11]--[src_cgi/login_cgi.c:165]--redis:[ip=127.0.0.1,port=6379]
[2024-04-07 22:42:11]--[src_cgi/login_cgi.c:189]--tmp = kevin_66670182024631
[2024-04-07 22:42:11]--[src_cgi/login_cgi.c:205]--base64 = rp9m4wmNf+SCkGtKFDh0K07KtY0G2gTb
[2024-04-07 22:42:11]--[src_cgi/login_cgi.c:308]--token = ca9864b2738687f75947be99e1ada814
[2024-04-07 22:44:37]--[src_cgi/login_cgi.c:291]--buf = {
    "pwd": "e10adc3949ba59abbe56e057f20f883e",
    "user": "kevin_666"
}

[2024-04-07 22:44:37]--[src_cgi/login_cgi.c:297]--user = kevin_666, pwd = e10adc3949ba59abbe56e057f20f883e
[2024-04-07 22:44:37]--[src_cgi/login_cgi.c:96]--mysql_user = root, mysql_pwd = k916025328, mysql_db = Manager
[2024-04-07 22:44:37]--[src_cgi/login_cgi.c:301]--Login ret = 1 ------
[2024-04-07 22:44:37]--[src_cgi/login_cgi.c:165]--redis:[ip=127.0.0.1,port=6379]
[2024-04-07 22:44:37]--[src_cgi/login_cgi.c:189]--tmp = kevin_666965530966869
[2024-04-07 22:44:37]--[src_cgi/login_cgi.c:205]--base64 = rp9m4wmNf+SDuAzxMyx3u5+xEjSI/E+u
[2024-04-07 22:44:37]--[src_cgi/login_cgi.c:308]--token = 70cfbd2d989ca8c237de993029724a49
[2024-04-07 22:48:40]--[src_cgi/login_cgi.c:291]--buf = {
    "pwd": "e10adc3949ba59abbe56e057f20f883e",
    "user": "kevin_666"
}

[2024-04-07 22:48:40]--[src_cgi/login_cgi.c:297]--user = kevin_666, pwd = e10adc3949ba59abbe56e057f20f883e
[2024-04-07 22:48:40]--[src_cgi/login_cgi.c:96]--mysql_user = root, mysql_pwd = k916025328, mysql_db = Manager
[2024-04-07 22:48:40]--[src_cgi/login_cgi.c:301]--Login ret = 1 ------
[2024-04-07 22:48:40]--[src_cgi/login_cgi.c:165]--redis:[ip=127.0.0.1,port=6379]
[2024-04-07 22:48:40]--[src_cgi/login_cgi.c:189]--tmp = kevin_666605671352306
[2024-04-07 22:48:40]--[src_cgi/login_cgi.c:205]--base64 = rp9m4wmNf+RUUn/EYLo3OPnlDp3MtB5V
[2024-04-07 22:48:40]--[src_cgi/login_cgi.c:308]--token = ae6dee39a46a7aa0b6e9e40f7db6584b
[2024-04-07 22:52:16]--[src_cgi/login_cgi.c:291]--buf = {
    "pwd": "e10adc3949ba59abbe56e057f20f883e",
    "user": "kevin_666"
}

[2024-04-07 22:52:16]--[src_cgi/login_cgi.c:297]--user = kevin_666, pwd = e10adc3949ba59abbe56e057f20f883e
[2024-04-07 22:52:16]--[src_cgi/login_cgi.c:96]--mysql_user = root, mysql_pwd = k916025328, mysql_db = Manager
[2024-04-07 22:52:16]--[src_cgi/login_cgi.c:301]--Login ret = 1 ------
[2024-04-07 22:52:16]--[src_cgi/login_cgi.c:165]--redis:[ip=127.0.0.1,port=6379]
[2024-04-07 22:52:16]--[src_cgi/login_cgi.c:189]--tmp = kevin_666610934211526
[2024-04-07 22:52:16]--[src_cgi/login_cgi.c:205]--base64 = rp9m4wmNf+SUzyOwp/dNK1hKZoyf2whn
[2024-04-07 22:52:16]--[src_cgi/login_cgi.c:308]--token = ecb4c576cc9ed70a697c894242beb503
[2024-04-07 22:54:09]--[src_cgi/login_cgi.c:291]--buf = {
    "pwd": "e10adc3949ba59abbe56e057f20f883e",
    "user": "custom"
}

[2024-04-07 22:54:09]--[src_cgi/login_cgi.c:297]--user = custom, pwd = e10adc3949ba59abbe56e057f20f883e
[2024-04-07 22:54:09]--[src_cgi/login_cgi.c:96]--mysql_user = root, mysql_pwd = k916025328, mysql_db = Manager
[2024-04-07 22:54:09]--[src_cgi/login_cgi.c:301]--Login ret = -1 ------
[2024-04-07 22:54:14]--[src_cgi/login_cgi.c:291]--buf = {
    "pwd": "e10adc3949ba59abbe56e057f20f883e",
    "user": "customer"
}

[2024-04-07 22:54:14]--[src_cgi/login_cgi.c:297]--user = customer, pwd = e10adc3949ba59abbe56e057f20f883e
[2024-04-07 22:54:14]--[src_cgi/login_cgi.c:96]--mysql_user = root, mysql_pwd = k916025328, mysql_db = Manager
[2024-04-07 22:54:14]--[src_cgi/login_cgi.c:301]--Login ret = 0 ------
[2024-04-07 22:54:14]--[src_cgi/login_cgi.c:165]--redis:[ip=127.0.0.1,port=6379]
[2024-04-07 22:54:14]--[src_cgi/login_cgi.c:189]--tmp = customer341283178118
[2024-04-07 22:54:14]--[src_cgi/login_cgi.c:205]--base64 = E9xM5l6WSWKg5czoAjTfaPt+PxYo9tCc
[2024-04-07 22:54:14]--[src_cgi/login_cgi.c:308]--token = 427352624e7644b2e059bd8fb430595d
[2024-04-07 22:55:47]--[src_cgi/login_cgi.c:291]--buf = {
    "pwd": "e10adc3949ba59abbe56e057f20f883e",
    "user": "customer"
}

[2024-04-07 22:55:47]--[src_cgi/login_cgi.c:297]--user = customer, pwd = e10adc3949ba59abbe56e057f20f883e
[2024-04-07 22:55:47]--[src_cgi/login_cgi.c:96]--mysql_user = root, mysql_pwd = k916025328, mysql_db = Manager
[2024-04-07 22:55:47]--[src_cgi/login_cgi.c:301]--Login ret = 0 ------
[2024-04-07 22:55:47]--[src_cgi/login_cgi.c:165]--redis:[ip=127.0.0.1,port=6379]
[2024-04-07 22:55:47]--[src_cgi/login_cgi.c:189]--tmp = customer316788503242
[2024-04-07 22:55:47]--[src_cgi/login_cgi.c:205]--base64 = E9xM5l6WSWKlOlmi44IejupX8VQ2DUwZ
[2024-04-07 22:55:47]--[src_cgi/login_cgi.c:308]--token = b909b072a4ce5d59947efc58cb0e23b0
[2024-04-07 22:56:10]--[src_cgi/login_cgi.c:291]--buf = {
    "pwd": "e10adc3949ba59abbe56e057f20f883e",
    "user": "kevin_666"
}

[2024-04-07 22:56:10]--[src_cgi/login_cgi.c:297]--user = kevin_666, pwd = e10adc3949ba59abbe56e057f20f883e
[2024-04-07 22:56:10]--[src_cgi/login_cgi.c:96]--mysql_user = root, mysql_pwd = k916025328, mysql_db = Manager
[2024-04-07 22:56:10]--[src_cgi/login_cgi.c:301]--Login ret = 1 ------
[2024-04-07 22:56:10]--[src_cgi/login_cgi.c:165]--redis:[ip=127.0.0.1,port=6379]
[2024-04-07 22:56:10]--[src_cgi/login_cgi.c:189]--tmp = kevin_666810255383471
[2024-04-07 22:56:10]--[src_cgi/login_cgi.c:205]--base64 = rp9m4wmNf+QwCV1d/ijI+rkS8ktKbMZT
[2024-04-07 22:56:10]--[src_cgi/login_cgi.c:308]--token = 22f94c2f80461fd701722e9020ce47f5
