[2024-04-02 21:01:50]--[src_cgi/ReportForm.c:732]--cmd = ReportFormCount
[2024-04-02 21:01:50]--[src_cgi/ReportForm.c:764]--buf = {
    "token": "83833994c6ccc2fb040f0eb349de5424",
    "user": "kevin_666"
}

[2024-04-02 21:01:51]--[src_cgi/ReportForm.c:152]--line = 1
[2024-04-02 21:01:51]--[src_cgi/ReportForm.c:732]--cmd = ReportFormNormal
[2024-04-02 21:01:51]--[src_cgi/ReportForm.c:764]--buf = {
    "count": 1,
    "start": 0,
    "token": "83833994c6ccc2fb040f0eb349de5424",
    "user": "kevin_666"
}

[2024-04-02 21:01:51]--[src_cgi/ReportForm.c:779]--user = kevin_666, token = 83833994c6ccc2fb040f0eb349de5424, start = 0, count = 1
[2024-04-02 21:01:51]--[src_cgi/ReportForm.c:598]--SELECT * FROM ReportForms limit 0,1 
 在操作
[2024-04-02 21:01:51]--[src_cgi/ReportForm.c:666]--{
	"ReportForms":	[{
			"OrderID":	1,
			"CustomerName":	"customer",
			"SubscriptionDate":	"2024-01-30 19:44:58",
			"DeliveryDate":	"",
			"IsSuccess":	"true"
		}]
}
[2024-04-02 22:15:46]--[src_cgi/ReportForm.c:732]--cmd = ReportFormCount
[2024-04-02 22:15:46]--[src_cgi/ReportForm.c:764]--buf = {
    "token": "83c6a8d27c66488b38c5ea9aa88ecabc",
    "user": "kevin_666"
}

[2024-04-02 22:15:46]--[src_cgi/ReportForm.c:152]--line = 1
[2024-04-02 22:15:46]--[src_cgi/ReportForm.c:732]--cmd = ReportFormNormal
[2024-04-02 22:15:46]--[src_cgi/ReportForm.c:764]--buf = {
    "count": 1,
    "start": 0,
    "token": "83c6a8d27c66488b38c5ea9aa88ecabc",
    "user": "kevin_666"
}

[2024-04-02 22:15:46]--[src_cgi/ReportForm.c:779]--user = kevin_666, token = 83c6a8d27c66488b38c5ea9aa88ecabc, start = 0, count = 1
[2024-04-02 22:15:46]--[src_cgi/ReportForm.c:598]--SELECT * FROM ReportForms limit 0,1 
 在操作
[2024-04-02 22:15:46]--[src_cgi/ReportForm.c:666]--{
	"ReportForms":	[{
			"OrderID":	1,
			"CustomerName":	"customer",
			"SubscriptionDate":	"2024-01-30 19:44:58",
			"DeliveryDate":	"",
			"IsSuccess":	"true"
		}]
}
