[2024-04-02 21:01:50]--[src_cgi/warestable.c:802]--cmd = warescount
[2024-04-02 21:01:50]--[src_cgi/warestable.c:834]--buf = {
    "token": "83833994c6ccc2fb040f0eb349de5424",
    "user": "kevin_666"
}

[2024-04-02 21:01:50]--[src_cgi/warestable.c:156]--line = 4
[2024-04-02 21:01:51]--[src_cgi/warestable.c:802]--cmd = waresnormal
[2024-04-02 21:01:51]--[src_cgi/warestable.c:834]--buf = {
    "count": 4,
    "start": 0,
    "token": "83833994c6ccc2fb040f0eb349de5424",
    "user": "kevin_666"
}

[2024-04-02 21:01:51]--[src_cgi/warestable.c:849]--user = kevin_666, token = 83833994c6ccc2fb040f0eb349de5424, start = 0, count = 4
[2024-04-02 21:01:51]--[src_cgi/warestable.c:663]--SELECT * FROM waresinfo limit 0,4 
 在操作
[2024-04-02 21:01:51]--[src_cgi/warestable.c:736]--{
	"wares":	[{
			"wares_id":	1,
			"wares_name":	"黑色无纺布",
			"wares_store_unit":	"米/元",
			"wares_amount":	4000,
			"wares_sell_unit":	"米/元",
			"wares_price":	2000
		}, {
			"wares_id":	2,
			"wares_name":	"白色无纺布",
			"wares_store_unit":	"米/元",
			"wares_amount":	2000,
			"wares_sell_unit":	"米/元",
			"wares_price":	2000
		}, {
			"wares_id":	3,
			"wares_name":	"彩色无纺布",
			"wares_store_unit":	"米/元",
			"wares_amount":	2000,
			"wares_sell_unit":	"米/元",
			"wares_price":	2000
		}, {
			"wares_id":	4,
			"wares_name":	"紫色无纺布",
			"wares_store_unit":	"米/元",
			"wares_amount":	2000,
			"wares_sell_unit":	"米/元",
			"wares_price":	2000
		}]
}
[2024-04-02 22:15:46]--[src_cgi/warestable.c:802]--cmd = warescount
[2024-04-02 22:15:46]--[src_cgi/warestable.c:834]--buf = {
    "token": "83c6a8d27c66488b38c5ea9aa88ecabc",
    "user": "kevin_666"
}

[2024-04-02 22:15:46]--[src_cgi/warestable.c:156]--line = 4
[2024-04-02 22:15:46]--[src_cgi/warestable.c:802]--cmd = waresnormal
[2024-04-02 22:15:46]--[src_cgi/warestable.c:834]--buf = {
    "count": 4,
    "start": 0,
    "token": "83c6a8d27c66488b38c5ea9aa88ecabc",
    "user": "kevin_666"
}

[2024-04-02 22:15:46]--[src_cgi/warestable.c:849]--user = kevin_666, token = 83c6a8d27c66488b38c5ea9aa88ecabc, start = 0, count = 4
[2024-04-02 22:15:46]--[src_cgi/warestable.c:663]--SELECT * FROM waresinfo limit 0,4 
 在操作
[2024-04-02 22:15:46]--[src_cgi/warestable.c:736]--{
	"wares":	[{
			"wares_id":	1,
			"wares_name":	"黑色无纺布",
			"wares_store_unit":	"米/元",
			"wares_amount":	4000,
			"wares_sell_unit":	"米/元",
			"wares_price":	2000
		}, {
			"wares_id":	2,
			"wares_name":	"白色无纺布",
			"wares_store_unit":	"米/元",
			"wares_amount":	2000,
			"wares_sell_unit":	"米/元",
			"wares_price":	2000
		}, {
			"wares_id":	3,
			"wares_name":	"彩色无纺布",
			"wares_store_unit":	"米/元",
			"wares_amount":	2000,
			"wares_sell_unit":	"米/元",
			"wares_price":	2000
		}, {
			"wares_id":	4,
			"wares_name":	"紫色无纺布",
			"wares_store_unit":	"米/元",
			"wares_amount":	2000,
			"wares_sell_unit":	"米/元",
			"wares_price":	2000
		}]
}
